CPUs: 192

============================================================
R7: settle_rate=0.141, 5 seeds
============================================================
Full grid: 11,664,000 combos
Sampled 50000 combos
50000 combos x 5 seeds x 20 MC (coarse)
  [   384/50000] 1%  5s  ETA 616s  best=50.8
  [   768/50000] 2%  8s  ETA 488s  best=52.6
  [  1152/50000] 2%  10s  ETA 439s  best=52.6
  [  1536/50000] 3%  13s  ETA 412s  best=52.6
  [  1920/50000] 4%  16s  ETA 399s  best=52.6
  [  2304/50000] 5%  19s  ETA 388s  best=52.6
  [  2688/50000] 5%  21s  ETA 376s  best=52.6
  [  3072/50000] 6%  24s  ETA 369s  best=52.6
  [  3456/50000] 7%  27s  ETA 362s  best=52.6
  [  3840/50000] 8%  30s  ETA 358s  best=52.6
  [  4224/50000] 8%  32s  ETA 351s  best=52.6
  [  4608/50000] 9%  35s  ETA 348s  best=52.6
  [  4992/50000] 10%  38s  ETA 342s  best=52.6
  [  5376/50000] 11%  41s  ETA 338s  best=52.6
  [  5760/50000] 12%  43s  ETA 334s  best=52.6
  [  6144/50000] 12%  46s  ETA 329s  best=52.6
  [  6528/50000] 13%  49s  ETA 325s  best=52.6
  [  6912/50000] 14%  52s  ETA 321s  best=52.6
  [  7296/50000] 15%  54s  ETA 317s  best=52.6
  [  7680/50000] 15%  57s  ETA 313s  best=52.6
  [  8064/50000] 16%  60s  ETA 310s  best=52.6
  [  8448/50000] 17%  62s  ETA 306s  best=52.6
  [  8832/50000] 18%  65s  ETA 303s  best=52.6
  [  9216/50000] 18%  68s  ETA 299s  best=52.6
  [  9600/50000] 19%  70s  ETA 296s  best=52.6
  [  9984/50000] 20%  73s  ETA 293s  best=52.6
  [ 10368/50000] 21%  76s  ETA 289s  best=52.6
  [ 10752/50000] 22%  78s  ETA 286s  best=52.6
  [ 11136/50000] 22%  81s  ETA 283s  best=52.6
  [ 11520/50000] 23%  84s  ETA 280s  best=52.6
  [ 11904/50000] 24%  86s  ETA 276s  best=52.6
  [ 12288/50000] 25%  89s  ETA 273s  best=52.6
  [ 12672/50000] 25%  92s  ETA 270s  best=52.6
  [ 13056/50000] 26%  94s  ETA 267s  best=52.6
  [ 13440/50000] 27%  97s  ETA 265s  best=52.6
  [ 13824/50000] 28%  100s  ETA 262s  best=52.6
  [ 14208/50000] 28%  103s  ETA 259s  best=52.6
  [ 14592/50000] 29%  105s  ETA 255s  best=52.6
  [ 14976/50000] 30%  108s  ETA 253s  best=52.6
  [ 15360/50000] 31%  111s  ETA 250s  best=52.6
  [ 15744/50000] 31%  113s  ETA 247s  best=52.6
  [ 16128/50000] 32%  116s  ETA 244s  best=52.6
  [ 16512/50000] 33%  119s  ETA 241s  best=52.6
  [ 16896/50000] 34%  122s  ETA 238s  best=52.6
  [ 17280/50000] 35%  124s  ETA 235s  best=52.6
  [ 17664/50000] 35%  127s  ETA 232s  best=52.6
  [ 18048/50000] 36%  129s  ETA 229s  best=52.6
  [ 18432/50000] 37%  132s  ETA 226s  best=52.6
  [ 18816/50000] 38%  135s  ETA 224s  best=52.6
  [ 19200/50000] 38%  137s  ETA 220s  best=52.6
  [ 19584/50000] 39%  140s  ETA 218s  best=52.6
  [ 19968/50000] 40%  143s  ETA 215s  best=52.6
  [ 20352/50000] 41%  146s  ETA 212s  best=52.6
  [ 20736/50000] 41%  148s  ETA 209s  best=52.6
  [ 21120/50000] 42%  151s  ETA 206s  best=52.6
  [ 21504/50000] 43%  154s  ETA 204s  best=52.6
  [ 21888/50000] 44%  156s  ETA 201s  best=52.6
  [ 22272/50000] 45%  159s  ETA 198s  best=52.6
  [ 22656/50000] 45%  162s  ETA 195s  best=52.6
  [ 23040/50000] 46%  164s  ETA 192s  best=52.6
  [ 23424/50000] 47%  167s  ETA 189s  best=52.6
  [ 23808/50000] 48%  170s  ETA 187s  best=52.6
  [ 24192/50000] 48%  172s  ETA 184s  best=52.6
  [ 24576/50000] 49%  175s  ETA 181s  best=52.6
  [ 24960/50000] 50%  178s  ETA 178s  best=52.7
  [ 25344/50000] 51%  180s  ETA 176s  best=52.7
  [ 25728/50000] 51%  183s  ETA 173s  best=52.7
  [ 26112/50000] 52%  186s  ETA 170s  best=52.7
  [ 26496/50000] 53%  189s  ETA 167s  best=52.7
  [ 26880/50000] 54%  191s  ETA 165s  best=52.7
  [ 27264/50000] 55%  194s  ETA 162s  best=52.7
  [ 27648/50000] 55%  197s  ETA 159s  best=52.7
  [ 28032/50000] 56%  199s  ETA 156s  best=52.7
  [ 28416/50000] 57%  202s  ETA 153s  best=52.7
  [ 28800/50000] 58%  205s  ETA 151s  best=52.7
  [ 29184/50000] 58%  207s  ETA 148s  best=52.8
  [ 29568/50000] 59%  210s  ETA 145s  best=52.8
  [ 29952/50000] 60%  213s  ETA 142s  best=52.8
  [ 30336/50000] 61%  216s  ETA 140s  best=52.8
  [ 30720/50000] 61%  218s  ETA 137s  best=52.8
  [ 31104/50000] 62%  221s  ETA 134s  best=52.8
  [ 31488/50000] 63%  223s  ETA 131s  best=52.8
  [ 31872/50000] 64%  226s  ETA 129s  best=52.8
  [ 32256/50000] 65%  229s  ETA 126s  best=52.8
  [ 32640/50000] 65%  232s  ETA 123s  best=52.8
  [ 33024/50000] 66%  234s  ETA 120s  best=52.8
  [ 33408/50000] 67%  237s  ETA 118s  best=52.8
  [ 33792/50000] 68%  240s  ETA 115s  best=52.8
  [ 34176/50000] 68%  242s  ETA 112s  best=52.8
  [ 34560/50000] 69%  245s  ETA 109s  best=52.8
  [ 34944/50000] 70%  248s  ETA 107s  best=52.8
  [ 35328/50000] 71%  250s  ETA 104s  best=52.8
  [ 35712/50000] 71%  253s  ETA 101s  best=52.8
  [ 36096/50000] 72%  256s  ETA 99s  best=52.8
  [ 36480/50000] 73%  258s  ETA 96s  best=52.8
  [ 36864/50000] 74%  261s  ETA 93s  best=52.8
  [ 37248/50000] 74%  264s  ETA 90s  best=52.8
  [ 37632/50000] 75%  267s  ETA 88s  best=52.8
  [ 38016/50000] 76%  269s  ETA 85s  best=52.8
  [ 38400/50000] 77%  272s  ETA 82s  best=52.8
  [ 38784/50000] 78%  275s  ETA 79s  best=52.8
  [ 39168/50000] 78%  277s  ETA 77s  best=52.8
  [ 39552/50000] 79%  280s  ETA 74s  best=52.8
  [ 39936/50000] 80%  283s  ETA 71s  best=52.8
  [ 40320/50000] 81%  285s  ETA 69s  best=52.8
  [ 40704/50000] 81%  288s  ETA 66s  best=52.8
  [ 41088/50000] 82%  291s  ETA 63s  best=52.8
  [ 41472/50000] 83%  293s  ETA 60s  best=52.8
  [ 41856/50000] 84%  296s  ETA 58s  best=52.8
  [ 42240/50000] 84%  299s  ETA 55s  best=52.8
  [ 42624/50000] 85%  301s  ETA 52s  best=52.8
  [ 43008/50000] 86%  304s  ETA 49s  best=52.8
  [ 43392/50000] 87%  307s  ETA 47s  best=52.8
  [ 43776/50000] 88%  310s  ETA 44s  best=52.8
  [ 44160/50000] 88%  312s  ETA 41s  best=52.8
  [ 44544/50000] 89%  315s  ETA 39s  best=52.8
  [ 44928/50000] 90%  318s  ETA 36s  best=52.8
  [ 45312/50000] 91%  321s  ETA 33s  best=52.8
  [ 45696/50000] 91%  324s  ETA 30s  best=52.8
  [ 46080/50000] 92%  326s  ETA 28s  best=52.8
  [ 46464/50000] 93%  329s  ETA 25s  best=52.8
  [ 46848/50000] 94%  332s  ETA 22s  best=52.8
  [ 47232/50000] 94%  334s  ETA 20s  best=52.8
  [ 47616/50000] 95%  337s  ETA 17s  best=52.8
  [ 48000/50000] 96%  340s  ETA 14s  best=52.8
  [ 48384/50000] 97%  343s  ETA 11s  best=52.8
  [ 48768/50000] 98%  345s  ETA 9s  best=52.8
  [ 49152/50000] 98%  348s  ETA 6s  best=52.8
  [ 49536/50000] 99%  351s  ETA 3s  best=52.8
  [ 49920/50000] 100%  354s  ETA 1s  best=52.8
  [ 50000/50000] 100%  355s  ETA 0s  best=52.8

Deep eval top 10 (1000 MC)...
  [1/10] avg=72.9  per_seed=['73.4', '74.0', '72.7', '71.9', '72.7']
  [2/10] avg=72.5  per_seed=['73.1', '73.3', '72.4', '71.7', '72.1']
  [3/10] avg=72.8  per_seed=['73.3', '73.8', '72.4', '71.8', '72.6']
  [4/10] avg=72.6  per_seed=['73.0', '73.5', '72.6', '71.5', '72.4']
  [5/10] avg=72.4  per_seed=['72.8', '73.6', '72.1', '71.5', '71.9']
  [6/10] avg=72.3  per_seed=['73.6', '73.6', '71.7', '71.1', '71.6']
  [7/10] avg=71.9  per_seed=['72.6', '73.1', '71.7', '71.1', '71.2']
  [8/10] avg=71.6  per_seed=['72.8', '72.8', '71.4', '70.6', '70.4']
  [9/10] avg=71.3  per_seed=['73.1', '72.6', '70.3', '70.6', '69.9']
  [10/10] avg=69.6  per_seed=['71.6', '71.0', '68.7', '68.9', '68.0']

R7 BEST: 72.9
  death_base_rate=0.02
  death_competition_factor=0.01
  death_food_factor=0.04
  food_base_regen=0.2
  food_competition=0.03
  food_forest_bonus=0.02
  food_pop_drain=0.1
  pop_growth_rate=0.06
  port_prob=0.08
  port_survival_bonus=0.0
  port_wealth_threshold=0.0
  spawn_max_per_step=40
  spawn_pop_threshold=0.7
  spawn_prob=0.12
  wealth_coastal_rate=0.01
  wealth_decay=0.0

Results saved to replay_cache/r7_r12_deep_results.json

============================================================
SUMMARY
============================================================
R7: 72.9 (settle_rate=0.141)
