CPUs: 192
Tuning rounds (3x grid): [20]

============================================================
R20: settle_rate=0.039, 5 seeds
============================================================
150000 combos x 5 seeds x 30 MC (coarse)
  [   384/150000] 0%  5s  ETA 1967s  best=76.0
  [   768/150000] 1%  9s  ETA 1683s  best=76.0
  [  1152/150000] 1%  12s  ETA 1576s  best=76.0
  [  1536/150000] 1%  16s  ETA 1500s  best=76.2
  [  1920/150000] 1%  19s  ETA 1447s  best=76.2
  [  2304/150000] 2%  22s  ETA 1401s  best=76.7
  [  2688/150000] 2%  25s  ETA 1377s  best=76.7
  [  3072/150000] 2%  28s  ETA 1354s  best=76.7
  [  3456/150000] 2%  31s  ETA 1335s  best=76.7
  [  3840/150000] 3%  35s  ETA 1327s  best=76.7
  [  4224/150000] 3%  38s  ETA 1316s  best=76.7
  [  4608/150000] 3%  41s  ETA 1308s  best=76.7
  [  4992/150000] 3%  45s  ETA 1295s  best=76.7
  [  5376/150000] 4%  48s  ETA 1290s  best=76.7
  [  5760/150000] 4%  51s  ETA 1282s  best=76.7
  [  6144/150000] 4%  55s  ETA 1278s  best=76.7
  [  6528/150000] 4%  58s  ETA 1272s  best=76.7
  [  6912/150000] 5%  61s  ETA 1262s  best=76.7
  [  7296/150000] 5%  64s  ETA 1258s  best=76.7
  [  7680/150000] 5%  68s  ETA 1254s  best=76.7
  [  8064/150000] 5%  71s  ETA 1244s  best=76.7
  [  8448/150000] 6%  74s  ETA 1241s  best=76.7
  [  8832/150000] 6%  77s  ETA 1239s  best=76.7
  [  9216/150000] 6%  81s  ETA 1234s  best=76.7
  [  9600/150000] 6%  84s  ETA 1230s  best=76.7
  [  9984/150000] 7%  87s  ETA 1224s  best=76.7
  [ 10368/150000] 7%  91s  ETA 1221s  best=76.7
  [ 10752/150000] 7%  94s  ETA 1218s  best=76.7
  [ 11136/150000] 7%  97s  ETA 1215s  best=76.7
  [ 11520/150000] 8%  101s  ETA 1208s  best=76.7
  [ 11904/150000] 8%  104s  ETA 1206s  best=76.7
  [ 12288/150000] 8%  107s  ETA 1202s  best=76.7
  [ 12672/150000] 8%  111s  ETA 1200s  best=76.7
  [ 13056/150000] 9%  114s  ETA 1195s  best=76.7
  [ 13440/150000] 9%  117s  ETA 1189s  best=76.7
  [ 13824/150000] 9%  120s  ETA 1187s  best=76.7
  [ 14208/150000] 9%  124s  ETA 1183s  best=76.7
  [ 14592/150000] 10%  127s  ETA 1179s  best=76.7
  [ 14976/150000] 10%  130s  ETA 1176s  best=76.7
  [ 15360/150000] 10%  134s  ETA 1171s  best=76.7
  [ 15744/150000] 10%  137s  ETA 1166s  best=76.7
  [ 16128/150000] 11%  140s  ETA 1163s  best=76.7
  [ 16512/150000] 11%  143s  ETA 1160s  best=76.7
  [ 16896/150000] 11%  147s  ETA 1155s  best=76.7
  [ 17280/150000] 12%  150s  ETA 1151s  best=76.7
  [ 17664/150000] 12%  153s  ETA 1148s  best=76.7
  [ 18048/150000] 12%  157s  ETA 1144s  best=76.7
  [ 18432/150000] 12%  160s  ETA 1141s  best=76.7
  [ 18816/150000] 13%  163s  ETA 1137s  best=76.7
  [ 19200/150000] 13%  166s  ETA 1133s  best=76.7
  [ 19584/150000] 13%  169s  ETA 1128s  best=76.7
  [ 19968/150000] 13%  173s  ETA 1124s  best=76.7
  [ 20352/150000] 14%  176s  ETA 1119s  best=76.7
  [ 20736/150000] 14%  179s  ETA 1117s  best=76.7
  [ 21120/150000] 14%  182s  ETA 1113s  best=76.7
  [ 21504/150000] 14%  186s  ETA 1110s  best=76.7
  [ 21888/150000] 15%  189s  ETA 1107s  best=76.7
  [ 22272/150000] 15%  192s  ETA 1103s  best=76.7
  [ 22656/150000] 15%  195s  ETA 1099s  best=76.7
  [ 23040/150000] 15%  199s  ETA 1096s  best=76.7
  [ 23424/150000] 16%  202s  ETA 1093s  best=76.7
  [ 23808/150000] 16%  205s  ETA 1089s  best=76.7
  [ 24192/150000] 16%  209s  ETA 1085s  best=76.7
  [ 24576/150000] 16%  212s  ETA 1082s  best=76.7
  [ 24960/150000] 17%  215s  ETA 1078s  best=76.7
  [ 25344/150000] 17%  219s  ETA 1075s  best=76.7
  [ 25728/150000] 17%  222s  ETA 1072s  best=76.7
  [ 26112/150000] 17%  225s  ETA 1068s  best=76.7
  [ 26496/150000] 18%  228s  ETA 1064s  best=76.7
  [ 26880/150000] 18%  232s  ETA 1061s  best=76.7
  [ 27264/150000] 18%  235s  ETA 1059s  best=76.7
  [ 27648/150000] 18%  238s  ETA 1055s  best=76.7
  [ 28032/150000] 19%  242s  ETA 1052s  best=76.7
  [ 28416/150000] 19%  245s  ETA 1048s  best=76.7
  [ 28800/150000] 19%  248s  ETA 1045s  best=76.7
  [ 29184/150000] 19%  252s  ETA 1042s  best=76.7
  [ 29568/150000] 20%  255s  ETA 1038s  best=76.7
  [ 29952/150000] 20%  258s  ETA 1034s  best=76.7
  [ 30336/150000] 20%  261s  ETA 1030s  best=76.7
  [ 30720/150000] 20%  265s  ETA 1028s  best=76.7
  [ 31104/150000] 21%  268s  ETA 1024s  best=76.7
  [ 31488/150000] 21%  271s  ETA 1021s  best=76.7
  [ 31872/150000] 21%  274s  ETA 1017s  best=76.7
  [ 32256/150000] 22%  278s  ETA 1013s  best=76.7
  [ 32640/150000] 22%  281s  ETA 1010s  best=76.7
  [ 33024/150000] 22%  284s  ETA 1007s  best=76.7
  [ 33408/150000] 22%  288s  ETA 1004s  best=76.7
  [ 33792/150000] 23%  291s  ETA 1001s  best=76.7
  [ 34176/150000] 23%  294s  ETA 997s  best=76.7
  [ 34560/150000] 23%  297s  ETA 993s  best=76.7
  [ 34944/150000] 23%  300s  ETA 989s  best=76.9
  [ 35328/150000] 24%  304s  ETA 986s  best=76.9
  [ 35712/150000] 24%  307s  ETA 982s  best=76.9
  [ 36096/150000] 24%  310s  ETA 979s  best=76.9
  [ 36480/150000] 24%  313s  ETA 975s  best=76.9
  [ 36864/150000] 25%  316s  ETA 971s  best=76.9
  [ 37248/150000] 25%  320s  ETA 968s  best=76.9
  [ 37632/150000] 25%  323s  ETA 964s  best=76.9
  [ 38016/150000] 25%  326s  ETA 961s  best=76.9
  [ 38400/150000] 26%  329s  ETA 957s  best=76.9
  [ 38784/150000] 26%  333s  ETA 954s  best=76.9
  [ 39168/150000] 26%  336s  ETA 950s  best=76.9
  [ 39552/150000] 26%  339s  ETA 946s  best=76.9
  [ 39936/150000] 27%  342s  ETA 942s  best=76.9
  [ 40320/150000] 27%  345s  ETA 939s  best=76.9
  [ 40704/150000] 27%  348s  ETA 935s  best=76.9
  [ 41088/150000] 27%  351s  ETA 931s  best=76.9
  [ 41472/150000] 28%  354s  ETA 928s  best=76.9
  [ 41856/150000] 28%  358s  ETA 924s  best=76.9
  [ 42240/150000] 28%  361s  ETA 921s  best=76.9
  [ 42624/150000] 28%  364s  ETA 917s  best=76.9
  [ 43008/150000] 29%  367s  ETA 913s  best=76.9
  [ 43392/150000] 29%  370s  ETA 910s  best=76.9
  [ 43776/150000] 29%  373s  ETA 906s  best=76.9
  [ 44160/150000] 29%  377s  ETA 903s  best=76.9
  [ 44544/150000] 30%  380s  ETA 899s  best=76.9
  [ 44928/150000] 30%  383s  ETA 896s  best=76.9
  [ 45312/150000] 30%  386s  ETA 892s  best=76.9
  [ 45696/150000] 30%  389s  ETA 888s  best=76.9
  [ 46080/150000] 31%  392s  ETA 885s  best=76.9
  [ 46464/150000] 31%  395s  ETA 881s  best=76.9
  [ 46848/150000] 31%  399s  ETA 878s  best=76.9
  [ 47232/150000] 31%  402s  ETA 874s  best=76.9
  [ 47616/150000] 32%  405s  ETA 870s  best=76.9
  [ 48000/150000] 32%  408s  ETA 867s  best=76.9
  [ 48384/150000] 32%  411s  ETA 864s  best=76.9
  [ 48768/150000] 33%  415s  ETA 861s  best=76.9
  [ 49152/150000] 33%  418s  ETA 857s  best=76.9
  [ 49536/150000] 33%  421s  ETA 853s  best=76.9
  [ 49920/150000] 33%  424s  ETA 850s  best=76.9
  [ 50304/150000] 34%  427s  ETA 846s  best=76.9
  [ 50688/150000] 34%  430s  ETA 843s  best=76.9
  [ 51072/150000] 34%  433s  ETA 839s  best=76.9
  [ 51456/150000] 34%  437s  ETA 836s  best=76.9
  [ 51840/150000] 35%  440s  ETA 832s  best=76.9
  [ 52224/150000] 35%  443s  ETA 829s  best=76.9
  [ 52608/150000] 35%  446s  ETA 826s  best=76.9
  [ 52992/150000] 35%  449s  ETA 822s  best=76.9
  [ 53376/150000] 36%  452s  ETA 819s  best=76.9
  [ 53760/150000] 36%  455s  ETA 815s  best=76.9
  [ 54144/150000] 36%  459s  ETA 812s  best=76.9
  [ 54528/150000] 36%  462s  ETA 809s  best=76.9
  [ 54912/150000] 37%  465s  ETA 806s  best=76.9
  [ 55296/150000] 37%  468s  ETA 802s  best=76.9
  [ 55680/150000] 37%  472s  ETA 799s  best=76.9
  [ 56064/150000] 37%  475s  ETA 796s  best=76.9
  [ 56448/150000] 38%  478s  ETA 792s  best=76.9
  [ 56832/150000] 38%  481s  ETA 789s  best=76.9
  [ 57216/150000] 38%  484s  ETA 785s  best=76.9
  [ 57600/150000] 38%  487s  ETA 782s  best=76.9
  [ 57984/150000] 39%  491s  ETA 778s  best=76.9
  [ 58368/150000] 39%  494s  ETA 775s  best=76.9
  [ 58752/150000] 39%  497s  ETA 772s  best=76.9
  [ 59136/150000] 39%  500s  ETA 768s  best=76.9
  [ 59520/150000] 40%  503s  ETA 765s  best=76.9
  [ 59904/150000] 40%  506s  ETA 762s  best=76.9
  [ 60288/150000] 40%  509s  ETA 758s  best=76.9
  [ 60672/150000] 40%  513s  ETA 755s  best=76.9
  [ 61056/150000] 41%  516s  ETA 751s  best=76.9
  [ 61440/150000] 41%  519s  ETA 748s  best=76.9
  [ 61824/150000] 41%  522s  ETA 744s  best=76.9
  [ 62208/150000] 41%  525s  ETA 741s  best=76.9
  [ 62592/150000] 42%  528s  ETA 738s  best=76.9
  [ 62976/150000] 42%  532s  ETA 735s  best=76.9
  [ 63360/150000] 42%  535s  ETA 731s  best=76.9
  [ 63744/150000] 42%  538s  ETA 728s  best=76.9
  [ 64128/150000] 43%  541s  ETA 724s  best=76.9
  [ 64512/150000] 43%  544s  ETA 721s  best=76.9
  [ 64896/150000] 43%  547s  ETA 718s  best=76.9
  [ 65280/150000] 44%  550s  ETA 714s  best=76.9
  [ 65664/150000] 44%  554s  ETA 711s  best=76.9
  [ 66048/150000] 44%  557s  ETA 708s  best=76.9
  [ 66432/150000] 44%  560s  ETA 704s  best=76.9
  [ 66816/150000] 45%  563s  ETA 701s  best=76.9
  [ 67200/150000] 45%  566s  ETA 697s  best=76.9
  [ 67584/150000] 45%  569s  ETA 694s  best=76.9
  [ 67968/150000] 45%  572s  ETA 691s  best=76.9
  [ 68352/150000] 46%  576s  ETA 687s  best=76.9
  [ 68736/150000] 46%  579s  ETA 684s  best=76.9
  [ 69120/150000] 46%  582s  ETA 681s  best=76.9
  [ 69504/150000] 46%  585s  ETA 678s  best=76.9
  [ 69888/150000] 47%  588s  ETA 674s  best=76.9
  [ 70272/150000] 47%  591s  ETA 671s  best=76.9
  [ 70656/150000] 47%  594s  ETA 668s  best=76.9
  [ 71040/150000] 47%  598s  ETA 664s  best=76.9
  [ 71424/150000] 48%  601s  ETA 661s  best=76.9
  [ 71808/150000] 48%  604s  ETA 657s  best=76.9
  [ 72192/150000] 48%  607s  ETA 654s  best=76.9
  [ 72576/150000] 48%  610s  ETA 651s  best=76.9
  [ 72960/150000] 49%  613s  ETA 648s  best=76.9
  [ 73344/150000] 49%  617s  ETA 644s  best=76.9
  [ 73728/150000] 49%  620s  ETA 641s  best=76.9
  [ 74112/150000] 49%  623s  ETA 638s  best=76.9
  [ 74496/150000] 50%  626s  ETA 635s  best=76.9
  [ 74880/150000] 50%  630s  ETA 632s  best=76.9
  [ 75264/150000] 50%  633s  ETA 629s  best=76.9
  [ 75648/150000] 50%  636s  ETA 625s  best=76.9
  [ 76032/150000] 51%  640s  ETA 622s  best=76.9
  [ 76416/150000] 51%  643s  ETA 619s  best=76.9
  [ 76800/150000] 51%  646s  ETA 616s  best=76.9
  [ 77184/150000] 51%  649s  ETA 613s  best=76.9
  [ 77568/150000] 52%  653s  ETA 609s  best=76.9
  [ 77952/150000] 52%  656s  ETA 606s  best=76.9
  [ 78336/150000] 52%  659s  ETA 603s  best=76.9
  [ 78720/150000] 52%  662s  ETA 600s  best=76.9
  [ 79104/150000] 53%  666s  ETA 596s  best=76.9
  [ 79488/150000] 53%  669s  ETA 593s  best=76.9
  [ 79872/150000] 53%  672s  ETA 590s  best=76.9
  [ 80256/150000] 54%  675s  ETA 587s  best=76.9
  [ 80640/150000] 54%  679s  ETA 584s  best=76.9
  [ 81024/150000] 54%  682s  ETA 580s  best=76.9
  [ 81408/150000] 54%  685s  ETA 577s  best=76.9
  [ 81792/150000] 55%  688s  ETA 574s  best=76.9
  [ 82176/150000] 55%  691s  ETA 571s  best=76.9
  [ 82560/150000] 55%  695s  ETA 567s  best=76.9
  [ 82944/150000] 55%  698s  ETA 564s  best=76.9
  [ 83328/150000] 56%  701s  ETA 561s  best=76.9
  [ 83712/150000] 56%  704s  ETA 557s  best=76.9
  [ 84096/150000] 56%  707s  ETA 554s  best=76.9
  [ 84480/150000] 56%  710s  ETA 551s  best=76.9
  [ 84864/150000] 57%  713s  ETA 548s  best=76.9
  [ 85248/150000] 57%  717s  ETA 544s  best=76.9
  [ 85632/150000] 57%  720s  ETA 541s  best=76.9
  [ 86016/150000] 57%  723s  ETA 538s  best=76.9
  [ 86400/150000] 58%  726s  ETA 535s  best=76.9
  [ 86784/150000] 58%  729s  ETA 531s  best=76.9
  [ 87168/150000] 58%  733s  ETA 528s  best=76.9
  [ 87552/150000] 58%  736s  ETA 525s  best=76.9
  [ 87936/150000] 59%  739s  ETA 521s  best=76.9
  [ 88320/150000] 59%  742s  ETA 518s  best=76.9
  [ 88704/150000] 59%  745s  ETA 515s  best=76.9
  [ 89088/150000] 59%  748s  ETA 512s  best=76.9
  [ 89472/150000] 60%  751s  ETA 508s  best=76.9
  [ 89856/150000] 60%  754s  ETA 505s  best=76.9
  [ 90240/150000] 60%  757s  ETA 502s  best=76.9
  [ 90624/150000] 60%  761s  ETA 498s  best=76.9
  [ 91008/150000] 61%  764s  ETA 495s  best=76.9
  [ 91392/150000] 61%  767s  ETA 492s  best=76.9
  [ 91776/150000] 61%  770s  ETA 489s  best=76.9
  [ 92160/150000] 61%  774s  ETA 485s  best=76.9
  [ 92544/150000] 62%  777s  ETA 482s  best=76.9
  [ 92928/150000] 62%  780s  ETA 479s  best=76.9
  [ 93312/150000] 62%  783s  ETA 476s  best=76.9
  [ 93696/150000] 62%  786s  ETA 472s  best=76.9
  [ 94080/150000] 63%  789s  ETA 469s  best=76.9
  [ 94464/150000] 63%  793s  ETA 466s  best=76.9
  [ 94848/150000] 63%  796s  ETA 463s  best=76.9
  [ 95232/150000] 63%  799s  ETA 459s  best=76.9
  [ 95616/150000] 64%  802s  ETA 456s  best=76.9
  [ 96000/150000] 64%  805s  ETA 453s  best=76.9
  [ 96384/150000] 64%  808s  ETA 450s  best=76.9
  [ 96768/150000] 65%  811s  ETA 446s  best=76.9
  [ 97152/150000] 65%  815s  ETA 443s  best=76.9
  [ 97536/150000] 65%  818s  ETA 440s  best=76.9
  [ 97920/150000] 65%  821s  ETA 437s  best=76.9
  [ 98304/150000] 66%  824s  ETA 433s  best=76.9
  [ 98688/150000] 66%  827s  ETA 430s  best=76.9
  [ 99072/150000] 66%  830s  ETA 427s  best=76.9
  [ 99456/150000] 66%  834s  ETA 424s  best=76.9
  [ 99840/150000] 67%  837s  ETA 420s  best=76.9
  [100224/150000] 67%  840s  ETA 417s  best=76.9
  [100608/150000] 67%  843s  ETA 414s  best=76.9
  [100992/150000] 67%  846s  ETA 411s  best=76.9
  [101376/150000] 68%  849s  ETA 407s  best=76.9
  [101760/150000] 68%  852s  ETA 404s  best=76.9
  [102144/150000] 68%  856s  ETA 401s  best=76.9
  [102528/150000] 68%  859s  ETA 398s  best=76.9
  [102912/150000] 69%  862s  ETA 394s  best=76.9
  [103296/150000] 69%  865s  ETA 391s  best=76.9
  [103680/150000] 69%  869s  ETA 388s  best=76.9
  [104064/150000] 69%  872s  ETA 385s  best=76.9
  [104448/150000] 70%  875s  ETA 381s  best=76.9
  [104832/150000] 70%  878s  ETA 378s  best=76.9
  [105216/150000] 70%  881s  ETA 375s  best=76.9
  [105600/150000] 70%  884s  ETA 372s  best=76.9
  [105984/150000] 71%  887s  ETA 369s  best=76.9
  [106368/150000] 71%  890s  ETA 365s  best=76.9
  [106752/150000] 71%  894s  ETA 362s  best=76.9
  [107136/150000] 71%  897s  ETA 359s  best=76.9
  [107520/150000] 72%  900s  ETA 356s  best=76.9
  [107904/150000] 72%  903s  ETA 352s  best=76.9
  [108288/150000] 72%  906s  ETA 349s  best=76.9
  [108672/150000] 72%  910s  ETA 346s  best=76.9
  [109056/150000] 73%  913s  ETA 343s  best=76.9
  [109440/150000] 73%  916s  ETA 339s  best=76.9
  [109824/150000] 73%  919s  ETA 336s  best=76.9
  [110208/150000] 73%  922s  ETA 333s  best=76.9
  [110592/150000] 74%  925s  ETA 330s  best=76.9
  [110976/150000] 74%  928s  ETA 326s  best=76.9
  [111360/150000] 74%  932s  ETA 323s  best=76.9
  [111744/150000] 74%  935s  ETA 320s  best=76.9
  [112128/150000] 75%  938s  ETA 317s  best=76.9
  [112512/150000] 75%  941s  ETA 314s  best=76.9
  [112896/150000] 75%  944s  ETA 310s  best=76.9
  [113280/150000] 76%  947s  ETA 307s  best=76.9
  [113664/150000] 76%  950s  ETA 304s  best=76.9
  [114048/150000] 76%  954s  ETA 301s  best=76.9
  [114432/150000] 76%  957s  ETA 297s  best=76.9
  [114816/150000] 77%  960s  ETA 294s  best=76.9
  [115200/150000] 77%  963s  ETA 291s  best=76.9
  [115584/150000] 77%  966s  ETA 288s  best=76.9
  [115968/150000] 77%  969s  ETA 284s  best=76.9
  [116352/150000] 78%  973s  ETA 281s  best=77.1
  [116736/150000] 78%  976s  ETA 278s  best=77.1
  [117120/150000] 78%  979s  ETA 275s  best=77.1
  [117504/150000] 78%  982s  ETA 272s  best=77.1
  [117888/150000] 79%  985s  ETA 268s  best=77.1
  [118272/150000] 79%  988s  ETA 265s  best=77.1
  [118656/150000] 79%  992s  ETA 262s  best=77.1
  [119040/150000] 79%  995s  ETA 259s  best=77.1
  [119424/150000] 80%  998s  ETA 255s  best=77.1
  [119808/150000] 80%  1001s  ETA 252s  best=77.1
  [120192/150000] 80%  1004s  ETA 249s  best=77.1
  [120576/150000] 80%  1007s  ETA 246s  best=77.1
  [120960/150000] 81%  1010s  ETA 243s  best=77.1
  [121344/150000] 81%  1014s  ETA 239s  best=77.1
  [121728/150000] 81%  1017s  ETA 236s  best=77.1
  [122112/150000] 81%  1020s  ETA 233s  best=77.1
  [122496/150000] 82%  1023s  ETA 230s  best=77.1
  [122880/150000] 82%  1026s  ETA 226s  best=77.1
  [123264/150000] 82%  1029s  ETA 223s  best=77.1
  [123648/150000] 82%  1032s  ETA 220s  best=77.1
  [124032/150000] 83%  1035s  ETA 217s  best=77.1
  [124416/150000] 83%  1039s  ETA 214s  best=77.1
  [124800/150000] 83%  1042s  ETA 210s  best=77.1
  [125184/150000] 83%  1045s  ETA 207s  best=77.1
  [125568/150000] 84%  1048s  ETA 204s  best=77.1
  [125952/150000] 84%  1051s  ETA 201s  best=77.1
  [126336/150000] 84%  1054s  ETA 197s  best=77.1
  [126720/150000] 84%  1057s  ETA 194s  best=77.1
  [127104/150000] 85%  1061s  ETA 191s  best=77.1
  [127488/150000] 85%  1064s  ETA 188s  best=77.1
  [127872/150000] 85%  1067s  ETA 185s  best=77.1
  [128256/150000] 86%  1070s  ETA 181s  best=77.1
  [128640/150000] 86%  1073s  ETA 178s  best=77.1
  [129024/150000] 86%  1076s  ETA 175s  best=77.1
  [129408/150000] 86%  1079s  ETA 172s  best=77.1
  [129792/150000] 87%  1083s  ETA 169s  best=77.1
  [130176/150000] 87%  1086s  ETA 165s  best=77.1
  [130560/150000] 87%  1089s  ETA 162s  best=77.1
  [130944/150000] 87%  1092s  ETA 159s  best=77.1
  [131328/150000] 88%  1095s  ETA 156s  best=77.1
  [131712/150000] 88%  1098s  ETA 152s  best=77.1
  [132096/150000] 88%  1101s  ETA 149s  best=77.1
  [132480/150000] 88%  1104s  ETA 146s  best=77.1
  [132864/150000] 89%  1107s  ETA 143s  best=77.1
  [133248/150000] 89%  1110s  ETA 140s  best=77.1
  [133632/150000] 89%  1114s  ETA 136s  best=77.1
  [134016/150000] 89%  1117s  ETA 133s  best=77.1
  [134400/150000] 90%  1120s  ETA 130s  best=77.1
  [134784/150000] 90%  1123s  ETA 127s  best=77.1
  [135168/150000] 90%  1126s  ETA 124s  best=77.1
  [135552/150000] 90%  1129s  ETA 120s  best=77.1
  [135936/150000] 91%  1132s  ETA 117s  best=77.1
  [136320/150000] 91%  1136s  ETA 114s  best=77.1
  [136704/150000] 91%  1139s  ETA 111s  best=77.1
  [137088/150000] 91%  1142s  ETA 108s  best=77.1
  [137472/150000] 92%  1145s  ETA 104s  best=77.1
  [137856/150000] 92%  1148s  ETA 101s  best=77.1
  [138240/150000] 92%  1151s  ETA 98s  best=77.1
  [138624/150000] 92%  1154s  ETA 95s  best=77.1
  [139008/150000] 93%  1157s  ETA 92s  best=77.1
  [139392/150000] 93%  1160s  ETA 88s  best=77.1
  [139776/150000] 93%  1164s  ETA 85s  best=77.1
  [140160/150000] 93%  1167s  ETA 82s  best=77.1
  [140544/150000] 94%  1170s  ETA 79s  best=77.1
  [140928/150000] 94%  1173s  ETA 76s  best=77.1
  [141312/150000] 94%  1176s  ETA 72s  best=77.1
  [141696/150000] 94%  1179s  ETA 69s  best=77.1
  [142080/150000] 95%  1182s  ETA 66s  best=77.1
  [142464/150000] 95%  1185s  ETA 63s  best=77.1
  [142848/150000] 95%  1189s  ETA 60s  best=77.1
  [143232/150000] 95%  1192s  ETA 56s  best=77.1
  [143616/150000] 96%  1195s  ETA 53s  best=77.1
  [144000/150000] 96%  1198s  ETA 50s  best=77.1
  [144384/150000] 96%  1201s  ETA 47s  best=77.1
  [144768/150000] 97%  1204s  ETA 44s  best=77.1
  [145152/150000] 97%  1207s  ETA 40s  best=77.1
  [145536/150000] 97%  1210s  ETA 37s  best=77.1
  [145920/150000] 97%  1214s  ETA 34s  best=77.1
  [146304/150000] 98%  1217s  ETA 31s  best=77.1
  [146688/150000] 98%  1220s  ETA 28s  best=77.1
  [147072/150000] 98%  1223s  ETA 24s  best=77.1
  [147456/150000] 98%  1226s  ETA 21s  best=77.1
  [147840/150000] 99%  1229s  ETA 18s  best=77.1
  [148224/150000] 99%  1232s  ETA 15s  best=77.1
  [148608/150000] 99%  1236s  ETA 12s  best=77.1
  [148992/150000] 99%  1239s  ETA 8s  best=77.1
  [149376/150000] 100%  1242s  ETA 5s  best=77.1
  [149760/150000] 100%  1245s  ETA 2s  best=77.1
  [150000/150000] 100%  1249s  ETA 0s  best=77.1

Deep eval top 10 (500 MC)...
  [1/10] avg=91.8  seeds=['91.6', '91.4', '91.9', '93.1', '90.9']
  [2/10] avg=91.2  seeds=['91.1', '90.7', '91.1', '92.8', '90.1']
  [3/10] avg=91.2  seeds=['91.2', '90.7', '91.1', '93.0', '90.1']
  [4/10] avg=91.0  seeds=['91.1', '91.0', '90.8', '92.4', '89.6']
  [5/10] avg=91.8  seeds=['91.8', '91.1', '91.8', '93.2', '91.3']
  [6/10] avg=90.7  seeds=['90.4', '90.5', '90.8', '92.2', '89.3']
  [7/10] avg=90.5  seeds=['90.3', '89.9', '90.2', '92.4', '89.5']
  [8/10] avg=91.3  seeds=['91.1', '91.1', '91.3', '92.9', '90.0']
  [9/10] avg=91.4  seeds=['91.4', '91.1', '91.1', '92.9', '90.6']
  [10/10] avg=90.4  seeds=['90.3', '90.2', '90.4', '92.2', '89.1']

R20 BEST: 91.8
  death_base_rate=0.05
  death_food_factor=0.05
  food_base_regen=0.08
  food_competition=0.07
  food_forest_bonus=0.04
  food_pop_drain=0.06
  pop_growth_rate=0.08
  port_prob=0.08
  port_survival_bonus=0.0
  spawn_pop_threshold=0.7
  spawn_prob=0.15
R20: NEW BEST 91.8 (was 0.0)

Results saved to replay_cache/per_round_params.json
