CPUs: 192
Tuning rounds (3x grid): [19]

============================================================
R19: settle_rate=0.011, 5 seeds
============================================================
150000 combos x 5 seeds x 30 MC (coarse)
  [   384/150000] 0%  5s  ETA 2129s  best=80.2
  [   768/150000] 1%  10s  ETA 1885s  best=80.2
  [  1152/150000] 1%  13s  ETA 1733s  best=80.2
  [  1536/150000] 1%  17s  ETA 1647s  best=80.2
  [  1920/150000] 1%  20s  ETA 1580s  best=80.2
  [  2304/150000] 2%  24s  ETA 1524s  best=80.2
  [  2688/150000] 2%  27s  ETA 1492s  best=80.2
  [  3072/150000] 2%  30s  ETA 1459s  best=80.3
  [  3456/150000] 2%  34s  ETA 1428s  best=80.3
  [  3840/150000] 3%  37s  ETA 1404s  best=80.3
  [  4224/150000] 3%  40s  ETA 1383s  best=80.3
  [  4608/150000] 3%  43s  ETA 1366s  best=80.3
  [  4992/150000] 3%  46s  ETA 1349s  best=80.3
  [  5376/150000] 4%  50s  ETA 1335s  best=80.3
  [  5760/150000] 4%  53s  ETA 1321s  best=80.3
  [  6144/150000] 4%  56s  ETA 1310s  best=80.3
  [  6528/150000] 4%  59s  ETA 1298s  best=80.3
  [  6912/150000] 5%  62s  ETA 1288s  best=80.3
  [  7296/150000] 5%  65s  ETA 1280s  best=80.3
  [  7680/150000] 5%  69s  ETA 1274s  best=80.3
  [  8064/150000] 5%  72s  ETA 1263s  best=80.3
  [  8448/150000] 6%  75s  ETA 1257s  best=80.3
  [  8832/150000] 6%  78s  ETA 1251s  best=80.3
  [  9216/150000] 6%  81s  ETA 1244s  best=80.3
  [  9600/150000] 6%  85s  ETA 1237s  best=80.3
  [  9984/150000] 7%  88s  ETA 1230s  best=80.3
  [ 10368/150000] 7%  91s  ETA 1225s  best=80.3
  [ 10752/150000] 7%  94s  ETA 1220s  best=80.3
  [ 11136/150000] 7%  97s  ETA 1215s  best=80.5
  [ 11520/150000] 8%  100s  ETA 1208s  best=80.5
  [ 11904/150000] 8%  104s  ETA 1203s  best=80.5
  [ 12288/150000] 8%  107s  ETA 1198s  best=80.5
  [ 12672/150000] 8%  110s  ETA 1195s  best=80.5
  [ 13056/150000] 9%  113s  ETA 1188s  best=80.5
  [ 13440/150000] 9%  116s  ETA 1182s  best=80.5
  [ 13824/150000] 9%  120s  ETA 1179s  best=80.5
  [ 14208/150000] 9%  123s  ETA 1174s  best=80.5
  [ 14592/150000] 10%  126s  ETA 1168s  best=80.5
  [ 14976/150000] 10%  129s  ETA 1165s  best=80.5
  [ 15360/150000] 10%  132s  ETA 1160s  best=80.5
  [ 15744/150000] 10%  135s  ETA 1155s  best=80.5
  [ 16128/150000] 11%  139s  ETA 1152s  best=80.5
  [ 16512/150000] 11%  142s  ETA 1149s  best=80.5
  [ 16896/150000] 11%  145s  ETA 1144s  best=80.5
  [ 17280/150000] 12%  148s  ETA 1140s  best=80.5
  [ 17664/150000] 12%  151s  ETA 1135s  best=80.5
  [ 18048/150000] 12%  155s  ETA 1131s  best=80.5
  [ 18432/150000] 12%  158s  ETA 1126s  best=80.5
  [ 18816/150000] 13%  161s  ETA 1122s  best=80.5
  [ 19200/150000] 13%  164s  ETA 1119s  best=80.5
  [ 19584/150000] 13%  167s  ETA 1115s  best=80.5
  [ 19968/150000] 13%  171s  ETA 1112s  best=80.5
  [ 20352/150000] 14%  174s  ETA 1108s  best=80.5
  [ 20736/150000] 14%  177s  ETA 1105s  best=80.5
  [ 21120/150000] 14%  180s  ETA 1101s  best=80.5
  [ 21504/150000] 14%  184s  ETA 1098s  best=80.5
  [ 21888/150000] 15%  187s  ETA 1095s  best=80.5
  [ 22272/150000] 15%  190s  ETA 1091s  best=80.5
  [ 22656/150000] 15%  194s  ETA 1088s  best=80.5
  [ 23040/150000] 15%  197s  ETA 1084s  best=80.5
  [ 23424/150000] 16%  200s  ETA 1081s  best=80.5
  [ 23808/150000] 16%  203s  ETA 1078s  best=80.5
  [ 24192/150000] 16%  207s  ETA 1074s  best=80.5
  [ 24576/150000] 16%  210s  ETA 1071s  best=80.5
  [ 24960/150000] 17%  213s  ETA 1068s  best=80.5
  [ 25344/150000] 17%  216s  ETA 1064s  best=80.5
  [ 25728/150000] 17%  219s  ETA 1060s  best=80.5
  [ 26112/150000] 17%  223s  ETA 1056s  best=80.5
  [ 26496/150000] 18%  226s  ETA 1052s  best=80.5
  [ 26880/150000] 18%  229s  ETA 1049s  best=80.5
  [ 27264/150000] 18%  232s  ETA 1045s  best=80.5
  [ 27648/150000] 18%  235s  ETA 1041s  best=80.5
  [ 28032/150000] 19%  239s  ETA 1038s  best=80.5
  [ 28416/150000] 19%  242s  ETA 1035s  best=80.5
  [ 28800/150000] 19%  245s  ETA 1031s  best=80.5
  [ 29184/150000] 19%  248s  ETA 1027s  best=80.5
  [ 29568/150000] 20%  251s  ETA 1023s  best=80.5
  [ 29952/150000] 20%  254s  ETA 1019s  best=80.5
  [ 30336/150000] 20%  257s  ETA 1015s  best=80.5
  [ 30720/150000] 20%  261s  ETA 1012s  best=80.5
  [ 31104/150000] 21%  264s  ETA 1008s  best=80.5
  [ 31488/150000] 21%  267s  ETA 1004s  best=80.5
  [ 31872/150000] 21%  270s  ETA 1001s  best=80.5
  [ 32256/150000] 22%  273s  ETA 998s  best=80.5
  [ 32640/150000] 22%  276s  ETA 994s  best=80.5
  [ 33024/150000] 22%  280s  ETA 990s  best=80.5
  [ 33408/150000] 22%  283s  ETA 987s  best=80.5
  [ 33792/150000] 23%  286s  ETA 983s  best=80.5
  [ 34176/150000] 23%  289s  ETA 980s  best=80.5
  [ 34560/150000] 23%  292s  ETA 976s  best=80.5
  [ 34944/150000] 23%  295s  ETA 973s  best=80.5
  [ 35328/150000] 24%  299s  ETA 969s  best=80.5
  [ 35712/150000] 24%  302s  ETA 966s  best=80.5
  [ 36096/150000] 24%  305s  ETA 962s  best=80.5
  [ 36480/150000] 24%  308s  ETA 959s  best=80.5
  [ 36864/150000] 25%  311s  ETA 955s  best=80.5
  [ 37248/150000] 25%  314s  ETA 952s  best=80.5
  [ 37632/150000] 25%  318s  ETA 948s  best=80.5
  [ 38016/150000] 25%  321s  ETA 945s  best=80.5
  [ 38400/150000] 26%  324s  ETA 942s  best=80.5
  [ 38784/150000] 26%  327s  ETA 938s  best=80.5
  [ 39168/150000] 26%  330s  ETA 934s  best=80.5
  [ 39552/150000] 26%  333s  ETA 930s  best=80.5
  [ 39936/150000] 27%  336s  ETA 927s  best=80.5
  [ 40320/150000] 27%  340s  ETA 924s  best=80.5
  [ 40704/150000] 27%  343s  ETA 920s  best=80.5
  [ 41088/150000] 27%  346s  ETA 917s  best=80.5
  [ 41472/150000] 28%  349s  ETA 913s  best=80.5
  [ 41856/150000] 28%  352s  ETA 910s  best=80.5
  [ 42240/150000] 28%  355s  ETA 907s  best=80.5
  [ 42624/150000] 28%  359s  ETA 904s  best=80.5
  [ 43008/150000] 29%  362s  ETA 900s  best=80.5
  [ 43392/150000] 29%  365s  ETA 896s  best=80.5
  [ 43776/150000] 29%  368s  ETA 893s  best=80.5
  [ 44160/150000] 29%  371s  ETA 890s  best=80.5
  [ 44544/150000] 30%  375s  ETA 887s  best=80.5
  [ 44928/150000] 30%  378s  ETA 883s  best=80.5
  [ 45312/150000] 30%  381s  ETA 880s  best=80.5
  [ 45696/150000] 30%  384s  ETA 876s  best=80.5
  [ 46080/150000] 31%  387s  ETA 873s  best=80.5
  [ 46464/150000] 31%  390s  ETA 869s  best=80.5
  [ 46848/150000] 31%  393s  ETA 866s  best=80.5
  [ 47232/150000] 31%  396s  ETA 862s  best=80.5
  [ 47616/150000] 32%  400s  ETA 859s  best=80.5
  [ 48000/150000] 32%  403s  ETA 856s  best=80.5
  [ 48384/150000] 32%  406s  ETA 853s  best=80.7
  [ 48768/150000] 33%  409s  ETA 850s  best=80.7
  [ 49152/150000] 33%  412s  ETA 846s  best=80.7
  [ 49536/150000] 33%  416s  ETA 843s  best=80.7
  [ 49920/150000] 33%  419s  ETA 840s  best=80.7
  [ 50304/150000] 34%  422s  ETA 836s  best=80.7
  [ 50688/150000] 34%  425s  ETA 833s  best=80.7
  [ 51072/150000] 34%  428s  ETA 829s  best=80.7
  [ 51456/150000] 34%  431s  ETA 826s  best=80.7
  [ 51840/150000] 35%  435s  ETA 823s  best=80.7
  [ 52224/150000] 35%  438s  ETA 820s  best=80.7
  [ 52608/150000] 35%  441s  ETA 817s  best=80.7
  [ 52992/150000] 35%  444s  ETA 813s  best=80.7
  [ 53376/150000] 36%  447s  ETA 810s  best=80.7
  [ 53760/150000] 36%  451s  ETA 807s  best=80.7
  [ 54144/150000] 36%  454s  ETA 804s  best=80.7
  [ 54528/150000] 36%  457s  ETA 800s  best=80.7
  [ 54912/150000] 37%  460s  ETA 797s  best=80.7
  [ 55296/150000] 37%  464s  ETA 794s  best=80.7
  [ 55680/150000] 37%  467s  ETA 791s  best=80.7
  [ 56064/150000] 37%  470s  ETA 788s  best=80.7
  [ 56448/150000] 38%  473s  ETA 784s  best=80.7
  [ 56832/150000] 38%  476s  ETA 781s  best=80.7
  [ 57216/150000] 38%  479s  ETA 777s  best=80.7
  [ 57600/150000] 38%  483s  ETA 774s  best=80.7
  [ 57984/150000] 39%  486s  ETA 771s  best=80.7
  [ 58368/150000] 39%  489s  ETA 767s  best=80.7
  [ 58752/150000] 39%  492s  ETA 764s  best=80.7
  [ 59136/150000] 39%  495s  ETA 761s  best=80.7
  [ 59520/150000] 40%  499s  ETA 758s  best=80.7
  [ 59904/150000] 40%  502s  ETA 755s  best=80.7
  [ 60288/150000] 40%  505s  ETA 751s  best=80.7
  [ 60672/150000] 40%  508s  ETA 748s  best=80.7
  [ 61056/150000] 41%  511s  ETA 744s  best=80.7
  [ 61440/150000] 41%  514s  ETA 741s  best=80.7
  [ 61824/150000] 41%  517s  ETA 738s  best=80.7
  [ 62208/150000] 41%  520s  ETA 735s  best=80.7
  [ 62592/150000] 42%  524s  ETA 731s  best=80.7
  [ 62976/150000] 42%  527s  ETA 728s  best=80.7
  [ 63360/150000] 42%  530s  ETA 725s  best=80.7
  [ 63744/150000] 42%  533s  ETA 721s  best=80.7
  [ 64128/150000] 43%  536s  ETA 718s  best=80.7
  [ 64512/150000] 43%  540s  ETA 715s  best=80.7
  [ 64896/150000] 43%  543s  ETA 712s  best=80.7
  [ 65280/150000] 44%  546s  ETA 709s  best=80.7
  [ 65664/150000] 44%  549s  ETA 705s  best=80.7
  [ 66048/150000] 44%  552s  ETA 702s  best=80.7
  [ 66432/150000] 44%  555s  ETA 699s  best=80.7
  [ 66816/150000] 45%  558s  ETA 695s  best=80.7
  [ 67200/150000] 45%  562s  ETA 692s  best=80.7
  [ 67584/150000] 45%  565s  ETA 689s  best=80.7
  [ 67968/150000] 45%  568s  ETA 686s  best=80.7
  [ 68352/150000] 46%  571s  ETA 682s  best=80.7
  [ 68736/150000] 46%  574s  ETA 679s  best=80.7
  [ 69120/150000] 46%  578s  ETA 676s  best=80.7
  [ 69504/150000] 46%  581s  ETA 673s  best=80.7
  [ 69888/150000] 47%  584s  ETA 669s  best=80.7
  [ 70272/150000] 47%  587s  ETA 666s  best=80.7
  [ 70656/150000] 47%  590s  ETA 663s  best=80.7
  [ 71040/150000] 47%  593s  ETA 659s  best=80.7
  [ 71424/150000] 48%  596s  ETA 656s  best=80.7
  [ 71808/150000] 48%  600s  ETA 653s  best=80.7
  [ 72192/150000] 48%  603s  ETA 650s  best=80.7
  [ 72576/150000] 48%  606s  ETA 647s  best=80.7
  [ 72960/150000] 49%  609s  ETA 643s  best=80.7
  [ 73344/150000] 49%  612s  ETA 640s  best=80.7
  [ 73728/150000] 49%  615s  ETA 637s  best=80.7
  [ 74112/150000] 49%  619s  ETA 633s  best=80.7
  [ 74496/150000] 50%  622s  ETA 630s  best=80.7
  [ 74880/150000] 50%  625s  ETA 627s  best=80.7
  [ 75264/150000] 50%  628s  ETA 624s  best=80.7
  [ 75648/150000] 50%  632s  ETA 621s  best=80.7
  [ 76032/150000] 51%  635s  ETA 617s  best=80.7
  [ 76416/150000] 51%  638s  ETA 614s  best=80.7
  [ 76800/150000] 51%  641s  ETA 611s  best=80.7
  [ 77184/150000] 51%  644s  ETA 608s  best=80.7
  [ 77568/150000] 52%  647s  ETA 605s  best=80.7
  [ 77952/150000] 52%  651s  ETA 601s  best=80.7
  [ 78336/150000] 52%  654s  ETA 598s  best=80.7
  [ 78720/150000] 52%  657s  ETA 595s  best=80.7
  [ 79104/150000] 53%  660s  ETA 592s  best=80.7
  [ 79488/150000] 53%  663s  ETA 588s  best=80.7
  [ 79872/150000] 53%  666s  ETA 585s  best=80.7
  [ 80256/150000] 54%  670s  ETA 582s  best=80.7
  [ 80640/150000] 54%  673s  ETA 579s  best=80.7
  [ 81024/150000] 54%  676s  ETA 576s  best=80.7
  [ 81408/150000] 54%  679s  ETA 572s  best=80.7
  [ 81792/150000] 55%  683s  ETA 569s  best=80.7
  [ 82176/150000] 55%  686s  ETA 566s  best=80.7
  [ 82560/150000] 55%  689s  ETA 563s  best=80.7
  [ 82944/150000] 55%  692s  ETA 560s  best=80.7
  [ 83328/150000] 56%  695s  ETA 556s  best=80.7
  [ 83712/150000] 56%  699s  ETA 553s  best=80.7
  [ 84096/150000] 56%  702s  ETA 550s  best=80.7
  [ 84480/150000] 56%  705s  ETA 547s  best=80.7
  [ 84864/150000] 57%  708s  ETA 543s  best=80.7
  [ 85248/150000] 57%  711s  ETA 540s  best=80.7
  [ 85632/150000] 57%  714s  ETA 537s  best=80.7
  [ 86016/150000] 57%  718s  ETA 534s  best=80.7
  [ 86400/150000] 58%  721s  ETA 531s  best=80.7
  [ 86784/150000] 58%  724s  ETA 527s  best=80.7
  [ 87168/150000] 58%  727s  ETA 524s  best=80.7
  [ 87552/150000] 58%  730s  ETA 521s  best=80.7
  [ 87936/150000] 59%  734s  ETA 518s  best=80.7
  [ 88320/150000] 59%  737s  ETA 514s  best=80.7
  [ 88704/150000] 59%  740s  ETA 511s  best=80.7
  [ 89088/150000] 59%  743s  ETA 508s  best=80.7
  [ 89472/150000] 60%  746s  ETA 505s  best=80.7
  [ 89856/150000] 60%  749s  ETA 501s  best=80.7
  [ 90240/150000] 60%  752s  ETA 498s  best=80.7
  [ 90624/150000] 60%  755s  ETA 495s  best=80.7
  [ 91008/150000] 61%  759s  ETA 492s  best=80.7
  [ 91392/150000] 61%  762s  ETA 488s  best=80.7
  [ 91776/150000] 61%  765s  ETA 485s  best=80.7
  [ 92160/150000] 61%  768s  ETA 482s  best=80.7
  [ 92544/150000] 62%  772s  ETA 479s  best=80.7
  [ 92928/150000] 62%  775s  ETA 476s  best=80.7
  [ 93312/150000] 62%  778s  ETA 473s  best=80.7
  [ 93696/150000] 62%  781s  ETA 469s  best=80.7
  [ 94080/150000] 63%  784s  ETA 466s  best=80.7
  [ 94464/150000] 63%  788s  ETA 463s  best=80.7
  [ 94848/150000] 63%  791s  ETA 460s  best=80.7
  [ 95232/150000] 63%  794s  ETA 457s  best=80.7
  [ 95616/150000] 64%  797s  ETA 453s  best=80.7
  [ 96000/150000] 64%  800s  ETA 450s  best=80.7
  [ 96384/150000] 64%  803s  ETA 447s  best=80.7
  [ 96768/150000] 65%  806s  ETA 444s  best=80.7
  [ 97152/150000] 65%  810s  ETA 440s  best=80.7
  [ 97536/150000] 65%  813s  ETA 437s  best=80.7
  [ 97920/150000] 65%  816s  ETA 434s  best=80.7
  [ 98304/150000] 66%  819s  ETA 431s  best=80.7
  [ 98688/150000] 66%  822s  ETA 428s  best=80.7
  [ 99072/150000] 66%  825s  ETA 424s  best=80.7
  [ 99456/150000] 66%  829s  ETA 421s  best=80.7
  [ 99840/150000] 67%  832s  ETA 418s  best=80.7
  [100224/150000] 67%  835s  ETA 415s  best=80.7
  [100608/150000] 67%  838s  ETA 412s  best=80.7
  [100992/150000] 67%  841s  ETA 408s  best=80.7
  [101376/150000] 68%  845s  ETA 405s  best=80.7
  [101760/150000] 68%  848s  ETA 402s  best=80.7
  [102144/150000] 68%  851s  ETA 399s  best=80.7
  [102528/150000] 68%  854s  ETA 395s  best=80.7
  [102912/150000] 69%  857s  ETA 392s  best=80.7
  [103296/150000] 69%  860s  ETA 389s  best=80.7
  [103680/150000] 69%  864s  ETA 386s  best=80.7
  [104064/150000] 69%  867s  ETA 383s  best=80.7
  [104448/150000] 70%  870s  ETA 379s  best=80.7
  [104832/150000] 70%  873s  ETA 376s  best=80.7
  [105216/150000] 70%  876s  ETA 373s  best=80.7
  [105600/150000] 70%  880s  ETA 370s  best=80.7
  [105984/150000] 71%  883s  ETA 367s  best=80.7
  [106368/150000] 71%  886s  ETA 363s  best=80.7
  [106752/150000] 71%  889s  ETA 360s  best=80.7
  [107136/150000] 71%  892s  ETA 357s  best=80.7
  [107520/150000] 72%  896s  ETA 354s  best=80.7
  [107904/150000] 72%  899s  ETA 351s  best=80.7
  [108288/150000] 72%  902s  ETA 347s  best=80.7
  [108672/150000] 72%  905s  ETA 344s  best=80.7
  [109056/150000] 73%  908s  ETA 341s  best=80.7
  [109440/150000] 73%  911s  ETA 338s  best=80.7
  [109824/150000] 73%  915s  ETA 335s  best=80.7
  [110208/150000] 73%  918s  ETA 331s  best=80.7
  [110592/150000] 74%  921s  ETA 328s  best=80.7
  [110976/150000] 74%  924s  ETA 325s  best=80.7
  [111360/150000] 74%  927s  ETA 322s  best=80.7
  [111744/150000] 74%  930s  ETA 319s  best=80.7
  [112128/150000] 75%  934s  ETA 315s  best=80.7
  [112512/150000] 75%  937s  ETA 312s  best=80.7
  [112896/150000] 75%  940s  ETA 309s  best=80.7
  [113280/150000] 76%  943s  ETA 306s  best=80.7
  [113664/150000] 76%  946s  ETA 302s  best=80.7
  [114048/150000] 76%  949s  ETA 299s  best=80.7
  [114432/150000] 76%  953s  ETA 296s  best=80.7
  [114816/150000] 77%  956s  ETA 293s  best=80.7
  [115200/150000] 77%  959s  ETA 290s  best=80.7
  [115584/150000] 77%  962s  ETA 286s  best=80.7
  [115968/150000] 77%  965s  ETA 283s  best=80.7
  [116352/150000] 78%  968s  ETA 280s  best=80.7
  [116736/150000] 78%  972s  ETA 277s  best=80.7
  [117120/150000] 78%  975s  ETA 274s  best=80.7
  [117504/150000] 78%  978s  ETA 270s  best=80.7
  [117888/150000] 79%  981s  ETA 267s  best=80.7
  [118272/150000] 79%  984s  ETA 264s  best=80.7
  [118656/150000] 79%  987s  ETA 261s  best=80.7
  [119040/150000] 79%  990s  ETA 258s  best=80.7
  [119424/150000] 80%  994s  ETA 254s  best=80.7
  [119808/150000] 80%  997s  ETA 251s  best=80.7
  [120192/150000] 80%  1000s  ETA 248s  best=80.7
  [120576/150000] 80%  1003s  ETA 245s  best=80.7
  [120960/150000] 81%  1006s  ETA 242s  best=80.7
  [121344/150000] 81%  1010s  ETA 238s  best=80.7
  [121728/150000] 81%  1013s  ETA 235s  best=80.7
  [122112/150000] 81%  1016s  ETA 232s  best=80.7
  [122496/150000] 82%  1019s  ETA 229s  best=80.7
  [122880/150000] 82%  1022s  ETA 226s  best=80.7
  [123264/150000] 82%  1025s  ETA 222s  best=80.7
  [123648/150000] 82%  1028s  ETA 219s  best=80.7
  [124032/150000] 83%  1031s  ETA 216s  best=80.7
  [124416/150000] 83%  1035s  ETA 213s  best=80.7
  [124800/150000] 83%  1038s  ETA 210s  best=80.7
  [125184/150000] 83%  1041s  ETA 206s  best=80.7
  [125568/150000] 84%  1044s  ETA 203s  best=80.7
  [125952/150000] 84%  1047s  ETA 200s  best=80.7
  [126336/150000] 84%  1051s  ETA 197s  best=80.7
  [126720/150000] 84%  1054s  ETA 194s  best=80.7
  [127104/150000] 85%  1057s  ETA 190s  best=80.7
  [127488/150000] 85%  1060s  ETA 187s  best=80.7
  [127872/150000] 85%  1063s  ETA 184s  best=80.7
  [128256/150000] 86%  1066s  ETA 181s  best=80.7
  [128640/150000] 86%  1069s  ETA 178s  best=80.7
  [129024/150000] 86%  1072s  ETA 174s  best=80.7
  [129408/150000] 86%  1076s  ETA 171s  best=80.7
  [129792/150000] 87%  1079s  ETA 168s  best=80.7
  [130176/150000] 87%  1082s  ETA 165s  best=80.7
  [130560/150000] 87%  1085s  ETA 162s  best=80.7
  [130944/150000] 87%  1088s  ETA 158s  best=80.7
  [131328/150000] 88%  1091s  ETA 155s  best=80.7
  [131712/150000] 88%  1094s  ETA 152s  best=80.7
  [132096/150000] 88%  1097s  ETA 149s  best=80.7
  [132480/150000] 88%  1101s  ETA 146s  best=80.7
  [132864/150000] 89%  1104s  ETA 142s  best=80.7
  [133248/150000] 89%  1107s  ETA 139s  best=80.7
  [133632/150000] 89%  1110s  ETA 136s  best=80.7
  [134016/150000] 89%  1113s  ETA 133s  best=80.7
  [134400/150000] 90%  1116s  ETA 130s  best=80.7
  [134784/150000] 90%  1119s  ETA 126s  best=80.7
  [135168/150000] 90%  1122s  ETA 123s  best=80.7
  [135552/150000] 90%  1126s  ETA 120s  best=80.7
  [135936/150000] 91%  1129s  ETA 117s  best=80.7
  [136320/150000] 91%  1132s  ETA 114s  best=80.7
  [136704/150000] 91%  1135s  ETA 110s  best=80.7
  [137088/150000] 91%  1138s  ETA 107s  best=80.7
  [137472/150000] 92%  1141s  ETA 104s  best=80.7
  [137856/150000] 92%  1144s  ETA 101s  best=80.7
  [138240/150000] 92%  1148s  ETA 98s  best=80.7
  [138624/150000] 92%  1151s  ETA 94s  best=80.7
  [139008/150000] 93%  1154s  ETA 91s  best=80.7
  [139392/150000] 93%  1157s  ETA 88s  best=80.7
  [139776/150000] 93%  1160s  ETA 85s  best=80.7
  [140160/150000] 93%  1163s  ETA 82s  best=80.7
  [140544/150000] 94%  1167s  ETA 78s  best=80.7
  [140928/150000] 94%  1170s  ETA 75s  best=80.7
  [141312/150000] 94%  1173s  ETA 72s  best=80.7
  [141696/150000] 94%  1176s  ETA 69s  best=80.7
  [142080/150000] 95%  1179s  ETA 66s  best=80.7
  [142464/150000] 95%  1182s  ETA 63s  best=80.7
  [142848/150000] 95%  1185s  ETA 59s  best=80.7
  [143232/150000] 95%  1188s  ETA 56s  best=80.7
  [143616/150000] 96%  1192s  ETA 53s  best=80.7
  [144000/150000] 96%  1195s  ETA 50s  best=80.7
  [144384/150000] 96%  1198s  ETA 47s  best=80.7
  [144768/150000] 97%  1201s  ETA 43s  best=80.7
  [145152/150000] 97%  1204s  ETA 40s  best=80.7
  [145536/150000] 97%  1207s  ETA 37s  best=80.7
  [145920/150000] 97%  1210s  ETA 34s  best=80.7
  [146304/150000] 98%  1213s  ETA 31s  best=80.7
  [146688/150000] 98%  1217s  ETA 27s  best=80.7
  [147072/150000] 98%  1220s  ETA 24s  best=80.7
  [147456/150000] 98%  1223s  ETA 21s  best=80.7
  [147840/150000] 99%  1226s  ETA 18s  best=80.7
  [148224/150000] 99%  1229s  ETA 15s  best=80.7
  [148608/150000] 99%  1232s  ETA 12s  best=80.7
  [148992/150000] 99%  1235s  ETA 8s  best=80.7
  [149376/150000] 100%  1239s  ETA 5s  best=80.7
  [149760/150000] 100%  1242s  ETA 2s  best=80.7
  [150000/150000] 100%  1246s  ETA 0s  best=80.7

Deep eval top 10 (500 MC)...
  [1/10] avg=93.9  seeds=['94.0', '93.5', '93.5', '94.1', '94.1']
  [2/10] avg=93.4  seeds=['93.6', '92.8', '93.2', '94.0', '93.6']
  [3/10] avg=93.7  seeds=['93.9', '93.2', '93.4', '93.9', '94.2']
  [4/10] avg=93.7  seeds=['93.8', '93.0', '93.5', '94.0', '94.3']
  [5/10] avg=92.8  seeds=['92.9', '92.2', '92.3', '93.3', '93.2']
  [6/10] avg=93.1  seeds=['93.3', '92.4', '92.8', '93.4', '93.5']
  [7/10] avg=93.7  seeds=['93.8', '92.9', '93.6', '94.0', '94.1']
  [8/10] avg=92.0  seeds=['92.1', '91.3', '91.5', '92.5', '92.6']
  [9/10] avg=93.0  seeds=['93.3', '92.1', '92.6', '93.2', '93.9']
  [10/10] avg=92.2  seeds=['92.4', '91.5', '91.8', '92.4', '93.0']

R19 BEST: 93.9
  death_base_rate=0.1
  death_food_factor=0.1
  food_base_regen=0.1
  food_competition=0.07
  food_forest_bonus=0.04
  food_pop_drain=0.06
  pop_growth_rate=0.1
  port_prob=0.1
  port_survival_bonus=0.0
  spawn_pop_threshold=0.3
  spawn_prob=0.1
R19: NEW BEST 93.9 (was 0.0)

Results saved to replay_cache/per_round_params.json
