CPUs: 192
Tuning rounds (3x grid): [21]

============================================================
R21: settle_rate=0.061, 5 seeds
============================================================
150000 combos x 5 seeds x 30 MC (coarse)
  [   384/150000] 0%  10s  ETA 3976s  best=73.8
  [   768/150000] 1%  18s  ETA 3420s  best=74.1
  [  1152/150000] 1%  24s  ETA 3078s  best=74.1
  [  1536/150000] 1%  29s  ETA 2804s  best=74.1
  [  1920/150000] 1%  33s  ETA 2584s  best=74.1
  [  2304/150000] 2%  38s  ETA 2454s  best=74.2
  [  2688/150000] 2%  43s  ETA 2335s  best=74.2
  [  3072/150000] 2%  47s  ETA 2251s  best=74.2
  [  3456/150000] 2%  52s  ETA 2186s  best=74.2
  [  3840/150000] 3%  56s  ETA 2126s  best=74.2
  [  4224/150000] 3%  61s  ETA 2091s  best=74.4
  [  4608/150000] 3%  65s  ETA 2046s  best=74.4
  [  4992/150000] 3%  69s  ETA 2015s  best=74.4
  [  5376/150000] 4%  74s  ETA 1982s  best=74.4
  [  5760/150000] 4%  78s  ETA 1958s  best=74.4
  [  6144/150000] 4%  83s  ETA 1937s  best=74.4
  [  6528/150000] 4%  87s  ETA 1917s  best=74.4
  [  6912/150000] 5%  92s  ETA 1896s  best=74.4
  [  7296/150000] 5%  96s  ETA 1880s  best=74.4
  [  7680/150000] 5%  100s  ETA 1862s  best=74.4
  [  8064/150000] 5%  105s  ETA 1847s  best=74.4
  [  8448/150000] 6%  109s  ETA 1832s  best=74.4
  [  8832/150000] 6%  114s  ETA 1820s  best=74.4
  [  9216/150000] 6%  118s  ETA 1807s  best=74.4
  [  9600/150000] 6%  123s  ETA 1794s  best=74.4
  [  9984/150000] 7%  127s  ETA 1780s  best=74.4
  [ 10368/150000] 7%  131s  ETA 1770s  best=74.4
  [ 10752/150000] 7%  136s  ETA 1759s  best=74.4
  [ 11136/150000] 7%  140s  ETA 1746s  best=74.4
  [ 11520/150000] 8%  144s  ETA 1734s  best=74.4
  [ 11904/150000] 8%  149s  ETA 1727s  best=74.4
  [ 12288/150000] 8%  153s  ETA 1718s  best=74.4
  [ 12672/150000] 8%  158s  ETA 1710s  best=74.4
  [ 13056/150000] 9%  162s  ETA 1698s  best=74.4
  [ 13440/150000] 9%  166s  ETA 1689s  best=74.4
  [ 13824/150000] 9%  171s  ETA 1682s  best=74.4
  [ 14208/150000] 9%  175s  ETA 1672s  best=74.4
  [ 14592/150000] 10%  179s  ETA 1665s  best=74.4
  [ 14976/150000] 10%  184s  ETA 1660s  best=74.4
  [ 15360/150000] 10%  189s  ETA 1653s  best=74.4
  [ 15744/150000] 10%  193s  ETA 1645s  best=74.4
  [ 16128/150000] 11%  197s  ETA 1637s  best=74.4
  [ 16512/150000] 11%  202s  ETA 1631s  best=74.4
  [ 16896/150000] 11%  206s  ETA 1626s  best=74.4
  [ 17280/150000] 12%  211s  ETA 1618s  best=74.4
  [ 17664/150000] 12%  215s  ETA 1612s  best=74.4
  [ 18048/150000] 12%  220s  ETA 1606s  best=74.4
  [ 18432/150000] 12%  224s  ETA 1599s  best=74.4
  [ 18816/150000] 13%  228s  ETA 1592s  best=74.4
  [ 19200/150000] 13%  233s  ETA 1586s  best=74.4
  [ 19584/150000] 13%  237s  ETA 1580s  best=74.4
  [ 19968/150000] 13%  242s  ETA 1574s  best=74.4
  [ 20352/150000] 14%  246s  ETA 1566s  best=74.4
  [ 20736/150000] 14%  250s  ETA 1560s  best=74.4
  [ 21120/150000] 14%  255s  ETA 1554s  best=74.4
  [ 21504/150000] 14%  259s  ETA 1548s  best=74.4
  [ 21888/150000] 15%  264s  ETA 1543s  best=74.4
  [ 22272/150000] 15%  268s  ETA 1537s  best=74.4
  [ 22656/150000] 15%  272s  ETA 1532s  best=74.4
  [ 23040/150000] 15%  277s  ETA 1526s  best=74.4
  [ 23424/150000] 16%  281s  ETA 1521s  best=74.4
  [ 23808/150000] 16%  286s  ETA 1514s  best=74.4
  [ 24192/150000] 16%  290s  ETA 1508s  best=74.4
  [ 24576/150000] 16%  295s  ETA 1503s  best=74.4
  [ 24960/150000] 17%  299s  ETA 1498s  best=74.4
  [ 25344/150000] 17%  303s  ETA 1492s  best=74.4
  [ 25728/150000] 17%  308s  ETA 1486s  best=74.4
  [ 26112/150000] 17%  312s  ETA 1480s  best=74.4
  [ 26496/150000] 18%  316s  ETA 1475s  best=74.4
  [ 26880/150000] 18%  321s  ETA 1469s  best=74.5
  [ 27264/150000] 18%  325s  ETA 1464s  best=74.5
  [ 27648/150000] 18%  329s  ETA 1457s  best=74.5
  [ 28032/150000] 19%  334s  ETA 1452s  best=74.6
  [ 28416/150000] 19%  338s  ETA 1447s  best=74.6
  [ 28800/150000] 19%  343s  ETA 1441s  best=74.6
  [ 29184/150000] 19%  347s  ETA 1436s  best=74.6
  [ 29568/150000] 20%  351s  ETA 1430s  best=74.6
  [ 29952/150000] 20%  355s  ETA 1424s  best=74.6
  [ 30336/150000] 20%  359s  ETA 1418s  best=74.6
  [ 30720/150000] 20%  364s  ETA 1412s  best=74.6
  [ 31104/150000] 21%  368s  ETA 1406s  best=74.6
  [ 31488/150000] 21%  372s  ETA 1402s  best=74.6
  [ 31872/150000] 21%  377s  ETA 1396s  best=74.6
  [ 32256/150000] 22%  381s  ETA 1391s  best=74.6
  [ 32640/150000] 22%  385s  ETA 1385s  best=74.6
  [ 33024/150000] 22%  389s  ETA 1379s  best=74.6
  [ 33408/150000] 22%  394s  ETA 1375s  best=74.6
  [ 33792/150000] 23%  398s  ETA 1369s  best=74.6
  [ 34176/150000] 23%  402s  ETA 1363s  best=74.6
  [ 34560/150000] 23%  407s  ETA 1358s  best=74.6
  [ 34944/150000] 23%  411s  ETA 1353s  best=74.6
  [ 35328/150000] 24%  415s  ETA 1347s  best=74.6
  [ 35712/150000] 24%  419s  ETA 1342s  best=74.6
  [ 36096/150000] 24%  424s  ETA 1337s  best=74.6
  [ 36480/150000] 24%  428s  ETA 1332s  best=74.6
  [ 36864/150000] 25%  432s  ETA 1326s  best=74.6
  [ 37248/150000] 25%  436s  ETA 1321s  best=74.6
  [ 37632/150000] 25%  441s  ETA 1317s  best=74.6
  [ 38016/150000] 25%  445s  ETA 1311s  best=74.6
  [ 38400/150000] 26%  450s  ETA 1307s  best=74.6
  [ 38784/150000] 26%  454s  ETA 1302s  best=74.7
  [ 39168/150000] 26%  459s  ETA 1298s  best=74.7
  [ 39552/150000] 26%  463s  ETA 1293s  best=74.7
  [ 39936/150000] 27%  467s  ETA 1288s  best=74.7
  [ 40320/150000] 27%  472s  ETA 1283s  best=74.7
  [ 40704/150000] 27%  476s  ETA 1279s  best=74.7
  [ 41088/150000] 27%  481s  ETA 1274s  best=74.7
  [ 41472/150000] 28%  485s  ETA 1269s  best=74.7
  [ 41856/150000] 28%  489s  ETA 1264s  best=74.7
  [ 42240/150000] 28%  494s  ETA 1260s  best=74.7
  [ 42624/150000] 28%  498s  ETA 1255s  best=74.7
  [ 43008/150000] 29%  502s  ETA 1250s  best=74.7
  [ 43392/150000] 29%  507s  ETA 1245s  best=74.7
  [ 43776/150000] 29%  511s  ETA 1240s  best=74.7
  [ 44160/150000] 29%  515s  ETA 1234s  best=74.7
  [ 44544/150000] 30%  519s  ETA 1230s  best=75.2
  [ 44928/150000] 30%  524s  ETA 1225s  best=75.2
  [ 45312/150000] 30%  528s  ETA 1219s  best=75.2
  [ 45696/150000] 30%  532s  ETA 1214s  best=75.2
  [ 46080/150000] 31%  536s  ETA 1210s  best=75.2
  [ 46464/150000] 31%  541s  ETA 1205s  best=75.2
  [ 46848/150000] 31%  545s  ETA 1200s  best=75.2
  [ 47232/150000] 31%  549s  ETA 1195s  best=75.2
  [ 47616/150000] 32%  553s  ETA 1190s  best=75.2
  [ 48000/150000] 32%  558s  ETA 1185s  best=75.2
  [ 48384/150000] 32%  562s  ETA 1180s  best=75.2
  [ 48768/150000] 33%  566s  ETA 1175s  best=75.2
  [ 49152/150000] 33%  570s  ETA 1171s  best=75.2
  [ 49536/150000] 33%  575s  ETA 1166s  best=75.2
  [ 49920/150000] 33%  579s  ETA 1161s  best=75.2
  [ 50304/150000] 34%  583s  ETA 1156s  best=75.2
  [ 50688/150000] 34%  588s  ETA 1151s  best=75.2
  [ 51072/150000] 34%  592s  ETA 1146s  best=75.2
  [ 51456/150000] 34%  596s  ETA 1141s  best=75.2
  [ 51840/150000] 35%  600s  ETA 1137s  best=75.2
  [ 52224/150000] 35%  605s  ETA 1132s  best=75.2
  [ 52608/150000] 35%  609s  ETA 1127s  best=75.2
  [ 52992/150000] 35%  613s  ETA 1123s  best=75.2
  [ 53376/150000] 36%  618s  ETA 1118s  best=75.2
  [ 53760/150000] 36%  622s  ETA 1113s  best=75.2
  [ 54144/150000] 36%  626s  ETA 1109s  best=75.2
  [ 54528/150000] 36%  630s  ETA 1104s  best=75.2
  [ 54912/150000] 37%  635s  ETA 1099s  best=75.2
  [ 55296/150000] 37%  639s  ETA 1094s  best=75.2
  [ 55680/150000] 37%  643s  ETA 1089s  best=75.2
  [ 56064/150000] 37%  648s  ETA 1085s  best=75.2
  [ 56448/150000] 38%  652s  ETA 1080s  best=75.2
  [ 56832/150000] 38%  656s  ETA 1076s  best=75.2
  [ 57216/150000] 38%  660s  ETA 1071s  best=75.2
  [ 57600/150000] 38%  665s  ETA 1066s  best=75.2
  [ 57984/150000] 39%  669s  ETA 1062s  best=75.2
  [ 58368/150000] 39%  673s  ETA 1057s  best=75.2
  [ 58752/150000] 39%  677s  ETA 1052s  best=75.2
  [ 59136/150000] 39%  682s  ETA 1047s  best=75.2
  [ 59520/150000] 40%  686s  ETA 1043s  best=75.2
  [ 59904/150000] 40%  690s  ETA 1038s  best=75.2
  [ 60288/150000] 40%  694s  ETA 1033s  best=75.2
  [ 60672/150000] 40%  699s  ETA 1028s  best=75.2
  [ 61056/150000] 41%  703s  ETA 1024s  best=75.2
  [ 61440/150000] 41%  707s  ETA 1019s  best=75.2
  [ 61824/150000] 41%  711s  ETA 1014s  best=75.2
  [ 62208/150000] 41%  716s  ETA 1010s  best=75.2
  [ 62592/150000] 42%  720s  ETA 1005s  best=75.2
  [ 62976/150000] 42%  724s  ETA 1001s  best=75.2
  [ 63360/150000] 42%  728s  ETA 996s  best=75.2
  [ 63744/150000] 42%  733s  ETA 991s  best=75.2
  [ 64128/150000] 43%  737s  ETA 987s  best=75.2
  [ 64512/150000] 43%  741s  ETA 982s  best=75.2
  [ 64896/150000] 43%  746s  ETA 978s  best=75.2
  [ 65280/150000] 44%  750s  ETA 973s  best=75.2
  [ 65664/150000] 44%  754s  ETA 968s  best=75.2
  [ 66048/150000] 44%  758s  ETA 964s  best=75.2
  [ 66432/150000] 44%  763s  ETA 959s  best=75.2
  [ 66816/150000] 45%  767s  ETA 955s  best=75.2
  [ 67200/150000] 45%  771s  ETA 950s  best=75.2
  [ 67584/150000] 45%  775s  ETA 945s  best=75.2
  [ 67968/150000] 45%  780s  ETA 941s  best=75.2
  [ 68352/150000] 46%  784s  ETA 936s  best=75.2
  [ 68736/150000] 46%  788s  ETA 932s  best=75.2
  [ 69120/150000] 46%  792s  ETA 927s  best=75.2
  [ 69504/150000] 46%  796s  ETA 922s  best=75.2
  [ 69888/150000] 47%  801s  ETA 918s  best=75.2
  [ 70272/150000] 47%  805s  ETA 913s  best=75.2
  [ 70656/150000] 47%  809s  ETA 909s  best=75.2
  [ 71040/150000] 47%  813s  ETA 904s  best=75.2
  [ 71424/150000] 48%  818s  ETA 899s  best=75.2
  [ 71808/150000] 48%  822s  ETA 895s  best=75.2
  [ 72192/150000] 48%  826s  ETA 891s  best=75.2
  [ 72576/150000] 48%  831s  ETA 886s  best=75.2
  [ 72960/150000] 49%  835s  ETA 882s  best=75.2
  [ 73344/150000] 49%  839s  ETA 877s  best=75.2
  [ 73728/150000] 49%  843s  ETA 873s  best=75.2
  [ 74112/150000] 49%  848s  ETA 868s  best=75.2
  [ 74496/150000] 50%  852s  ETA 864s  best=75.2
  [ 74880/150000] 50%  856s  ETA 859s  best=75.2
  [ 75264/150000] 50%  861s  ETA 855s  best=75.2
  [ 75648/150000] 50%  865s  ETA 850s  best=75.2
  [ 76032/150000] 51%  869s  ETA 845s  best=75.2
  [ 76416/150000] 51%  873s  ETA 841s  best=75.2
  [ 76800/150000] 51%  878s  ETA 837s  best=75.2
  [ 77184/150000] 51%  882s  ETA 832s  best=75.2
  [ 77568/150000] 52%  886s  ETA 828s  best=75.2
  [ 77952/150000] 52%  891s  ETA 823s  best=75.2
  [ 78336/150000] 52%  895s  ETA 819s  best=75.2
  [ 78720/150000] 52%  899s  ETA 814s  best=75.2
  [ 79104/150000] 53%  903s  ETA 810s  best=75.2
  [ 79488/150000] 53%  908s  ETA 805s  best=75.2
  [ 79872/150000] 53%  912s  ETA 801s  best=75.2
  [ 80256/150000] 54%  916s  ETA 796s  best=75.2
  [ 80640/150000] 54%  920s  ETA 792s  best=75.2
  [ 81024/150000] 54%  925s  ETA 787s  best=75.2
  [ 81408/150000] 54%  929s  ETA 783s  best=75.2
  [ 81792/150000] 55%  933s  ETA 778s  best=75.2
  [ 82176/150000] 55%  937s  ETA 774s  best=75.2
  [ 82560/150000] 55%  942s  ETA 769s  best=75.2
  [ 82944/150000] 55%  946s  ETA 765s  best=75.2
  [ 83328/150000] 56%  950s  ETA 760s  best=75.2
  [ 83712/150000] 56%  954s  ETA 756s  best=75.2
  [ 84096/150000] 56%  959s  ETA 751s  best=75.2
  [ 84480/150000] 56%  963s  ETA 747s  best=75.2
  [ 84864/150000] 57%  967s  ETA 742s  best=75.2
  [ 85248/150000] 57%  971s  ETA 738s  best=75.2
  [ 85632/150000] 57%  975s  ETA 733s  best=75.2
  [ 86016/150000] 57%  980s  ETA 729s  best=75.2
  [ 86400/150000] 58%  984s  ETA 724s  best=75.2
  [ 86784/150000] 58%  988s  ETA 720s  best=75.2
  [ 87168/150000] 58%  992s  ETA 715s  best=75.2
  [ 87552/150000] 58%  996s  ETA 711s  best=75.2
  [ 87936/150000] 59%  1001s  ETA 706s  best=75.2
  [ 88320/150000] 59%  1005s  ETA 702s  best=75.2
  [ 88704/150000] 59%  1009s  ETA 697s  best=75.2
  [ 89088/150000] 59%  1013s  ETA 693s  best=75.2
  [ 89472/150000] 60%  1018s  ETA 688s  best=75.2
  [ 89856/150000] 60%  1022s  ETA 684s  best=75.2
  [ 90240/150000] 60%  1026s  ETA 679s  best=75.2
  [ 90624/150000] 60%  1031s  ETA 675s  best=75.2
  [ 91008/150000] 61%  1035s  ETA 671s  best=75.2
  [ 91392/150000] 61%  1039s  ETA 666s  best=75.2
  [ 91776/150000] 61%  1043s  ETA 662s  best=75.2
  [ 92160/150000] 61%  1047s  ETA 657s  best=75.2
  [ 92544/150000] 62%  1052s  ETA 653s  best=75.2
  [ 92928/150000] 62%  1056s  ETA 649s  best=75.2
  [ 93312/150000] 62%  1060s  ETA 644s  best=75.2
  [ 93696/150000] 62%  1064s  ETA 640s  best=75.2
  [ 94080/150000] 63%  1069s  ETA 635s  best=75.2
  [ 94464/150000] 63%  1073s  ETA 631s  best=75.2
  [ 94848/150000] 63%  1077s  ETA 626s  best=75.2
  [ 95232/150000] 63%  1082s  ETA 622s  best=75.2
  [ 95616/150000] 64%  1086s  ETA 618s  best=75.2
  [ 96000/150000] 64%  1090s  ETA 613s  best=75.2
  [ 96384/150000] 64%  1094s  ETA 609s  best=75.2
  [ 96768/150000] 65%  1099s  ETA 604s  best=75.2
  [ 97152/150000] 65%  1103s  ETA 600s  best=75.2
  [ 97536/150000] 65%  1107s  ETA 595s  best=75.2
  [ 97920/150000] 65%  1111s  ETA 591s  best=75.2
  [ 98304/150000] 66%  1115s  ETA 587s  best=75.2
  [ 98688/150000] 66%  1120s  ETA 582s  best=75.2
  [ 99072/150000] 66%  1124s  ETA 578s  best=75.2
  [ 99456/150000] 66%  1128s  ETA 573s  best=75.2
  [ 99840/150000] 67%  1132s  ETA 569s  best=75.2
  [100224/150000] 67%  1137s  ETA 564s  best=75.2
  [100608/150000] 67%  1141s  ETA 560s  best=75.2
  [100992/150000] 67%  1145s  ETA 556s  best=75.2
  [101376/150000] 68%  1149s  ETA 551s  best=75.2
  [101760/150000] 68%  1154s  ETA 547s  best=75.2
  [102144/150000] 68%  1158s  ETA 542s  best=75.2
  [102528/150000] 68%  1162s  ETA 538s  best=75.2
  [102912/150000] 69%  1166s  ETA 534s  best=75.2
  [103296/150000] 69%  1170s  ETA 529s  best=75.2
  [103680/150000] 69%  1175s  ETA 525s  best=75.2
  [104064/150000] 69%  1179s  ETA 520s  best=75.2
  [104448/150000] 70%  1183s  ETA 516s  best=75.2
  [104832/150000] 70%  1187s  ETA 512s  best=75.2
  [105216/150000] 70%  1192s  ETA 507s  best=75.2
  [105600/150000] 70%  1196s  ETA 503s  best=75.2
  [105984/150000] 71%  1200s  ETA 498s  best=75.2
  [106368/150000] 71%  1204s  ETA 494s  best=75.2
  [106752/150000] 71%  1209s  ETA 490s  best=75.2
  [107136/150000] 71%  1213s  ETA 485s  best=75.2
  [107520/150000] 72%  1217s  ETA 481s  best=75.2
  [107904/150000] 72%  1222s  ETA 477s  best=75.2
  [108288/150000] 72%  1226s  ETA 472s  best=75.2
  [108672/150000] 72%  1230s  ETA 468s  best=75.2
  [109056/150000] 73%  1234s  ETA 463s  best=75.2
  [109440/150000] 73%  1239s  ETA 459s  best=75.2
  [109824/150000] 73%  1243s  ETA 455s  best=75.2
  [110208/150000] 73%  1247s  ETA 450s  best=75.2
  [110592/150000] 74%  1252s  ETA 446s  best=75.2
  [110976/150000] 74%  1256s  ETA 442s  best=75.2
  [111360/150000] 74%  1260s  ETA 437s  best=75.2
  [111744/150000] 74%  1265s  ETA 433s  best=75.2
  [112128/150000] 75%  1269s  ETA 429s  best=75.2
  [112512/150000] 75%  1273s  ETA 424s  best=75.2
  [112896/150000] 75%  1277s  ETA 420s  best=75.2
  [113280/150000] 76%  1281s  ETA 415s  best=75.2
  [113664/150000] 76%  1286s  ETA 411s  best=75.2
  [114048/150000] 76%  1290s  ETA 407s  best=75.2
  [114432/150000] 76%  1294s  ETA 402s  best=75.2
  [114816/150000] 77%  1299s  ETA 398s  best=75.2
  [115200/150000] 77%  1303s  ETA 394s  best=75.2
  [115584/150000] 77%  1307s  ETA 389s  best=75.2
  [115968/150000] 77%  1311s  ETA 385s  best=75.2
  [116352/150000] 78%  1315s  ETA 380s  best=75.2
  [116736/150000] 78%  1320s  ETA 376s  best=75.2
  [117120/150000] 78%  1324s  ETA 372s  best=75.2
  [117504/150000] 78%  1328s  ETA 367s  best=75.2
  [117888/150000] 79%  1333s  ETA 363s  best=75.2
  [118272/150000] 79%  1337s  ETA 359s  best=75.2
  [118656/150000] 79%  1341s  ETA 354s  best=75.2
  [119040/150000] 79%  1345s  ETA 350s  best=75.2
  [119424/150000] 80%  1350s  ETA 346s  best=75.2
  [119808/150000] 80%  1354s  ETA 341s  best=75.2
  [120192/150000] 80%  1358s  ETA 337s  best=75.2
  [120576/150000] 80%  1363s  ETA 333s  best=75.2
  [120960/150000] 81%  1367s  ETA 328s  best=75.2
  [121344/150000] 81%  1371s  ETA 324s  best=75.2
  [121728/150000] 81%  1376s  ETA 320s  best=75.2
  [122112/150000] 81%  1380s  ETA 315s  best=75.2
  [122496/150000] 82%  1384s  ETA 311s  best=75.2
  [122880/150000] 82%  1389s  ETA 306s  best=75.2
  [123264/150000] 82%  1393s  ETA 302s  best=75.2
  [123648/150000] 82%  1397s  ETA 298s  best=75.2
  [124032/150000] 83%  1401s  ETA 293s  best=75.2
  [124416/150000] 83%  1406s  ETA 289s  best=75.2
  [124800/150000] 83%  1410s  ETA 285s  best=75.2
  [125184/150000] 83%  1414s  ETA 280s  best=75.2
  [125568/150000] 84%  1418s  ETA 276s  best=75.2
  [125952/150000] 84%  1423s  ETA 272s  best=75.2
  [126336/150000] 84%  1427s  ETA 267s  best=75.2
  [126720/150000] 84%  1431s  ETA 263s  best=75.2
  [127104/150000] 85%  1435s  ETA 259s  best=75.2
  [127488/150000] 85%  1440s  ETA 254s  best=75.2
  [127872/150000] 85%  1444s  ETA 250s  best=75.2
  [128256/150000] 86%  1448s  ETA 246s  best=75.2
  [128640/150000] 86%  1452s  ETA 241s  best=75.2
  [129024/150000] 86%  1457s  ETA 237s  best=75.2
  [129408/150000] 86%  1461s  ETA 232s  best=75.2
  [129792/150000] 87%  1465s  ETA 228s  best=75.2
  [130176/150000] 87%  1469s  ETA 224s  best=75.2
  [130560/150000] 87%  1474s  ETA 219s  best=75.2
  [130944/150000] 87%  1478s  ETA 215s  best=75.2
  [131328/150000] 88%  1482s  ETA 211s  best=75.2
  [131712/150000] 88%  1487s  ETA 206s  best=75.2
  [132096/150000] 88%  1491s  ETA 202s  best=75.2
  [132480/150000] 88%  1495s  ETA 198s  best=75.2
  [132864/150000] 89%  1500s  ETA 193s  best=75.2
  [133248/150000] 89%  1504s  ETA 189s  best=75.2
  [133632/150000] 89%  1508s  ETA 185s  best=75.2
  [134016/150000] 89%  1512s  ETA 180s  best=75.2
  [134400/150000] 90%  1517s  ETA 176s  best=75.2
  [134784/150000] 90%  1521s  ETA 172s  best=75.2
  [135168/150000] 90%  1526s  ETA 167s  best=75.2
  [135552/150000] 90%  1530s  ETA 163s  best=75.2
  [135936/150000] 91%  1534s  ETA 159s  best=75.2
  [136320/150000] 91%  1539s  ETA 154s  best=75.2
  [136704/150000] 91%  1543s  ETA 150s  best=75.2
  [137088/150000] 91%  1547s  ETA 146s  best=75.2
  [137472/150000] 92%  1551s  ETA 141s  best=75.2
  [137856/150000] 92%  1556s  ETA 137s  best=75.2
  [138240/150000] 92%  1560s  ETA 133s  best=75.2
  [138624/150000] 92%  1564s  ETA 128s  best=75.2
  [139008/150000] 93%  1568s  ETA 124s  best=75.2
  [139392/150000] 93%  1573s  ETA 120s  best=75.2
  [139776/150000] 93%  1577s  ETA 115s  best=75.2
  [140160/150000] 93%  1581s  ETA 111s  best=75.2
  [140544/150000] 94%  1586s  ETA 107s  best=75.2
  [140928/150000] 94%  1590s  ETA 102s  best=75.2
  [141312/150000] 94%  1594s  ETA 98s  best=75.2
  [141696/150000] 94%  1599s  ETA 94s  best=75.2
  [142080/150000] 95%  1603s  ETA 89s  best=75.2
  [142464/150000] 95%  1607s  ETA 85s  best=75.2
  [142848/150000] 95%  1612s  ETA 81s  best=75.2
  [143232/150000] 95%  1616s  ETA 76s  best=75.2
  [143616/150000] 96%  1620s  ETA 72s  best=75.2
  [144000/150000] 96%  1624s  ETA 68s  best=75.2
  [144384/150000] 96%  1628s  ETA 63s  best=75.2
  [144768/150000] 97%  1633s  ETA 59s  best=75.2
  [145152/150000] 97%  1637s  ETA 55s  best=75.2
  [145536/150000] 97%  1641s  ETA 50s  best=75.2
  [145920/150000] 97%  1646s  ETA 46s  best=75.2
  [146304/150000] 98%  1650s  ETA 42s  best=75.2
  [146688/150000] 98%  1654s  ETA 37s  best=75.2
  [147072/150000] 98%  1658s  ETA 33s  best=75.2
  [147456/150000] 98%  1663s  ETA 29s  best=75.2
  [147840/150000] 99%  1667s  ETA 24s  best=75.2
  [148224/150000] 99%  1671s  ETA 20s  best=75.2
  [148608/150000] 99%  1676s  ETA 16s  best=75.2
  [148992/150000] 99%  1680s  ETA 11s  best=75.2
  [149376/150000] 100%  1684s  ETA 7s  best=75.2
  [149760/150000] 100%  1688s  ETA 3s  best=75.2
  [150000/150000] 100%  1692s  ETA 0s  best=75.2

Deep eval top 10 (500 MC)...
  [1/10] avg=90.4  seeds=['90.6', '92.0', '90.3', '91.3', '88.0']
  [2/10] avg=90.9  seeds=['91.4', '91.6', '91.0', '91.9', '88.6']
  [3/10] avg=90.1  seeds=['90.8', '91.5', '90.2', '90.8', '87.3']
  [4/10] avg=90.0  seeds=['90.3', '91.4', '90.5', '90.4', '87.4']
  [5/10] avg=89.9  seeds=['90.2', '91.5', '90.2', '90.6', '87.2']
  [6/10] avg=89.6  seeds=['90.0', '91.3', '89.4', '90.6', '86.8']
  [7/10] avg=89.5  seeds=['89.7', '91.0', '89.6', '90.4', '86.6']
  [8/10] avg=88.8  seeds=['89.1', '90.7', '88.8', '89.8', '85.5']
  [9/10] avg=89.3  seeds=['89.7', '90.6', '89.4', '90.0', '87.0']
  [10/10] avg=89.4  seeds=['89.8', '90.6', '89.6', '90.1', '86.6']

R21 BEST: 90.9
  death_base_rate=0.02
  death_food_factor=0.06
  food_base_regen=0.12
  food_competition=0.05
  food_forest_bonus=0.01
  food_pop_drain=0.1
  pop_growth_rate=0.1
  port_prob=0.12
  port_survival_bonus=0.01
  spawn_pop_threshold=0.3
  spawn_prob=0.08
R21: NEW BEST 90.9 (was 0.0)

Results saved to replay_cache/per_round_params.json
