CPUs: 192
Tuning rounds (3x grid): [16, 11, 17]

============================================================
R16: settle_rate=0.076, 5 seeds
============================================================
150000 combos x 5 seeds x 30 MC (coarse)
  [   384/150000] 0%  10s  ETA 3994s  best=73.1
  [   768/150000] 1%  18s  ETA 3422s  best=73.1
  [  1152/150000] 1%  24s  ETA 3136s  best=73.1
  [  1536/150000] 1%  30s  ETA 2879s  best=73.1
  [  1920/150000] 1%  35s  ETA 2685s  best=73.1
  [  2304/150000] 2%  40s  ETA 2555s  best=73.4
  [  2688/150000] 2%  45s  ETA 2452s  best=73.5
  [  3072/150000] 2%  50s  ETA 2371s  best=73.5
  [  3456/150000] 2%  54s  ETA 2306s  best=73.5
  [  3840/150000] 3%  59s  ETA 2247s  best=73.5
  [  4224/150000] 3%  64s  ETA 2194s  best=73.5
  [  4608/150000] 3%  68s  ETA 2156s  best=73.5
  [  4992/150000] 3%  73s  ETA 2119s  best=73.5
  [  5376/150000] 4%  78s  ETA 2085s  best=73.5
  [  5760/150000] 4%  82s  ETA 2053s  best=73.5
  [  6144/150000] 4%  87s  ETA 2027s  best=73.7
  [  6528/150000] 4%  91s  ETA 2004s  best=73.7
  [  6912/150000] 5%  96s  ETA 1981s  best=73.7
  [  7296/150000] 5%  100s  ETA 1958s  best=73.7
  [  7680/150000] 5%  105s  ETA 1937s  best=73.7
  [  8064/150000] 5%  109s  ETA 1917s  best=73.8
  [  8448/150000] 6%  113s  ETA 1900s  best=73.8
  [  8832/150000] 6%  118s  ETA 1885s  best=73.8
  [  9216/150000] 6%  122s  ETA 1868s  best=73.8
  [  9600/150000] 6%  127s  ETA 1854s  best=73.8
  [  9984/150000] 7%  131s  ETA 1839s  best=73.8
  [ 10368/150000] 7%  136s  ETA 1829s  best=73.8
  [ 10752/150000] 7%  140s  ETA 1816s  best=73.8
  [ 11136/150000] 7%  145s  ETA 1803s  best=73.8
  [ 11520/150000] 8%  149s  ETA 1791s  best=73.8
  [ 11904/150000] 8%  154s  ETA 1781s  best=73.8
  [ 12288/150000] 8%  158s  ETA 1771s  best=73.8
  [ 12672/150000] 8%  162s  ETA 1760s  best=73.8
  [ 13056/150000] 9%  167s  ETA 1749s  best=73.8
  [ 13440/150000] 9%  171s  ETA 1739s  best=73.8
  [ 13824/150000] 9%  176s  ETA 1731s  best=73.8
  [ 14208/150000] 9%  180s  ETA 1721s  best=73.8
  [ 14592/150000] 10%  185s  ETA 1713s  best=73.8
  [ 14976/150000] 10%  189s  ETA 1706s  best=73.8
  [ 15360/150000] 10%  194s  ETA 1697s  best=73.8
  [ 15744/150000] 10%  198s  ETA 1689s  best=73.8
  [ 16128/150000] 11%  202s  ETA 1680s  best=73.8
  [ 16512/150000] 11%  207s  ETA 1673s  best=73.8
  [ 16896/150000] 11%  211s  ETA 1665s  best=73.8
  [ 17280/150000] 12%  216s  ETA 1658s  best=73.8
  [ 17664/150000] 12%  220s  ETA 1652s  best=73.8
  [ 18048/150000] 12%  225s  ETA 1645s  best=73.8
  [ 18432/150000] 12%  229s  ETA 1636s  best=73.8
  [ 18816/150000] 13%  234s  ETA 1629s  best=73.8
  [ 19200/150000] 13%  238s  ETA 1622s  best=73.8
  [ 19584/150000] 13%  242s  ETA 1615s  best=73.8
  [ 19968/150000] 13%  247s  ETA 1608s  best=73.8
  [ 20352/150000] 14%  251s  ETA 1601s  best=73.8
  [ 20736/150000] 14%  256s  ETA 1594s  best=73.8
  [ 21120/150000] 14%  260s  ETA 1588s  best=73.8
  [ 21504/150000] 14%  264s  ETA 1580s  best=73.9
  [ 21888/150000] 15%  269s  ETA 1575s  best=73.9
  [ 22272/150000] 15%  274s  ETA 1569s  best=73.9
  [ 22656/150000] 15%  278s  ETA 1563s  best=73.9
  [ 23040/150000] 15%  282s  ETA 1556s  best=73.9
  [ 23424/150000] 16%  287s  ETA 1551s  best=73.9
  [ 23808/150000] 16%  291s  ETA 1544s  best=73.9
  [ 24192/150000] 16%  296s  ETA 1538s  best=74.1
  [ 24576/150000] 16%  300s  ETA 1533s  best=74.1
  [ 24960/150000] 17%  305s  ETA 1526s  best=74.1
  [ 25344/150000] 17%  309s  ETA 1521s  best=74.1
  [ 25728/150000] 17%  313s  ETA 1514s  best=74.1
  [ 26112/150000] 17%  318s  ETA 1508s  best=74.1
  [ 26496/150000] 18%  322s  ETA 1502s  best=74.1
  [ 26880/150000] 18%  327s  ETA 1496s  best=74.1
  [ 27264/150000] 18%  331s  ETA 1491s  best=74.1
  [ 27648/150000] 18%  335s  ETA 1484s  best=74.1
  [ 28032/150000] 19%  340s  ETA 1480s  best=74.1
  [ 28416/150000] 19%  344s  ETA 1474s  best=74.1
  [ 28800/150000] 19%  349s  ETA 1468s  best=74.1
  [ 29184/150000] 19%  353s  ETA 1463s  best=74.1
  [ 29568/150000] 20%  358s  ETA 1458s  best=74.1
  [ 29952/150000] 20%  362s  ETA 1452s  best=74.1
  [ 30336/150000] 20%  367s  ETA 1446s  best=74.1
  [ 30720/150000] 20%  371s  ETA 1440s  best=74.1
  [ 31104/150000] 21%  375s  ETA 1435s  best=74.1
  [ 31488/150000] 21%  380s  ETA 1430s  best=74.1
  [ 31872/150000] 21%  384s  ETA 1424s  best=74.1
  [ 32256/150000] 22%  389s  ETA 1420s  best=74.1
  [ 32640/150000] 22%  393s  ETA 1414s  best=74.1
  [ 33024/150000] 22%  398s  ETA 1409s  best=74.1
  [ 33408/150000] 22%  402s  ETA 1404s  best=74.1
  [ 33792/150000] 23%  407s  ETA 1399s  best=74.1
  [ 34176/150000] 23%  411s  ETA 1393s  best=74.1
  [ 34560/150000] 23%  416s  ETA 1389s  best=74.1
  [ 34944/150000] 23%  420s  ETA 1383s  best=74.1
  [ 35328/150000] 24%  424s  ETA 1377s  best=74.1
  [ 35712/150000] 24%  429s  ETA 1372s  best=74.1
  [ 36096/150000] 24%  433s  ETA 1367s  best=74.1
  [ 36480/150000] 24%  438s  ETA 1362s  best=74.1
  [ 36864/150000] 25%  442s  ETA 1357s  best=74.1
  [ 37248/150000] 25%  446s  ETA 1351s  best=74.1
  [ 37632/150000] 25%  451s  ETA 1347s  best=74.1
  [ 38016/150000] 25%  455s  ETA 1341s  best=74.1
  [ 38400/150000] 26%  460s  ETA 1337s  best=74.1
  [ 38784/150000] 26%  464s  ETA 1332s  best=74.1
  [ 39168/150000] 26%  469s  ETA 1327s  best=74.1
  [ 39552/150000] 26%  473s  ETA 1322s  best=74.1
  [ 39936/150000] 27%  478s  ETA 1317s  best=74.1
  [ 40320/150000] 27%  482s  ETA 1312s  best=74.1
  [ 40704/150000] 27%  487s  ETA 1307s  best=74.1
  [ 41088/150000] 27%  491s  ETA 1302s  best=74.1
  [ 41472/150000] 28%  496s  ETA 1297s  best=74.1
  [ 41856/150000] 28%  500s  ETA 1292s  best=74.1
  [ 42240/150000] 28%  505s  ETA 1288s  best=74.1
  [ 42624/150000] 28%  509s  ETA 1283s  best=74.1
  [ 43008/150000] 29%  514s  ETA 1278s  best=74.1
  [ 43392/150000] 29%  518s  ETA 1273s  best=74.1
  [ 43776/150000] 29%  523s  ETA 1268s  best=74.1
  [ 44160/150000] 29%  527s  ETA 1263s  best=74.1
  [ 44544/150000] 30%  532s  ETA 1258s  best=74.1
  [ 44928/150000] 30%  536s  ETA 1254s  best=74.1
  [ 45312/150000] 30%  540s  ETA 1248s  best=74.1
  [ 45696/150000] 30%  545s  ETA 1243s  best=74.1
  [ 46080/150000] 31%  549s  ETA 1239s  best=74.1
  [ 46464/150000] 31%  554s  ETA 1234s  best=74.1
  [ 46848/150000] 31%  558s  ETA 1229s  best=74.1
  [ 47232/150000] 31%  563s  ETA 1224s  best=74.1
  [ 47616/150000] 32%  567s  ETA 1219s  best=74.1
  [ 48000/150000] 32%  571s  ETA 1214s  best=74.1
  [ 48384/150000] 32%  576s  ETA 1209s  best=74.1
  [ 48768/150000] 33%  580s  ETA 1205s  best=74.1
  [ 49152/150000] 33%  585s  ETA 1200s  best=74.1
  [ 49536/150000] 33%  589s  ETA 1195s  best=74.1
  [ 49920/150000] 33%  594s  ETA 1190s  best=74.1
  [ 50304/150000] 34%  598s  ETA 1185s  best=74.1
  [ 50688/150000] 34%  603s  ETA 1181s  best=74.1
  [ 51072/150000] 34%  607s  ETA 1176s  best=74.1
  [ 51456/150000] 34%  611s  ETA 1171s  best=74.1
  [ 51840/150000] 35%  616s  ETA 1166s  best=74.1
  [ 52224/150000] 35%  620s  ETA 1162s  best=74.1
  [ 52608/150000] 35%  625s  ETA 1157s  best=74.1
  [ 52992/150000] 35%  629s  ETA 1152s  best=74.1
  [ 53376/150000] 36%  634s  ETA 1148s  best=74.1
  [ 53760/150000] 36%  639s  ETA 1143s  best=74.1
  [ 54144/150000] 36%  643s  ETA 1138s  best=74.1
  [ 54528/150000] 36%  647s  ETA 1133s  best=74.1
  [ 54912/150000] 37%  652s  ETA 1129s  best=74.1
  [ 55296/150000] 37%  656s  ETA 1124s  best=74.1
  [ 55680/150000] 37%  661s  ETA 1119s  best=74.1
  [ 56064/150000] 37%  665s  ETA 1115s  best=74.1
  [ 56448/150000] 38%  670s  ETA 1110s  best=74.1
  [ 56832/150000] 38%  674s  ETA 1105s  best=74.1
  [ 57216/150000] 38%  678s  ETA 1100s  best=74.1
  [ 57600/150000] 38%  683s  ETA 1096s  best=74.1
  [ 57984/150000] 39%  688s  ETA 1091s  best=74.1
  [ 58368/150000] 39%  692s  ETA 1086s  best=74.1
  [ 58752/150000] 39%  696s  ETA 1082s  best=74.1
  [ 59136/150000] 39%  701s  ETA 1077s  best=74.1
  [ 59520/150000] 40%  705s  ETA 1072s  best=74.1
  [ 59904/150000] 40%  709s  ETA 1067s  best=74.1
  [ 60288/150000] 40%  714s  ETA 1062s  best=74.1
  [ 60672/150000] 40%  718s  ETA 1058s  best=74.1
  [ 61056/150000] 41%  723s  ETA 1053s  best=74.1
  [ 61440/150000] 41%  727s  ETA 1048s  best=74.1
  [ 61824/150000] 41%  732s  ETA 1043s  best=74.1
  [ 62208/150000] 41%  736s  ETA 1039s  best=74.1
  [ 62592/150000] 42%  741s  ETA 1034s  best=74.1
  [ 62976/150000] 42%  745s  ETA 1030s  best=74.1
  [ 63360/150000] 42%  750s  ETA 1025s  best=74.1
  [ 63744/150000] 42%  754s  ETA 1020s  best=74.1
  [ 64128/150000] 43%  758s  ETA 1016s  best=74.1
  [ 64512/150000] 43%  763s  ETA 1011s  best=74.1
  [ 64896/150000] 43%  767s  ETA 1006s  best=74.1
  [ 65280/150000] 44%  772s  ETA 1002s  best=74.1
  [ 65664/150000] 44%  776s  ETA 997s  best=74.1
  [ 66048/150000] 44%  781s  ETA 992s  best=74.1
  [ 66432/150000] 44%  785s  ETA 988s  best=74.1
  [ 66816/150000] 45%  790s  ETA 983s  best=74.1
  [ 67200/150000] 45%  794s  ETA 979s  best=74.1
  [ 67584/150000] 45%  798s  ETA 974s  best=74.1
  [ 67968/150000] 45%  803s  ETA 969s  best=74.1
  [ 68352/150000] 46%  807s  ETA 964s  best=74.1
  [ 68736/150000] 46%  812s  ETA 960s  best=74.1
  [ 69120/150000] 46%  816s  ETA 955s  best=74.1
  [ 69504/150000] 46%  821s  ETA 950s  best=74.1
  [ 69888/150000] 47%  825s  ETA 946s  best=74.1
  [ 70272/150000] 47%  829s  ETA 941s  best=74.1
  [ 70656/150000] 47%  834s  ETA 936s  best=74.1
  [ 71040/150000] 47%  838s  ETA 932s  best=74.1
  [ 71424/150000] 48%  842s  ETA 927s  best=74.1
  [ 71808/150000] 48%  847s  ETA 922s  best=74.1
  [ 72192/150000] 48%  852s  ETA 918s  best=74.1
  [ 72576/150000] 48%  856s  ETA 913s  best=74.1
  [ 72960/150000] 49%  861s  ETA 909s  best=74.1
  [ 73344/150000] 49%  865s  ETA 904s  best=74.1
  [ 73728/150000] 49%  870s  ETA 900s  best=74.1
  [ 74112/150000] 49%  874s  ETA 895s  best=74.1
  [ 74496/150000] 50%  879s  ETA 890s  best=74.1
  [ 74880/150000] 50%  883s  ETA 886s  best=74.1
  [ 75264/150000] 50%  887s  ETA 881s  best=74.1
  [ 75648/150000] 50%  892s  ETA 876s  best=74.1
  [ 76032/150000] 51%  896s  ETA 872s  best=74.1
  [ 76416/150000] 51%  901s  ETA 867s  best=74.1
  [ 76800/150000] 51%  905s  ETA 863s  best=74.1
  [ 77184/150000] 51%  910s  ETA 858s  best=74.1
  [ 77568/150000] 52%  914s  ETA 854s  best=74.1
  [ 77952/150000] 52%  919s  ETA 849s  best=74.1
  [ 78336/150000] 52%  923s  ETA 844s  best=74.1
  [ 78720/150000] 52%  927s  ETA 840s  best=74.1
  [ 79104/150000] 53%  932s  ETA 835s  best=74.1
  [ 79488/150000] 53%  936s  ETA 831s  best=74.1
  [ 79872/150000] 53%  941s  ETA 826s  best=74.1
  [ 80256/150000] 54%  945s  ETA 821s  best=74.1
  [ 80640/150000] 54%  950s  ETA 817s  best=74.1
  [ 81024/150000] 54%  954s  ETA 812s  best=74.1
  [ 81408/150000] 54%  958s  ETA 808s  best=74.1
  [ 81792/150000] 55%  963s  ETA 803s  best=74.1
  [ 82176/150000] 55%  967s  ETA 798s  best=74.1
  [ 82560/150000] 55%  972s  ETA 794s  best=74.1
  [ 82944/150000] 55%  976s  ETA 789s  best=74.1
  [ 83328/150000] 56%  981s  ETA 785s  best=74.1
  [ 83712/150000] 56%  985s  ETA 780s  best=74.1
  [ 84096/150000] 56%  989s  ETA 775s  best=74.1
  [ 84480/150000] 56%  994s  ETA 771s  best=74.1
  [ 84864/150000] 57%  998s  ETA 766s  best=74.1
  [ 85248/150000] 57%  1002s  ETA 761s  best=74.1
  [ 85632/150000] 57%  1007s  ETA 757s  best=74.1
  [ 86016/150000] 57%  1011s  ETA 752s  best=74.1
  [ 86400/150000] 58%  1016s  ETA 748s  best=74.1
  [ 86784/150000] 58%  1020s  ETA 743s  best=74.1
  [ 87168/150000] 58%  1024s  ETA 738s  best=74.1
  [ 87552/150000] 58%  1029s  ETA 734s  best=74.1
  [ 87936/150000] 59%  1033s  ETA 729s  best=74.1
  [ 88320/150000] 59%  1038s  ETA 725s  best=74.1
  [ 88704/150000] 59%  1042s  ETA 720s  best=74.1
  [ 89088/150000] 59%  1047s  ETA 716s  best=74.1
  [ 89472/150000] 60%  1051s  ETA 711s  best=74.1
  [ 89856/150000] 60%  1055s  ETA 706s  best=74.1
  [ 90240/150000] 60%  1060s  ETA 702s  best=74.1
  [ 90624/150000] 60%  1064s  ETA 697s  best=74.1
  [ 91008/150000] 61%  1069s  ETA 693s  best=74.1
  [ 91392/150000] 61%  1073s  ETA 688s  best=74.1
  [ 91776/150000] 61%  1078s  ETA 684s  best=74.1
  [ 92160/150000] 61%  1082s  ETA 679s  best=74.1
  [ 92544/150000] 62%  1086s  ETA 675s  best=74.1
  [ 92928/150000] 62%  1091s  ETA 670s  best=74.1
  [ 93312/150000] 62%  1095s  ETA 665s  best=74.1
  [ 93696/150000] 62%  1100s  ETA 661s  best=74.1
  [ 94080/150000] 63%  1104s  ETA 656s  best=74.1
  [ 94464/150000] 63%  1109s  ETA 652s  best=74.1
  [ 94848/150000] 63%  1113s  ETA 647s  best=74.1
  [ 95232/150000] 63%  1117s  ETA 643s  best=74.1
  [ 95616/150000] 64%  1122s  ETA 638s  best=74.1
  [ 96000/150000] 64%  1127s  ETA 634s  best=74.1
  [ 96384/150000] 64%  1131s  ETA 629s  best=74.1
  [ 96768/150000] 65%  1135s  ETA 625s  best=74.1
  [ 97152/150000] 65%  1140s  ETA 620s  best=74.1
  [ 97536/150000] 65%  1144s  ETA 615s  best=74.1
  [ 97920/150000] 65%  1148s  ETA 611s  best=74.1
  [ 98304/150000] 66%  1153s  ETA 606s  best=74.1
  [ 98688/150000] 66%  1157s  ETA 602s  best=74.1
  [ 99072/150000] 66%  1162s  ETA 597s  best=74.1
  [ 99456/150000] 66%  1166s  ETA 593s  best=74.1
  [ 99840/150000] 67%  1170s  ETA 588s  best=74.1
  [100224/150000] 67%  1175s  ETA 583s  best=74.1
  [100608/150000] 67%  1179s  ETA 579s  best=74.1
  [100992/150000] 67%  1184s  ETA 574s  best=74.1
  [101376/150000] 68%  1188s  ETA 570s  best=74.1
  [101760/150000] 68%  1192s  ETA 565s  best=74.1
  [102144/150000] 68%  1197s  ETA 561s  best=74.1
  [102528/150000] 68%  1201s  ETA 556s  best=74.1
  [102912/150000] 69%  1206s  ETA 552s  best=74.1
  [103296/150000] 69%  1210s  ETA 547s  best=74.1
  [103680/150000] 69%  1215s  ETA 543s  best=74.1
  [104064/150000] 69%  1219s  ETA 538s  best=74.1
  [104448/150000] 70%  1224s  ETA 534s  best=74.1
  [104832/150000] 70%  1228s  ETA 529s  best=74.1
  [105216/150000] 70%  1232s  ETA 525s  best=74.1
  [105600/150000] 70%  1237s  ETA 520s  best=74.1
  [105984/150000] 71%  1241s  ETA 516s  best=74.1
  [106368/150000] 71%  1246s  ETA 511s  best=74.1
  [106752/150000] 71%  1250s  ETA 506s  best=74.1
  [107136/150000] 71%  1255s  ETA 502s  best=74.1
  [107520/150000] 72%  1259s  ETA 497s  best=74.1
  [107904/150000] 72%  1264s  ETA 493s  best=74.1
  [108288/150000] 72%  1268s  ETA 488s  best=74.1
  [108672/150000] 72%  1272s  ETA 484s  best=74.1
  [109056/150000] 73%  1277s  ETA 479s  best=74.1
  [109440/150000] 73%  1281s  ETA 475s  best=74.1
  [109824/150000] 73%  1286s  ETA 470s  best=74.1
  [110208/150000] 73%  1290s  ETA 466s  best=74.1
  [110592/150000] 74%  1295s  ETA 461s  best=74.1
  [110976/150000] 74%  1299s  ETA 457s  best=74.1
  [111360/150000] 74%  1304s  ETA 452s  best=74.1
  [111744/150000] 74%  1308s  ETA 448s  best=74.1
  [112128/150000] 75%  1313s  ETA 443s  best=74.1
  [112512/150000] 75%  1317s  ETA 439s  best=74.1
  [112896/150000] 75%  1322s  ETA 434s  best=74.1
  [113280/150000] 76%  1326s  ETA 430s  best=74.1
  [113664/150000] 76%  1330s  ETA 425s  best=74.1
  [114048/150000] 76%  1335s  ETA 421s  best=74.1
  [114432/150000] 76%  1339s  ETA 416s  best=74.1
  [114816/150000] 77%  1344s  ETA 412s  best=74.1
  [115200/150000] 77%  1348s  ETA 407s  best=74.1
  [115584/150000] 77%  1353s  ETA 403s  best=74.1
  [115968/150000] 77%  1357s  ETA 398s  best=74.1
  [116352/150000] 78%  1361s  ETA 394s  best=74.1
  [116736/150000] 78%  1366s  ETA 389s  best=74.1
  [117120/150000] 78%  1370s  ETA 385s  best=74.1
  [117504/150000] 78%  1375s  ETA 380s  best=74.1
  [117888/150000] 79%  1379s  ETA 376s  best=74.1
  [118272/150000] 79%  1384s  ETA 371s  best=74.1
  [118656/150000] 79%  1388s  ETA 367s  best=74.1
  [119040/150000] 79%  1393s  ETA 362s  best=74.1
  [119424/150000] 80%  1397s  ETA 358s  best=74.1
  [119808/150000] 80%  1402s  ETA 353s  best=74.1
  [120192/150000] 80%  1406s  ETA 349s  best=74.1
  [120576/150000] 80%  1411s  ETA 344s  best=74.1
  [120960/150000] 81%  1415s  ETA 340s  best=74.1
  [121344/150000] 81%  1420s  ETA 335s  best=74.1
  [121728/150000] 81%  1424s  ETA 331s  best=74.1
  [122112/150000] 81%  1429s  ETA 326s  best=74.1
  [122496/150000] 82%  1433s  ETA 322s  best=74.1
  [122880/150000] 82%  1438s  ETA 317s  best=74.1
  [123264/150000] 82%  1442s  ETA 313s  best=74.1
  [123648/150000] 82%  1447s  ETA 308s  best=74.1
  [124032/150000] 83%  1451s  ETA 304s  best=74.1
  [124416/150000] 83%  1455s  ETA 299s  best=74.1
  [124800/150000] 83%  1460s  ETA 295s  best=74.1
  [125184/150000] 83%  1464s  ETA 290s  best=74.1
  [125568/150000] 84%  1469s  ETA 286s  best=74.1
  [125952/150000] 84%  1473s  ETA 281s  best=74.1
  [126336/150000] 84%  1478s  ETA 277s  best=74.1
  [126720/150000] 84%  1482s  ETA 272s  best=74.1
  [127104/150000] 85%  1487s  ETA 268s  best=74.1
  [127488/150000] 85%  1491s  ETA 263s  best=74.1
  [127872/150000] 85%  1495s  ETA 259s  best=74.1
  [128256/150000] 86%  1500s  ETA 254s  best=74.1
  [128640/150000] 86%  1504s  ETA 250s  best=74.1
  [129024/150000] 86%  1509s  ETA 245s  best=74.1
  [129408/150000] 86%  1513s  ETA 241s  best=74.1
  [129792/150000] 87%  1518s  ETA 236s  best=74.1
  [130176/150000] 87%  1522s  ETA 232s  best=74.1
  [130560/150000] 87%  1527s  ETA 227s  best=74.1
  [130944/150000] 87%  1531s  ETA 223s  best=74.1
  [131328/150000] 88%  1536s  ETA 218s  best=74.1
  [131712/150000] 88%  1540s  ETA 214s  best=74.1
  [132096/150000] 88%  1545s  ETA 209s  best=74.1
  [132480/150000] 88%  1549s  ETA 205s  best=74.1
  [132864/150000] 89%  1554s  ETA 200s  best=74.1
  [133248/150000] 89%  1558s  ETA 196s  best=74.1
  [133632/150000] 89%  1562s  ETA 191s  best=74.1
  [134016/150000] 89%  1567s  ETA 187s  best=74.1
  [134400/150000] 90%  1571s  ETA 182s  best=74.1
  [134784/150000] 90%  1576s  ETA 178s  best=74.1
  [135168/150000] 90%  1581s  ETA 173s  best=74.1
  [135552/150000] 90%  1585s  ETA 169s  best=74.1
  [135936/150000] 91%  1590s  ETA 164s  best=74.1
  [136320/150000] 91%  1594s  ETA 160s  best=74.1
  [136704/150000] 91%  1599s  ETA 155s  best=74.1
  [137088/150000] 91%  1603s  ETA 151s  best=74.1
  [137472/150000] 92%  1608s  ETA 146s  best=74.1
  [137856/150000] 92%  1612s  ETA 142s  best=74.1
  [138240/150000] 92%  1616s  ETA 138s  best=74.1
  [138624/150000] 92%  1621s  ETA 133s  best=74.1
  [139008/150000] 93%  1625s  ETA 129s  best=74.1
  [139392/150000] 93%  1630s  ETA 124s  best=74.1
  [139776/150000] 93%  1634s  ETA 120s  best=74.1
  [140160/150000] 93%  1639s  ETA 115s  best=74.1
  [140544/150000] 94%  1643s  ETA 111s  best=74.1
  [140928/150000] 94%  1648s  ETA 106s  best=74.1
  [141312/150000] 94%  1652s  ETA 102s  best=74.1
  [141696/150000] 94%  1657s  ETA 97s  best=74.1
  [142080/150000] 95%  1661s  ETA 93s  best=74.1
  [142464/150000] 95%  1666s  ETA 88s  best=74.1
  [142848/150000] 95%  1670s  ETA 84s  best=74.1
  [143232/150000] 95%  1675s  ETA 79s  best=74.1
  [143616/150000] 96%  1679s  ETA 75s  best=74.1
  [144000/150000] 96%  1683s  ETA 70s  best=74.1
  [144384/150000] 96%  1688s  ETA 66s  best=74.1
  [144768/150000] 97%  1692s  ETA 61s  best=74.1
  [145152/150000] 97%  1697s  ETA 57s  best=74.1
  [145536/150000] 97%  1701s  ETA 52s  best=74.1
  [145920/150000] 97%  1706s  ETA 48s  best=74.1
  [146304/150000] 98%  1710s  ETA 43s  best=74.1
  [146688/150000] 98%  1715s  ETA 39s  best=74.1
  [147072/150000] 98%  1719s  ETA 34s  best=74.1
  [147456/150000] 98%  1724s  ETA 30s  best=74.1
  [147840/150000] 99%  1728s  ETA 25s  best=74.1
  [148224/150000] 99%  1733s  ETA 21s  best=74.1
  [148608/150000] 99%  1738s  ETA 16s  best=74.1
  [148992/150000] 99%  1742s  ETA 12s  best=74.1
  [149376/150000] 100%  1747s  ETA 7s  best=74.1
  [149760/150000] 100%  1751s  ETA 3s  best=74.1
  [150000/150000] 100%  1755s  ETA 0s  best=74.1

Deep eval top 10 (500 MC)...
  [1/10] avg=88.7  seeds=['86.5', '88.8', '89.8', '88.3', '90.2']
  [2/10] avg=88.6  seeds=['86.4', '89.4', '89.5', '87.4', '90.5']
  [3/10] avg=88.0  seeds=['85.5', '89.1', '89.2', '86.6', '89.9']
  [4/10] avg=87.7  seeds=['85.6', '87.9', '88.7', '86.9', '89.4']
  [5/10] avg=87.7  seeds=['85.1', '88.7', '88.5', '86.0', '90.2']
  [6/10] avg=88.3  seeds=['86.1', '88.7', '89.0', '87.4', '90.5']
  [7/10] avg=87.7  seeds=['85.2', '88.7', '88.4', '86.0', '90.0']
  [8/10] avg=88.0  seeds=['85.8', '88.1', '88.7', '87.1', '90.2']
  [9/10] avg=87.6  seeds=['85.6', '88.0', '88.7', '86.6', '89.2']
  [10/10] avg=86.4  seeds=['84.3', '86.8', '87.3', '85.0', '88.5']

R16 BEST: 88.7
  death_base_rate=0.003
  death_food_factor=0.06
  food_base_regen=0.15
  food_competition=0.04
  food_forest_bonus=0.02
  food_pop_drain=0.08
  pop_growth_rate=0.06
  port_prob=0.12
  port_survival_bonus=0.01
  spawn_pop_threshold=0.7
  spawn_prob=0.12
R16: NEW BEST 88.7 (was 84.0)

============================================================
R11: settle_rate=0.250, 5 seeds
============================================================
150000 combos x 5 seeds x 30 MC (coarse)
  [   384/150000] 0%  9s  ETA 3409s  best=71.7
  [   768/150000] 1%  15s  ETA 2903s  best=71.9
  [  1152/150000] 1%  21s  ETA 2746s  best=71.9
  [  1536/150000] 1%  27s  ETA 2653s  best=71.9
  [  1920/150000] 1%  33s  ETA 2580s  best=72.2
  [  2304/150000] 2%  40s  ETA 2538s  best=72.2
  [  2688/150000] 2%  46s  ETA 2496s  best=72.2
  [  3072/150000] 2%  51s  ETA 2458s  best=72.2
  [  3456/150000] 2%  57s  ETA 2427s  best=72.2
  [  3840/150000] 3%  63s  ETA 2402s  best=72.2
  [  4224/150000] 3%  69s  ETA 2378s  best=72.2
  [  4608/150000] 3%  75s  ETA 2363s  best=72.2
  [  4992/150000] 3%  81s  ETA 2343s  best=72.2
  [  5376/150000] 4%  86s  ETA 2320s  best=72.2
  [  5760/150000] 4%  92s  ETA 2300s  best=72.2
  [  6144/150000] 4%  97s  ETA 2282s  best=72.2
  [  6528/150000] 4%  103s  ETA 2265s  best=72.2
  [  6912/150000] 5%  109s  ETA 2246s  best=72.2
  [  7296/150000] 5%  114s  ETA 2230s  best=72.2
  [  7680/150000] 5%  120s  ETA 2221s  best=72.2
  [  8064/150000] 5%  125s  ETA 2203s  best=72.2
  [  8448/150000] 6%  130s  ETA 2187s  best=72.2
  [  8832/150000] 6%  136s  ETA 2175s  best=72.2
  [  9216/150000] 6%  142s  ETA 2162s  best=72.2
  [  9600/150000] 6%  147s  ETA 2154s  best=72.2
  [  9984/150000] 7%  153s  ETA 2143s  best=72.2
  [ 10368/150000] 7%  159s  ETA 2135s  best=72.2
  [ 10752/150000] 7%  164s  ETA 2125s  best=72.2
  [ 11136/150000] 7%  170s  ETA 2116s  best=72.2
  [ 11520/150000] 8%  175s  ETA 2107s  best=72.2
  [ 11904/150000] 8%  181s  ETA 2097s  best=72.2
  [ 12288/150000] 8%  186s  ETA 2089s  best=72.2
  [ 12672/150000] 8%  192s  ETA 2079s  best=72.2
  [ 13056/150000] 9%  197s  ETA 2069s  best=72.2
  [ 13440/150000] 9%  203s  ETA 2060s  best=72.2
  [ 13824/150000] 9%  208s  ETA 2052s  best=72.2
  [ 14208/150000] 9%  214s  ETA 2044s  best=72.2
  [ 14592/150000] 10%  220s  ETA 2037s  best=72.2
  [ 14976/150000] 10%  225s  ETA 2028s  best=72.2
  [ 15360/150000] 10%  230s  ETA 2020s  best=72.2
  [ 15744/150000] 10%  236s  ETA 2011s  best=72.2
  [ 16128/150000] 11%  241s  ETA 2004s  best=72.2
  [ 16512/150000] 11%  247s  ETA 1996s  best=72.2
  [ 16896/150000] 11%  253s  ETA 1989s  best=72.2
  [ 17280/150000] 12%  258s  ETA 1982s  best=72.2
  [ 17664/150000] 12%  263s  ETA 1974s  best=72.2
  [ 18048/150000] 12%  269s  ETA 1966s  best=72.2
  [ 18432/150000] 12%  274s  ETA 1957s  best=72.2
  [ 18816/150000] 13%  280s  ETA 1950s  best=72.2
  [ 19200/150000] 13%  285s  ETA 1943s  best=72.2
  [ 19584/150000] 13%  290s  ETA 1934s  best=72.2
  [ 19968/150000] 13%  296s  ETA 1928s  best=72.2
  [ 20352/150000] 14%  301s  ETA 1920s  best=72.2
  [ 20736/150000] 14%  307s  ETA 1913s  best=72.2
  [ 21120/150000] 14%  312s  ETA 1905s  best=72.2
  [ 21504/150000] 14%  318s  ETA 1899s  best=72.2
  [ 21888/150000] 15%  323s  ETA 1891s  best=72.2
  [ 22272/150000] 15%  329s  ETA 1886s  best=72.2
  [ 22656/150000] 15%  334s  ETA 1878s  best=72.2
  [ 23040/150000] 15%  340s  ETA 1872s  best=72.2
  [ 23424/150000] 16%  345s  ETA 1866s  best=72.2
  [ 23808/150000] 16%  351s  ETA 1858s  best=72.2
  [ 24192/150000] 16%  356s  ETA 1852s  best=72.2
  [ 24576/150000] 16%  361s  ETA 1845s  best=72.2
  [ 24960/150000] 17%  367s  ETA 1838s  best=72.2
  [ 25344/150000] 17%  372s  ETA 1832s  best=72.2
  [ 25728/150000] 17%  378s  ETA 1825s  best=72.2
  [ 26112/150000] 17%  383s  ETA 1818s  best=72.2
  [ 26496/150000] 18%  389s  ETA 1812s  best=72.2
  [ 26880/150000] 18%  394s  ETA 1806s  best=72.2
  [ 27264/150000] 18%  400s  ETA 1800s  best=72.2
  [ 27648/150000] 18%  405s  ETA 1794s  best=72.2
  [ 28032/150000] 19%  411s  ETA 1788s  best=72.2
  [ 28416/150000] 19%  416s  ETA 1782s  best=72.2
  [ 28800/150000] 19%  422s  ETA 1775s  best=72.2
  [ 29184/150000] 19%  427s  ETA 1769s  best=72.2
  [ 29568/150000] 20%  433s  ETA 1762s  best=72.2
  [ 29952/150000] 20%  438s  ETA 1756s  best=72.2
  [ 30336/150000] 20%  444s  ETA 1750s  best=72.2
  [ 30720/150000] 20%  449s  ETA 1743s  best=72.2
  [ 31104/150000] 21%  454s  ETA 1736s  best=72.2
  [ 31488/150000] 21%  460s  ETA 1731s  best=72.2
  [ 31872/150000] 21%  465s  ETA 1725s  best=72.2
  [ 32256/150000] 22%  471s  ETA 1719s  best=72.2
  [ 32640/150000] 22%  476s  ETA 1713s  best=72.2
  [ 33024/150000] 22%  482s  ETA 1707s  best=72.2
  [ 33408/150000] 22%  487s  ETA 1701s  best=72.2
  [ 33792/150000] 23%  493s  ETA 1696s  best=72.2
  [ 34176/150000] 23%  499s  ETA 1690s  best=72.2
  [ 34560/150000] 23%  504s  ETA 1683s  best=72.2
  [ 34944/150000] 23%  509s  ETA 1677s  best=72.2
  [ 35328/150000] 24%  515s  ETA 1672s  best=72.2
  [ 35712/150000] 24%  520s  ETA 1666s  best=72.2
  [ 36096/150000] 24%  526s  ETA 1660s  best=72.2
  [ 36480/150000] 24%  531s  ETA 1653s  best=72.2
  [ 36864/150000] 25%  537s  ETA 1647s  best=72.2
  [ 37248/150000] 25%  542s  ETA 1642s  best=72.2
  [ 37632/150000] 25%  548s  ETA 1635s  best=72.2
  [ 38016/150000] 25%  553s  ETA 1629s  best=72.2
  [ 38400/150000] 26%  559s  ETA 1623s  best=72.2
  [ 38784/150000] 26%  564s  ETA 1617s  best=72.2
  [ 39168/150000] 26%  569s  ETA 1610s  best=72.2
  [ 39552/150000] 26%  575s  ETA 1604s  best=72.2
  [ 39936/150000] 27%  580s  ETA 1598s  best=72.2
  [ 40320/150000] 27%  585s  ETA 1592s  best=72.2
  [ 40704/150000] 27%  591s  ETA 1586s  best=72.2
  [ 41088/150000] 27%  596s  ETA 1580s  best=72.2
  [ 41472/150000] 28%  602s  ETA 1575s  best=72.2
  [ 41856/150000] 28%  607s  ETA 1569s  best=72.2
  [ 42240/150000] 28%  613s  ETA 1563s  best=72.2
  [ 42624/150000] 28%  618s  ETA 1558s  best=72.2
  [ 43008/150000] 29%  624s  ETA 1552s  best=72.2
  [ 43392/150000] 29%  629s  ETA 1546s  best=72.2
  [ 43776/150000] 29%  635s  ETA 1540s  best=72.2
  [ 44160/150000] 29%  640s  ETA 1534s  best=72.2
  [ 44544/150000] 30%  646s  ETA 1529s  best=72.2
  [ 44928/150000] 30%  651s  ETA 1523s  best=72.2
  [ 45312/150000] 30%  657s  ETA 1517s  best=72.2
  [ 45696/150000] 30%  662s  ETA 1511s  best=72.2
  [ 46080/150000] 31%  667s  ETA 1505s  best=72.2
  [ 46464/150000] 31%  673s  ETA 1500s  best=72.2
  [ 46848/150000] 31%  678s  ETA 1493s  best=72.2
  [ 47232/150000] 31%  684s  ETA 1488s  best=72.2
  [ 47616/150000] 32%  689s  ETA 1482s  best=72.2
  [ 48000/150000] 32%  694s  ETA 1476s  best=72.2
  [ 48384/150000] 32%  700s  ETA 1470s  best=72.2
  [ 48768/150000] 33%  705s  ETA 1464s  best=72.2
  [ 49152/150000] 33%  711s  ETA 1458s  best=72.2
  [ 49536/150000] 33%  716s  ETA 1452s  best=72.2
  [ 49920/150000] 33%  722s  ETA 1447s  best=72.2
  [ 50304/150000] 34%  727s  ETA 1441s  best=72.2
  [ 50688/150000] 34%  733s  ETA 1435s  best=72.2
  [ 51072/150000] 34%  738s  ETA 1430s  best=72.2
  [ 51456/150000] 34%  744s  ETA 1424s  best=72.2
  [ 51840/150000] 35%  749s  ETA 1418s  best=72.2
  [ 52224/150000] 35%  754s  ETA 1412s  best=72.2
  [ 52608/150000] 35%  760s  ETA 1407s  best=72.2
  [ 52992/150000] 35%  765s  ETA 1401s  best=72.2
  [ 53376/150000] 36%  771s  ETA 1396s  best=72.2
  [ 53760/150000] 36%  777s  ETA 1390s  best=72.2
  [ 54144/150000] 36%  782s  ETA 1385s  best=72.2
  [ 54528/150000] 36%  788s  ETA 1379s  best=72.2
  [ 54912/150000] 37%  793s  ETA 1374s  best=72.2
  [ 55296/150000] 37%  799s  ETA 1368s  best=72.2
  [ 55680/150000] 37%  804s  ETA 1362s  best=72.2
  [ 56064/150000] 37%  809s  ETA 1356s  best=72.2
  [ 56448/150000] 38%  815s  ETA 1350s  best=72.2
  [ 56832/150000] 38%  820s  ETA 1344s  best=72.2
  [ 57216/150000] 38%  826s  ETA 1339s  best=72.2
  [ 57600/150000] 38%  831s  ETA 1333s  best=72.2
  [ 57984/150000] 39%  837s  ETA 1328s  best=72.2
  [ 58368/150000] 39%  842s  ETA 1322s  best=72.2
  [ 58752/150000] 39%  848s  ETA 1317s  best=72.2
  [ 59136/150000] 39%  853s  ETA 1311s  best=72.2
  [ 59520/150000] 40%  859s  ETA 1305s  best=72.2
  [ 59904/150000] 40%  864s  ETA 1299s  best=72.2
  [ 60288/150000] 40%  870s  ETA 1294s  best=72.2
  [ 60672/150000] 40%  875s  ETA 1288s  best=72.2
  [ 61056/150000] 41%  881s  ETA 1283s  best=72.2
  [ 61440/150000] 41%  886s  ETA 1277s  best=72.2
  [ 61824/150000] 41%  892s  ETA 1272s  best=72.2
  [ 62208/150000] 41%  897s  ETA 1266s  best=72.2
  [ 62592/150000] 42%  902s  ETA 1260s  best=72.2
  [ 62976/150000] 42%  908s  ETA 1255s  best=72.2
  [ 63360/150000] 42%  913s  ETA 1249s  best=72.2
  [ 63744/150000] 42%  918s  ETA 1243s  best=72.2
  [ 64128/150000] 43%  924s  ETA 1237s  best=72.2
  [ 64512/150000] 43%  929s  ETA 1231s  best=72.2
  [ 64896/150000] 43%  935s  ETA 1226s  best=72.2
  [ 65280/150000] 44%  940s  ETA 1220s  best=72.2
  [ 65664/150000] 44%  946s  ETA 1214s  best=72.2
  [ 66048/150000] 44%  951s  ETA 1209s  best=72.2
  [ 66432/150000] 44%  957s  ETA 1203s  best=72.2
  [ 66816/150000] 45%  962s  ETA 1197s  best=72.2
  [ 67200/150000] 45%  967s  ETA 1192s  best=72.2
  [ 67584/150000] 45%  972s  ETA 1186s  best=72.2
  [ 67968/150000] 45%  978s  ETA 1180s  best=72.2
  [ 68352/150000] 46%  983s  ETA 1175s  best=72.2
  [ 68736/150000] 46%  989s  ETA 1169s  best=72.2
  [ 69120/150000] 46%  994s  ETA 1163s  best=72.2
  [ 69504/150000] 46%  1000s  ETA 1158s  best=72.2
  [ 69888/150000] 47%  1005s  ETA 1152s  best=72.2
  [ 70272/150000] 47%  1011s  ETA 1146s  best=72.2
  [ 70656/150000] 47%  1016s  ETA 1141s  best=72.2
  [ 71040/150000] 47%  1022s  ETA 1135s  best=72.2
  [ 71424/150000] 48%  1027s  ETA 1130s  best=72.2
  [ 71808/150000] 48%  1032s  ETA 1124s  best=72.2
  [ 72192/150000] 48%  1038s  ETA 1119s  best=72.2
  [ 72576/150000] 48%  1043s  ETA 1113s  best=72.2
  [ 72960/150000] 49%  1049s  ETA 1107s  best=72.2
  [ 73344/150000] 49%  1054s  ETA 1102s  best=72.2
  [ 73728/150000] 49%  1060s  ETA 1096s  best=72.2
  [ 74112/150000] 49%  1065s  ETA 1091s  best=72.2
  [ 74496/150000] 50%  1071s  ETA 1085s  best=72.2
  [ 74880/150000] 50%  1076s  ETA 1080s  best=72.2
  [ 75264/150000] 50%  1082s  ETA 1074s  best=72.2
  [ 75648/150000] 50%  1087s  ETA 1069s  best=72.2
  [ 76032/150000] 51%  1093s  ETA 1063s  best=72.2
  [ 76416/150000] 51%  1098s  ETA 1057s  best=72.2
  [ 76800/150000] 51%  1104s  ETA 1052s  best=72.2
  [ 77184/150000] 51%  1109s  ETA 1046s  best=72.2
  [ 77568/150000] 52%  1115s  ETA 1041s  best=72.2
  [ 77952/150000] 52%  1120s  ETA 1035s  best=72.2
  [ 78336/150000] 52%  1126s  ETA 1030s  best=72.2
  [ 78720/150000] 52%  1131s  ETA 1024s  best=72.2
  [ 79104/150000] 53%  1136s  ETA 1018s  best=72.2
  [ 79488/150000] 53%  1142s  ETA 1013s  best=72.2
  [ 79872/150000] 53%  1147s  ETA 1007s  best=72.2
  [ 80256/150000] 54%  1153s  ETA 1002s  best=72.2
  [ 80640/150000] 54%  1158s  ETA 996s  best=72.2
  [ 81024/150000] 54%  1164s  ETA 991s  best=72.2
  [ 81408/150000] 54%  1169s  ETA 985s  best=72.2
  [ 81792/150000] 55%  1175s  ETA 980s  best=72.2
  [ 82176/150000] 55%  1180s  ETA 974s  best=72.2
  [ 82560/150000] 55%  1185s  ETA 968s  best=72.2
  [ 82944/150000] 55%  1191s  ETA 963s  best=72.2
  [ 83328/150000] 56%  1196s  ETA 957s  best=72.2
  [ 83712/150000] 56%  1202s  ETA 952s  best=72.2
  [ 84096/150000] 56%  1207s  ETA 946s  best=72.2
  [ 84480/150000] 56%  1213s  ETA 941s  best=72.2
  [ 84864/150000] 57%  1218s  ETA 935s  best=72.2
  [ 85248/150000] 57%  1224s  ETA 929s  best=72.2
  [ 85632/150000] 57%  1229s  ETA 924s  best=72.2
  [ 86016/150000] 57%  1234s  ETA 918s  best=72.2
  [ 86400/150000] 58%  1240s  ETA 913s  best=72.2
  [ 86784/150000] 58%  1245s  ETA 907s  best=72.2
  [ 87168/150000] 58%  1251s  ETA 902s  best=72.2
  [ 87552/150000] 58%  1256s  ETA 896s  best=72.2
  [ 87936/150000] 59%  1262s  ETA 891s  best=72.2
  [ 88320/150000] 59%  1267s  ETA 885s  best=72.2
  [ 88704/150000] 59%  1273s  ETA 880s  best=72.2
  [ 89088/150000] 59%  1278s  ETA 874s  best=72.2
  [ 89472/150000] 60%  1284s  ETA 869s  best=72.2
  [ 89856/150000] 60%  1289s  ETA 863s  best=72.2
  [ 90240/150000] 60%  1295s  ETA 857s  best=72.2
  [ 90624/150000] 60%  1300s  ETA 852s  best=72.2
  [ 91008/150000] 61%  1306s  ETA 846s  best=72.2
  [ 91392/150000] 61%  1311s  ETA 841s  best=72.2
  [ 91776/150000] 61%  1317s  ETA 835s  best=72.2
  [ 92160/150000] 61%  1323s  ETA 830s  best=72.2
  [ 92544/150000] 62%  1328s  ETA 824s  best=72.2
  [ 92928/150000] 62%  1333s  ETA 819s  best=72.2
  [ 93312/150000] 62%  1339s  ETA 813s  best=72.2
  [ 93696/150000] 62%  1344s  ETA 808s  best=72.2
  [ 94080/150000] 63%  1350s  ETA 802s  best=72.2
  [ 94464/150000] 63%  1355s  ETA 797s  best=72.2
  [ 94848/150000] 63%  1361s  ETA 791s  best=72.2
  [ 95232/150000] 63%  1366s  ETA 786s  best=72.2
  [ 95616/150000] 64%  1372s  ETA 780s  best=72.2
  [ 96000/150000] 64%  1377s  ETA 775s  best=72.2
  [ 96384/150000] 64%  1382s  ETA 769s  best=72.2
  [ 96768/150000] 65%  1388s  ETA 763s  best=72.2
  [ 97152/150000] 65%  1393s  ETA 758s  best=72.2
  [ 97536/150000] 65%  1399s  ETA 752s  best=72.2
  [ 97920/150000] 65%  1404s  ETA 747s  best=72.2
  [ 98304/150000] 66%  1409s  ETA 741s  best=72.2
  [ 98688/150000] 66%  1415s  ETA 736s  best=72.2
  [ 99072/150000] 66%  1420s  ETA 730s  best=72.2
  [ 99456/150000] 66%  1425s  ETA 724s  best=72.2
  [ 99840/150000] 67%  1431s  ETA 719s  best=72.2
  [100224/150000] 67%  1436s  ETA 713s  best=72.2
  [100608/150000] 67%  1442s  ETA 708s  best=72.2
  [100992/150000] 67%  1447s  ETA 702s  best=72.2
  [101376/150000] 68%  1453s  ETA 697s  best=72.2
  [101760/150000] 68%  1458s  ETA 691s  best=72.2
  [102144/150000] 68%  1464s  ETA 686s  best=72.2
  [102528/150000] 68%  1469s  ETA 680s  best=72.2
  [102912/150000] 69%  1475s  ETA 675s  best=72.2
  [103296/150000] 69%  1480s  ETA 669s  best=72.2
  [103680/150000] 69%  1486s  ETA 664s  best=72.2
  [104064/150000] 69%  1491s  ETA 658s  best=72.2
  [104448/150000] 70%  1497s  ETA 653s  best=72.2
  [104832/150000] 70%  1502s  ETA 647s  best=72.2
  [105216/150000] 70%  1507s  ETA 642s  best=72.2
  [105600/150000] 70%  1513s  ETA 636s  best=72.2
  [105984/150000] 71%  1518s  ETA 631s  best=72.2
  [106368/150000] 71%  1524s  ETA 625s  best=72.2
  [106752/150000] 71%  1529s  ETA 620s  best=72.2
  [107136/150000] 71%  1535s  ETA 614s  best=72.2
  [107520/150000] 72%  1540s  ETA 609s  best=72.2
  [107904/150000] 72%  1546s  ETA 603s  best=72.2
  [108288/150000] 72%  1551s  ETA 597s  best=72.2
  [108672/150000] 72%  1557s  ETA 592s  best=72.2
  [109056/150000] 73%  1562s  ETA 586s  best=72.2
  [109440/150000] 73%  1567s  ETA 581s  best=72.2
  [109824/150000] 73%  1573s  ETA 575s  best=72.2
  [110208/150000] 73%  1578s  ETA 570s  best=72.2
  [110592/150000] 74%  1584s  ETA 564s  best=72.2
  [110976/150000] 74%  1589s  ETA 559s  best=72.2
  [111360/150000] 74%  1595s  ETA 553s  best=72.2
  [111744/150000] 74%  1600s  ETA 548s  best=72.2
  [112128/150000] 75%  1606s  ETA 542s  best=72.2
  [112512/150000] 75%  1611s  ETA 537s  best=72.2
  [112896/150000] 75%  1616s  ETA 531s  best=72.2
  [113280/150000] 76%  1622s  ETA 526s  best=72.2
  [113664/150000] 76%  1627s  ETA 520s  best=72.2
  [114048/150000] 76%  1633s  ETA 515s  best=72.2
  [114432/150000] 76%  1638s  ETA 509s  best=72.2
  [114816/150000] 77%  1644s  ETA 504s  best=72.2
  [115200/150000] 77%  1649s  ETA 498s  best=72.2
  [115584/150000] 77%  1655s  ETA 493s  best=72.2
  [115968/150000] 77%  1660s  ETA 487s  best=72.2
  [116352/150000] 78%  1666s  ETA 482s  best=72.2
  [116736/150000] 78%  1671s  ETA 476s  best=72.2
  [117120/150000] 78%  1677s  ETA 471s  best=72.2
  [117504/150000] 78%  1682s  ETA 465s  best=72.2
  [117888/150000] 79%  1688s  ETA 460s  best=72.2
  [118272/150000] 79%  1693s  ETA 454s  best=72.2
  [118656/150000] 79%  1699s  ETA 449s  best=72.2
  [119040/150000] 79%  1704s  ETA 443s  best=72.2
  [119424/150000] 80%  1710s  ETA 438s  best=72.2
  [119808/150000] 80%  1715s  ETA 432s  best=72.2
  [120192/150000] 80%  1721s  ETA 427s  best=72.2
  [120576/150000] 80%  1726s  ETA 421s  best=72.2
  [120960/150000] 81%  1732s  ETA 416s  best=72.2
  [121344/150000] 81%  1737s  ETA 410s  best=72.2
  [121728/150000] 81%  1743s  ETA 405s  best=72.2
  [122112/150000] 81%  1748s  ETA 399s  best=72.2
  [122496/150000] 82%  1754s  ETA 394s  best=72.2
  [122880/150000] 82%  1759s  ETA 388s  best=72.2
  [123264/150000] 82%  1765s  ETA 383s  best=72.2
  [123648/150000] 82%  1770s  ETA 377s  best=72.2
  [124032/150000] 83%  1776s  ETA 372s  best=72.2
  [124416/150000] 83%  1781s  ETA 366s  best=72.2
  [124800/150000] 83%  1787s  ETA 361s  best=72.2
  [125184/150000] 83%  1792s  ETA 355s  best=72.2
  [125568/150000] 84%  1798s  ETA 350s  best=72.2
  [125952/150000] 84%  1803s  ETA 344s  best=72.2
  [126336/150000] 84%  1809s  ETA 339s  best=72.2
  [126720/150000] 84%  1814s  ETA 333s  best=72.2
  [127104/150000] 85%  1819s  ETA 328s  best=72.2
  [127488/150000] 85%  1825s  ETA 322s  best=72.2
  [127872/150000] 85%  1831s  ETA 317s  best=72.2
  [128256/150000] 86%  1836s  ETA 311s  best=72.2
  [128640/150000] 86%  1842s  ETA 306s  best=72.2
  [129024/150000] 86%  1847s  ETA 300s  best=72.2
  [129408/150000] 86%  1853s  ETA 295s  best=72.2
  [129792/150000] 87%  1858s  ETA 289s  best=72.2
  [130176/150000] 87%  1864s  ETA 284s  best=72.2
  [130560/150000] 87%  1869s  ETA 278s  best=72.2
  [130944/150000] 87%  1875s  ETA 273s  best=72.2
  [131328/150000] 88%  1880s  ETA 267s  best=72.2
  [131712/150000] 88%  1886s  ETA 262s  best=72.2
  [132096/150000] 88%  1891s  ETA 256s  best=72.2
  [132480/150000] 88%  1897s  ETA 251s  best=72.2
  [132864/150000] 89%  1902s  ETA 245s  best=72.2
  [133248/150000] 89%  1908s  ETA 240s  best=72.2
  [133632/150000] 89%  1914s  ETA 234s  best=72.2
  [134016/150000] 89%  1919s  ETA 229s  best=72.2
  [134400/150000] 90%  1924s  ETA 223s  best=72.2
  [134784/150000] 90%  1930s  ETA 218s  best=72.2
  [135168/150000] 90%  1935s  ETA 212s  best=72.2
  [135552/150000] 90%  1941s  ETA 207s  best=72.2
  [135936/150000] 91%  1946s  ETA 201s  best=72.2
  [136320/150000] 91%  1952s  ETA 196s  best=72.2
  [136704/150000] 91%  1957s  ETA 190s  best=72.2
  [137088/150000] 91%  1963s  ETA 185s  best=72.2
  [137472/150000] 92%  1968s  ETA 179s  best=72.2
  [137856/150000] 92%  1974s  ETA 174s  best=72.2
  [138240/150000] 92%  1979s  ETA 168s  best=72.2
  [138624/150000] 92%  1985s  ETA 163s  best=72.2
  [139008/150000] 93%  1990s  ETA 157s  best=72.2
  [139392/150000] 93%  1996s  ETA 152s  best=72.2
  [139776/150000] 93%  2001s  ETA 146s  best=72.2
  [140160/150000] 93%  2006s  ETA 141s  best=72.2
  [140544/150000] 94%  2012s  ETA 135s  best=72.2
  [140928/150000] 94%  2017s  ETA 130s  best=72.2
  [141312/150000] 94%  2023s  ETA 124s  best=72.2
  [141696/150000] 94%  2028s  ETA 119s  best=72.2
  [142080/150000] 95%  2034s  ETA 113s  best=72.2
  [142464/150000] 95%  2039s  ETA 108s  best=72.2
  [142848/150000] 95%  2044s  ETA 102s  best=72.2
  [143232/150000] 95%  2050s  ETA 97s  best=72.2
  [143616/150000] 96%  2055s  ETA 91s  best=72.2
  [144000/150000] 96%  2061s  ETA 86s  best=72.2
  [144384/150000] 96%  2066s  ETA 80s  best=72.2
  [144768/150000] 97%  2072s  ETA 75s  best=72.2
  [145152/150000] 97%  2078s  ETA 69s  best=72.2
  [145536/150000] 97%  2083s  ETA 64s  best=72.2
  [145920/150000] 97%  2088s  ETA 58s  best=72.2
  [146304/150000] 98%  2094s  ETA 53s  best=72.2
  [146688/150000] 98%  2099s  ETA 47s  best=72.2
  [147072/150000] 98%  2105s  ETA 42s  best=72.2
  [147456/150000] 98%  2110s  ETA 36s  best=72.2
  [147840/150000] 99%  2116s  ETA 31s  best=72.2
  [148224/150000] 99%  2121s  ETA 25s  best=72.2
  [148608/150000] 99%  2127s  ETA 20s  best=72.2
  [148992/150000] 99%  2132s  ETA 14s  best=72.2
  [149376/150000] 100%  2137s  ETA 9s  best=72.2
  [149760/150000] 100%  2143s  ETA 3s  best=72.2
  [150000/150000] 100%  2147s  ETA 0s  best=72.2

Deep eval top 10 (500 MC)...
  [1/10] avg=86.1  seeds=['86.6', '85.8', '83.6', '87.5', '86.8']
  [2/10] avg=85.8  seeds=['86.2', '85.4', '83.5', '87.3', '86.5']
  [3/10] avg=86.1  seeds=['86.4', '85.7', '84.0', '87.3', '86.9']
  [4/10] avg=85.7  seeds=['85.9', '85.4', '83.5', '87.3', '86.4']
  [5/10] avg=85.7  seeds=['86.2', '85.0', '83.5', '87.1', '86.7']
  [6/10] avg=85.9  seeds=['85.9', '85.6', '83.7', '87.4', '86.8']
  [7/10] avg=84.9  seeds=['85.3', '84.2', '83.2', '86.2', '85.6']
  [8/10] avg=84.7  seeds=['84.8', '84.0', '83.1', '85.9', '85.7']
  [9/10] avg=84.7  seeds=['85.0', '84.0', '83.1', '86.0', '85.7']
  [10/10] avg=84.5  seeds=['84.6', '83.8', '83.3', '85.6', '85.4']

R11 BEST: 86.1
  death_base_rate=0.005
  death_food_factor=0.01
  food_base_regen=0.35
  food_competition=0.005
  food_forest_bonus=0.04
  food_pop_drain=0.06
  pop_growth_rate=0.1
  port_prob=0.08
  port_survival_bonus=0.0
  spawn_pop_threshold=0.5
  spawn_prob=0.1
R11: NEW BEST 86.1 (was 84.6)

============================================================
R17: settle_rate=0.250, 5 seeds
============================================================
150000 combos x 5 seeds x 30 MC (coarse)
  [   384/150000] 0%  13s  ETA 5171s  best=71.2
  [   768/150000] 1%  24s  ETA 4695s  best=71.4
  [  1152/150000] 1%  34s  ETA 4409s  best=71.4
  [  1536/150000] 1%  42s  ETA 4100s  best=71.5
  [  1920/150000] 1%  50s  ETA 3890s  best=71.5
  [  2304/150000] 2%  58s  ETA 3698s  best=71.7
  [  2688/150000] 2%  65s  ETA 3543s  best=71.7
  [  3072/150000] 2%  71s  ETA 3416s  best=71.7
  [  3456/150000] 2%  78s  ETA 3318s  best=71.7
  [  3840/150000] 3%  85s  ETA 3244s  best=71.7
  [  4224/150000] 3%  92s  ETA 3170s  best=71.7
  [  4608/150000] 3%  99s  ETA 3113s  best=71.7
  [  4992/150000] 3%  105s  ETA 3054s  best=71.7
  [  5376/150000] 4%  111s  ETA 2997s  best=71.7
  [  5760/150000] 4%  118s  ETA 2951s  best=71.7
  [  6144/150000] 4%  124s  ETA 2908s  best=71.7
  [  6528/150000] 4%  131s  ETA 2872s  best=71.8
  [  6912/150000] 5%  137s  ETA 2837s  best=71.8
  [  7296/150000] 5%  143s  ETA 2803s  best=71.8
  [  7680/150000] 5%  150s  ETA 2777s  best=71.8
  [  8064/150000] 5%  156s  ETA 2745s  best=71.8
  [  8448/150000] 6%  162s  ETA 2715s  best=71.8
  [  8832/150000] 6%  168s  ETA 2691s  best=71.8
  [  9216/150000] 6%  175s  ETA 2666s  best=71.8
  [  9600/150000] 6%  181s  ETA 2650s  best=71.8
  [  9984/150000] 7%  187s  ETA 2627s  best=71.8
  [ 10368/150000] 7%  194s  ETA 2609s  best=71.8
  [ 10752/150000] 7%  200s  ETA 2593s  best=71.8
  [ 11136/150000] 7%  207s  ETA 2578s  best=71.8
  [ 11520/150000] 8%  213s  ETA 2562s  best=71.8
  [ 11904/150000] 8%  219s  ETA 2545s  best=71.8
  [ 12288/150000] 8%  226s  ETA 2532s  best=71.8
  [ 12672/150000] 8%  232s  ETA 2516s  best=71.8
  [ 13056/150000] 9%  238s  ETA 2499s  best=71.8
  [ 13440/150000] 9%  245s  ETA 2486s  best=71.8
  [ 13824/150000] 9%  251s  ETA 2472s  best=71.8
  [ 14208/150000] 9%  257s  ETA 2460s  best=71.8
  [ 14592/150000] 10%  264s  ETA 2447s  best=71.8
  [ 14976/150000] 10%  270s  ETA 2435s  best=71.8
  [ 15360/150000] 10%  276s  ETA 2423s  best=71.8
  [ 15744/150000] 10%  283s  ETA 2410s  best=71.8
  [ 16128/150000] 11%  289s  ETA 2400s  best=71.8
  [ 16512/150000] 11%  295s  ETA 2388s  best=71.8
  [ 16896/150000] 11%  302s  ETA 2378s  best=71.8
  [ 17280/150000] 12%  308s  ETA 2367s  best=71.8
  [ 17664/150000] 12%  315s  ETA 2356s  best=71.8
  [ 18048/150000] 12%  321s  ETA 2345s  best=71.8
  [ 18432/150000] 12%  327s  ETA 2333s  best=71.8
  [ 18816/150000] 13%  333s  ETA 2323s  best=71.8
  [ 19200/150000] 13%  339s  ETA 2312s  best=71.8
  [ 19584/150000] 13%  346s  ETA 2302s  best=71.8
  [ 19968/150000] 13%  352s  ETA 2292s  best=71.8
  [ 20352/150000] 14%  358s  ETA 2282s  best=71.8
  [ 20736/150000] 14%  365s  ETA 2273s  best=71.8
  [ 21120/150000] 14%  371s  ETA 2263s  best=71.9
  [ 21504/150000] 14%  377s  ETA 2254s  best=71.9
  [ 21888/150000] 15%  383s  ETA 2244s  best=71.9
  [ 22272/150000] 15%  390s  ETA 2237s  best=71.9
  [ 22656/150000] 15%  396s  ETA 2226s  best=71.9
  [ 23040/150000] 15%  403s  ETA 2218s  best=71.9
  [ 23424/150000] 16%  409s  ETA 2210s  best=71.9
  [ 23808/150000] 16%  415s  ETA 2200s  best=71.9
  [ 24192/150000] 16%  421s  ETA 2192s  best=71.9
  [ 24576/150000] 16%  428s  ETA 2183s  best=71.9
  [ 24960/150000] 17%  434s  ETA 2174s  best=71.9
  [ 25344/150000] 17%  440s  ETA 2165s  best=71.9
  [ 25728/150000] 17%  447s  ETA 2157s  best=71.9
  [ 26112/150000] 17%  453s  ETA 2148s  best=71.9
  [ 26496/150000] 18%  459s  ETA 2140s  best=71.9
  [ 26880/150000] 18%  466s  ETA 2133s  best=71.9
  [ 27264/150000] 18%  472s  ETA 2125s  best=71.9
  [ 27648/150000] 18%  478s  ETA 2117s  best=71.9
  [ 28032/150000] 19%  485s  ETA 2110s  best=71.9
  [ 28416/150000] 19%  491s  ETA 2101s  best=71.9
  [ 28800/150000] 19%  497s  ETA 2093s  best=71.9
  [ 29184/150000] 19%  504s  ETA 2085s  best=71.9
  [ 29568/150000] 20%  510s  ETA 2077s  best=71.9
  [ 29952/150000] 20%  516s  ETA 2069s  best=71.9
  [ 30336/150000] 20%  523s  ETA 2061s  best=71.9
  [ 30720/150000] 20%  529s  ETA 2052s  best=71.9
  [ 31104/150000] 21%  535s  ETA 2044s  best=71.9
  [ 31488/150000] 21%  541s  ETA 2037s  best=71.9
  [ 31872/150000] 21%  548s  ETA 2030s  best=71.9
  [ 32256/150000] 22%  554s  ETA 2023s  best=71.9
  [ 32640/150000] 22%  560s  ETA 2015s  best=71.9
  [ 33024/150000] 22%  567s  ETA 2008s  best=71.9
  [ 33408/150000] 22%  573s  ETA 2000s  best=71.9
  [ 33792/150000] 23%  580s  ETA 1994s  best=71.9
  [ 34176/150000] 23%  586s  ETA 1986s  best=71.9
  [ 34560/150000] 23%  592s  ETA 1978s  best=71.9
  [ 34944/150000] 23%  599s  ETA 1971s  best=71.9
  [ 35328/150000] 24%  605s  ETA 1964s  best=71.9
  [ 35712/150000] 24%  611s  ETA 1957s  best=71.9
  [ 36096/150000] 24%  618s  ETA 1949s  best=71.9
  [ 36480/150000] 24%  624s  ETA 1942s  best=71.9
  [ 36864/150000] 25%  630s  ETA 1934s  best=71.9
  [ 37248/150000] 25%  637s  ETA 1927s  best=71.9
  [ 37632/150000] 25%  643s  ETA 1920s  best=71.9
  [ 38016/150000] 25%  649s  ETA 1912s  best=71.9
  [ 38400/150000] 26%  655s  ETA 1905s  best=71.9
  [ 38784/150000] 26%  662s  ETA 1897s  best=71.9
  [ 39168/150000] 26%  668s  ETA 1889s  best=71.9
  [ 39552/150000] 26%  674s  ETA 1882s  best=71.9
  [ 39936/150000] 27%  680s  ETA 1874s  best=71.9
  [ 40320/150000] 27%  686s  ETA 1867s  best=71.9
  [ 40704/150000] 27%  693s  ETA 1860s  best=71.9
  [ 41088/150000] 27%  699s  ETA 1853s  best=71.9
  [ 41472/150000] 28%  705s  ETA 1846s  best=71.9
  [ 41856/150000] 28%  712s  ETA 1839s  best=71.9
  [ 42240/150000] 28%  718s  ETA 1832s  best=71.9
  [ 42624/150000] 28%  725s  ETA 1825s  best=71.9
  [ 43008/150000] 29%  731s  ETA 1818s  best=71.9
  [ 43392/150000] 29%  737s  ETA 1811s  best=71.9
  [ 43776/150000] 29%  743s  ETA 1804s  best=71.9
  [ 44160/150000] 29%  750s  ETA 1797s  best=71.9
  [ 44544/150000] 30%  756s  ETA 1790s  best=71.9
  [ 44928/150000] 30%  763s  ETA 1784s  best=71.9
  [ 45312/150000] 30%  769s  ETA 1776s  best=71.9
  [ 45696/150000] 30%  775s  ETA 1769s  best=71.9
  [ 46080/150000] 31%  781s  ETA 1762s  best=71.9
  [ 46464/150000] 31%  788s  ETA 1755s  best=71.9
  [ 46848/150000] 31%  794s  ETA 1748s  best=71.9
  [ 47232/150000] 31%  800s  ETA 1741s  best=71.9
  [ 47616/150000] 32%  806s  ETA 1734s  best=71.9
  [ 48000/150000] 32%  813s  ETA 1727s  best=71.9
  [ 48384/150000] 32%  819s  ETA 1719s  best=71.9
  [ 48768/150000] 33%  825s  ETA 1712s  best=71.9
  [ 49152/150000] 33%  831s  ETA 1706s  best=71.9
  [ 49536/150000] 33%  838s  ETA 1699s  best=71.9
  [ 49920/150000] 33%  844s  ETA 1692s  best=71.9
  [ 50304/150000] 34%  850s  ETA 1685s  best=71.9
  [ 50688/150000] 34%  857s  ETA 1678s  best=71.9
  [ 51072/150000] 34%  863s  ETA 1672s  best=71.9
  [ 51456/150000] 34%  869s  ETA 1665s  best=71.9
  [ 51840/150000] 35%  876s  ETA 1658s  best=71.9
  [ 52224/150000] 35%  882s  ETA 1651s  best=71.9
  [ 52608/150000] 35%  888s  ETA 1644s  best=71.9
  [ 52992/150000] 35%  895s  ETA 1638s  best=71.9
  [ 53376/150000] 36%  901s  ETA 1631s  best=71.9
  [ 53760/150000] 36%  908s  ETA 1625s  best=71.9
  [ 54144/150000] 36%  914s  ETA 1618s  best=71.9
  [ 54528/150000] 36%  920s  ETA 1611s  best=71.9
  [ 54912/150000] 37%  927s  ETA 1605s  best=71.9
  [ 55296/150000] 37%  933s  ETA 1598s  best=71.9
  [ 55680/150000] 37%  939s  ETA 1591s  best=71.9
  [ 56064/150000] 37%  945s  ETA 1584s  best=71.9
  [ 56448/150000] 38%  951s  ETA 1577s  best=71.9
  [ 56832/150000] 38%  958s  ETA 1570s  best=71.9
  [ 57216/150000] 38%  964s  ETA 1563s  best=71.9
  [ 57600/150000] 38%  970s  ETA 1557s  best=71.9
  [ 57984/150000] 39%  977s  ETA 1550s  best=71.9
  [ 58368/150000] 39%  983s  ETA 1544s  best=71.9
  [ 58752/150000] 39%  990s  ETA 1537s  best=71.9
  [ 59136/150000] 39%  996s  ETA 1530s  best=71.9
  [ 59520/150000] 40%  1002s  ETA 1524s  best=71.9
  [ 59904/150000] 40%  1008s  ETA 1517s  best=71.9
  [ 60288/150000] 40%  1015s  ETA 1510s  best=71.9
  [ 60672/150000] 40%  1021s  ETA 1504s  best=71.9
  [ 61056/150000] 41%  1028s  ETA 1497s  best=71.9
  [ 61440/150000] 41%  1034s  ETA 1490s  best=71.9
  [ 61824/150000] 41%  1040s  ETA 1484s  best=71.9
  [ 62208/150000] 41%  1047s  ETA 1477s  best=71.9
  [ 62592/150000] 42%  1053s  ETA 1470s  best=71.9
  [ 62976/150000] 42%  1059s  ETA 1464s  best=71.9
  [ 63360/150000] 42%  1065s  ETA 1457s  best=71.9
  [ 63744/150000] 42%  1072s  ETA 1450s  best=71.9
  [ 64128/150000] 43%  1078s  ETA 1443s  best=71.9
  [ 64512/150000] 43%  1084s  ETA 1436s  best=71.9
  [ 64896/150000] 43%  1090s  ETA 1430s  best=71.9
  [ 65280/150000] 44%  1097s  ETA 1423s  best=71.9
  [ 65664/150000] 44%  1103s  ETA 1416s  best=71.9
  [ 66048/150000] 44%  1109s  ETA 1410s  best=71.9
  [ 66432/150000] 44%  1115s  ETA 1403s  best=71.9
  [ 66816/150000] 45%  1122s  ETA 1396s  best=71.9
  [ 67200/150000] 45%  1128s  ETA 1389s  best=71.9
  [ 67584/150000] 45%  1134s  ETA 1383s  best=71.9
  [ 67968/150000] 45%  1140s  ETA 1376s  best=71.9
  [ 68352/150000] 46%  1147s  ETA 1370s  best=71.9
  [ 68736/150000] 46%  1153s  ETA 1363s  best=71.9
  [ 69120/150000] 46%  1159s  ETA 1356s  best=71.9
  [ 69504/150000] 46%  1165s  ETA 1350s  best=71.9
  [ 69888/150000] 47%  1172s  ETA 1343s  best=71.9
  [ 70272/150000] 47%  1178s  ETA 1336s  best=71.9
  [ 70656/150000] 47%  1184s  ETA 1330s  best=71.9
  [ 71040/150000] 47%  1191s  ETA 1323s  best=71.9
  [ 71424/150000] 48%  1197s  ETA 1317s  best=71.9
  [ 71808/150000] 48%  1203s  ETA 1310s  best=71.9
  [ 72192/150000] 48%  1209s  ETA 1304s  best=71.9
  [ 72576/150000] 48%  1216s  ETA 1297s  best=71.9
  [ 72960/150000] 49%  1222s  ETA 1290s  best=71.9
  [ 73344/150000] 49%  1229s  ETA 1284s  best=71.9
  [ 73728/150000] 49%  1235s  ETA 1277s  best=71.9
  [ 74112/150000] 49%  1241s  ETA 1271s  best=71.9
  [ 74496/150000] 50%  1247s  ETA 1264s  best=71.9
  [ 74880/150000] 50%  1254s  ETA 1258s  best=71.9
  [ 75264/150000] 50%  1260s  ETA 1251s  best=71.9
  [ 75648/150000] 50%  1266s  ETA 1245s  best=71.9
  [ 76032/150000] 51%  1273s  ETA 1238s  best=71.9
  [ 76416/150000] 51%  1279s  ETA 1231s  best=71.9
  [ 76800/150000] 51%  1285s  ETA 1225s  best=71.9
  [ 77184/150000] 51%  1292s  ETA 1219s  best=71.9
  [ 77568/150000] 52%  1298s  ETA 1212s  best=71.9
  [ 77952/150000] 52%  1304s  ETA 1205s  best=71.9
  [ 78336/150000] 52%  1311s  ETA 1199s  best=71.9
  [ 78720/150000] 52%  1317s  ETA 1192s  best=71.9
  [ 79104/150000] 53%  1323s  ETA 1186s  best=71.9
  [ 79488/150000] 53%  1330s  ETA 1179s  best=71.9
  [ 79872/150000] 53%  1336s  ETA 1173s  best=71.9
  [ 80256/150000] 54%  1343s  ETA 1167s  best=71.9
  [ 80640/150000] 54%  1349s  ETA 1160s  best=71.9
  [ 81024/150000] 54%  1356s  ETA 1154s  best=71.9
  [ 81408/150000] 54%  1362s  ETA 1148s  best=71.9
  [ 81792/150000] 55%  1368s  ETA 1141s  best=71.9
  [ 82176/150000] 55%  1375s  ETA 1135s  best=71.9
  [ 82560/150000] 55%  1381s  ETA 1128s  best=71.9
  [ 82944/150000] 55%  1387s  ETA 1122s  best=71.9
  [ 83328/150000] 56%  1394s  ETA 1115s  best=71.9
  [ 83712/150000] 56%  1400s  ETA 1109s  best=71.9
  [ 84096/150000] 56%  1407s  ETA 1102s  best=71.9
  [ 84480/150000] 56%  1413s  ETA 1096s  best=71.9
  [ 84864/150000] 57%  1419s  ETA 1089s  best=71.9
  [ 85248/150000] 57%  1425s  ETA 1083s  best=71.9
  [ 85632/150000] 57%  1432s  ETA 1076s  best=71.9
  [ 86016/150000] 57%  1438s  ETA 1070s  best=71.9
  [ 86400/150000] 58%  1445s  ETA 1063s  best=71.9
  [ 86784/150000] 58%  1451s  ETA 1057s  best=71.9
  [ 87168/150000] 58%  1458s  ETA 1051s  best=72.0
  [ 87552/150000] 58%  1464s  ETA 1044s  best=72.0
  [ 87936/150000] 59%  1471s  ETA 1038s  best=72.0
  [ 88320/150000] 59%  1477s  ETA 1031s  best=72.0
  [ 88704/150000] 59%  1483s  ETA 1025s  best=72.0
  [ 89088/150000] 59%  1490s  ETA 1018s  best=72.0
  [ 89472/150000] 60%  1496s  ETA 1012s  best=72.0
  [ 89856/150000] 60%  1502s  ETA 1005s  best=72.0
  [ 90240/150000] 60%  1508s  ETA 999s  best=72.0
  [ 90624/150000] 60%  1515s  ETA 992s  best=72.0
  [ 91008/150000] 61%  1521s  ETA 986s  best=72.0
  [ 91392/150000] 61%  1527s  ETA 979s  best=72.0
  [ 91776/150000] 61%  1534s  ETA 973s  best=72.0
  [ 92160/150000] 61%  1540s  ETA 967s  best=72.0
  [ 92544/150000] 62%  1547s  ETA 960s  best=72.0
  [ 92928/150000] 62%  1553s  ETA 954s  best=72.0
  [ 93312/150000] 62%  1559s  ETA 947s  best=72.0
  [ 93696/150000] 62%  1566s  ETA 941s  best=72.0
  [ 94080/150000] 63%  1572s  ETA 934s  best=72.0
  [ 94464/150000] 63%  1578s  ETA 928s  best=72.0
  [ 94848/150000] 63%  1585s  ETA 921s  best=72.0
  [ 95232/150000] 63%  1591s  ETA 915s  best=72.0
  [ 95616/150000] 64%  1597s  ETA 908s  best=72.0
  [ 96000/150000] 64%  1604s  ETA 902s  best=72.0
  [ 96384/150000] 64%  1610s  ETA 895s  best=72.0
  [ 96768/150000] 65%  1616s  ETA 889s  best=72.0
  [ 97152/150000] 65%  1622s  ETA 882s  best=72.0
  [ 97536/150000] 65%  1628s  ETA 876s  best=72.0
  [ 97920/150000] 65%  1635s  ETA 869s  best=72.0
  [ 98304/150000] 66%  1641s  ETA 863s  best=72.0
  [ 98688/150000] 66%  1647s  ETA 856s  best=72.0
  [ 99072/150000] 66%  1653s  ETA 850s  best=72.0
  [ 99456/150000] 66%  1659s  ETA 843s  best=72.0
  [ 99840/150000] 67%  1666s  ETA 837s  best=72.0
  [100224/150000] 67%  1672s  ETA 830s  best=72.0
  [100608/150000] 67%  1678s  ETA 824s  best=72.0
  [100992/150000] 67%  1685s  ETA 818s  best=72.0
  [101376/150000] 68%  1691s  ETA 811s  best=72.0
  [101760/150000] 68%  1697s  ETA 805s  best=72.0
  [102144/150000] 68%  1704s  ETA 798s  best=72.0
  [102528/150000] 68%  1710s  ETA 792s  best=72.0
  [102912/150000] 69%  1717s  ETA 785s  best=72.0
  [103296/150000] 69%  1723s  ETA 779s  best=72.0
  [103680/150000] 69%  1729s  ETA 772s  best=72.0
  [104064/150000] 69%  1735s  ETA 766s  best=72.0
  [104448/150000] 70%  1742s  ETA 760s  best=72.0
  [104832/150000] 70%  1748s  ETA 753s  best=72.0
  [105216/150000] 70%  1754s  ETA 747s  best=72.0
  [105600/150000] 70%  1761s  ETA 740s  best=72.0
  [105984/150000] 71%  1767s  ETA 734s  best=72.0
  [106368/150000] 71%  1773s  ETA 727s  best=72.0
  [106752/150000] 71%  1779s  ETA 721s  best=72.0
  [107136/150000] 71%  1786s  ETA 714s  best=72.0
  [107520/150000] 72%  1792s  ETA 708s  best=72.0
  [107904/150000] 72%  1798s  ETA 702s  best=72.0
  [108288/150000] 72%  1805s  ETA 695s  best=72.0
  [108672/150000] 72%  1811s  ETA 689s  best=72.0
  [109056/150000] 73%  1817s  ETA 682s  best=72.0
  [109440/150000] 73%  1823s  ETA 676s  best=72.0
  [109824/150000] 73%  1830s  ETA 669s  best=72.0
  [110208/150000] 73%  1836s  ETA 663s  best=72.0
  [110592/150000] 74%  1843s  ETA 657s  best=72.0
  [110976/150000] 74%  1849s  ETA 650s  best=72.0
  [111360/150000] 74%  1855s  ETA 644s  best=72.0
  [111744/150000] 74%  1862s  ETA 637s  best=72.0
  [112128/150000] 75%  1868s  ETA 631s  best=72.0
  [112512/150000] 75%  1874s  ETA 624s  best=72.0
  [112896/150000] 75%  1880s  ETA 618s  best=72.1
  [113280/150000] 76%  1886s  ETA 611s  best=72.1
  [113664/150000] 76%  1893s  ETA 605s  best=72.1
  [114048/150000] 76%  1899s  ETA 599s  best=72.1
  [114432/150000] 76%  1905s  ETA 592s  best=72.1
  [114816/150000] 77%  1912s  ETA 586s  best=72.1
  [115200/150000] 77%  1918s  ETA 579s  best=72.1
  [115584/150000] 77%  1924s  ETA 573s  best=72.1
  [115968/150000] 77%  1931s  ETA 567s  best=72.1
  [116352/150000] 78%  1937s  ETA 560s  best=72.1
  [116736/150000] 78%  1944s  ETA 554s  best=72.1
  [117120/150000] 78%  1950s  ETA 547s  best=72.1
  [117504/150000] 78%  1956s  ETA 541s  best=72.1
  [117888/150000] 79%  1963s  ETA 535s  best=72.1
  [118272/150000] 79%  1969s  ETA 528s  best=72.1
  [118656/150000] 79%  1975s  ETA 522s  best=72.1
  [119040/150000] 79%  1981s  ETA 515s  best=72.1
  [119424/150000] 80%  1988s  ETA 509s  best=72.1
  [119808/150000] 80%  1994s  ETA 503s  best=72.1
  [120192/150000] 80%  2000s  ETA 496s  best=72.1
  [120576/150000] 80%  2007s  ETA 490s  best=72.1
  [120960/150000] 81%  2013s  ETA 483s  best=72.1
  [121344/150000] 81%  2019s  ETA 477s  best=72.1
  [121728/150000] 81%  2026s  ETA 471s  best=72.1
  [122112/150000] 81%  2032s  ETA 464s  best=72.1
  [122496/150000] 82%  2038s  ETA 458s  best=72.1
  [122880/150000] 82%  2045s  ETA 451s  best=72.1
  [123264/150000] 82%  2051s  ETA 445s  best=72.1
  [123648/150000] 82%  2057s  ETA 438s  best=72.1
  [124032/150000] 83%  2064s  ETA 432s  best=72.1
  [124416/150000] 83%  2070s  ETA 426s  best=72.1
  [124800/150000] 83%  2077s  ETA 419s  best=72.1
  [125184/150000] 83%  2083s  ETA 413s  best=72.1
  [125568/150000] 84%  2089s  ETA 407s  best=72.1
  [125952/150000] 84%  2096s  ETA 400s  best=72.1
  [126336/150000] 84%  2102s  ETA 394s  best=72.1
  [126720/150000] 84%  2108s  ETA 387s  best=72.1
  [127104/150000] 85%  2114s  ETA 381s  best=72.1
  [127488/150000] 85%  2121s  ETA 374s  best=72.1
  [127872/150000] 85%  2127s  ETA 368s  best=72.1
  [128256/150000] 86%  2133s  ETA 362s  best=72.1
  [128640/150000] 86%  2140s  ETA 355s  best=72.1
  [129024/150000] 86%  2146s  ETA 349s  best=72.1
  [129408/150000] 86%  2152s  ETA 342s  best=72.1
  [129792/150000] 87%  2159s  ETA 336s  best=72.1
  [130176/150000] 87%  2165s  ETA 330s  best=72.1
  [130560/150000] 87%  2172s  ETA 323s  best=72.1
  [130944/150000] 87%  2178s  ETA 317s  best=72.1
  [131328/150000] 88%  2184s  ETA 311s  best=72.1
  [131712/150000] 88%  2191s  ETA 304s  best=72.1
  [132096/150000] 88%  2197s  ETA 298s  best=72.1
  [132480/150000] 88%  2203s  ETA 291s  best=72.1
  [132864/150000] 89%  2210s  ETA 285s  best=72.1
  [133248/150000] 89%  2216s  ETA 279s  best=72.1
  [133632/150000] 89%  2223s  ETA 272s  best=72.1
  [134016/150000] 89%  2229s  ETA 266s  best=72.1
  [134400/150000] 90%  2235s  ETA 259s  best=72.1
  [134784/150000] 90%  2241s  ETA 253s  best=72.1
  [135168/150000] 90%  2248s  ETA 247s  best=72.1
  [135552/150000] 90%  2254s  ETA 240s  best=72.1
  [135936/150000] 91%  2260s  ETA 234s  best=72.1
  [136320/150000] 91%  2267s  ETA 227s  best=72.1
  [136704/150000] 91%  2273s  ETA 221s  best=72.1
  [137088/150000] 91%  2279s  ETA 215s  best=72.1
  [137472/150000] 92%  2286s  ETA 208s  best=72.1
  [137856/150000] 92%  2292s  ETA 202s  best=72.1
  [138240/150000] 92%  2298s  ETA 196s  best=72.1
  [138624/150000] 92%  2305s  ETA 189s  best=72.1
  [139008/150000] 93%  2311s  ETA 183s  best=72.1
  [139392/150000] 93%  2317s  ETA 176s  best=72.1
  [139776/150000] 93%  2324s  ETA 170s  best=72.1
  [140160/150000] 93%  2330s  ETA 164s  best=72.1
  [140544/150000] 94%  2336s  ETA 157s  best=72.1
  [140928/150000] 94%  2342s  ETA 151s  best=72.1
  [141312/150000] 94%  2349s  ETA 144s  best=72.1
  [141696/150000] 94%  2355s  ETA 138s  best=72.1
  [142080/150000] 95%  2361s  ETA 132s  best=72.1
  [142464/150000] 95%  2367s  ETA 125s  best=72.1
  [142848/150000] 95%  2374s  ETA 119s  best=72.1
  [143232/150000] 95%  2380s  ETA 112s  best=72.1
  [143616/150000] 96%  2386s  ETA 106s  best=72.1
  [144000/150000] 96%  2393s  ETA 100s  best=72.1
  [144384/150000] 96%  2399s  ETA 93s  best=72.1
  [144768/150000] 97%  2405s  ETA 87s  best=72.1
  [145152/150000] 97%  2412s  ETA 81s  best=72.1
  [145536/150000] 97%  2418s  ETA 74s  best=72.1
  [145920/150000] 97%  2424s  ETA 68s  best=72.1
  [146304/150000] 98%  2431s  ETA 61s  best=72.1
  [146688/150000] 98%  2437s  ETA 55s  best=72.1
  [147072/150000] 98%  2443s  ETA 49s  best=72.1
  [147456/150000] 98%  2449s  ETA 42s  best=72.1
  [147840/150000] 99%  2456s  ETA 36s  best=72.1
  [148224/150000] 99%  2462s  ETA 30s  best=72.1
  [148608/150000] 99%  2469s  ETA 23s  best=72.1
  [148992/150000] 99%  2475s  ETA 17s  best=72.1
  [149376/150000] 100%  2481s  ETA 10s  best=72.1
  [149760/150000] 100%  2487s  ETA 4s  best=72.1
  [150000/150000] 100%  2492s  ETA 0s  best=72.1

Deep eval top 10 (500 MC)...
  [1/10] avg=87.2  seeds=['89.0', '86.7', '88.2', '85.0', '87.1']
  [2/10] avg=87.1  seeds=['88.8', '86.8', '88.1', '84.9', '87.0']
  [3/10] avg=86.9  seeds=['88.6', '86.4', '87.7', '85.0', '86.7']
  [4/10] avg=86.4  seeds=['88.0', '86.2', '87.4', '84.2', '86.1']
  [5/10] avg=87.0  seeds=['88.8', '86.7', '87.9', '85.1', '86.5']
  [6/10] avg=87.0  seeds=['89.1', '86.6', '88.1', '84.9', '86.4']
  [7/10] avg=86.9  seeds=['89.0', '86.5', '88.1', '84.8', '86.3']
  [8/10] avg=86.5  seeds=['88.5', '85.9', '87.4', '84.5', '86.1']
  [9/10] avg=85.9  seeds=['88.1', '85.3', '87.0', '83.7', '85.4']
  [10/10] avg=85.1  seeds=['87.3', '84.3', '86.5', '82.7', '84.9']

R17 BEST: 87.2
  death_base_rate=0.02
  death_food_factor=0.02
  food_base_regen=0.3
  food_competition=0.01
  food_forest_bonus=0.1
  food_pop_drain=0.03
  pop_growth_rate=0.12
  port_prob=0.12
  port_survival_bonus=0.0
  spawn_pop_threshold=0.5
  spawn_prob=0.1
R17: NEW BEST 87.2 (was 85.7)

Results saved to replay_cache/per_round_params.json
