CPUs: 192
Tuning rounds (3x grid): [18]

============================================================
R18: settle_rate=0.331, 5 seeds
============================================================
150000 combos x 5 seeds x 30 MC (coarse)
  [   384/150000] 0%  17s  ETA 6782s  best=63.7
  [   768/150000] 1%  29s  ETA 5566s  best=63.9
  [  1152/150000] 1%  39s  ETA 5060s  best=64.2
  [  1536/150000] 1%  48s  ETA 4684s  best=64.2
  [  1920/150000] 1%  57s  ETA 4421s  best=64.2
  [  2304/150000] 2%  66s  ETA 4223s  best=64.2
  [  2688/150000] 2%  74s  ETA 4058s  best=64.2
  [  3072/150000] 2%  82s  ETA 3911s  best=64.2
  [  3456/150000] 2%  89s  ETA 3778s  best=64.3
  [  3840/150000] 3%  97s  ETA 3679s  best=64.3
  [  4224/150000] 3%  104s  ETA 3583s  best=64.3
  [  4608/150000] 3%  111s  ETA 3514s  best=64.3
  [  4992/150000] 3%  119s  ETA 3455s  best=64.3
  [  5376/150000] 4%  126s  ETA 3402s  best=64.3
  [  5760/150000] 4%  134s  ETA 3352s  best=64.3
  [  6144/150000] 4%  141s  ETA 3307s  best=64.3
  [  6528/150000] 4%  149s  ETA 3270s  best=64.3
  [  6912/150000] 5%  156s  ETA 3233s  best=64.3
  [  7296/150000] 5%  164s  ETA 3199s  best=64.3
  [  7680/150000] 5%  171s  ETA 3168s  best=64.3
  [  8064/150000] 5%  178s  ETA 3140s  best=64.3
  [  8448/150000] 6%  185s  ETA 3108s  best=64.3
  [  8832/150000] 6%  193s  ETA 3083s  best=64.3
  [  9216/150000] 6%  200s  ETA 3062s  best=64.3
  [  9600/150000] 6%  208s  ETA 3039s  best=64.3
  [  9984/150000] 7%  215s  ETA 3016s  best=64.3
  [ 10368/150000] 7%  223s  ETA 3000s  best=64.3
  [ 10752/150000] 7%  230s  ETA 2978s  best=64.3
  [ 11136/150000] 7%  238s  ETA 2964s  best=64.3
  [ 11520/150000] 8%  245s  ETA 2946s  best=64.3
  [ 11904/150000] 8%  253s  ETA 2933s  best=64.3
  [ 12288/150000] 8%  260s  ETA 2918s  best=64.3
  [ 12672/150000] 8%  268s  ETA 2905s  best=64.3
  [ 13056/150000] 9%  275s  ETA 2888s  best=64.3
  [ 13440/150000] 9%  283s  ETA 2873s  best=64.3
  [ 13824/150000] 9%  290s  ETA 2859s  best=64.3
  [ 14208/150000] 9%  297s  ETA 2843s  best=64.3
  [ 14592/150000] 10%  305s  ETA 2830s  best=64.3
  [ 14976/150000] 10%  312s  ETA 2816s  best=64.3
  [ 15360/150000] 10%  320s  ETA 2805s  best=64.3
  [ 15744/150000] 10%  327s  ETA 2792s  best=64.3
  [ 16128/150000] 11%  335s  ETA 2779s  best=64.3
  [ 16512/150000] 11%  342s  ETA 2765s  best=64.3
  [ 16896/150000] 11%  350s  ETA 2754s  best=64.3
  [ 17280/150000] 12%  357s  ETA 2743s  best=64.3
  [ 17664/150000] 12%  364s  ETA 2729s  best=64.3
  [ 18048/150000] 12%  372s  ETA 2717s  best=64.3
  [ 18432/150000] 12%  379s  ETA 2704s  best=64.3
  [ 18816/150000] 13%  386s  ETA 2692s  best=64.3
  [ 19200/150000] 13%  394s  ETA 2682s  best=64.3
  [ 19584/150000] 13%  401s  ETA 2671s  best=64.3
  [ 19968/150000] 13%  408s  ETA 2659s  best=64.3
  [ 20352/150000] 14%  416s  ETA 2650s  best=64.4
  [ 20736/150000] 14%  423s  ETA 2637s  best=64.4
  [ 21120/150000] 14%  430s  ETA 2626s  best=64.4
  [ 21504/150000] 14%  438s  ETA 2617s  best=64.4
  [ 21888/150000] 15%  445s  ETA 2606s  best=64.4
  [ 22272/150000] 15%  453s  ETA 2597s  best=64.4
  [ 22656/150000] 15%  460s  ETA 2587s  best=64.4
  [ 23040/150000] 15%  467s  ETA 2575s  best=64.4
  [ 23424/150000] 16%  475s  ETA 2565s  best=64.4
  [ 23808/150000] 16%  482s  ETA 2556s  best=64.4
  [ 24192/150000] 16%  490s  ETA 2547s  best=64.4
  [ 24576/150000] 16%  497s  ETA 2536s  best=64.4
  [ 24960/150000] 17%  504s  ETA 2526s  best=64.4
  [ 25344/150000] 17%  512s  ETA 2518s  best=64.4
  [ 25728/150000] 17%  519s  ETA 2508s  best=64.4
  [ 26112/150000] 17%  527s  ETA 2499s  best=64.4
  [ 26496/150000] 18%  534s  ETA 2489s  best=64.4
  [ 26880/150000] 18%  541s  ETA 2480s  best=64.4
  [ 27264/150000] 18%  549s  ETA 2471s  best=64.4
  [ 27648/150000] 18%  556s  ETA 2461s  best=64.4
  [ 28032/150000] 19%  564s  ETA 2454s  best=64.4
  [ 28416/150000] 19%  571s  ETA 2445s  best=64.4
  [ 28800/150000] 19%  579s  ETA 2435s  best=64.4
  [ 29184/150000] 19%  586s  ETA 2427s  best=64.4
  [ 29568/150000] 20%  594s  ETA 2417s  best=64.4
  [ 29952/150000] 20%  601s  ETA 2409s  best=64.4
  [ 30336/150000] 20%  608s  ETA 2400s  best=64.4
  [ 30720/150000] 20%  616s  ETA 2391s  best=64.4
  [ 31104/150000] 21%  623s  ETA 2381s  best=64.4
  [ 31488/150000] 21%  630s  ETA 2373s  best=64.4
  [ 31872/150000] 21%  638s  ETA 2363s  best=64.4
  [ 32256/150000] 22%  645s  ETA 2354s  best=64.4
  [ 32640/150000] 22%  652s  ETA 2346s  best=64.4
  [ 33024/150000] 22%  660s  ETA 2338s  best=64.4
  [ 33408/150000] 22%  667s  ETA 2328s  best=64.4
  [ 33792/150000] 23%  675s  ETA 2320s  best=64.4
  [ 34176/150000] 23%  682s  ETA 2310s  best=64.4
  [ 34560/150000] 23%  689s  ETA 2302s  best=64.4
  [ 34944/150000] 23%  697s  ETA 2293s  best=64.4
  [ 35328/150000] 24%  704s  ETA 2284s  best=64.4
  [ 35712/150000] 24%  711s  ETA 2276s  best=64.4
  [ 36096/150000] 24%  719s  ETA 2267s  best=64.4
  [ 36480/150000] 24%  726s  ETA 2259s  best=64.4
  [ 36864/150000] 25%  733s  ETA 2251s  best=64.4
  [ 37248/150000] 25%  741s  ETA 2242s  best=64.4
  [ 37632/150000] 25%  748s  ETA 2234s  best=64.4
  [ 38016/150000] 25%  755s  ETA 2225s  best=64.4
  [ 38400/150000] 26%  763s  ETA 2216s  best=64.4
  [ 38784/150000] 26%  770s  ETA 2208s  best=64.4
  [ 39168/150000] 26%  777s  ETA 2199s  best=64.4
  [ 39552/150000] 26%  785s  ETA 2191s  best=64.4
  [ 39936/150000] 27%  792s  ETA 2182s  best=64.4
  [ 40320/150000] 27%  799s  ETA 2173s  best=64.4
  [ 40704/150000] 27%  806s  ETA 2165s  best=64.4
  [ 41088/150000] 27%  814s  ETA 2157s  best=64.4
  [ 41472/150000] 28%  821s  ETA 2149s  best=64.4
  [ 41856/150000] 28%  828s  ETA 2140s  best=64.4
  [ 42240/150000] 28%  836s  ETA 2132s  best=64.4
  [ 42624/150000] 28%  843s  ETA 2125s  best=64.4
  [ 43008/150000] 29%  851s  ETA 2116s  best=64.4
  [ 43392/150000] 29%  858s  ETA 2109s  best=64.4
  [ 43776/150000] 29%  866s  ETA 2100s  best=64.4
  [ 44160/150000] 29%  873s  ETA 2092s  best=64.4
  [ 44544/150000] 30%  880s  ETA 2083s  best=64.4
  [ 44928/150000] 30%  888s  ETA 2076s  best=64.4
  [ 45312/150000] 30%  895s  ETA 2068s  best=64.4
  [ 45696/150000] 30%  902s  ETA 2059s  best=64.4
  [ 46080/150000] 31%  909s  ETA 2051s  best=64.4
  [ 46464/150000] 31%  917s  ETA 2043s  best=64.4
  [ 46848/150000] 31%  924s  ETA 2035s  best=64.4
  [ 47232/150000] 31%  932s  ETA 2027s  best=64.4
  [ 47616/150000] 32%  939s  ETA 2019s  best=64.4
  [ 48000/150000] 32%  947s  ETA 2011s  best=64.4
  [ 48384/150000] 32%  954s  ETA 2003s  best=64.4
  [ 48768/150000] 33%  961s  ETA 1995s  best=64.4
  [ 49152/150000] 33%  968s  ETA 1987s  best=64.4
  [ 49536/150000] 33%  976s  ETA 1979s  best=64.4
  [ 49920/150000] 33%  983s  ETA 1971s  best=64.4
  [ 50304/150000] 34%  990s  ETA 1963s  best=64.4
  [ 50688/150000] 34%  998s  ETA 1955s  best=64.4
  [ 51072/150000] 34%  1005s  ETA 1947s  best=64.4
  [ 51456/150000] 34%  1012s  ETA 1939s  best=64.4
  [ 51840/150000] 35%  1020s  ETA 1931s  best=64.4
  [ 52224/150000] 35%  1027s  ETA 1924s  best=64.4
  [ 52608/150000] 35%  1035s  ETA 1916s  best=64.4
  [ 52992/150000] 35%  1042s  ETA 1908s  best=64.4
  [ 53376/150000] 36%  1050s  ETA 1900s  best=64.4
  [ 53760/150000] 36%  1057s  ETA 1892s  best=64.4
  [ 54144/150000] 36%  1064s  ETA 1884s  best=64.4
  [ 54528/150000] 36%  1072s  ETA 1877s  best=64.4
  [ 54912/150000] 37%  1079s  ETA 1869s  best=64.4
  [ 55296/150000] 37%  1087s  ETA 1861s  best=64.4
  [ 55680/150000] 37%  1094s  ETA 1853s  best=64.4
  [ 56064/150000] 37%  1101s  ETA 1846s  best=64.4
  [ 56448/150000] 38%  1109s  ETA 1837s  best=64.4
  [ 56832/150000] 38%  1116s  ETA 1830s  best=64.4
  [ 57216/150000] 38%  1124s  ETA 1822s  best=64.4
  [ 57600/150000] 38%  1131s  ETA 1814s  best=64.4
  [ 57984/150000] 39%  1138s  ETA 1806s  best=64.4
  [ 58368/150000] 39%  1145s  ETA 1798s  best=64.4
  [ 58752/150000] 39%  1153s  ETA 1790s  best=64.4
  [ 59136/150000] 39%  1160s  ETA 1783s  best=64.4
  [ 59520/150000] 40%  1168s  ETA 1775s  best=64.4
  [ 59904/150000] 40%  1175s  ETA 1767s  best=64.4
  [ 60288/150000] 40%  1183s  ETA 1760s  best=64.4
  [ 60672/150000] 40%  1190s  ETA 1752s  best=64.4
  [ 61056/150000] 41%  1197s  ETA 1744s  best=64.4
  [ 61440/150000] 41%  1204s  ETA 1736s  best=64.4
  [ 61824/150000] 41%  1212s  ETA 1728s  best=64.4
  [ 62208/150000] 41%  1219s  ETA 1720s  best=64.4
  [ 62592/150000] 42%  1227s  ETA 1713s  best=64.4
  [ 62976/150000] 42%  1234s  ETA 1705s  best=64.4
  [ 63360/150000] 42%  1241s  ETA 1697s  best=64.4
  [ 63744/150000] 42%  1249s  ETA 1690s  best=64.4
  [ 64128/150000] 43%  1256s  ETA 1682s  best=64.4
  [ 64512/150000] 43%  1264s  ETA 1674s  best=64.4
  [ 64896/150000] 43%  1271s  ETA 1667s  best=64.4
  [ 65280/150000] 44%  1278s  ETA 1659s  best=64.4
  [ 65664/150000] 44%  1286s  ETA 1651s  best=64.4
  [ 66048/150000] 44%  1293s  ETA 1643s  best=64.4
  [ 66432/150000] 44%  1300s  ETA 1636s  best=64.4
  [ 66816/150000] 45%  1308s  ETA 1628s  best=64.4
  [ 67200/150000] 45%  1315s  ETA 1620s  best=64.4
  [ 67584/150000] 45%  1322s  ETA 1613s  best=64.4
  [ 67968/150000] 45%  1330s  ETA 1605s  best=64.4
  [ 68352/150000] 46%  1337s  ETA 1597s  best=64.4
  [ 68736/150000] 46%  1344s  ETA 1590s  best=64.4
  [ 69120/150000] 46%  1352s  ETA 1582s  best=64.4
  [ 69504/150000] 46%  1359s  ETA 1574s  best=64.4
  [ 69888/150000] 47%  1366s  ETA 1566s  best=64.4
  [ 70272/150000] 47%  1374s  ETA 1558s  best=64.4
  [ 70656/150000] 47%  1381s  ETA 1551s  best=64.4
  [ 71040/150000] 47%  1388s  ETA 1543s  best=64.4
  [ 71424/150000] 48%  1395s  ETA 1535s  best=64.4
  [ 71808/150000] 48%  1403s  ETA 1527s  best=64.4
  [ 72192/150000] 48%  1410s  ETA 1520s  best=64.4
  [ 72576/150000] 48%  1418s  ETA 1512s  best=64.4
  [ 72960/150000] 49%  1424s  ETA 1504s  best=64.4
  [ 73344/150000] 49%  1432s  ETA 1497s  best=64.4
  [ 73728/150000] 49%  1439s  ETA 1489s  best=64.4
  [ 74112/150000] 49%  1446s  ETA 1481s  best=64.4
  [ 74496/150000] 50%  1454s  ETA 1474s  best=64.4
  [ 74880/150000] 50%  1461s  ETA 1466s  best=64.4
  [ 75264/150000] 50%  1469s  ETA 1458s  best=64.4
  [ 75648/150000] 50%  1476s  ETA 1451s  best=64.5
  [ 76032/150000] 51%  1484s  ETA 1443s  best=64.5
  [ 76416/150000] 51%  1491s  ETA 1435s  best=64.5
  [ 76800/150000] 51%  1498s  ETA 1428s  best=64.5
  [ 77184/150000] 51%  1506s  ETA 1420s  best=64.5
  [ 77568/150000] 52%  1513s  ETA 1413s  best=64.5
  [ 77952/150000] 52%  1520s  ETA 1405s  best=64.5
  [ 78336/150000] 52%  1528s  ETA 1398s  best=64.5
  [ 78720/150000] 52%  1535s  ETA 1390s  best=64.5
  [ 79104/150000] 53%  1543s  ETA 1383s  best=64.5
  [ 79488/150000] 53%  1550s  ETA 1375s  best=64.5
  [ 79872/150000] 53%  1558s  ETA 1368s  best=64.5
  [ 80256/150000] 54%  1565s  ETA 1360s  best=64.5
  [ 80640/150000] 54%  1573s  ETA 1353s  best=64.5
  [ 81024/150000] 54%  1580s  ETA 1345s  best=64.5
  [ 81408/150000] 54%  1587s  ETA 1337s  best=64.5
  [ 81792/150000] 55%  1595s  ETA 1330s  best=64.5
  [ 82176/150000] 55%  1602s  ETA 1322s  best=64.5
  [ 82560/150000] 55%  1610s  ETA 1315s  best=64.5
  [ 82944/150000] 55%  1617s  ETA 1307s  best=64.5
  [ 83328/150000] 56%  1625s  ETA 1300s  best=64.5
  [ 83712/150000] 56%  1632s  ETA 1292s  best=64.5
  [ 84096/150000] 56%  1639s  ETA 1285s  best=64.5
  [ 84480/150000] 56%  1646s  ETA 1277s  best=64.5
  [ 84864/150000] 57%  1654s  ETA 1269s  best=64.5
  [ 85248/150000] 57%  1661s  ETA 1262s  best=64.5
  [ 85632/150000] 57%  1669s  ETA 1254s  best=64.5
  [ 86016/150000] 57%  1676s  ETA 1247s  best=64.5
  [ 86400/150000] 58%  1683s  ETA 1239s  best=64.5
  [ 86784/150000] 58%  1690s  ETA 1231s  best=64.5
  [ 87168/150000] 58%  1698s  ETA 1224s  best=64.5
  [ 87552/150000] 58%  1705s  ETA 1216s  best=64.5
  [ 87936/150000] 59%  1713s  ETA 1209s  best=64.5
  [ 88320/150000] 59%  1720s  ETA 1201s  best=64.5
  [ 88704/150000] 59%  1727s  ETA 1194s  best=64.5
  [ 89088/150000] 59%  1734s  ETA 1186s  best=64.5
  [ 89472/150000] 60%  1742s  ETA 1178s  best=64.5
  [ 89856/150000] 60%  1749s  ETA 1171s  best=64.5
  [ 90240/150000] 60%  1756s  ETA 1163s  best=64.5
  [ 90624/150000] 60%  1764s  ETA 1156s  best=64.5
  [ 91008/150000] 61%  1771s  ETA 1148s  best=64.5
  [ 91392/150000] 61%  1779s  ETA 1141s  best=64.5
  [ 91776/150000] 61%  1786s  ETA 1133s  best=64.5
  [ 92160/150000] 61%  1793s  ETA 1125s  best=64.5
  [ 92544/150000] 62%  1801s  ETA 1118s  best=64.5
  [ 92928/150000] 62%  1808s  ETA 1110s  best=64.5
  [ 93312/150000] 62%  1815s  ETA 1103s  best=64.5
  [ 93696/150000] 62%  1823s  ETA 1095s  best=64.5
  [ 94080/150000] 63%  1830s  ETA 1088s  best=64.5
  [ 94464/150000] 63%  1837s  ETA 1080s  best=64.5
  [ 94848/150000] 63%  1845s  ETA 1073s  best=64.5
  [ 95232/150000] 63%  1852s  ETA 1065s  best=64.5
  [ 95616/150000] 64%  1859s  ETA 1058s  best=64.5
  [ 96000/150000] 64%  1867s  ETA 1050s  best=64.5
  [ 96384/150000] 64%  1874s  ETA 1043s  best=64.5
  [ 96768/150000] 65%  1882s  ETA 1035s  best=64.5
  [ 97152/150000] 65%  1890s  ETA 1028s  best=64.5
  [ 97536/150000] 65%  1897s  ETA 1020s  best=64.5
  [ 97920/150000] 65%  1905s  ETA 1013s  best=64.5
  [ 98304/150000] 66%  1912s  ETA 1005s  best=64.5
  [ 98688/150000] 66%  1919s  ETA 998s  best=64.5
  [ 99072/150000] 66%  1926s  ETA 990s  best=64.5
  [ 99456/150000] 66%  1934s  ETA 983s  best=64.5
  [ 99840/150000] 67%  1941s  ETA 975s  best=64.5
  [100224/150000] 67%  1948s  ETA 968s  best=64.5
  [100608/150000] 67%  1956s  ETA 960s  best=64.5
  [100992/150000] 67%  1963s  ETA 953s  best=64.5
  [101376/150000] 68%  1970s  ETA 945s  best=64.5
  [101760/150000] 68%  1978s  ETA 938s  best=64.5
  [102144/150000] 68%  1985s  ETA 930s  best=64.5
  [102528/150000] 68%  1993s  ETA 923s  best=64.5
  [102912/150000] 69%  2000s  ETA 915s  best=64.5
  [103296/150000] 69%  2008s  ETA 908s  best=64.5
  [103680/150000] 69%  2015s  ETA 900s  best=64.5
  [104064/150000] 69%  2022s  ETA 893s  best=64.5
  [104448/150000] 70%  2030s  ETA 885s  best=64.5
  [104832/150000] 70%  2037s  ETA 878s  best=64.5
  [105216/150000] 70%  2044s  ETA 870s  best=64.5
  [105600/150000] 70%  2052s  ETA 863s  best=64.5
  [105984/150000] 71%  2059s  ETA 855s  best=64.5
  [106368/150000] 71%  2067s  ETA 848s  best=64.5
  [106752/150000] 71%  2074s  ETA 840s  best=64.5
  [107136/150000] 71%  2081s  ETA 833s  best=64.5
  [107520/150000] 72%  2089s  ETA 825s  best=64.5
  [107904/150000] 72%  2097s  ETA 818s  best=64.5
  [108288/150000] 72%  2104s  ETA 810s  best=64.5
  [108672/150000] 72%  2111s  ETA 803s  best=64.5
  [109056/150000] 73%  2119s  ETA 795s  best=64.5
  [109440/150000] 73%  2126s  ETA 788s  best=64.5
  [109824/150000] 73%  2134s  ETA 781s  best=64.5
  [110208/150000] 73%  2141s  ETA 773s  best=64.5
  [110592/150000] 74%  2148s  ETA 766s  best=64.5
  [110976/150000] 74%  2156s  ETA 758s  best=64.5
  [111360/150000] 74%  2163s  ETA 751s  best=64.5
  [111744/150000] 74%  2170s  ETA 743s  best=64.5
  [112128/150000] 75%  2178s  ETA 736s  best=64.5
  [112512/150000] 75%  2185s  ETA 728s  best=64.5
  [112896/150000] 75%  2193s  ETA 721s  best=64.5
  [113280/150000] 76%  2200s  ETA 713s  best=64.5
  [113664/150000] 76%  2207s  ETA 706s  best=64.5
  [114048/150000] 76%  2215s  ETA 698s  best=64.5
  [114432/150000] 76%  2222s  ETA 691s  best=64.5
  [114816/150000] 77%  2229s  ETA 683s  best=64.5
  [115200/150000] 77%  2237s  ETA 676s  best=64.5
  [115584/150000] 77%  2244s  ETA 668s  best=64.5
  [115968/150000] 77%  2251s  ETA 661s  best=64.5
  [116352/150000] 78%  2259s  ETA 653s  best=64.5
  [116736/150000] 78%  2266s  ETA 646s  best=64.5
  [117120/150000] 78%  2273s  ETA 638s  best=64.5
  [117504/150000] 78%  2281s  ETA 631s  best=64.5
  [117888/150000] 79%  2288s  ETA 623s  best=64.5
  [118272/150000] 79%  2296s  ETA 616s  best=64.5
  [118656/150000] 79%  2303s  ETA 608s  best=64.5
  [119040/150000] 79%  2311s  ETA 601s  best=64.5
  [119424/150000] 80%  2318s  ETA 593s  best=64.5
  [119808/150000] 80%  2326s  ETA 586s  best=64.5
  [120192/150000] 80%  2333s  ETA 579s  best=64.5
  [120576/150000] 80%  2341s  ETA 571s  best=64.5
  [120960/150000] 81%  2348s  ETA 564s  best=64.5
  [121344/150000] 81%  2355s  ETA 556s  best=64.5
  [121728/150000] 81%  2362s  ETA 549s  best=64.5
  [122112/150000] 81%  2370s  ETA 541s  best=64.5
  [122496/150000] 82%  2377s  ETA 534s  best=64.5
  [122880/150000] 82%  2384s  ETA 526s  best=64.5
  [123264/150000] 82%  2392s  ETA 519s  best=64.5
  [123648/150000] 82%  2399s  ETA 511s  best=64.5
  [124032/150000] 83%  2407s  ETA 504s  best=64.5
  [124416/150000] 83%  2414s  ETA 496s  best=64.5
  [124800/150000] 83%  2422s  ETA 489s  best=64.5
  [125184/150000] 83%  2429s  ETA 482s  best=64.5
  [125568/150000] 84%  2436s  ETA 474s  best=64.5
  [125952/150000] 84%  2444s  ETA 467s  best=64.5
  [126336/150000] 84%  2451s  ETA 459s  best=64.5
  [126720/150000] 84%  2458s  ETA 452s  best=64.5
  [127104/150000] 85%  2466s  ETA 444s  best=64.5
  [127488/150000] 85%  2473s  ETA 437s  best=64.5
  [127872/150000] 85%  2481s  ETA 429s  best=64.5
  [128256/150000] 86%  2488s  ETA 422s  best=64.5
  [128640/150000] 86%  2496s  ETA 414s  best=64.5
  [129024/150000] 86%  2503s  ETA 407s  best=64.5
  [129408/150000] 86%  2510s  ETA 399s  best=64.5
  [129792/150000] 87%  2518s  ETA 392s  best=64.5
  [130176/150000] 87%  2525s  ETA 385s  best=64.5
  [130560/150000] 87%  2533s  ETA 377s  best=64.5
  [130944/150000] 87%  2540s  ETA 370s  best=64.5
  [131328/150000] 88%  2547s  ETA 362s  best=64.5
  [131712/150000] 88%  2555s  ETA 355s  best=64.5
  [132096/150000] 88%  2562s  ETA 347s  best=64.5
  [132480/150000] 88%  2569s  ETA 340s  best=64.5
  [132864/150000] 89%  2577s  ETA 332s  best=64.5
  [133248/150000] 89%  2584s  ETA 325s  best=64.5
  [133632/150000] 89%  2592s  ETA 317s  best=64.5
  [134016/150000] 89%  2599s  ETA 310s  best=64.5
  [134400/150000] 90%  2606s  ETA 303s  best=64.5
  [134784/150000] 90%  2614s  ETA 295s  best=64.5
  [135168/150000] 90%  2621s  ETA 288s  best=64.5
  [135552/150000] 90%  2629s  ETA 280s  best=64.5
  [135936/150000] 91%  2636s  ETA 273s  best=64.5
  [136320/150000] 91%  2643s  ETA 265s  best=64.5
  [136704/150000] 91%  2651s  ETA 258s  best=64.5
  [137088/150000] 91%  2658s  ETA 250s  best=64.5
  [137472/150000] 92%  2666s  ETA 243s  best=64.5
  [137856/150000] 92%  2673s  ETA 235s  best=64.5
  [138240/150000] 92%  2680s  ETA 228s  best=64.5
  [138624/150000] 92%  2688s  ETA 221s  best=64.5
  [139008/150000] 93%  2695s  ETA 213s  best=64.5
  [139392/150000] 93%  2703s  ETA 206s  best=64.5
  [139776/150000] 93%  2710s  ETA 198s  best=64.5
  [140160/150000] 93%  2717s  ETA 191s  best=64.5
  [140544/150000] 94%  2725s  ETA 183s  best=64.5
  [140928/150000] 94%  2732s  ETA 176s  best=64.5
  [141312/150000] 94%  2739s  ETA 168s  best=64.5
  [141696/150000] 94%  2747s  ETA 161s  best=64.5
  [142080/150000] 95%  2754s  ETA 154s  best=64.5
  [142464/150000] 95%  2762s  ETA 146s  best=64.5
  [142848/150000] 95%  2769s  ETA 139s  best=64.5
  [143232/150000] 95%  2776s  ETA 131s  best=64.5
  [143616/150000] 96%  2784s  ETA 124s  best=64.5
  [144000/150000] 96%  2791s  ETA 116s  best=64.5
  [144384/150000] 96%  2798s  ETA 109s  best=64.5
  [144768/150000] 97%  2806s  ETA 101s  best=64.5
  [145152/150000] 97%  2813s  ETA 94s  best=64.5
  [145536/150000] 97%  2821s  ETA 87s  best=64.5
  [145920/150000] 97%  2828s  ETA 79s  best=64.5
  [146304/150000] 98%  2835s  ETA 72s  best=64.5
  [146688/150000] 98%  2842s  ETA 64s  best=64.5
  [147072/150000] 98%  2850s  ETA 57s  best=64.5
  [147456/150000] 98%  2857s  ETA 49s  best=64.5
  [147840/150000] 99%  2864s  ETA 42s  best=64.5
  [148224/150000] 99%  2872s  ETA 34s  best=64.5
  [148608/150000] 99%  2879s  ETA 27s  best=64.5
  [148992/150000] 99%  2886s  ETA 20s  best=64.5
  [149376/150000] 100%  2894s  ETA 12s  best=64.5
  [149760/150000] 100%  2901s  ETA 5s  best=64.5
  [150000/150000] 100%  2907s  ETA 0s  best=64.5

Deep eval top 10 (500 MC)...
  [1/10] avg=74.9  seeds=['74.1', '75.3', '74.1', '78.0', '72.9']
  [2/10] avg=74.6  seeds=['74.1', '75.0', '73.6', '77.8', '72.6']
  [3/10] avg=74.5  seeds=['74.1', '74.9', '73.4', '77.5', '72.5']
  [4/10] avg=74.6  seeds=['74.1', '75.1', '73.8', '77.6', '72.5']
  [5/10] avg=74.6  seeds=['74.2', '75.2', '73.5', '77.8', '72.4']
  [6/10] avg=74.7  seeds=['74.2', '74.9', '73.8', '77.8', '72.7']
  [7/10] avg=74.9  seeds=['74.2', '75.2', '74.0', '77.9', '73.2']
  [8/10] avg=74.6  seeds=['73.9', '75.1', '73.7', '77.9', '72.5']
  [9/10] avg=74.7  seeds=['74.3', '74.9', '73.6', '78.0', '72.8']
  [10/10] avg=74.8  seeds=['74.4', '75.0', '73.9', '77.8', '73.1']

R18 BEST: 74.9
  death_base_rate=0.002
  death_food_factor=0.01
  food_base_regen=0.5
  food_competition=0.015
  food_forest_bonus=0.1
  food_pop_drain=0.06
  pop_growth_rate=0.2
  port_prob=0.15
  port_survival_bonus=0.0
  spawn_pop_threshold=0.3
  spawn_prob=0.1
R18: NEW BEST 74.9 (was 73.5)

Results saved to replay_cache/per_round_params.json
