CPUs: 192
Tuning rounds (3x grid): [12]

============================================================
R12: settle_rate=0.135, 5 seeds
============================================================
150000 combos x 5 seeds x 30 MC (coarse)
  [   384/150000] 0%  9s  ETA 3316s  best=51.0
  [   768/150000] 1%  15s  ETA 2906s  best=51.2
  [  1152/150000] 1%  21s  ETA 2678s  best=52.1
  [  1536/150000] 1%  27s  ETA 2568s  best=52.1
  [  1920/150000] 1%  32s  ETA 2465s  best=52.1
  [  2304/150000] 2%  37s  ETA 2396s  best=52.1
  [  2688/150000] 2%  43s  ETA 2353s  best=52.1
  [  3072/150000] 2%  48s  ETA 2311s  best=52.3
  [  3456/150000] 2%  54s  ETA 2282s  best=52.3
  [  3840/150000] 3%  59s  ETA 2252s  best=52.3
  [  4224/150000] 3%  64s  ETA 2218s  best=52.3
  [  4608/150000] 3%  69s  ETA 2190s  best=52.3
  [  4992/150000] 3%  74s  ETA 2163s  best=52.3
  [  5376/150000] 4%  80s  ETA 2141s  best=52.3
  [  5760/150000] 4%  85s  ETA 2120s  best=52.3
  [  6144/150000] 4%  90s  ETA 2099s  best=52.3
  [  6528/150000] 4%  95s  ETA 2084s  best=52.3
  [  6912/150000] 5%  100s  ETA 2069s  best=52.3
  [  7296/150000] 5%  105s  ETA 2053s  best=52.3
  [  7680/150000] 5%  110s  ETA 2040s  best=52.3
  [  8064/150000] 5%  115s  ETA 2028s  best=52.3
  [  8448/150000] 6%  120s  ETA 2011s  best=52.3
  [  8832/150000] 6%  125s  ETA 2000s  best=52.3
  [  9216/150000] 6%  130s  ETA 1990s  best=52.3
  [  9600/150000] 6%  135s  ETA 1978s  best=52.3
  [  9984/150000] 7%  140s  ETA 1967s  best=52.3
  [ 10368/150000] 7%  145s  ETA 1957s  best=52.3
  [ 10752/150000] 7%  150s  ETA 1948s  best=52.3
  [ 11136/150000] 7%  156s  ETA 1941s  best=52.3
  [ 11520/150000] 8%  161s  ETA 1933s  best=52.3
  [ 11904/150000] 8%  166s  ETA 1922s  best=52.3
  [ 12288/150000] 8%  171s  ETA 1914s  best=53.0
  [ 12672/150000] 8%  176s  ETA 1906s  best=53.0
  [ 13056/150000] 9%  181s  ETA 1898s  best=53.0
  [ 13440/150000] 9%  186s  ETA 1892s  best=53.0
  [ 13824/150000] 9%  191s  ETA 1883s  best=53.0
  [ 14208/150000] 9%  196s  ETA 1876s  best=53.0
  [ 14592/150000] 10%  201s  ETA 1868s  best=53.0
  [ 14976/150000] 10%  206s  ETA 1860s  best=53.0
  [ 15360/150000] 10%  211s  ETA 1853s  best=53.0
  [ 15744/150000] 10%  216s  ETA 1845s  best=53.0
  [ 16128/150000] 11%  222s  ETA 1839s  best=53.0
  [ 16512/150000] 11%  227s  ETA 1831s  best=53.0
  [ 16896/150000] 11%  232s  ETA 1825s  best=53.0
  [ 17280/150000] 12%  237s  ETA 1818s  best=53.0
  [ 17664/150000] 12%  242s  ETA 1813s  best=53.0
  [ 18048/150000] 12%  247s  ETA 1807s  best=53.0
  [ 18432/150000] 12%  252s  ETA 1801s  best=53.0
  [ 18816/150000] 13%  257s  ETA 1794s  best=53.0
  [ 19200/150000] 13%  262s  ETA 1787s  best=53.0
  [ 19584/150000] 13%  267s  ETA 1781s  best=53.0
  [ 19968/150000] 13%  272s  ETA 1774s  best=53.0
  [ 20352/150000] 14%  278s  ETA 1768s  best=53.0
  [ 20736/150000] 14%  283s  ETA 1762s  best=53.0
  [ 21120/150000] 14%  287s  ETA 1754s  best=53.0
  [ 21504/150000] 14%  293s  ETA 1748s  best=53.0
  [ 21888/150000] 15%  298s  ETA 1743s  best=53.0
  [ 22272/150000] 15%  303s  ETA 1736s  best=53.0
  [ 22656/150000] 15%  308s  ETA 1729s  best=53.0
  [ 23040/150000] 15%  313s  ETA 1723s  best=53.0
  [ 23424/150000] 16%  318s  ETA 1717s  best=53.0
  [ 23808/150000] 16%  323s  ETA 1711s  best=53.0
  [ 24192/150000] 16%  328s  ETA 1706s  best=53.0
  [ 24576/150000] 16%  333s  ETA 1698s  best=53.0
  [ 24960/150000] 17%  338s  ETA 1693s  best=53.0
  [ 25344/150000] 17%  343s  ETA 1689s  best=53.0
  [ 25728/150000] 17%  348s  ETA 1683s  best=53.0
  [ 26112/150000] 17%  353s  ETA 1677s  best=53.0
  [ 26496/150000] 18%  358s  ETA 1669s  best=53.0
  [ 26880/150000] 18%  363s  ETA 1664s  best=53.0
  [ 27264/150000] 18%  369s  ETA 1659s  best=53.0
  [ 27648/150000] 18%  373s  ETA 1653s  best=53.0
  [ 28032/150000] 19%  379s  ETA 1648s  best=53.0
  [ 28416/150000] 19%  384s  ETA 1642s  best=53.0
  [ 28800/150000] 19%  389s  ETA 1636s  best=53.0
  [ 29184/150000] 19%  394s  ETA 1631s  best=53.0
  [ 29568/150000] 20%  399s  ETA 1625s  best=53.0
  [ 29952/150000] 20%  404s  ETA 1619s  best=53.0
  [ 30336/150000] 20%  409s  ETA 1613s  best=53.0
  [ 30720/150000] 20%  414s  ETA 1607s  best=53.0
  [ 31104/150000] 21%  419s  ETA 1602s  best=53.0
  [ 31488/150000] 21%  424s  ETA 1596s  best=53.0
  [ 31872/150000] 21%  429s  ETA 1590s  best=53.0
  [ 32256/150000] 22%  434s  ETA 1585s  best=53.0
  [ 32640/150000] 22%  439s  ETA 1580s  best=53.0
  [ 33024/150000] 22%  444s  ETA 1574s  best=53.0
  [ 33408/150000] 22%  449s  ETA 1568s  best=53.0
  [ 33792/150000] 23%  454s  ETA 1562s  best=53.0
  [ 34176/150000] 23%  459s  ETA 1557s  best=53.0
  [ 34560/150000] 23%  464s  ETA 1551s  best=53.0
  [ 34944/150000] 23%  469s  ETA 1546s  best=53.0
  [ 35328/150000] 24%  474s  ETA 1540s  best=53.0
  [ 35712/150000] 24%  479s  ETA 1534s  best=53.0
  [ 36096/150000] 24%  485s  ETA 1529s  best=53.0
  [ 36480/150000] 24%  489s  ETA 1523s  best=53.0
  [ 36864/150000] 25%  495s  ETA 1518s  best=53.0
  [ 37248/150000] 25%  500s  ETA 1513s  best=53.0
  [ 37632/150000] 25%  505s  ETA 1507s  best=53.0
  [ 38016/150000] 25%  510s  ETA 1501s  best=53.0
  [ 38400/150000] 26%  515s  ETA 1496s  best=53.0
  [ 38784/150000] 26%  520s  ETA 1491s  best=53.0
  [ 39168/150000] 26%  525s  ETA 1486s  best=53.0
  [ 39552/150000] 26%  530s  ETA 1480s  best=53.0
  [ 39936/150000] 27%  535s  ETA 1475s  best=53.0
  [ 40320/150000] 27%  540s  ETA 1469s  best=53.0
  [ 40704/150000] 27%  545s  ETA 1464s  best=53.0
  [ 41088/150000] 27%  550s  ETA 1458s  best=53.0
  [ 41472/150000] 28%  555s  ETA 1453s  best=53.0
  [ 41856/150000] 28%  560s  ETA 1448s  best=53.0
  [ 42240/150000] 28%  565s  ETA 1443s  best=53.0
  [ 42624/150000] 28%  571s  ETA 1437s  best=53.0
  [ 43008/150000] 29%  576s  ETA 1432s  best=53.0
  [ 43392/150000] 29%  581s  ETA 1426s  best=53.0
  [ 43776/150000] 29%  586s  ETA 1421s  best=53.0
  [ 44160/150000] 29%  591s  ETA 1416s  best=53.0
  [ 44544/150000] 30%  596s  ETA 1410s  best=53.0
  [ 44928/150000] 30%  601s  ETA 1406s  best=53.0
  [ 45312/150000] 30%  606s  ETA 1400s  best=53.0
  [ 45696/150000] 30%  611s  ETA 1395s  best=53.0
  [ 46080/150000] 31%  616s  ETA 1389s  best=53.0
  [ 46464/150000] 31%  621s  ETA 1384s  best=53.0
  [ 46848/150000] 31%  626s  ETA 1378s  best=53.0
  [ 47232/150000] 31%  631s  ETA 1373s  best=53.0
  [ 47616/150000] 32%  636s  ETA 1367s  best=53.0
  [ 48000/150000] 32%  641s  ETA 1362s  best=53.0
  [ 48384/150000] 32%  646s  ETA 1357s  best=53.0
  [ 48768/150000] 33%  651s  ETA 1352s  best=53.0
  [ 49152/150000] 33%  656s  ETA 1347s  best=53.0
  [ 49536/150000] 33%  661s  ETA 1341s  best=53.0
  [ 49920/150000] 33%  666s  ETA 1336s  best=53.0
  [ 50304/150000] 34%  671s  ETA 1331s  best=53.0
  [ 50688/150000] 34%  677s  ETA 1326s  best=53.0
  [ 51072/150000] 34%  682s  ETA 1320s  best=53.0
  [ 51456/150000] 34%  686s  ETA 1315s  best=53.0
  [ 51840/150000] 35%  691s  ETA 1309s  best=53.0
  [ 52224/150000] 35%  697s  ETA 1304s  best=53.0
  [ 52608/150000] 35%  702s  ETA 1299s  best=53.0
  [ 52992/150000] 35%  707s  ETA 1293s  best=53.0
  [ 53376/150000] 36%  712s  ETA 1288s  best=53.0
  [ 53760/150000] 36%  716s  ETA 1283s  best=53.0
  [ 54144/150000] 36%  722s  ETA 1278s  best=53.0
  [ 54528/150000] 36%  727s  ETA 1273s  best=53.0
  [ 54912/150000] 37%  732s  ETA 1267s  best=53.0
  [ 55296/150000] 37%  737s  ETA 1263s  best=53.0
  [ 55680/150000] 37%  742s  ETA 1257s  best=53.0
  [ 56064/150000] 37%  747s  ETA 1252s  best=53.0
  [ 56448/150000] 38%  752s  ETA 1247s  best=53.0
  [ 56832/150000] 38%  757s  ETA 1242s  best=53.0
  [ 57216/150000] 38%  762s  ETA 1236s  best=53.0
  [ 57600/150000] 38%  767s  ETA 1231s  best=53.0
  [ 57984/150000] 39%  772s  ETA 1226s  best=53.0
  [ 58368/150000] 39%  778s  ETA 1221s  best=53.0
  [ 58752/150000] 39%  783s  ETA 1216s  best=53.0
  [ 59136/150000] 39%  788s  ETA 1211s  best=53.0
  [ 59520/150000] 40%  793s  ETA 1205s  best=53.0
  [ 59904/150000] 40%  798s  ETA 1200s  best=53.0
  [ 60288/150000] 40%  803s  ETA 1195s  best=53.0
  [ 60672/150000] 40%  808s  ETA 1190s  best=53.0
  [ 61056/150000] 41%  813s  ETA 1185s  best=53.0
  [ 61440/150000] 41%  818s  ETA 1179s  best=53.0
  [ 61824/150000] 41%  823s  ETA 1174s  best=53.0
  [ 62208/150000] 41%  828s  ETA 1169s  best=53.0
  [ 62592/150000] 42%  833s  ETA 1164s  best=53.0
  [ 62976/150000] 42%  838s  ETA 1158s  best=53.0
  [ 63360/150000] 42%  844s  ETA 1153s  best=53.0
  [ 63744/150000] 42%  848s  ETA 1148s  best=53.0
  [ 64128/150000] 43%  853s  ETA 1143s  best=53.0
  [ 64512/150000] 43%  858s  ETA 1138s  best=53.0
  [ 64896/150000] 43%  863s  ETA 1132s  best=53.0
  [ 65280/150000] 44%  869s  ETA 1127s  best=53.0
  [ 65664/150000] 44%  874s  ETA 1122s  best=53.0
  [ 66048/150000] 44%  879s  ETA 1117s  best=53.0
  [ 66432/150000] 44%  884s  ETA 1112s  best=53.0
  [ 66816/150000] 45%  889s  ETA 1106s  best=53.0
  [ 67200/150000] 45%  894s  ETA 1101s  best=53.0
  [ 67584/150000] 45%  899s  ETA 1096s  best=53.0
  [ 67968/150000] 45%  904s  ETA 1091s  best=53.0
  [ 68352/150000] 46%  909s  ETA 1086s  best=53.0
  [ 68736/150000] 46%  914s  ETA 1080s  best=53.0
  [ 69120/150000] 46%  919s  ETA 1075s  best=53.0
  [ 69504/150000] 46%  924s  ETA 1070s  best=53.0
  [ 69888/150000] 47%  929s  ETA 1065s  best=53.0
  [ 70272/150000] 47%  934s  ETA 1060s  best=53.0
  [ 70656/150000] 47%  939s  ETA 1055s  best=53.0
  [ 71040/150000] 47%  944s  ETA 1050s  best=53.0
  [ 71424/150000] 48%  949s  ETA 1044s  best=53.0
  [ 71808/150000] 48%  955s  ETA 1039s  best=53.0
  [ 72192/150000] 48%  960s  ETA 1034s  best=53.0
  [ 72576/150000] 48%  965s  ETA 1029s  best=53.0
  [ 72960/150000] 49%  970s  ETA 1024s  best=53.0
  [ 73344/150000] 49%  975s  ETA 1019s  best=53.0
  [ 73728/150000] 49%  980s  ETA 1014s  best=53.0
  [ 74112/150000] 49%  985s  ETA 1009s  best=53.0
  [ 74496/150000] 50%  990s  ETA 1003s  best=53.0
  [ 74880/150000] 50%  995s  ETA 998s  best=53.0
  [ 75264/150000] 50%  1000s  ETA 993s  best=53.0
  [ 75648/150000] 50%  1005s  ETA 988s  best=53.0
  [ 76032/150000] 51%  1011s  ETA 983s  best=53.0
  [ 76416/150000] 51%  1016s  ETA 978s  best=53.0
  [ 76800/150000] 51%  1021s  ETA 973s  best=53.0
  [ 77184/150000] 51%  1026s  ETA 968s  best=53.0
  [ 77568/150000] 52%  1031s  ETA 963s  best=53.0
  [ 77952/150000] 52%  1036s  ETA 957s  best=53.0
  [ 78336/150000] 52%  1041s  ETA 952s  best=53.0
  [ 78720/150000] 52%  1046s  ETA 947s  best=53.0
  [ 79104/150000] 53%  1051s  ETA 942s  best=53.0
  [ 79488/150000] 53%  1056s  ETA 937s  best=53.0
  [ 79872/150000] 53%  1061s  ETA 932s  best=53.0
  [ 80256/150000] 54%  1066s  ETA 927s  best=53.0
  [ 80640/150000] 54%  1071s  ETA 921s  best=53.0
  [ 81024/150000] 54%  1076s  ETA 916s  best=53.0
  [ 81408/150000] 54%  1081s  ETA 911s  best=53.0
  [ 81792/150000] 55%  1086s  ETA 906s  best=53.0
  [ 82176/150000] 55%  1092s  ETA 901s  best=53.0
  [ 82560/150000] 55%  1097s  ETA 896s  best=53.0
  [ 82944/150000] 55%  1102s  ETA 891s  best=53.0
  [ 83328/150000] 56%  1107s  ETA 886s  best=53.0
  [ 83712/150000] 56%  1112s  ETA 880s  best=53.0
  [ 84096/150000] 56%  1117s  ETA 875s  best=53.0
  [ 84480/150000] 56%  1122s  ETA 870s  best=53.0
  [ 84864/150000] 57%  1127s  ETA 865s  best=53.0
  [ 85248/150000] 57%  1132s  ETA 860s  best=53.0
  [ 85632/150000] 57%  1137s  ETA 855s  best=53.0
  [ 86016/150000] 57%  1142s  ETA 849s  best=53.0
  [ 86400/150000] 58%  1147s  ETA 844s  best=53.0
  [ 86784/150000] 58%  1152s  ETA 839s  best=53.0
  [ 87168/150000] 58%  1157s  ETA 834s  best=53.0
  [ 87552/150000] 58%  1162s  ETA 829s  best=53.0
  [ 87936/150000] 59%  1167s  ETA 824s  best=53.0
  [ 88320/150000] 59%  1172s  ETA 819s  best=53.0
  [ 88704/150000] 59%  1177s  ETA 813s  best=53.0
  [ 89088/150000] 59%  1182s  ETA 808s  best=53.0
  [ 89472/150000] 60%  1187s  ETA 803s  best=53.0
  [ 89856/150000] 60%  1192s  ETA 798s  best=53.0
  [ 90240/150000] 60%  1197s  ETA 793s  best=53.0
  [ 90624/150000] 60%  1202s  ETA 788s  best=53.0
  [ 91008/150000] 61%  1207s  ETA 783s  best=53.0
  [ 91392/150000] 61%  1212s  ETA 777s  best=53.0
  [ 91776/150000] 61%  1218s  ETA 772s  best=53.0
  [ 92160/150000] 61%  1222s  ETA 767s  best=53.0
  [ 92544/150000] 62%  1228s  ETA 762s  best=53.0
  [ 92928/150000] 62%  1233s  ETA 757s  best=53.0
  [ 93312/150000] 62%  1238s  ETA 752s  best=53.0
  [ 93696/150000] 62%  1243s  ETA 747s  best=53.0
  [ 94080/150000] 63%  1248s  ETA 742s  best=53.0
  [ 94464/150000] 63%  1253s  ETA 737s  best=53.0
  [ 94848/150000] 63%  1258s  ETA 731s  best=53.0
  [ 95232/150000] 63%  1263s  ETA 726s  best=53.0
  [ 95616/150000] 64%  1268s  ETA 721s  best=53.0
  [ 96000/150000] 64%  1273s  ETA 716s  best=53.0
  [ 96384/150000] 64%  1278s  ETA 711s  best=53.0
  [ 96768/150000] 65%  1283s  ETA 706s  best=53.0
  [ 97152/150000] 65%  1288s  ETA 701s  best=53.0
  [ 97536/150000] 65%  1293s  ETA 696s  best=53.0
  [ 97920/150000] 65%  1299s  ETA 691s  best=53.0
  [ 98304/150000] 66%  1304s  ETA 686s  best=53.0
  [ 98688/150000] 66%  1309s  ETA 681s  best=53.0
  [ 99072/150000] 66%  1314s  ETA 676s  best=53.0
  [ 99456/150000] 66%  1319s  ETA 671s  best=53.0
  [ 99840/150000] 67%  1325s  ETA 666s  best=53.0
  [100224/150000] 67%  1330s  ETA 660s  best=53.0
  [100608/150000] 67%  1335s  ETA 655s  best=53.0
  [100992/150000] 67%  1340s  ETA 650s  best=53.0
  [101376/150000] 68%  1345s  ETA 645s  best=53.0
  [101760/150000] 68%  1350s  ETA 640s  best=53.0
  [102144/150000] 68%  1355s  ETA 635s  best=53.0
  [102528/150000] 68%  1360s  ETA 630s  best=53.0
  [102912/150000] 69%  1365s  ETA 625s  best=53.0
  [103296/150000] 69%  1371s  ETA 620s  best=53.0
  [103680/150000] 69%  1376s  ETA 615s  best=53.0
  [104064/150000] 69%  1381s  ETA 610s  best=53.0
  [104448/150000] 70%  1386s  ETA 604s  best=53.0
  [104832/150000] 70%  1391s  ETA 599s  best=53.0
  [105216/150000] 70%  1396s  ETA 594s  best=53.0
  [105600/150000] 70%  1401s  ETA 589s  best=53.0
  [105984/150000] 71%  1406s  ETA 584s  best=53.0
  [106368/150000] 71%  1411s  ETA 579s  best=53.0
  [106752/150000] 71%  1416s  ETA 574s  best=53.0
  [107136/150000] 71%  1421s  ETA 569s  best=53.0
  [107520/150000] 72%  1427s  ETA 564s  best=53.0
  [107904/150000] 72%  1432s  ETA 558s  best=53.0
  [108288/150000] 72%  1436s  ETA 553s  best=53.0
  [108672/150000] 72%  1442s  ETA 548s  best=53.0
  [109056/150000] 73%  1446s  ETA 543s  best=53.0
  [109440/150000] 73%  1451s  ETA 538s  best=53.0
  [109824/150000] 73%  1457s  ETA 533s  best=53.0
  [110208/150000] 73%  1462s  ETA 528s  best=53.0
  [110592/150000] 74%  1467s  ETA 523s  best=53.0
  [110976/150000] 74%  1472s  ETA 518s  best=53.0
  [111360/150000] 74%  1477s  ETA 512s  best=53.0
  [111744/150000] 74%  1482s  ETA 507s  best=53.0
  [112128/150000] 75%  1487s  ETA 502s  best=53.0
  [112512/150000] 75%  1492s  ETA 497s  best=53.0
  [112896/150000] 75%  1497s  ETA 492s  best=53.0
  [113280/150000] 76%  1502s  ETA 487s  best=53.0
  [113664/150000] 76%  1507s  ETA 482s  best=53.0
  [114048/150000] 76%  1512s  ETA 477s  best=53.0
  [114432/150000] 76%  1517s  ETA 472s  best=53.0
  [114816/150000] 77%  1523s  ETA 467s  best=53.0
  [115200/150000] 77%  1528s  ETA 461s  best=53.0
  [115584/150000] 77%  1533s  ETA 456s  best=53.0
  [115968/150000] 77%  1538s  ETA 451s  best=53.0
  [116352/150000] 78%  1543s  ETA 446s  best=53.0
  [116736/150000] 78%  1548s  ETA 441s  best=53.0
  [117120/150000] 78%  1553s  ETA 436s  best=53.0
  [117504/150000] 78%  1558s  ETA 431s  best=53.0
  [117888/150000] 79%  1563s  ETA 426s  best=53.0
  [118272/150000] 79%  1568s  ETA 421s  best=53.0
  [118656/150000] 79%  1573s  ETA 416s  best=53.0
  [119040/150000] 79%  1578s  ETA 410s  best=53.0
  [119424/150000] 80%  1584s  ETA 405s  best=53.0
  [119808/150000] 80%  1588s  ETA 400s  best=53.0
  [120192/150000] 80%  1594s  ETA 395s  best=53.0
  [120576/150000] 80%  1599s  ETA 390s  best=53.0
  [120960/150000] 81%  1603s  ETA 385s  best=53.0
  [121344/150000] 81%  1609s  ETA 380s  best=53.0
  [121728/150000] 81%  1614s  ETA 375s  best=53.0
  [122112/150000] 81%  1619s  ETA 370s  best=53.0
  [122496/150000] 82%  1624s  ETA 365s  best=53.0
  [122880/150000] 82%  1629s  ETA 359s  best=53.0
  [123264/150000] 82%  1634s  ETA 354s  best=53.0
  [123648/150000] 82%  1639s  ETA 349s  best=53.0
  [124032/150000] 83%  1644s  ETA 344s  best=53.0
  [124416/150000] 83%  1649s  ETA 339s  best=53.0
  [124800/150000] 83%  1654s  ETA 334s  best=53.0
  [125184/150000] 83%  1659s  ETA 329s  best=53.0
  [125568/150000] 84%  1664s  ETA 324s  best=53.0
  [125952/150000] 84%  1669s  ETA 319s  best=53.0
  [126336/150000] 84%  1674s  ETA 314s  best=53.0
  [126720/150000] 84%  1679s  ETA 308s  best=53.0
  [127104/150000] 85%  1684s  ETA 303s  best=53.0
  [127488/150000] 85%  1689s  ETA 298s  best=53.0
  [127872/150000] 85%  1694s  ETA 293s  best=53.0
  [128256/150000] 86%  1699s  ETA 288s  best=53.0
  [128640/150000] 86%  1705s  ETA 283s  best=53.0
  [129024/150000] 86%  1710s  ETA 278s  best=53.0
  [129408/150000] 86%  1715s  ETA 273s  best=53.0
  [129792/150000] 87%  1720s  ETA 268s  best=53.0
  [130176/150000] 87%  1725s  ETA 263s  best=53.0
  [130560/150000] 87%  1730s  ETA 258s  best=53.0
  [130944/150000] 87%  1735s  ETA 252s  best=53.0
  [131328/150000] 88%  1740s  ETA 247s  best=53.0
  [131712/150000] 88%  1745s  ETA 242s  best=53.0
  [132096/150000] 88%  1750s  ETA 237s  best=53.0
  [132480/150000] 88%  1755s  ETA 232s  best=53.0
  [132864/150000] 89%  1760s  ETA 227s  best=53.0
  [133248/150000] 89%  1765s  ETA 222s  best=53.0
  [133632/150000] 89%  1770s  ETA 217s  best=53.0
  [134016/150000] 89%  1776s  ETA 212s  best=53.0
  [134400/150000] 90%  1780s  ETA 207s  best=53.0
  [134784/150000] 90%  1785s  ETA 202s  best=53.0
  [135168/150000] 90%  1791s  ETA 196s  best=53.0
  [135552/150000] 90%  1796s  ETA 191s  best=53.0
  [135936/150000] 91%  1801s  ETA 186s  best=53.0
  [136320/150000] 91%  1806s  ETA 181s  best=53.0
  [136704/150000] 91%  1811s  ETA 176s  best=53.0
  [137088/150000] 91%  1816s  ETA 171s  best=53.0
  [137472/150000] 92%  1821s  ETA 166s  best=53.0
  [137856/150000] 92%  1826s  ETA 161s  best=53.0
  [138240/150000] 92%  1831s  ETA 156s  best=53.0
  [138624/150000] 92%  1836s  ETA 151s  best=53.0
  [139008/150000] 93%  1841s  ETA 146s  best=53.0
  [139392/150000] 93%  1847s  ETA 141s  best=53.0
  [139776/150000] 93%  1852s  ETA 135s  best=53.0
  [140160/150000] 93%  1857s  ETA 130s  best=53.0
  [140544/150000] 94%  1862s  ETA 125s  best=53.0
  [140928/150000] 94%  1867s  ETA 120s  best=53.0
  [141312/150000] 94%  1872s  ETA 115s  best=53.0
  [141696/150000] 94%  1877s  ETA 110s  best=53.0
  [142080/150000] 95%  1882s  ETA 105s  best=53.0
  [142464/150000] 95%  1887s  ETA 100s  best=53.0
  [142848/150000] 95%  1892s  ETA 95s  best=53.0
  [143232/150000] 95%  1897s  ETA 90s  best=53.0
  [143616/150000] 96%  1903s  ETA 85s  best=53.0
  [144000/150000] 96%  1908s  ETA 79s  best=53.0
  [144384/150000] 96%  1913s  ETA 74s  best=53.0
  [144768/150000] 97%  1918s  ETA 69s  best=53.0
  [145152/150000] 97%  1923s  ETA 64s  best=53.0
  [145536/150000] 97%  1928s  ETA 59s  best=53.0
  [145920/150000] 97%  1933s  ETA 54s  best=53.0
  [146304/150000] 98%  1938s  ETA 49s  best=53.0
  [146688/150000] 98%  1943s  ETA 44s  best=53.0
  [147072/150000] 98%  1948s  ETA 39s  best=53.0
  [147456/150000] 98%  1953s  ETA 34s  best=53.0
  [147840/150000] 99%  1958s  ETA 29s  best=53.0
  [148224/150000] 99%  1963s  ETA 24s  best=53.0
  [148608/150000] 99%  1968s  ETA 18s  best=53.0
  [148992/150000] 99%  1973s  ETA 13s  best=53.0
  [149376/150000] 100%  1978s  ETA 8s  best=53.0
  [149760/150000] 100%  1983s  ETA 3s  best=53.0
  [150000/150000] 100%  1988s  ETA 0s  best=53.0

Deep eval top 10 (500 MC)...
  [1/10] avg=62.7  seeds=['63.5', '61.6', '63.3', '63.5', '61.3']
  [2/10] avg=62.3  seeds=['63.2', '61.0', '62.8', '63.3', '61.2']
  [3/10] avg=62.7  seeds=['63.3', '61.6', '63.0', '64.0', '61.6']
  [4/10] avg=62.6  seeds=['63.5', '61.2', '63.4', '63.4', '61.4']
  [5/10] avg=62.5  seeds=['63.5', '61.2', '63.1', '63.4', '61.2']
  [6/10] avg=62.6  seeds=['64.0', '60.9', '63.4', '63.6', '61.2']
  [7/10] avg=62.6  seeds=['63.4', '61.7', '63.0', '63.7', '61.2']
  [8/10] avg=62.7  seeds=['64.1', '61.7', '63.3', '63.8', '60.8']
  [9/10] avg=61.2  seeds=['62.0', '59.9', '61.4', '62.6', '60.1']
  [10/10] avg=61.5  seeds=['62.3', '60.3', '61.5', '62.7', '60.4']

R12 BEST: 62.7
  death_base_rate=0.003
  death_food_factor=0.02
  food_base_regen=0.3
  food_competition=0.02
  food_forest_bonus=0.08
  food_pop_drain=0.06
  pop_growth_rate=0.06
  port_prob=0.08
  port_survival_bonus=0.02
  spawn_pop_threshold=0.7
  spawn_prob=0.14
R12: keeping old 67.2 > new 62.7

Results saved to replay_cache/per_round_params.json
