CPUs: 192
Tuning rounds (3x grid): [15]

============================================================
R15: settle_rate=0.164, 5 seeds
============================================================
150000 combos x 5 seeds x 30 MC (coarse)
  [   384/150000] 0%  8s  ETA 3243s  best=72.1
  [   768/150000] 1%  15s  ETA 2887s  best=72.1
  [  1152/150000] 1%  21s  ETA 2766s  best=72.1
  [  1536/150000] 1%  27s  ETA 2648s  best=72.3
  [  1920/150000] 1%  33s  ETA 2545s  best=72.3
  [  2304/150000] 2%  39s  ETA 2469s  best=72.3
  [  2688/150000] 2%  44s  ETA 2417s  best=72.3
  [  3072/150000] 2%  50s  ETA 2371s  best=72.3
  [  3456/150000] 2%  55s  ETA 2338s  best=72.3
  [  3840/150000] 3%  61s  ETA 2304s  best=72.3
  [  4224/150000] 3%  66s  ETA 2265s  best=72.3
  [  4608/150000] 3%  71s  ETA 2231s  best=72.3
  [  4992/150000] 3%  76s  ETA 2199s  best=72.3
  [  5376/150000] 4%  81s  ETA 2176s  best=72.3
  [  5760/150000] 4%  86s  ETA 2153s  best=72.3
  [  6144/150000] 4%  91s  ETA 2127s  best=72.3
  [  6528/150000] 4%  96s  ETA 2111s  best=72.3
  [  6912/150000] 5%  101s  ETA 2096s  best=72.3
  [  7296/150000] 5%  106s  ETA 2077s  best=72.3
  [  7680/150000] 5%  111s  ETA 2065s  best=72.3
  [  8064/150000] 5%  116s  ETA 2050s  best=72.4
  [  8448/150000] 6%  121s  ETA 2031s  best=72.4
  [  8832/150000] 6%  126s  ETA 2016s  best=72.4
  [  9216/150000] 6%  131s  ETA 2003s  best=72.4
  [  9600/150000] 6%  136s  ETA 1989s  best=72.4
  [  9984/150000] 7%  141s  ETA 1976s  best=72.4
  [ 10368/150000] 7%  146s  ETA 1963s  best=72.4
  [ 10752/150000] 7%  151s  ETA 1952s  best=72.4
  [ 11136/150000] 7%  156s  ETA 1942s  best=72.4
  [ 11520/150000] 8%  161s  ETA 1933s  best=72.4
  [ 11904/150000] 8%  166s  ETA 1920s  best=72.4
  [ 12288/150000] 8%  170s  ETA 1910s  best=72.4
  [ 12672/150000] 8%  175s  ETA 1901s  best=72.4
  [ 13056/150000] 9%  180s  ETA 1891s  best=72.4
  [ 13440/150000] 9%  185s  ETA 1883s  best=72.4
  [ 13824/150000] 9%  190s  ETA 1873s  best=72.4
  [ 14208/150000] 9%  195s  ETA 1865s  best=72.4
  [ 14592/150000] 10%  200s  ETA 1855s  best=72.4
  [ 14976/150000] 10%  205s  ETA 1846s  best=72.4
  [ 15360/150000] 10%  210s  ETA 1837s  best=72.4
  [ 15744/150000] 10%  214s  ETA 1828s  best=72.4
  [ 16128/150000] 11%  219s  ETA 1820s  best=72.4
  [ 16512/150000] 11%  224s  ETA 1812s  best=72.7
  [ 16896/150000] 11%  229s  ETA 1804s  best=72.7
  [ 17280/150000] 12%  234s  ETA 1797s  best=72.7
  [ 17664/150000] 12%  239s  ETA 1790s  best=72.7
  [ 18048/150000] 12%  244s  ETA 1784s  best=72.7
  [ 18432/150000] 12%  249s  ETA 1777s  best=72.7
  [ 18816/150000] 13%  254s  ETA 1768s  best=72.7
  [ 19200/150000] 13%  258s  ETA 1761s  best=72.7
  [ 19584/150000] 13%  263s  ETA 1754s  best=72.7
  [ 19968/150000] 13%  268s  ETA 1746s  best=72.7
  [ 20352/150000] 14%  273s  ETA 1739s  best=72.7
  [ 20736/150000] 14%  278s  ETA 1732s  best=72.7
  [ 21120/150000] 14%  283s  ETA 1724s  best=72.7
  [ 21504/150000] 14%  287s  ETA 1718s  best=72.7
  [ 21888/150000] 15%  292s  ETA 1711s  best=72.7
  [ 22272/150000] 15%  297s  ETA 1705s  best=72.7
  [ 22656/150000] 15%  302s  ETA 1697s  best=72.7
  [ 23040/150000] 15%  307s  ETA 1690s  best=72.7
  [ 23424/150000] 16%  312s  ETA 1683s  best=72.7
  [ 23808/150000] 16%  316s  ETA 1677s  best=72.7
  [ 24192/150000] 16%  321s  ETA 1671s  best=72.7
  [ 24576/150000] 16%  326s  ETA 1663s  best=72.7
  [ 24960/150000] 17%  331s  ETA 1658s  best=72.7
  [ 25344/150000] 17%  336s  ETA 1652s  best=72.7
  [ 25728/150000] 17%  341s  ETA 1646s  best=72.7
  [ 26112/150000] 17%  346s  ETA 1640s  best=72.7
  [ 26496/150000] 18%  350s  ETA 1632s  best=72.7
  [ 26880/150000] 18%  355s  ETA 1627s  best=72.7
  [ 27264/150000] 18%  360s  ETA 1621s  best=72.7
  [ 27648/150000] 18%  365s  ETA 1615s  best=72.7
  [ 28032/150000] 19%  370s  ETA 1609s  best=72.7
  [ 28416/150000] 19%  375s  ETA 1603s  best=72.7
  [ 28800/150000] 19%  379s  ETA 1596s  best=72.7
  [ 29184/150000] 19%  384s  ETA 1591s  best=72.7
  [ 29568/150000] 20%  389s  ETA 1585s  best=72.7
  [ 29952/150000] 20%  394s  ETA 1579s  best=72.7
  [ 30336/150000] 20%  399s  ETA 1573s  best=72.7
  [ 30720/150000] 20%  403s  ETA 1567s  best=72.7
  [ 31104/150000] 21%  408s  ETA 1561s  best=72.7
  [ 31488/150000] 21%  413s  ETA 1556s  best=72.7
  [ 31872/150000] 21%  418s  ETA 1549s  best=72.7
  [ 32256/150000] 22%  423s  ETA 1544s  best=72.7
  [ 32640/150000] 22%  428s  ETA 1539s  best=72.7
  [ 33024/150000] 22%  433s  ETA 1533s  best=72.7
  [ 33408/150000] 22%  437s  ETA 1526s  best=72.7
  [ 33792/150000] 23%  442s  ETA 1520s  best=72.7
  [ 34176/150000] 23%  447s  ETA 1515s  best=72.7
  [ 34560/150000] 23%  452s  ETA 1509s  best=72.7
  [ 34944/150000] 23%  457s  ETA 1504s  best=72.7
  [ 35328/150000] 24%  461s  ETA 1498s  best=72.7
  [ 35712/150000] 24%  466s  ETA 1492s  best=72.7
  [ 36096/150000] 24%  471s  ETA 1487s  best=72.7
  [ 36480/150000] 24%  476s  ETA 1481s  best=72.7
  [ 36864/150000] 25%  481s  ETA 1476s  best=72.7
  [ 37248/150000] 25%  486s  ETA 1470s  best=72.7
  [ 37632/150000] 25%  490s  ETA 1464s  best=72.7
  [ 38016/150000] 25%  495s  ETA 1459s  best=72.7
  [ 38400/150000] 26%  500s  ETA 1454s  best=72.7
  [ 38784/150000] 26%  505s  ETA 1448s  best=72.7
  [ 39168/150000] 26%  510s  ETA 1443s  best=72.7
  [ 39552/150000] 26%  515s  ETA 1437s  best=72.7
  [ 39936/150000] 27%  520s  ETA 1432s  best=72.7
  [ 40320/150000] 27%  524s  ETA 1426s  best=72.7
  [ 40704/150000] 27%  529s  ETA 1421s  best=72.7
  [ 41088/150000] 27%  534s  ETA 1415s  best=72.7
  [ 41472/150000] 28%  539s  ETA 1410s  best=72.7
  [ 41856/150000] 28%  544s  ETA 1405s  best=72.7
  [ 42240/150000] 28%  549s  ETA 1399s  best=72.7
  [ 42624/150000] 28%  553s  ETA 1394s  best=72.7
  [ 43008/150000] 29%  558s  ETA 1389s  best=72.7
  [ 43392/150000] 29%  563s  ETA 1383s  best=72.7
  [ 43776/150000] 29%  568s  ETA 1378s  best=72.7
  [ 44160/150000] 29%  573s  ETA 1373s  best=72.7
  [ 44544/150000] 30%  577s  ETA 1367s  best=72.7
  [ 44928/150000] 30%  582s  ETA 1362s  best=72.7
  [ 45312/150000] 30%  587s  ETA 1357s  best=72.7
  [ 45696/150000] 30%  592s  ETA 1352s  best=72.7
  [ 46080/150000] 31%  597s  ETA 1346s  best=72.7
  [ 46464/150000] 31%  602s  ETA 1340s  best=72.7
  [ 46848/150000] 31%  606s  ETA 1335s  best=72.7
  [ 47232/150000] 31%  611s  ETA 1329s  best=72.7
  [ 47616/150000] 32%  616s  ETA 1324s  best=72.7
  [ 48000/150000] 32%  621s  ETA 1319s  best=72.7
  [ 48384/150000] 32%  626s  ETA 1314s  best=72.7
  [ 48768/150000] 33%  631s  ETA 1309s  best=72.7
  [ 49152/150000] 33%  635s  ETA 1304s  best=72.7
  [ 49536/150000] 33%  640s  ETA 1298s  best=72.7
  [ 49920/150000] 33%  645s  ETA 1293s  best=72.7
  [ 50304/150000] 34%  650s  ETA 1288s  best=72.7
  [ 50688/150000] 34%  655s  ETA 1283s  best=72.7
  [ 51072/150000] 34%  659s  ETA 1277s  best=72.7
  [ 51456/150000] 34%  664s  ETA 1272s  best=72.7
  [ 51840/150000] 35%  669s  ETA 1267s  best=72.7
  [ 52224/150000] 35%  674s  ETA 1262s  best=72.7
  [ 52608/150000] 35%  679s  ETA 1256s  best=72.7
  [ 52992/150000] 35%  683s  ETA 1251s  best=72.7
  [ 53376/150000] 36%  688s  ETA 1246s  best=72.7
  [ 53760/150000] 36%  693s  ETA 1240s  best=72.7
  [ 54144/150000] 36%  698s  ETA 1235s  best=72.7
  [ 54528/150000] 36%  703s  ETA 1230s  best=72.7
  [ 54912/150000] 37%  708s  ETA 1225s  best=72.7
  [ 55296/150000] 37%  713s  ETA 1221s  best=72.7
  [ 55680/150000] 37%  717s  ETA 1215s  best=72.7
  [ 56064/150000] 37%  722s  ETA 1211s  best=72.7
  [ 56448/150000] 38%  727s  ETA 1205s  best=72.7
  [ 56832/150000] 38%  732s  ETA 1200s  best=72.7
  [ 57216/150000] 38%  737s  ETA 1195s  best=72.7
  [ 57600/150000] 38%  741s  ETA 1189s  best=72.7
  [ 57984/150000] 39%  746s  ETA 1184s  best=72.7
  [ 58368/150000] 39%  751s  ETA 1179s  best=72.7
  [ 58752/150000] 39%  756s  ETA 1175s  best=72.7
  [ 59136/150000] 39%  761s  ETA 1170s  best=72.7
  [ 59520/150000] 40%  766s  ETA 1164s  best=72.7
  [ 59904/150000] 40%  771s  ETA 1159s  best=72.7
  [ 60288/150000] 40%  776s  ETA 1154s  best=72.7
  [ 60672/150000] 40%  781s  ETA 1150s  best=72.7
  [ 61056/150000] 41%  786s  ETA 1144s  best=72.7
  [ 61440/150000] 41%  791s  ETA 1139s  best=72.7
  [ 61824/150000] 41%  795s  ETA 1134s  best=72.7
  [ 62208/150000] 41%  800s  ETA 1129s  best=72.7
  [ 62592/150000] 42%  805s  ETA 1124s  best=72.7
  [ 62976/150000] 42%  810s  ETA 1119s  best=72.7
  [ 63360/150000] 42%  815s  ETA 1115s  best=72.7
  [ 63744/150000] 42%  820s  ETA 1110s  best=72.7
  [ 64128/150000] 43%  825s  ETA 1104s  best=72.7
  [ 64512/150000] 43%  830s  ETA 1099s  best=72.7
  [ 64896/150000] 43%  835s  ETA 1094s  best=72.7
  [ 65280/150000] 44%  839s  ETA 1089s  best=72.7
  [ 65664/150000] 44%  844s  ETA 1085s  best=72.7
  [ 66048/150000] 44%  849s  ETA 1080s  best=72.7
  [ 66432/150000] 44%  854s  ETA 1074s  best=72.7
  [ 66816/150000] 45%  859s  ETA 1069s  best=72.7
  [ 67200/150000] 45%  864s  ETA 1064s  best=72.7
  [ 67584/150000] 45%  868s  ETA 1059s  best=72.7
  [ 67968/150000] 45%  873s  ETA 1054s  best=72.7
  [ 68352/150000] 46%  878s  ETA 1049s  best=72.7
  [ 68736/150000] 46%  883s  ETA 1044s  best=72.7
  [ 69120/150000] 46%  888s  ETA 1039s  best=72.7
  [ 69504/150000] 46%  893s  ETA 1034s  best=72.7
  [ 69888/150000] 47%  898s  ETA 1029s  best=72.7
  [ 70272/150000] 47%  902s  ETA 1024s  best=72.7
  [ 70656/150000] 47%  907s  ETA 1019s  best=72.7
  [ 71040/150000] 47%  912s  ETA 1014s  best=72.7
  [ 71424/150000] 48%  917s  ETA 1009s  best=72.7
  [ 71808/150000] 48%  922s  ETA 1004s  best=72.7
  [ 72192/150000] 48%  927s  ETA 999s  best=72.7
  [ 72576/150000] 48%  932s  ETA 994s  best=72.7
  [ 72960/150000] 49%  936s  ETA 989s  best=72.7
  [ 73344/150000] 49%  941s  ETA 984s  best=72.7
  [ 73728/150000] 49%  946s  ETA 979s  best=72.7
  [ 74112/150000] 49%  951s  ETA 974s  best=72.7
  [ 74496/150000] 50%  956s  ETA 969s  best=72.7
  [ 74880/150000] 50%  961s  ETA 964s  best=72.7
  [ 75264/150000] 50%  966s  ETA 959s  best=72.7
  [ 75648/150000] 50%  970s  ETA 954s  best=72.7
  [ 76032/150000] 51%  975s  ETA 949s  best=72.7
  [ 76416/150000] 51%  980s  ETA 944s  best=72.7
  [ 76800/150000] 51%  985s  ETA 939s  best=72.7
  [ 77184/150000] 51%  990s  ETA 934s  best=72.7
  [ 77568/150000] 52%  995s  ETA 929s  best=72.7
  [ 77952/150000] 52%  1000s  ETA 924s  best=72.7
  [ 78336/150000] 52%  1004s  ETA 919s  best=72.7
  [ 78720/150000] 52%  1009s  ETA 914s  best=72.7
  [ 79104/150000] 53%  1014s  ETA 909s  best=72.7
  [ 79488/150000] 53%  1019s  ETA 904s  best=72.7
  [ 79872/150000] 53%  1024s  ETA 899s  best=72.7
  [ 80256/150000] 54%  1029s  ETA 894s  best=72.7
  [ 80640/150000] 54%  1033s  ETA 889s  best=72.7
  [ 81024/150000] 54%  1038s  ETA 884s  best=72.7
  [ 81408/150000] 54%  1043s  ETA 879s  best=72.7
  [ 81792/150000] 55%  1048s  ETA 874s  best=72.7
  [ 82176/150000] 55%  1053s  ETA 869s  best=72.7
  [ 82560/150000] 55%  1057s  ETA 864s  best=72.7
  [ 82944/150000] 55%  1062s  ETA 859s  best=72.7
  [ 83328/150000] 56%  1067s  ETA 854s  best=72.7
  [ 83712/150000] 56%  1072s  ETA 849s  best=72.7
  [ 84096/150000] 56%  1077s  ETA 844s  best=72.7
  [ 84480/150000] 56%  1082s  ETA 839s  best=72.7
  [ 84864/150000] 57%  1086s  ETA 834s  best=72.7
  [ 85248/150000] 57%  1091s  ETA 829s  best=72.7
  [ 85632/150000] 57%  1096s  ETA 824s  best=72.7
  [ 86016/150000] 57%  1101s  ETA 819s  best=72.7
  [ 86400/150000] 58%  1106s  ETA 814s  best=72.7
  [ 86784/150000] 58%  1110s  ETA 809s  best=72.7
  [ 87168/150000] 58%  1115s  ETA 804s  best=72.7
  [ 87552/150000] 58%  1120s  ETA 799s  best=72.7
  [ 87936/150000] 59%  1125s  ETA 794s  best=72.7
  [ 88320/150000] 59%  1130s  ETA 789s  best=72.7
  [ 88704/150000] 59%  1134s  ETA 784s  best=72.7
  [ 89088/150000] 59%  1139s  ETA 779s  best=72.7
  [ 89472/150000] 60%  1144s  ETA 774s  best=72.7
  [ 89856/150000] 60%  1149s  ETA 769s  best=72.7
  [ 90240/150000] 60%  1154s  ETA 764s  best=72.7
  [ 90624/150000] 60%  1158s  ETA 759s  best=72.7
  [ 91008/150000] 61%  1163s  ETA 754s  best=72.7
  [ 91392/150000] 61%  1168s  ETA 749s  best=72.7
  [ 91776/150000] 61%  1173s  ETA 744s  best=72.7
  [ 92160/150000] 61%  1178s  ETA 739s  best=72.7
  [ 92544/150000] 62%  1183s  ETA 734s  best=72.7
  [ 92928/150000] 62%  1188s  ETA 729s  best=72.7
  [ 93312/150000] 62%  1192s  ETA 724s  best=72.7
  [ 93696/150000] 62%  1197s  ETA 719s  best=72.7
  [ 94080/150000] 63%  1202s  ETA 714s  best=72.7
  [ 94464/150000] 63%  1207s  ETA 709s  best=72.7
  [ 94848/150000] 63%  1212s  ETA 705s  best=72.7
  [ 95232/150000] 63%  1217s  ETA 700s  best=72.7
  [ 95616/150000] 64%  1221s  ETA 695s  best=72.7
  [ 96000/150000] 64%  1226s  ETA 690s  best=72.7
  [ 96384/150000] 64%  1231s  ETA 685s  best=72.7
  [ 96768/150000] 65%  1236s  ETA 680s  best=72.7
  [ 97152/150000] 65%  1241s  ETA 675s  best=72.7
  [ 97536/150000] 65%  1246s  ETA 670s  best=72.7
  [ 97920/150000] 65%  1250s  ETA 665s  best=72.7
  [ 98304/150000] 66%  1255s  ETA 660s  best=72.7
  [ 98688/150000] 66%  1260s  ETA 655s  best=72.7
  [ 99072/150000] 66%  1265s  ETA 650s  best=72.7
  [ 99456/150000] 66%  1270s  ETA 645s  best=72.7
  [ 99840/150000] 67%  1275s  ETA 640s  best=72.7
  [100224/150000] 67%  1279s  ETA 635s  best=72.7
  [100608/150000] 67%  1284s  ETA 630s  best=72.7
  [100992/150000] 67%  1289s  ETA 625s  best=72.7
  [101376/150000] 68%  1294s  ETA 620s  best=72.7
  [101760/150000] 68%  1298s  ETA 616s  best=72.7
  [102144/150000] 68%  1303s  ETA 611s  best=72.7
  [102528/150000] 68%  1308s  ETA 606s  best=72.7
  [102912/150000] 69%  1313s  ETA 601s  best=72.7
  [103296/150000] 69%  1318s  ETA 596s  best=72.7
  [103680/150000] 69%  1323s  ETA 591s  best=72.7
  [104064/150000] 69%  1327s  ETA 586s  best=72.7
  [104448/150000] 70%  1332s  ETA 581s  best=72.7
  [104832/150000] 70%  1337s  ETA 576s  best=72.7
  [105216/150000] 70%  1342s  ETA 571s  best=72.7
  [105600/150000] 70%  1347s  ETA 566s  best=72.7
  [105984/150000] 71%  1352s  ETA 561s  best=72.7
  [106368/150000] 71%  1356s  ETA 556s  best=72.7
  [106752/150000] 71%  1361s  ETA 551s  best=72.7
  [107136/150000] 71%  1366s  ETA 547s  best=72.7
  [107520/150000] 72%  1371s  ETA 542s  best=72.7
  [107904/150000] 72%  1376s  ETA 537s  best=72.7
  [108288/150000] 72%  1380s  ETA 532s  best=72.7
  [108672/150000] 72%  1385s  ETA 527s  best=72.7
  [109056/150000] 73%  1390s  ETA 522s  best=72.7
  [109440/150000] 73%  1395s  ETA 517s  best=72.7
  [109824/150000] 73%  1400s  ETA 512s  best=72.7
  [110208/150000] 73%  1405s  ETA 507s  best=72.7
  [110592/150000] 74%  1409s  ETA 502s  best=72.7
  [110976/150000] 74%  1414s  ETA 497s  best=72.7
  [111360/150000] 74%  1419s  ETA 492s  best=72.7
  [111744/150000] 74%  1424s  ETA 487s  best=72.7
  [112128/150000] 75%  1428s  ETA 482s  best=72.7
  [112512/150000] 75%  1433s  ETA 478s  best=72.7
  [112896/150000] 75%  1438s  ETA 473s  best=72.7
  [113280/150000] 76%  1443s  ETA 468s  best=72.7
  [113664/150000] 76%  1448s  ETA 463s  best=72.7
  [114048/150000] 76%  1453s  ETA 458s  best=72.7
  [114432/150000] 76%  1458s  ETA 453s  best=72.7
  [114816/150000] 77%  1463s  ETA 448s  best=72.7
  [115200/150000] 77%  1468s  ETA 443s  best=72.7
  [115584/150000] 77%  1473s  ETA 438s  best=72.7
  [115968/150000] 77%  1477s  ETA 434s  best=72.7
  [116352/150000] 78%  1482s  ETA 429s  best=72.7
  [116736/150000] 78%  1487s  ETA 424s  best=72.7
  [117120/150000] 78%  1492s  ETA 419s  best=72.7
  [117504/150000] 78%  1497s  ETA 414s  best=72.7
  [117888/150000] 79%  1501s  ETA 409s  best=72.7
  [118272/150000] 79%  1506s  ETA 404s  best=72.7
  [118656/150000] 79%  1511s  ETA 399s  best=72.7
  [119040/150000] 79%  1516s  ETA 394s  best=72.7
  [119424/150000] 80%  1521s  ETA 389s  best=72.7
  [119808/150000] 80%  1526s  ETA 384s  best=72.7
  [120192/150000] 80%  1531s  ETA 380s  best=72.7
  [120576/150000] 80%  1535s  ETA 375s  best=72.7
  [120960/150000] 81%  1540s  ETA 370s  best=72.7
  [121344/150000] 81%  1545s  ETA 365s  best=72.7
  [121728/150000] 81%  1550s  ETA 360s  best=72.7
  [122112/150000] 81%  1555s  ETA 355s  best=72.7
  [122496/150000] 82%  1559s  ETA 350s  best=72.7
  [122880/150000] 82%  1564s  ETA 345s  best=72.7
  [123264/150000] 82%  1569s  ETA 340s  best=72.7
  [123648/150000] 82%  1574s  ETA 335s  best=72.7
  [124032/150000] 83%  1579s  ETA 330s  best=72.7
  [124416/150000] 83%  1583s  ETA 326s  best=72.7
  [124800/150000] 83%  1588s  ETA 321s  best=72.7
  [125184/150000] 83%  1593s  ETA 316s  best=72.7
  [125568/150000] 84%  1598s  ETA 311s  best=72.7
  [125952/150000] 84%  1603s  ETA 306s  best=72.7
  [126336/150000] 84%  1607s  ETA 301s  best=72.7
  [126720/150000] 84%  1612s  ETA 296s  best=72.7
  [127104/150000] 85%  1617s  ETA 291s  best=72.7
  [127488/150000] 85%  1622s  ETA 286s  best=72.7
  [127872/150000] 85%  1626s  ETA 281s  best=72.7
  [128256/150000] 86%  1632s  ETA 277s  best=72.7
  [128640/150000] 86%  1637s  ETA 272s  best=72.7
  [129024/150000] 86%  1641s  ETA 267s  best=72.7
  [129408/150000] 86%  1646s  ETA 262s  best=72.7
  [129792/150000] 87%  1651s  ETA 257s  best=72.7
  [130176/150000] 87%  1656s  ETA 252s  best=72.7
  [130560/150000] 87%  1661s  ETA 247s  best=72.7
  [130944/150000] 87%  1666s  ETA 242s  best=72.7
  [131328/150000] 88%  1671s  ETA 238s  best=72.7
  [131712/150000] 88%  1675s  ETA 233s  best=72.7
  [132096/150000] 88%  1680s  ETA 228s  best=72.7
  [132480/150000] 88%  1685s  ETA 223s  best=72.7
  [132864/150000] 89%  1690s  ETA 218s  best=72.7
  [133248/150000] 89%  1695s  ETA 213s  best=72.7
  [133632/150000] 89%  1699s  ETA 208s  best=72.7
  [134016/150000] 89%  1704s  ETA 203s  best=72.7
  [134400/150000] 90%  1709s  ETA 198s  best=72.7
  [134784/150000] 90%  1714s  ETA 193s  best=72.7
  [135168/150000] 90%  1719s  ETA 189s  best=72.7
  [135552/150000] 90%  1723s  ETA 184s  best=72.7
  [135936/150000] 91%  1728s  ETA 179s  best=72.7
  [136320/150000] 91%  1733s  ETA 174s  best=72.7
  [136704/150000] 91%  1738s  ETA 169s  best=72.7
  [137088/150000] 91%  1743s  ETA 164s  best=72.7
  [137472/150000] 92%  1748s  ETA 159s  best=72.7
  [137856/150000] 92%  1753s  ETA 154s  best=72.7
  [138240/150000] 92%  1757s  ETA 149s  best=72.7
  [138624/150000] 92%  1762s  ETA 145s  best=72.7
  [139008/150000] 93%  1767s  ETA 140s  best=72.7
  [139392/150000] 93%  1772s  ETA 135s  best=72.7
  [139776/150000] 93%  1777s  ETA 130s  best=72.7
  [140160/150000] 93%  1782s  ETA 125s  best=72.7
  [140544/150000] 94%  1787s  ETA 120s  best=72.7
  [140928/150000] 94%  1792s  ETA 115s  best=72.7
  [141312/150000] 94%  1797s  ETA 110s  best=72.7
  [141696/150000] 94%  1801s  ETA 106s  best=72.7
  [142080/150000] 95%  1806s  ETA 101s  best=72.7
  [142464/150000] 95%  1811s  ETA 96s  best=72.7
  [142848/150000] 95%  1816s  ETA 91s  best=72.7
  [143232/150000] 95%  1821s  ETA 86s  best=72.7
  [143616/150000] 96%  1826s  ETA 81s  best=72.7
  [144000/150000] 96%  1831s  ETA 76s  best=72.7
  [144384/150000] 96%  1835s  ETA 71s  best=72.7
  [144768/150000] 97%  1840s  ETA 67s  best=72.7
  [145152/150000] 97%  1845s  ETA 62s  best=72.7
  [145536/150000] 97%  1850s  ETA 57s  best=72.7
  [145920/150000] 97%  1855s  ETA 52s  best=72.7
  [146304/150000] 98%  1860s  ETA 47s  best=72.7
  [146688/150000] 98%  1865s  ETA 42s  best=72.7
  [147072/150000] 98%  1869s  ETA 37s  best=72.7
  [147456/150000] 98%  1874s  ETA 32s  best=72.7
  [147840/150000] 99%  1879s  ETA 27s  best=72.7
  [148224/150000] 99%  1884s  ETA 23s  best=72.7
  [148608/150000] 99%  1889s  ETA 18s  best=72.7
  [148992/150000] 99%  1893s  ETA 13s  best=72.7
  [149376/150000] 100%  1898s  ETA 8s  best=72.7
  [149760/150000] 100%  1903s  ETA 3s  best=72.7
  [150000/150000] 100%  1907s  ETA 0s  best=72.7

Deep eval top 10 (500 MC)...
  [1/10] avg=88.9  seeds=['90.0', '90.0', '87.0', '90.2', '87.1']
  [2/10] avg=88.8  seeds=['89.7', '90.1', '87.1', '90.1', '87.1']
  [3/10] avg=88.4  seeds=['89.6', '89.3', '86.7', '90.0', '86.7']
  [4/10] avg=88.8  seeds=['90.1', '89.6', '87.5', '90.0', '87.1']
  [5/10] avg=88.5  seeds=['89.5', '89.6', '86.5', '90.1', '86.7']
  [6/10] avg=88.5  seeds=['89.8', '89.5', '86.5', '90.1', '86.4']
  [7/10] avg=88.2  seeds=['89.7', '89.3', '85.8', '90.5', '85.6']
  [8/10] avg=87.8  seeds=['88.9', '88.9', '85.9', '89.3', '85.9']
  [9/10] avg=87.9  seeds=['89.4', '89.1', '85.6', '90.1', '85.4']
  [10/10] avg=87.9  seeds=['89.0', '89.0', '85.9', '89.8', '85.9']

R15 BEST: 88.9
  death_base_rate=0.02
  death_food_factor=0.03
  food_base_regen=0.25
  food_competition=0.05
  food_forest_bonus=0.02
  food_pop_drain=0.04
  pop_growth_rate=0.12
  port_prob=0.1
  port_survival_bonus=0.01
  spawn_pop_threshold=0.5
  spawn_prob=0.1
R15: NEW BEST 88.9 (was 0.0)

Results saved to replay_cache/per_round_params.json
