CPUs: 192
Tuning rounds (3x grid): [5, 1, 2]

============================================================
R5: settle_rate=0.119, 5 seeds
============================================================
150000 combos x 5 seeds x 30 MC (coarse)
  [   384/150000] 0%  8s  ETA 3132s  best=71.5
  [   768/150000] 1%  14s  ETA 2707s  best=71.5
  [  1152/150000] 1%  20s  ETA 2577s  best=71.5
  [  1536/150000] 1%  26s  ETA 2483s  best=71.5
  [  1920/150000] 1%  31s  ETA 2396s  best=71.5
  [  2304/150000] 2%  36s  ETA 2325s  best=71.5
  [  2688/150000] 2%  41s  ETA 2273s  best=71.5
  [  3072/150000] 2%  47s  ETA 2226s  best=71.5
  [  3456/150000] 2%  52s  ETA 2188s  best=71.5
  [  3840/150000] 3%  57s  ETA 2156s  best=71.5
  [  4224/150000] 3%  62s  ETA 2126s  best=71.5
  [  4608/150000] 3%  67s  ETA 2104s  best=71.5
  [  4992/150000] 3%  72s  ETA 2083s  best=71.5
  [  5376/150000] 4%  77s  ETA 2060s  best=71.5
  [  5760/150000] 4%  81s  ETA 2041s  best=71.5
  [  6144/150000] 4%  86s  ETA 2023s  best=71.5
  [  6528/150000] 4%  91s  ETA 2009s  best=71.5
  [  6912/150000] 5%  96s  ETA 1992s  best=71.5
  [  7296/150000] 5%  101s  ETA 1976s  best=71.5
  [  7680/150000] 5%  106s  ETA 1959s  best=71.7
  [  8064/150000] 5%  110s  ETA 1944s  best=71.7
  [  8448/150000] 6%  115s  ETA 1931s  best=71.7
  [  8832/150000] 6%  120s  ETA 1920s  best=71.7
  [  9216/150000] 6%  125s  ETA 1904s  best=71.7
  [  9600/150000] 6%  129s  ETA 1893s  best=71.7
  [  9984/150000] 7%  134s  ETA 1880s  best=71.7
  [ 10368/150000] 7%  139s  ETA 1872s  best=71.7
  [ 10752/150000] 7%  144s  ETA 1860s  best=71.7
  [ 11136/150000] 7%  148s  ETA 1849s  best=71.7
  [ 11520/150000] 8%  153s  ETA 1840s  best=71.7
  [ 11904/150000] 8%  158s  ETA 1831s  best=71.7
  [ 12288/150000] 8%  163s  ETA 1822s  best=71.7
  [ 12672/150000] 8%  167s  ETA 1813s  best=71.7
  [ 13056/150000] 9%  172s  ETA 1804s  best=71.7
  [ 13440/150000] 9%  177s  ETA 1795s  best=71.7
  [ 13824/150000] 9%  182s  ETA 1788s  best=71.7
  [ 14208/150000] 9%  186s  ETA 1780s  best=71.7
  [ 14592/150000] 10%  191s  ETA 1772s  best=71.7
  [ 14976/150000] 10%  196s  ETA 1766s  best=71.7
  [ 15360/150000] 10%  201s  ETA 1758s  best=71.7
  [ 15744/150000] 10%  205s  ETA 1751s  best=71.7
  [ 16128/150000] 11%  210s  ETA 1741s  best=71.7
  [ 16512/150000] 11%  215s  ETA 1735s  best=71.7
  [ 16896/150000] 11%  219s  ETA 1729s  best=71.7
  [ 17280/150000] 12%  224s  ETA 1722s  best=71.7
  [ 17664/150000] 12%  229s  ETA 1716s  best=71.7
  [ 18048/150000] 12%  234s  ETA 1710s  best=71.7
  [ 18432/150000] 12%  239s  ETA 1703s  best=71.7
  [ 18816/150000] 13%  243s  ETA 1695s  best=71.7
  [ 19200/150000] 13%  248s  ETA 1689s  best=71.7
  [ 19584/150000] 13%  253s  ETA 1682s  best=71.7
  [ 19968/150000] 13%  257s  ETA 1675s  best=71.7
  [ 20352/150000] 14%  262s  ETA 1668s  best=71.7
  [ 20736/150000] 14%  267s  ETA 1662s  best=71.7
  [ 21120/150000] 14%  271s  ETA 1656s  best=71.7
  [ 21504/150000] 14%  276s  ETA 1649s  best=71.7
  [ 21888/150000] 15%  281s  ETA 1643s  best=71.7
  [ 22272/150000] 15%  286s  ETA 1638s  best=71.7
  [ 22656/150000] 15%  290s  ETA 1631s  best=71.7
  [ 23040/150000] 15%  295s  ETA 1626s  best=71.7
  [ 23424/150000] 16%  300s  ETA 1621s  best=71.7
  [ 23808/150000] 16%  304s  ETA 1614s  best=71.7
  [ 24192/150000] 16%  309s  ETA 1608s  best=71.7
  [ 24576/150000] 16%  314s  ETA 1602s  best=71.7
  [ 24960/150000] 17%  319s  ETA 1596s  best=71.7
  [ 25344/150000] 17%  323s  ETA 1590s  best=71.7
  [ 25728/150000] 17%  328s  ETA 1584s  best=71.7
  [ 26112/150000] 17%  333s  ETA 1578s  best=71.7
  [ 26496/150000] 18%  337s  ETA 1572s  best=71.7
  [ 26880/150000] 18%  342s  ETA 1566s  best=71.7
  [ 27264/150000] 18%  347s  ETA 1561s  best=71.7
  [ 27648/150000] 18%  351s  ETA 1554s  best=71.7
  [ 28032/150000] 19%  356s  ETA 1549s  best=71.7
  [ 28416/150000] 19%  361s  ETA 1544s  best=71.7
  [ 28800/150000] 19%  365s  ETA 1538s  best=71.7
  [ 29184/150000] 19%  370s  ETA 1533s  best=71.7
  [ 29568/150000] 20%  375s  ETA 1527s  best=71.7
  [ 29952/150000] 20%  380s  ETA 1522s  best=71.7
  [ 30336/150000] 20%  384s  ETA 1515s  best=71.7
  [ 30720/150000] 20%  389s  ETA 1510s  best=71.7
  [ 31104/150000] 21%  393s  ETA 1504s  best=71.7
  [ 31488/150000] 21%  398s  ETA 1499s  best=71.7
  [ 31872/150000] 21%  403s  ETA 1494s  best=71.7
  [ 32256/150000] 22%  408s  ETA 1489s  best=71.7
  [ 32640/150000] 22%  413s  ETA 1483s  best=71.7
  [ 33024/150000] 22%  417s  ETA 1478s  best=71.7
  [ 33408/150000] 22%  422s  ETA 1473s  best=71.7
  [ 33792/150000] 23%  427s  ETA 1467s  best=71.7
  [ 34176/150000] 23%  431s  ETA 1462s  best=71.7
  [ 34560/150000] 23%  436s  ETA 1457s  best=71.7
  [ 34944/150000] 23%  441s  ETA 1452s  best=71.7
  [ 35328/150000] 24%  445s  ETA 1446s  best=71.7
  [ 35712/150000] 24%  450s  ETA 1441s  best=71.7
  [ 36096/150000] 24%  455s  ETA 1435s  best=71.7
  [ 36480/150000] 24%  460s  ETA 1430s  best=71.7
  [ 36864/150000] 25%  464s  ETA 1425s  best=71.7
  [ 37248/150000] 25%  469s  ETA 1419s  best=71.7
  [ 37632/150000] 25%  474s  ETA 1414s  best=71.7
  [ 38016/150000] 25%  478s  ETA 1409s  best=71.7
  [ 38400/150000] 26%  483s  ETA 1404s  best=71.7
  [ 38784/150000] 26%  488s  ETA 1399s  best=71.7
  [ 39168/150000] 26%  493s  ETA 1394s  best=71.7
  [ 39552/150000] 26%  497s  ETA 1389s  best=71.7
  [ 39936/150000] 27%  502s  ETA 1384s  best=71.7
  [ 40320/150000] 27%  507s  ETA 1379s  best=71.7
  [ 40704/150000] 27%  512s  ETA 1374s  best=71.7
  [ 41088/150000] 27%  516s  ETA 1369s  best=71.7
  [ 41472/150000] 28%  521s  ETA 1364s  best=71.7
  [ 41856/150000] 28%  526s  ETA 1359s  best=71.7
  [ 42240/150000] 28%  531s  ETA 1354s  best=71.7
  [ 42624/150000] 28%  536s  ETA 1349s  best=71.7
  [ 43008/150000] 29%  540s  ETA 1344s  best=71.7
  [ 43392/150000] 29%  545s  ETA 1339s  best=71.7
  [ 43776/150000] 29%  550s  ETA 1334s  best=71.7
  [ 44160/150000] 29%  554s  ETA 1328s  best=71.7
  [ 44544/150000] 30%  559s  ETA 1324s  best=71.7
  [ 44928/150000] 30%  564s  ETA 1318s  best=71.7
  [ 45312/150000] 30%  568s  ETA 1313s  best=71.7
  [ 45696/150000] 30%  573s  ETA 1308s  best=71.7
  [ 46080/150000] 31%  578s  ETA 1303s  best=71.7
  [ 46464/150000] 31%  583s  ETA 1298s  best=71.7
  [ 46848/150000] 31%  587s  ETA 1293s  best=71.7
  [ 47232/150000] 31%  592s  ETA 1288s  best=71.7
  [ 47616/150000] 32%  597s  ETA 1283s  best=71.7
  [ 48000/150000] 32%  601s  ETA 1278s  best=71.7
  [ 48384/150000] 32%  606s  ETA 1273s  best=71.7
  [ 48768/150000] 33%  611s  ETA 1268s  best=71.7
  [ 49152/150000] 33%  615s  ETA 1263s  best=71.7
  [ 49536/150000] 33%  620s  ETA 1258s  best=71.7
  [ 49920/150000] 33%  625s  ETA 1253s  best=71.7
  [ 50304/150000] 34%  630s  ETA 1248s  best=71.7
  [ 50688/150000] 34%  634s  ETA 1243s  best=71.7
  [ 51072/150000] 34%  639s  ETA 1238s  best=71.7
  [ 51456/150000] 34%  644s  ETA 1233s  best=71.7
  [ 51840/150000] 35%  648s  ETA 1228s  best=71.7
  [ 52224/150000] 35%  653s  ETA 1223s  best=71.7
  [ 52608/150000] 35%  658s  ETA 1218s  best=71.7
  [ 52992/150000] 35%  663s  ETA 1213s  best=71.7
  [ 53376/150000] 36%  668s  ETA 1208s  best=71.7
  [ 53760/150000] 36%  672s  ETA 1204s  best=71.7
  [ 54144/150000] 36%  677s  ETA 1199s  best=71.7
  [ 54528/150000] 36%  682s  ETA 1193s  best=71.7
  [ 54912/150000] 37%  686s  ETA 1189s  best=71.7
  [ 55296/150000] 37%  691s  ETA 1184s  best=71.7
  [ 55680/150000] 37%  696s  ETA 1179s  best=71.7
  [ 56064/150000] 37%  701s  ETA 1174s  best=71.7
  [ 56448/150000] 38%  705s  ETA 1169s  best=71.7
  [ 56832/150000] 38%  710s  ETA 1164s  best=71.7
  [ 57216/150000] 38%  715s  ETA 1159s  best=71.7
  [ 57600/150000] 38%  720s  ETA 1154s  best=71.7
  [ 57984/150000] 39%  724s  ETA 1149s  best=71.7
  [ 58368/150000] 39%  729s  ETA 1144s  best=71.7
  [ 58752/150000] 39%  734s  ETA 1140s  best=71.7
  [ 59136/150000] 39%  738s  ETA 1134s  best=71.7
  [ 59520/150000] 40%  743s  ETA 1129s  best=71.7
  [ 59904/150000] 40%  748s  ETA 1124s  best=71.7
  [ 60288/150000] 40%  752s  ETA 1119s  best=71.7
  [ 60672/150000] 40%  757s  ETA 1114s  best=71.7
  [ 61056/150000] 41%  762s  ETA 1109s  best=71.7
  [ 61440/150000] 41%  766s  ETA 1104s  best=71.7
  [ 61824/150000] 41%  771s  ETA 1100s  best=71.7
  [ 62208/150000] 41%  776s  ETA 1095s  best=71.7
  [ 62592/150000] 42%  780s  ETA 1090s  best=71.7
  [ 62976/150000] 42%  785s  ETA 1085s  best=71.7
  [ 63360/150000] 42%  790s  ETA 1080s  best=71.7
  [ 63744/150000] 42%  795s  ETA 1075s  best=71.7
  [ 64128/150000] 43%  799s  ETA 1070s  best=71.7
  [ 64512/150000] 43%  804s  ETA 1066s  best=71.7
  [ 64896/150000] 43%  809s  ETA 1061s  best=71.7
  [ 65280/150000] 44%  814s  ETA 1056s  best=71.7
  [ 65664/150000] 44%  818s  ETA 1051s  best=71.7
  [ 66048/150000] 44%  823s  ETA 1046s  best=71.7
  [ 66432/150000] 44%  828s  ETA 1041s  best=71.7
  [ 66816/150000] 45%  832s  ETA 1036s  best=71.7
  [ 67200/150000] 45%  837s  ETA 1032s  best=71.7
  [ 67584/150000] 45%  842s  ETA 1026s  best=71.7
  [ 67968/150000] 45%  846s  ETA 1022s  best=71.7
  [ 68352/150000] 46%  851s  ETA 1017s  best=71.7
  [ 68736/150000] 46%  856s  ETA 1012s  best=71.7
  [ 69120/150000] 46%  860s  ETA 1007s  best=71.7
  [ 69504/150000] 46%  865s  ETA 1002s  best=71.7
  [ 69888/150000] 47%  870s  ETA 997s  best=71.7
  [ 70272/150000] 47%  874s  ETA 992s  best=71.7
  [ 70656/150000] 47%  879s  ETA 987s  best=71.7
  [ 71040/150000] 47%  884s  ETA 982s  best=71.7
  [ 71424/150000] 48%  888s  ETA 977s  best=71.7
  [ 71808/150000] 48%  893s  ETA 973s  best=71.7
  [ 72192/150000] 48%  898s  ETA 968s  best=71.7
  [ 72576/150000] 48%  903s  ETA 963s  best=71.7
  [ 72960/150000] 49%  908s  ETA 958s  best=71.7
  [ 73344/150000] 49%  912s  ETA 954s  best=71.7
  [ 73728/150000] 49%  917s  ETA 949s  best=71.7
  [ 74112/150000] 49%  922s  ETA 944s  best=71.7
  [ 74496/150000] 50%  927s  ETA 939s  best=71.7
  [ 74880/150000] 50%  931s  ETA 934s  best=71.7
  [ 75264/150000] 50%  936s  ETA 929s  best=71.7
  [ 75648/150000] 50%  941s  ETA 924s  best=71.7
  [ 76032/150000] 51%  945s  ETA 920s  best=71.7
  [ 76416/150000] 51%  950s  ETA 915s  best=71.7
  [ 76800/150000] 51%  955s  ETA 910s  best=71.7
  [ 77184/150000] 51%  960s  ETA 905s  best=71.7
  [ 77568/150000] 52%  964s  ETA 901s  best=71.7
  [ 77952/150000] 52%  969s  ETA 896s  best=71.7
  [ 78336/150000] 52%  974s  ETA 891s  best=71.7
  [ 78720/150000] 52%  978s  ETA 886s  best=71.7
  [ 79104/150000] 53%  983s  ETA 881s  best=71.7
  [ 79488/150000] 53%  988s  ETA 876s  best=71.7
  [ 79872/150000] 53%  993s  ETA 871s  best=71.7
  [ 80256/150000] 54%  997s  ETA 867s  best=71.7
  [ 80640/150000] 54%  1002s  ETA 862s  best=71.7
  [ 81024/150000] 54%  1007s  ETA 857s  best=71.7
  [ 81408/150000] 54%  1011s  ETA 852s  best=71.7
  [ 81792/150000] 55%  1016s  ETA 847s  best=71.7
  [ 82176/150000] 55%  1021s  ETA 842s  best=71.7
  [ 82560/150000] 55%  1025s  ETA 838s  best=71.7
  [ 82944/150000] 55%  1030s  ETA 833s  best=71.7
  [ 83328/150000] 56%  1035s  ETA 828s  best=71.7
  [ 83712/150000] 56%  1039s  ETA 823s  best=71.7
  [ 84096/150000] 56%  1044s  ETA 818s  best=71.7
  [ 84480/150000] 56%  1049s  ETA 813s  best=71.7
  [ 84864/150000] 57%  1053s  ETA 809s  best=71.7
  [ 85248/150000] 57%  1058s  ETA 804s  best=71.7
  [ 85632/150000] 57%  1063s  ETA 799s  best=71.7
  [ 86016/150000] 57%  1067s  ETA 794s  best=71.7
  [ 86400/150000] 58%  1072s  ETA 789s  best=71.7
  [ 86784/150000] 58%  1077s  ETA 784s  best=71.7
  [ 87168/150000] 58%  1081s  ETA 779s  best=71.7
  [ 87552/150000] 58%  1086s  ETA 775s  best=71.7
  [ 87936/150000] 59%  1091s  ETA 770s  best=71.7
  [ 88320/150000] 59%  1095s  ETA 765s  best=71.7
  [ 88704/150000] 59%  1100s  ETA 760s  best=71.7
  [ 89088/150000] 59%  1105s  ETA 755s  best=71.7
  [ 89472/150000] 60%  1109s  ETA 750s  best=71.7
  [ 89856/150000] 60%  1114s  ETA 746s  best=71.7
  [ 90240/150000] 60%  1119s  ETA 741s  best=71.7
  [ 90624/150000] 60%  1124s  ETA 736s  best=71.7
  [ 91008/150000] 61%  1128s  ETA 731s  best=71.7
  [ 91392/150000] 61%  1133s  ETA 726s  best=71.7
  [ 91776/150000] 61%  1138s  ETA 722s  best=71.7
  [ 92160/150000] 61%  1142s  ETA 717s  best=71.7
  [ 92544/150000] 62%  1147s  ETA 712s  best=71.7
  [ 92928/150000] 62%  1152s  ETA 707s  best=71.7
  [ 93312/150000] 62%  1156s  ETA 702s  best=71.7
  [ 93696/150000] 62%  1161s  ETA 698s  best=71.7
  [ 94080/150000] 63%  1166s  ETA 693s  best=71.7
  [ 94464/150000] 63%  1170s  ETA 688s  best=71.7
  [ 94848/150000] 63%  1175s  ETA 683s  best=71.7
  [ 95232/150000] 63%  1180s  ETA 679s  best=71.7
  [ 95616/150000] 64%  1185s  ETA 674s  best=71.7
  [ 96000/150000] 64%  1189s  ETA 669s  best=71.7
  [ 96384/150000] 64%  1194s  ETA 664s  best=71.7
  [ 96768/150000] 65%  1199s  ETA 659s  best=71.7
  [ 97152/150000] 65%  1203s  ETA 655s  best=71.7
  [ 97536/150000] 65%  1208s  ETA 650s  best=71.7
  [ 97920/150000] 65%  1213s  ETA 645s  best=71.7
  [ 98304/150000] 66%  1217s  ETA 640s  best=71.7
  [ 98688/150000] 66%  1222s  ETA 635s  best=71.7
  [ 99072/150000] 66%  1227s  ETA 631s  best=71.7
  [ 99456/150000] 66%  1231s  ETA 626s  best=71.7
  [ 99840/150000] 67%  1236s  ETA 621s  best=71.7
  [100224/150000] 67%  1241s  ETA 616s  best=71.7
  [100608/150000] 67%  1245s  ETA 611s  best=71.7
  [100992/150000] 67%  1250s  ETA 607s  best=71.7
  [101376/150000] 68%  1255s  ETA 602s  best=71.7
  [101760/150000] 68%  1259s  ETA 597s  best=71.7
  [102144/150000] 68%  1264s  ETA 592s  best=71.7
  [102528/150000] 68%  1269s  ETA 587s  best=71.7
  [102912/150000] 69%  1273s  ETA 583s  best=71.7
  [103296/150000] 69%  1278s  ETA 578s  best=71.7
  [103680/150000] 69%  1283s  ETA 573s  best=71.7
  [104064/150000] 69%  1288s  ETA 568s  best=71.7
  [104448/150000] 70%  1292s  ETA 564s  best=71.7
  [104832/150000] 70%  1297s  ETA 559s  best=71.7
  [105216/150000] 70%  1302s  ETA 554s  best=71.7
  [105600/150000] 70%  1306s  ETA 549s  best=71.7
  [105984/150000] 71%  1311s  ETA 545s  best=71.7
  [106368/150000] 71%  1316s  ETA 540s  best=71.7
  [106752/150000] 71%  1320s  ETA 535s  best=71.7
  [107136/150000] 71%  1325s  ETA 530s  best=71.7
  [107520/150000] 72%  1330s  ETA 525s  best=71.7
  [107904/150000] 72%  1335s  ETA 521s  best=71.7
  [108288/150000] 72%  1339s  ETA 516s  best=71.7
  [108672/150000] 72%  1344s  ETA 511s  best=71.7
  [109056/150000] 73%  1349s  ETA 506s  best=71.7
  [109440/150000] 73%  1354s  ETA 502s  best=71.7
  [109824/150000] 73%  1358s  ETA 497s  best=71.7
  [110208/150000] 73%  1363s  ETA 492s  best=71.7
  [110592/150000] 74%  1368s  ETA 487s  best=71.7
  [110976/150000] 74%  1373s  ETA 483s  best=71.7
  [111360/150000] 74%  1377s  ETA 478s  best=71.7
  [111744/150000] 74%  1382s  ETA 473s  best=71.7
  [112128/150000] 75%  1387s  ETA 468s  best=71.7
  [112512/150000] 75%  1391s  ETA 464s  best=71.7
  [112896/150000] 75%  1396s  ETA 459s  best=71.7
  [113280/150000] 76%  1401s  ETA 454s  best=71.7
  [113664/150000] 76%  1405s  ETA 449s  best=71.8
  [114048/150000] 76%  1410s  ETA 445s  best=71.8
  [114432/150000] 76%  1415s  ETA 440s  best=71.8
  [114816/150000] 77%  1420s  ETA 435s  best=71.8
  [115200/150000] 77%  1424s  ETA 430s  best=71.8
  [115584/150000] 77%  1429s  ETA 425s  best=71.8
  [115968/150000] 77%  1434s  ETA 421s  best=71.8
  [116352/150000] 78%  1438s  ETA 416s  best=71.8
  [116736/150000] 78%  1443s  ETA 411s  best=71.8
  [117120/150000] 78%  1448s  ETA 406s  best=71.8
  [117504/150000] 78%  1453s  ETA 402s  best=71.8
  [117888/150000] 79%  1457s  ETA 397s  best=71.8
  [118272/150000] 79%  1462s  ETA 392s  best=71.8
  [118656/150000] 79%  1467s  ETA 387s  best=71.8
  [119040/150000] 79%  1472s  ETA 383s  best=71.8
  [119424/150000] 80%  1476s  ETA 378s  best=71.8
  [119808/150000] 80%  1481s  ETA 373s  best=71.8
  [120192/150000] 80%  1486s  ETA 368s  best=71.8
  [120576/150000] 80%  1491s  ETA 364s  best=71.8
  [120960/150000] 81%  1495s  ETA 359s  best=71.8
  [121344/150000] 81%  1500s  ETA 354s  best=71.8
  [121728/150000] 81%  1505s  ETA 350s  best=71.8
  [122112/150000] 81%  1510s  ETA 345s  best=71.8
  [122496/150000] 82%  1514s  ETA 340s  best=71.8
  [122880/150000] 82%  1519s  ETA 335s  best=71.8
  [123264/150000] 82%  1524s  ETA 331s  best=71.8
  [123648/150000] 82%  1529s  ETA 326s  best=71.8
  [124032/150000] 83%  1533s  ETA 321s  best=71.8
  [124416/150000] 83%  1538s  ETA 316s  best=71.8
  [124800/150000] 83%  1543s  ETA 311s  best=71.8
  [125184/150000] 83%  1547s  ETA 307s  best=71.8
  [125568/150000] 84%  1552s  ETA 302s  best=71.8
  [125952/150000] 84%  1557s  ETA 297s  best=71.8
  [126336/150000] 84%  1562s  ETA 293s  best=71.8
  [126720/150000] 84%  1566s  ETA 288s  best=71.8
  [127104/150000] 85%  1571s  ETA 283s  best=71.8
  [127488/150000] 85%  1576s  ETA 278s  best=71.8
  [127872/150000] 85%  1580s  ETA 273s  best=71.8
  [128256/150000] 86%  1585s  ETA 269s  best=71.8
  [128640/150000] 86%  1590s  ETA 264s  best=71.8
  [129024/150000] 86%  1594s  ETA 259s  best=71.8
  [129408/150000] 86%  1599s  ETA 254s  best=71.8
  [129792/150000] 87%  1604s  ETA 250s  best=71.8
  [130176/150000] 87%  1609s  ETA 245s  best=71.8
  [130560/150000] 87%  1613s  ETA 240s  best=71.8
  [130944/150000] 87%  1618s  ETA 235s  best=71.8
  [131328/150000] 88%  1623s  ETA 231s  best=71.8
  [131712/150000] 88%  1628s  ETA 226s  best=71.8
  [132096/150000] 88%  1632s  ETA 221s  best=71.8
  [132480/150000] 88%  1637s  ETA 217s  best=71.8
  [132864/150000] 89%  1642s  ETA 212s  best=71.8
  [133248/150000] 89%  1647s  ETA 207s  best=71.8
  [133632/150000] 89%  1651s  ETA 202s  best=71.8
  [134016/150000] 89%  1656s  ETA 198s  best=71.8
  [134400/150000] 90%  1661s  ETA 193s  best=71.8
  [134784/150000] 90%  1666s  ETA 188s  best=71.8
  [135168/150000] 90%  1671s  ETA 183s  best=71.8
  [135552/150000] 90%  1675s  ETA 179s  best=71.8
  [135936/150000] 91%  1680s  ETA 174s  best=71.8
  [136320/150000] 91%  1685s  ETA 169s  best=71.8
  [136704/150000] 91%  1690s  ETA 164s  best=71.8
  [137088/150000] 91%  1695s  ETA 160s  best=71.8
  [137472/150000] 92%  1699s  ETA 155s  best=71.8
  [137856/150000] 92%  1704s  ETA 150s  best=71.8
  [138240/150000] 92%  1709s  ETA 145s  best=71.8
  [138624/150000] 92%  1713s  ETA 141s  best=71.8
  [139008/150000] 93%  1718s  ETA 136s  best=71.8
  [139392/150000] 93%  1723s  ETA 131s  best=71.8
  [139776/150000] 93%  1728s  ETA 126s  best=71.8
  [140160/150000] 93%  1732s  ETA 122s  best=71.8
  [140544/150000] 94%  1737s  ETA 117s  best=71.8
  [140928/150000] 94%  1742s  ETA 112s  best=71.8
  [141312/150000] 94%  1747s  ETA 107s  best=71.8
  [141696/150000] 94%  1751s  ETA 103s  best=71.8
  [142080/150000] 95%  1756s  ETA 98s  best=71.8
  [142464/150000] 95%  1761s  ETA 93s  best=71.8
  [142848/150000] 95%  1766s  ETA 88s  best=71.8
  [143232/150000] 95%  1770s  ETA 84s  best=71.8
  [143616/150000] 96%  1775s  ETA 79s  best=71.8
  [144000/150000] 96%  1780s  ETA 74s  best=71.8
  [144384/150000] 96%  1784s  ETA 69s  best=71.8
  [144768/150000] 97%  1789s  ETA 65s  best=71.8
  [145152/150000] 97%  1794s  ETA 60s  best=71.8
  [145536/150000] 97%  1798s  ETA 55s  best=71.8
  [145920/150000] 97%  1803s  ETA 50s  best=71.8
  [146304/150000] 98%  1808s  ETA 46s  best=71.8
  [146688/150000] 98%  1813s  ETA 41s  best=71.8
  [147072/150000] 98%  1818s  ETA 36s  best=71.8
  [147456/150000] 98%  1822s  ETA 31s  best=71.8
  [147840/150000] 99%  1827s  ETA 27s  best=71.8
  [148224/150000] 99%  1832s  ETA 22s  best=71.8
  [148608/150000] 99%  1836s  ETA 17s  best=71.8
  [148992/150000] 99%  1841s  ETA 12s  best=71.8
  [149376/150000] 100%  1846s  ETA 8s  best=71.8
  [149760/150000] 100%  1850s  ETA 3s  best=71.8
  [150000/150000] 100%  1854s  ETA 0s  best=71.8

Deep eval top 10 (500 MC)...
  [1/10] avg=87.8  seeds=['87.9', '86.9', '88.8', '87.5', '88.0']
  [2/10] avg=87.5  seeds=['88.0', '87.3', '88.3', '86.7', '87.2']
  [3/10] avg=87.2  seeds=['87.4', '86.6', '87.9', '86.9', '87.2']
  [4/10] avg=86.9  seeds=['86.9', '86.5', '87.6', '86.7', '86.9']
  [5/10] avg=86.7  seeds=['87.1', '86.7', '87.3', '85.8', '86.5']
  [6/10] avg=86.8  seeds=['87.1', '86.6', '87.5', '85.9', '86.9']
  [7/10] avg=86.5  seeds=['87.1', '86.7', '87.0', '85.4', '86.4']
  [8/10] avg=86.4  seeds=['87.0', '86.6', '87.1', '85.4', '86.1']
  [9/10] avg=86.3  seeds=['87.1', '86.6', '86.7', '85.1', '86.0']
  [10/10] avg=86.1  seeds=['86.9', '86.8', '86.4', '85.1', '85.6']

R5 BEST: 87.8
  death_base_rate=0.01
  death_food_factor=0.04
  food_base_regen=0.18
  food_competition=0.03
  food_forest_bonus=0.06
  food_pop_drain=0.1
  pop_growth_rate=0.06
  port_prob=0.08
  port_survival_bonus=0.02
  spawn_pop_threshold=0.7
  spawn_prob=0.12
R5: NEW BEST 87.8 (was 83.9)

============================================================
R1: settle_rate=0.152, 5 seeds
============================================================
150000 combos x 5 seeds x 30 MC (coarse)
  [   384/150000] 0%  10s  ETA 4055s  best=70.5
  [   768/150000] 1%  20s  ETA 3856s  best=70.6
  [  1152/150000] 1%  29s  ETA 3699s  best=70.6
  [  1536/150000] 1%  37s  ETA 3621s  best=70.6
  [  1920/150000] 1%  45s  ETA 3497s  best=70.6
  [  2304/150000] 2%  53s  ETA 3421s  best=70.6
  [  2688/150000] 2%  61s  ETA 3323s  best=70.6
  [  3072/150000] 2%  68s  ETA 3248s  best=70.7
  [  3456/150000] 2%  74s  ETA 3157s  best=70.7
  [  3840/150000] 3%  81s  ETA 3074s  best=70.7
  [  4224/150000] 3%  87s  ETA 2996s  best=70.7
  [  4608/150000] 3%  93s  ETA 2921s  best=70.7
  [  4992/150000] 3%  98s  ETA 2841s  best=70.7
  [  5376/150000] 4%  103s  ETA 2779s  best=71.1
  [  5760/150000] 4%  109s  ETA 2726s  best=71.1
  [  6144/150000] 4%  114s  ETA 2673s  best=71.1
  [  6528/150000] 4%  120s  ETA 2627s  best=71.1
  [  6912/150000] 5%  125s  ETA 2590s  best=71.1
  [  7296/150000] 5%  130s  ETA 2547s  best=71.1
  [  7680/150000] 5%  136s  ETA 2512s  best=71.1
  [  8064/150000] 5%  141s  ETA 2477s  best=71.1
  [  8448/150000] 6%  146s  ETA 2441s  best=71.1
  [  8832/150000] 6%  151s  ETA 2410s  best=71.1
  [  9216/150000] 6%  156s  ETA 2384s  best=71.1
  [  9600/150000] 6%  161s  ETA 2354s  best=71.1
  [  9984/150000] 7%  166s  ETA 2328s  best=71.1
  [ 10368/150000] 7%  171s  ETA 2303s  best=71.1
  [ 10752/150000] 7%  176s  ETA 2280s  best=71.1
  [ 11136/150000] 7%  181s  ETA 2260s  best=71.1
  [ 11520/150000] 8%  186s  ETA 2239s  best=71.1
  [ 11904/150000] 8%  191s  ETA 2218s  best=71.1
  [ 12288/150000] 8%  196s  ETA 2199s  best=71.1
  [ 12672/150000] 8%  201s  ETA 2180s  best=71.1
  [ 13056/150000] 9%  206s  ETA 2162s  best=71.1
  [ 13440/150000] 9%  211s  ETA 2146s  best=71.1
  [ 13824/150000] 9%  216s  ETA 2128s  best=71.1
  [ 14208/150000] 9%  221s  ETA 2113s  best=71.1
  [ 14592/150000] 10%  226s  ETA 2097s  best=71.1
  [ 14976/150000] 10%  231s  ETA 2080s  best=71.1
  [ 15360/150000] 10%  236s  ETA 2066s  best=71.1
  [ 15744/150000] 10%  241s  ETA 2051s  best=71.1
  [ 16128/150000] 11%  246s  ETA 2038s  best=71.1
  [ 16512/150000] 11%  250s  ETA 2024s  best=71.1
  [ 16896/150000] 11%  255s  ETA 2012s  best=71.1
  [ 17280/150000] 12%  260s  ETA 1999s  best=71.1
  [ 17664/150000] 12%  265s  ETA 1988s  best=71.1
  [ 18048/150000] 12%  270s  ETA 1977s  best=71.1
  [ 18432/150000] 12%  275s  ETA 1966s  best=71.1
  [ 18816/150000] 13%  280s  ETA 1954s  best=71.1
  [ 19200/150000] 13%  285s  ETA 1942s  best=71.1
  [ 19584/150000] 13%  290s  ETA 1931s  best=71.1
  [ 19968/150000] 13%  295s  ETA 1921s  best=71.1
  [ 20352/150000] 14%  300s  ETA 1909s  best=71.1
  [ 20736/150000] 14%  305s  ETA 1899s  best=71.1
  [ 21120/150000] 14%  309s  ETA 1887s  best=71.1
  [ 21504/150000] 14%  314s  ETA 1878s  best=71.1
  [ 21888/150000] 15%  319s  ETA 1868s  best=71.1
  [ 22272/150000] 15%  324s  ETA 1858s  best=71.1
  [ 22656/150000] 15%  329s  ETA 1848s  best=71.1
  [ 23040/150000] 15%  334s  ETA 1839s  best=71.1
  [ 23424/150000] 16%  339s  ETA 1830s  best=71.1
  [ 23808/150000] 16%  343s  ETA 1820s  best=71.1
  [ 24192/150000] 16%  348s  ETA 1811s  best=71.1
  [ 24576/150000] 16%  353s  ETA 1802s  best=71.1
  [ 24960/150000] 17%  358s  ETA 1793s  best=71.1
  [ 25344/150000] 17%  363s  ETA 1786s  best=71.1
  [ 25728/150000] 17%  368s  ETA 1777s  best=71.1
  [ 26112/150000] 17%  373s  ETA 1768s  best=71.1
  [ 26496/150000] 18%  377s  ETA 1759s  best=71.1
  [ 26880/150000] 18%  382s  ETA 1751s  best=71.1
  [ 27264/150000] 18%  387s  ETA 1744s  best=71.1
  [ 27648/150000] 18%  392s  ETA 1735s  best=71.1
  [ 28032/150000] 19%  397s  ETA 1727s  best=71.1
  [ 28416/150000] 19%  402s  ETA 1720s  best=71.1
  [ 28800/150000] 19%  407s  ETA 1711s  best=71.1
  [ 29184/150000] 19%  412s  ETA 1704s  best=71.1
  [ 29568/150000] 20%  416s  ETA 1696s  best=71.1
  [ 29952/150000] 20%  421s  ETA 1689s  best=71.1
  [ 30336/150000] 20%  426s  ETA 1680s  best=71.1
  [ 30720/150000] 20%  431s  ETA 1673s  best=71.1
  [ 31104/150000] 21%  436s  ETA 1666s  best=71.1
  [ 31488/150000] 21%  441s  ETA 1659s  best=71.1
  [ 31872/150000] 21%  445s  ETA 1651s  best=71.1
  [ 32256/150000] 22%  450s  ETA 1644s  best=71.1
  [ 32640/150000] 22%  455s  ETA 1637s  best=71.1
  [ 33024/150000] 22%  460s  ETA 1630s  best=71.1
  [ 33408/150000] 22%  465s  ETA 1622s  best=71.1
  [ 33792/150000] 23%  469s  ETA 1614s  best=71.1
  [ 34176/150000] 23%  474s  ETA 1608s  best=71.1
  [ 34560/150000] 23%  479s  ETA 1601s  best=71.1
  [ 34944/150000] 23%  484s  ETA 1594s  best=71.1
  [ 35328/150000] 24%  489s  ETA 1587s  best=71.1
  [ 35712/150000] 24%  494s  ETA 1580s  best=71.1
  [ 36096/150000] 24%  499s  ETA 1573s  best=71.1
  [ 36480/150000] 24%  503s  ETA 1566s  best=71.1
  [ 36864/150000] 25%  508s  ETA 1560s  best=71.1
  [ 37248/150000] 25%  513s  ETA 1553s  best=71.1
  [ 37632/150000] 25%  518s  ETA 1547s  best=71.1
  [ 38016/150000] 25%  523s  ETA 1540s  best=71.1
  [ 38400/150000] 26%  528s  ETA 1534s  best=71.1
  [ 38784/150000] 26%  533s  ETA 1527s  best=71.1
  [ 39168/150000] 26%  537s  ETA 1521s  best=71.1
  [ 39552/150000] 26%  542s  ETA 1514s  best=71.1
  [ 39936/150000] 27%  547s  ETA 1508s  best=71.1
  [ 40320/150000] 27%  552s  ETA 1501s  best=71.1
  [ 40704/150000] 27%  557s  ETA 1495s  best=71.1
  [ 41088/150000] 27%  562s  ETA 1488s  best=71.1
  [ 41472/150000] 28%  567s  ETA 1483s  best=71.1
  [ 41856/150000] 28%  571s  ETA 1476s  best=71.1
  [ 42240/150000] 28%  576s  ETA 1470s  best=71.1
  [ 42624/150000] 28%  581s  ETA 1464s  best=71.1
  [ 43008/150000] 29%  586s  ETA 1458s  best=71.1
  [ 43392/150000] 29%  591s  ETA 1451s  best=71.1
  [ 43776/150000] 29%  596s  ETA 1445s  best=71.1
  [ 44160/150000] 29%  601s  ETA 1439s  best=71.1
  [ 44544/150000] 30%  605s  ETA 1433s  best=71.1
  [ 44928/150000] 30%  610s  ETA 1427s  best=71.1
  [ 45312/150000] 30%  615s  ETA 1421s  best=71.1
  [ 45696/150000] 30%  620s  ETA 1415s  best=71.1
  [ 46080/150000] 31%  625s  ETA 1409s  best=71.1
  [ 46464/150000] 31%  629s  ETA 1403s  best=71.1
  [ 46848/150000] 31%  634s  ETA 1396s  best=71.1
  [ 47232/150000] 31%  639s  ETA 1390s  best=71.1
  [ 47616/150000] 32%  644s  ETA 1384s  best=71.1
  [ 48000/150000] 32%  649s  ETA 1379s  best=71.1
  [ 48384/150000] 32%  654s  ETA 1373s  best=71.1
  [ 48768/150000] 33%  658s  ETA 1367s  best=71.1
  [ 49152/150000] 33%  663s  ETA 1361s  best=71.1
  [ 49536/150000] 33%  668s  ETA 1355s  best=71.1
  [ 49920/150000] 33%  673s  ETA 1349s  best=71.1
  [ 50304/150000] 34%  678s  ETA 1343s  best=71.1
  [ 50688/150000] 34%  683s  ETA 1338s  best=71.1
  [ 51072/150000] 34%  688s  ETA 1332s  best=71.1
  [ 51456/150000] 34%  692s  ETA 1326s  best=71.1
  [ 51840/150000] 35%  697s  ETA 1320s  best=71.1
  [ 52224/150000] 35%  702s  ETA 1314s  best=71.1
  [ 52608/150000] 35%  707s  ETA 1308s  best=71.1
  [ 52992/150000] 35%  712s  ETA 1303s  best=71.1
  [ 53376/150000] 36%  716s  ETA 1297s  best=71.1
  [ 53760/150000] 36%  721s  ETA 1291s  best=71.1
  [ 54144/150000] 36%  726s  ETA 1286s  best=71.1
  [ 54528/150000] 36%  731s  ETA 1280s  best=71.1
  [ 54912/150000] 37%  736s  ETA 1274s  best=71.1
  [ 55296/150000] 37%  741s  ETA 1269s  best=71.1
  [ 55680/150000] 37%  746s  ETA 1263s  best=71.1
  [ 56064/150000] 37%  751s  ETA 1258s  best=71.1
  [ 56448/150000] 38%  756s  ETA 1252s  best=71.1
  [ 56832/150000] 38%  760s  ETA 1246s  best=71.1
  [ 57216/150000] 38%  765s  ETA 1241s  best=71.1
  [ 57600/150000] 38%  770s  ETA 1235s  best=71.1
  [ 57984/150000] 39%  775s  ETA 1230s  best=71.2
  [ 58368/150000] 39%  780s  ETA 1224s  best=71.2
  [ 58752/150000] 39%  785s  ETA 1219s  best=71.2
  [ 59136/150000] 39%  790s  ETA 1213s  best=71.2
  [ 59520/150000] 40%  794s  ETA 1207s  best=71.2
  [ 59904/150000] 40%  799s  ETA 1202s  best=71.2
  [ 60288/150000] 40%  804s  ETA 1197s  best=71.2
  [ 60672/150000] 40%  809s  ETA 1191s  best=71.2
  [ 61056/150000] 41%  814s  ETA 1186s  best=71.2
  [ 61440/150000] 41%  819s  ETA 1180s  best=71.2
  [ 61824/150000] 41%  823s  ETA 1174s  best=71.2
  [ 62208/150000] 41%  828s  ETA 1169s  best=71.2
  [ 62592/150000] 42%  833s  ETA 1163s  best=71.2
  [ 62976/150000] 42%  838s  ETA 1158s  best=71.2
  [ 63360/150000] 42%  843s  ETA 1153s  best=71.2
  [ 63744/150000] 42%  848s  ETA 1147s  best=71.2
  [ 64128/150000] 43%  852s  ETA 1141s  best=71.2
  [ 64512/150000] 43%  857s  ETA 1136s  best=71.2
  [ 64896/150000] 43%  862s  ETA 1130s  best=71.2
  [ 65280/150000] 44%  867s  ETA 1125s  best=71.2
  [ 65664/150000] 44%  872s  ETA 1120s  best=71.2
  [ 66048/150000] 44%  877s  ETA 1114s  best=71.2
  [ 66432/150000] 44%  881s  ETA 1109s  best=71.2
  [ 66816/150000] 45%  886s  ETA 1103s  best=71.2
  [ 67200/150000] 45%  891s  ETA 1098s  best=71.2
  [ 67584/150000] 45%  896s  ETA 1092s  best=71.2
  [ 67968/150000] 45%  901s  ETA 1087s  best=71.2
  [ 68352/150000] 46%  906s  ETA 1082s  best=71.2
  [ 68736/150000] 46%  910s  ETA 1076s  best=71.2
  [ 69120/150000] 46%  915s  ETA 1071s  best=71.2
  [ 69504/150000] 46%  920s  ETA 1066s  best=71.2
  [ 69888/150000] 47%  925s  ETA 1060s  best=71.2
  [ 70272/150000] 47%  930s  ETA 1055s  best=71.2
  [ 70656/150000] 47%  935s  ETA 1050s  best=71.2
  [ 71040/150000] 47%  940s  ETA 1044s  best=71.2
  [ 71424/150000] 48%  944s  ETA 1039s  best=71.2
  [ 71808/150000] 48%  949s  ETA 1034s  best=71.2
  [ 72192/150000] 48%  954s  ETA 1028s  best=71.2
  [ 72576/150000] 48%  959s  ETA 1023s  best=71.2
  [ 72960/150000] 49%  964s  ETA 1018s  best=71.2
  [ 73344/150000] 49%  969s  ETA 1013s  best=71.2
  [ 73728/150000] 49%  974s  ETA 1007s  best=71.2
  [ 74112/150000] 49%  979s  ETA 1002s  best=71.2
  [ 74496/150000] 50%  983s  ETA 997s  best=71.2
  [ 74880/150000] 50%  988s  ETA 992s  best=71.2
  [ 75264/150000] 50%  993s  ETA 986s  best=71.2
  [ 75648/150000] 50%  998s  ETA 981s  best=71.2
  [ 76032/150000] 51%  1003s  ETA 976s  best=71.2
  [ 76416/150000] 51%  1008s  ETA 971s  best=71.2
  [ 76800/150000] 51%  1013s  ETA 965s  best=71.2
  [ 77184/150000] 51%  1018s  ETA 960s  best=71.2
  [ 77568/150000] 52%  1022s  ETA 955s  best=71.2
  [ 77952/150000] 52%  1027s  ETA 950s  best=71.2
  [ 78336/150000] 52%  1032s  ETA 944s  best=71.2
  [ 78720/150000] 52%  1037s  ETA 939s  best=71.2
  [ 79104/150000] 53%  1042s  ETA 934s  best=71.2
  [ 79488/150000] 53%  1047s  ETA 929s  best=71.2
  [ 79872/150000] 53%  1052s  ETA 923s  best=71.2
  [ 80256/150000] 54%  1056s  ETA 918s  best=71.2
  [ 80640/150000] 54%  1061s  ETA 913s  best=71.2
  [ 81024/150000] 54%  1066s  ETA 908s  best=71.2
  [ 81408/150000] 54%  1071s  ETA 902s  best=71.2
  [ 81792/150000] 55%  1076s  ETA 897s  best=71.2
  [ 82176/150000] 55%  1081s  ETA 892s  best=71.2
  [ 82560/150000] 55%  1085s  ETA 887s  best=71.2
  [ 82944/150000] 55%  1090s  ETA 882s  best=71.2
  [ 83328/150000] 56%  1095s  ETA 876s  best=71.2
  [ 83712/150000] 56%  1100s  ETA 871s  best=71.2
  [ 84096/150000] 56%  1105s  ETA 866s  best=71.2
  [ 84480/150000] 56%  1110s  ETA 861s  best=71.2
  [ 84864/150000] 57%  1115s  ETA 855s  best=71.2
  [ 85248/150000] 57%  1119s  ETA 850s  best=71.2
  [ 85632/150000] 57%  1124s  ETA 845s  best=71.2
  [ 86016/150000] 57%  1129s  ETA 840s  best=71.2
  [ 86400/150000] 58%  1134s  ETA 835s  best=71.2
  [ 86784/150000] 58%  1138s  ETA 829s  best=71.2
  [ 87168/150000] 58%  1143s  ETA 824s  best=71.2
  [ 87552/150000] 58%  1148s  ETA 819s  best=71.2
  [ 87936/150000] 59%  1153s  ETA 814s  best=71.2
  [ 88320/150000] 59%  1158s  ETA 809s  best=71.2
  [ 88704/150000] 59%  1163s  ETA 803s  best=71.2
  [ 89088/150000] 59%  1168s  ETA 798s  best=71.2
  [ 89472/150000] 60%  1173s  ETA 793s  best=71.2
  [ 89856/150000] 60%  1177s  ETA 788s  best=71.2
  [ 90240/150000] 60%  1182s  ETA 783s  best=71.2
  [ 90624/150000] 60%  1187s  ETA 778s  best=71.2
  [ 91008/150000] 61%  1192s  ETA 773s  best=71.2
  [ 91392/150000] 61%  1197s  ETA 767s  best=71.2
  [ 91776/150000] 61%  1201s  ETA 762s  best=71.2
  [ 92160/150000] 61%  1206s  ETA 757s  best=71.2
  [ 92544/150000] 62%  1211s  ETA 752s  best=71.2
  [ 92928/150000] 62%  1216s  ETA 747s  best=71.2
  [ 93312/150000] 62%  1221s  ETA 742s  best=71.2
  [ 93696/150000] 62%  1225s  ETA 736s  best=71.2
  [ 94080/150000] 63%  1230s  ETA 731s  best=71.2
  [ 94464/150000] 63%  1235s  ETA 726s  best=71.2
  [ 94848/150000] 63%  1240s  ETA 721s  best=71.2
  [ 95232/150000] 63%  1245s  ETA 716s  best=71.2
  [ 95616/150000] 64%  1250s  ETA 711s  best=71.2
  [ 96000/150000] 64%  1255s  ETA 706s  best=71.2
  [ 96384/150000] 64%  1260s  ETA 701s  best=71.2
  [ 96768/150000] 65%  1264s  ETA 696s  best=71.2
  [ 97152/150000] 65%  1269s  ETA 690s  best=71.2
  [ 97536/150000] 65%  1274s  ETA 685s  best=71.2
  [ 97920/150000] 65%  1279s  ETA 680s  best=71.2
  [ 98304/150000] 66%  1284s  ETA 675s  best=71.2
  [ 98688/150000] 66%  1289s  ETA 670s  best=71.2
  [ 99072/150000] 66%  1294s  ETA 665s  best=71.2
  [ 99456/150000] 66%  1298s  ETA 660s  best=71.2
  [ 99840/150000] 67%  1303s  ETA 655s  best=71.2
  [100224/150000] 67%  1308s  ETA 650s  best=71.2
  [100608/150000] 67%  1313s  ETA 644s  best=71.2
  [100992/150000] 67%  1318s  ETA 639s  best=71.2
  [101376/150000] 68%  1322s  ETA 634s  best=71.2
  [101760/150000] 68%  1327s  ETA 629s  best=71.2
  [102144/150000] 68%  1332s  ETA 624s  best=71.2
  [102528/150000] 68%  1337s  ETA 619s  best=71.2
  [102912/150000] 69%  1342s  ETA 614s  best=71.2
  [103296/150000] 69%  1347s  ETA 609s  best=71.2
  [103680/150000] 69%  1352s  ETA 604s  best=71.2
  [104064/150000] 69%  1356s  ETA 599s  best=71.2
  [104448/150000] 70%  1361s  ETA 594s  best=71.2
  [104832/150000] 70%  1366s  ETA 589s  best=71.2
  [105216/150000] 70%  1371s  ETA 583s  best=71.2
  [105600/150000] 70%  1376s  ETA 578s  best=71.2
  [105984/150000] 71%  1381s  ETA 573s  best=71.2
  [106368/150000] 71%  1385s  ETA 568s  best=71.2
  [106752/150000] 71%  1390s  ETA 563s  best=71.2
  [107136/150000] 71%  1395s  ETA 558s  best=71.2
  [107520/150000] 72%  1400s  ETA 553s  best=71.2
  [107904/150000] 72%  1405s  ETA 548s  best=71.2
  [108288/150000] 72%  1409s  ETA 543s  best=71.2
  [108672/150000] 72%  1414s  ETA 538s  best=71.2
  [109056/150000] 73%  1419s  ETA 533s  best=71.2
  [109440/150000] 73%  1424s  ETA 528s  best=71.2
  [109824/150000] 73%  1429s  ETA 523s  best=71.2
  [110208/150000] 73%  1434s  ETA 518s  best=71.2
  [110592/150000] 74%  1439s  ETA 513s  best=71.2
  [110976/150000] 74%  1443s  ETA 508s  best=71.2
  [111360/150000] 74%  1448s  ETA 502s  best=71.2
  [111744/150000] 74%  1453s  ETA 497s  best=71.2
  [112128/150000] 75%  1458s  ETA 492s  best=71.2
  [112512/150000] 75%  1463s  ETA 487s  best=71.2
  [112896/150000] 75%  1467s  ETA 482s  best=71.2
  [113280/150000] 76%  1472s  ETA 477s  best=71.2
  [113664/150000] 76%  1477s  ETA 472s  best=71.2
  [114048/150000] 76%  1482s  ETA 467s  best=71.2
  [114432/150000] 76%  1487s  ETA 462s  best=71.2
  [114816/150000] 77%  1492s  ETA 457s  best=71.2
  [115200/150000] 77%  1497s  ETA 452s  best=71.2
  [115584/150000] 77%  1502s  ETA 447s  best=71.2
  [115968/150000] 77%  1507s  ETA 442s  best=71.2
  [116352/150000] 78%  1512s  ETA 437s  best=71.2
  [116736/150000] 78%  1516s  ETA 432s  best=71.2
  [117120/150000] 78%  1521s  ETA 427s  best=71.2
  [117504/150000] 78%  1526s  ETA 422s  best=71.2
  [117888/150000] 79%  1531s  ETA 417s  best=71.2
  [118272/150000] 79%  1536s  ETA 412s  best=71.2
  [118656/150000] 79%  1541s  ETA 407s  best=71.2
  [119040/150000] 79%  1546s  ETA 402s  best=71.2
  [119424/150000] 80%  1551s  ETA 397s  best=71.2
  [119808/150000] 80%  1555s  ETA 392s  best=71.2
  [120192/150000] 80%  1560s  ETA 387s  best=71.2
  [120576/150000] 80%  1565s  ETA 382s  best=71.2
  [120960/150000] 81%  1570s  ETA 377s  best=71.2
  [121344/150000] 81%  1575s  ETA 372s  best=71.2
  [121728/150000] 81%  1579s  ETA 367s  best=71.2
  [122112/150000] 81%  1584s  ETA 362s  best=71.2
  [122496/150000] 82%  1589s  ETA 357s  best=71.2
  [122880/150000] 82%  1594s  ETA 352s  best=71.2
  [123264/150000] 82%  1599s  ETA 347s  best=71.2
  [123648/150000] 82%  1604s  ETA 342s  best=71.2
  [124032/150000] 83%  1608s  ETA 337s  best=71.2
  [124416/150000] 83%  1613s  ETA 332s  best=71.2
  [124800/150000] 83%  1618s  ETA 327s  best=71.2
  [125184/150000] 83%  1623s  ETA 322s  best=71.2
  [125568/150000] 84%  1628s  ETA 317s  best=71.2
  [125952/150000] 84%  1633s  ETA 312s  best=71.2
  [126336/150000] 84%  1638s  ETA 307s  best=71.2
  [126720/150000] 84%  1643s  ETA 302s  best=71.2
  [127104/150000] 85%  1648s  ETA 297s  best=71.2
  [127488/150000] 85%  1653s  ETA 292s  best=71.2
  [127872/150000] 85%  1657s  ETA 287s  best=71.2
  [128256/150000] 86%  1662s  ETA 282s  best=71.2
  [128640/150000] 86%  1668s  ETA 277s  best=71.2
  [129024/150000] 86%  1672s  ETA 272s  best=71.2
  [129408/150000] 86%  1677s  ETA 267s  best=71.2
  [129792/150000] 87%  1683s  ETA 262s  best=71.2
  [130176/150000] 87%  1687s  ETA 257s  best=71.2
  [130560/150000] 87%  1692s  ETA 252s  best=71.2
  [130944/150000] 87%  1697s  ETA 247s  best=71.2
  [131328/150000] 88%  1702s  ETA 242s  best=71.2
  [131712/150000] 88%  1707s  ETA 237s  best=71.2
  [132096/150000] 88%  1712s  ETA 232s  best=71.2
  [132480/150000] 88%  1717s  ETA 227s  best=71.2
  [132864/150000] 89%  1722s  ETA 222s  best=71.2
  [133248/150000] 89%  1727s  ETA 217s  best=71.2
  [133632/150000] 89%  1731s  ETA 212s  best=71.2
  [134016/150000] 89%  1736s  ETA 207s  best=71.2
  [134400/150000] 90%  1741s  ETA 202s  best=71.2
  [134784/150000] 90%  1746s  ETA 197s  best=71.2
  [135168/150000] 90%  1751s  ETA 192s  best=71.2
  [135552/150000] 90%  1756s  ETA 187s  best=71.2
  [135936/150000] 91%  1761s  ETA 182s  best=71.2
  [136320/150000] 91%  1766s  ETA 177s  best=71.2
  [136704/150000] 91%  1771s  ETA 172s  best=71.2
  [137088/150000] 91%  1776s  ETA 167s  best=71.2
  [137472/150000] 92%  1780s  ETA 162s  best=71.2
  [137856/150000] 92%  1785s  ETA 157s  best=71.2
  [138240/150000] 92%  1790s  ETA 152s  best=71.2
  [138624/150000] 92%  1795s  ETA 147s  best=71.2
  [139008/150000] 93%  1800s  ETA 142s  best=71.2
  [139392/150000] 93%  1805s  ETA 137s  best=71.2
  [139776/150000] 93%  1810s  ETA 132s  best=71.2
  [140160/150000] 93%  1815s  ETA 127s  best=71.2
  [140544/150000] 94%  1820s  ETA 122s  best=71.2
  [140928/150000] 94%  1825s  ETA 117s  best=71.2
  [141312/150000] 94%  1829s  ETA 112s  best=71.2
  [141696/150000] 94%  1834s  ETA 107s  best=71.2
  [142080/150000] 95%  1839s  ETA 103s  best=71.2
  [142464/150000] 95%  1844s  ETA 98s  best=71.2
  [142848/150000] 95%  1849s  ETA 93s  best=71.2
  [143232/150000] 95%  1854s  ETA 88s  best=71.2
  [143616/150000] 96%  1859s  ETA 83s  best=71.2
  [144000/150000] 96%  1864s  ETA 78s  best=71.2
  [144384/150000] 96%  1868s  ETA 73s  best=71.2
  [144768/150000] 97%  1873s  ETA 68s  best=71.2
  [145152/150000] 97%  1878s  ETA 63s  best=71.2
  [145536/150000] 97%  1883s  ETA 58s  best=71.2
  [145920/150000] 97%  1888s  ETA 53s  best=71.2
  [146304/150000] 98%  1893s  ETA 48s  best=71.2
  [146688/150000] 98%  1898s  ETA 43s  best=71.2
  [147072/150000] 98%  1902s  ETA 38s  best=71.2
  [147456/150000] 98%  1907s  ETA 33s  best=71.2
  [147840/150000] 99%  1912s  ETA 28s  best=71.2
  [148224/150000] 99%  1917s  ETA 23s  best=71.2
  [148608/150000] 99%  1922s  ETA 18s  best=71.2
  [148992/150000] 99%  1926s  ETA 13s  best=71.2
  [149376/150000] 100%  1931s  ETA 8s  best=71.2
  [149760/150000] 100%  1936s  ETA 3s  best=71.2
  [150000/150000] 100%  1940s  ETA 0s  best=71.2

Deep eval top 10 (500 MC)...
  [1/10] avg=85.4  seeds=['84.6', '84.7', '86.5', '85.7', '85.4']
  [2/10] avg=85.5  seeds=['84.7', '85.2', '86.4', '86.1', '85.1']
  [3/10] avg=85.3  seeds=['84.9', '84.6', '86.0', '85.3', '85.5']
  [4/10] avg=85.5  seeds=['85.0', '84.7', '86.5', '85.6', '85.6']
  [5/10] avg=85.3  seeds=['84.7', '84.7', '86.4', '85.4', '85.5']
  [6/10] avg=85.2  seeds=['85.2', '84.1', '86.4', '84.7', '85.8']
  [7/10] avg=85.3  seeds=['85.3', '84.3', '86.3', '85.2', '85.5']
  [8/10] avg=85.1  seeds=['84.8', '84.1', '86.1', '84.9', '85.6']
  [9/10] avg=85.0  seeds=['85.0', '84.0', '85.8', '85.1', '85.3']
  [10/10] avg=83.6  seeds=['83.3', '82.9', '84.1', '83.6', '83.9']

R1 BEST: 85.5
  death_base_rate=0.02
  death_food_factor=0.01
  food_base_regen=0.3
  food_competition=0.05
  food_forest_bonus=0.02
  food_pop_drain=0.04
  pop_growth_rate=0.1
  port_prob=0.1
  port_survival_bonus=0.03
  spawn_pop_threshold=0.4
  spawn_prob=0.08
R1: NEW BEST 85.5 (was 84.3)

============================================================
R2: settle_rate=0.181, 5 seeds
============================================================
150000 combos x 5 seeds x 30 MC (coarse)
  [   384/150000] 0%  14s  ETA 5506s  best=68.6
  [   768/150000] 1%  25s  ETA 4904s  best=68.7
  [  1152/150000] 1%  36s  ETA 4688s  best=68.7
  [  1536/150000] 1%  46s  ETA 4441s  best=68.8
  [  1920/150000] 1%  55s  ETA 4244s  best=68.8
  [  2304/150000] 2%  63s  ETA 4046s  best=69.1
  [  2688/150000] 2%  71s  ETA 3878s  best=69.1
  [  3072/150000] 2%  78s  ETA 3734s  best=69.1
  [  3456/150000] 2%  85s  ETA 3619s  best=69.1
  [  3840/150000] 3%  92s  ETA 3517s  best=69.1
  [  4224/150000] 3%  99s  ETA 3427s  best=69.1
  [  4608/150000] 3%  106s  ETA 3346s  best=69.1
  [  4992/150000] 3%  113s  ETA 3277s  best=69.1
  [  5376/150000] 4%  119s  ETA 3210s  best=69.1
  [  5760/150000] 4%  126s  ETA 3148s  best=69.2
  [  6144/150000] 4%  132s  ETA 3098s  best=69.2
  [  6528/150000] 4%  139s  ETA 3051s  best=69.2
  [  6912/150000] 5%  145s  ETA 3004s  best=69.5
  [  7296/150000] 5%  152s  ETA 2965s  best=69.5
  [  7680/150000] 5%  158s  ETA 2928s  best=69.5
  [  8064/150000] 5%  164s  ETA 2891s  best=69.5
  [  8448/150000] 6%  170s  ETA 2851s  best=69.5
  [  8832/150000] 6%  176s  ETA 2820s  best=69.5
  [  9216/150000] 6%  183s  ETA 2789s  best=69.5
  [  9600/150000] 6%  189s  ETA 2765s  best=69.5
  [  9984/150000] 7%  195s  ETA 2736s  best=69.5
  [ 10368/150000] 7%  201s  ETA 2713s  best=69.5
  [ 10752/150000] 7%  208s  ETA 2691s  best=69.5
  [ 11136/150000] 7%  214s  ETA 2668s  best=69.5
  [ 11520/150000] 8%  220s  ETA 2648s  best=69.5
  [ 11904/150000] 8%  226s  ETA 2625s  best=69.5
  [ 12288/150000] 8%  233s  ETA 2606s  best=69.5
  [ 12672/150000] 8%  239s  ETA 2585s  best=69.5
  [ 13056/150000] 9%  245s  ETA 2565s  best=69.5
  [ 13440/150000] 9%  251s  ETA 2547s  best=69.5
  [ 13824/150000] 9%  257s  ETA 2529s  best=69.5
  [ 14208/150000] 9%  263s  ETA 2513s  best=69.5
  [ 14592/150000] 10%  269s  ETA 2497s  best=69.5
  [ 14976/150000] 10%  275s  ETA 2480s  best=69.5
  [ 15360/150000] 10%  281s  ETA 2465s  best=69.5
  [ 15744/150000] 10%  287s  ETA 2448s  best=69.5
  [ 16128/150000] 11%  293s  ETA 2435s  best=69.5
  [ 16512/150000] 11%  299s  ETA 2421s  best=69.5
  [ 16896/150000] 11%  306s  ETA 2408s  best=69.5
  [ 17280/150000] 12%  312s  ETA 2394s  best=69.5
  [ 17664/150000] 12%  318s  ETA 2380s  best=69.5
  [ 18048/150000] 12%  324s  ETA 2367s  best=69.5
  [ 18432/150000] 12%  330s  ETA 2352s  best=69.5
  [ 18816/150000] 13%  336s  ETA 2340s  best=69.5
  [ 19200/150000] 13%  342s  ETA 2327s  best=69.5
  [ 19584/150000] 13%  347s  ETA 2314s  best=69.5
  [ 19968/150000] 13%  354s  ETA 2303s  best=69.5
  [ 20352/150000] 14%  360s  ETA 2291s  best=69.5
  [ 20736/150000] 14%  366s  ETA 2280s  best=69.5
  [ 21120/150000] 14%  372s  ETA 2268s  best=69.5
  [ 21504/150000] 14%  378s  ETA 2257s  best=69.5
  [ 21888/150000] 15%  384s  ETA 2246s  best=69.5
  [ 22272/150000] 15%  390s  ETA 2237s  best=69.5
  [ 22656/150000] 15%  396s  ETA 2224s  best=69.5
  [ 23040/150000] 15%  402s  ETA 2215s  best=69.5
  [ 23424/150000] 16%  408s  ETA 2205s  best=69.5
  [ 23808/150000] 16%  414s  ETA 2194s  best=69.5
  [ 24192/150000] 16%  420s  ETA 2185s  best=69.5
  [ 24576/150000] 16%  426s  ETA 2174s  best=69.5
  [ 24960/150000] 17%  432s  ETA 2164s  best=69.5
  [ 25344/150000] 17%  438s  ETA 2154s  best=69.5
  [ 25728/150000] 17%  444s  ETA 2145s  best=69.5
  [ 26112/150000] 17%  450s  ETA 2135s  best=69.5
  [ 26496/150000] 18%  456s  ETA 2126s  best=69.5
  [ 26880/150000] 18%  462s  ETA 2118s  best=69.5
  [ 27264/150000] 18%  468s  ETA 2108s  best=69.5
  [ 27648/150000] 18%  474s  ETA 2100s  best=69.5
  [ 28032/150000] 19%  481s  ETA 2092s  best=69.5
  [ 28416/150000] 19%  487s  ETA 2082s  best=69.5
  [ 28800/150000] 19%  493s  ETA 2073s  best=69.5
  [ 29184/150000] 19%  499s  ETA 2064s  best=69.5
  [ 29568/150000] 20%  505s  ETA 2055s  best=69.5
  [ 29952/150000] 20%  511s  ETA 2047s  best=69.5
  [ 30336/150000] 20%  517s  ETA 2038s  best=69.5
  [ 30720/150000] 20%  522s  ETA 2029s  best=69.5
  [ 31104/150000] 21%  528s  ETA 2020s  best=69.5
  [ 31488/150000] 21%  535s  ETA 2012s  best=69.5
  [ 31872/150000] 21%  541s  ETA 2004s  best=69.5
  [ 32256/150000] 22%  547s  ETA 1996s  best=69.5
  [ 32640/150000] 22%  553s  ETA 1988s  best=69.5
  [ 33024/150000] 22%  559s  ETA 1980s  best=69.5
  [ 33408/150000] 22%  565s  ETA 1972s  best=69.5
  [ 33792/150000] 23%  571s  ETA 1965s  best=69.8
  [ 34176/150000] 23%  577s  ETA 1957s  best=69.8
  [ 34560/150000] 23%  583s  ETA 1948s  best=69.8
  [ 34944/150000] 23%  589s  ETA 1940s  best=69.8
  [ 35328/150000] 24%  596s  ETA 1933s  best=69.8
  [ 35712/150000] 24%  602s  ETA 1925s  best=69.8
  [ 36096/150000] 24%  608s  ETA 1918s  best=69.8
  [ 36480/150000] 24%  614s  ETA 1909s  best=69.8
  [ 36864/150000] 25%  619s  ETA 1901s  best=69.8
  [ 37248/150000] 25%  626s  ETA 1894s  best=69.8
  [ 37632/150000] 25%  632s  ETA 1886s  best=69.8
  [ 38016/150000] 25%  637s  ETA 1878s  best=69.8
  [ 38400/150000] 26%  644s  ETA 1870s  best=69.8
  [ 38784/150000] 26%  649s  ETA 1862s  best=69.8
  [ 39168/150000] 26%  655s  ETA 1854s  best=69.8
  [ 39552/150000] 26%  661s  ETA 1847s  best=69.8
  [ 39936/150000] 27%  667s  ETA 1838s  best=69.8
  [ 40320/150000] 27%  673s  ETA 1831s  best=69.8
  [ 40704/150000] 27%  679s  ETA 1824s  best=69.8
  [ 41088/150000] 27%  685s  ETA 1816s  best=69.8
  [ 41472/150000] 28%  691s  ETA 1809s  best=69.8
  [ 41856/150000] 28%  697s  ETA 1802s  best=69.8
  [ 42240/150000] 28%  703s  ETA 1795s  best=69.8
  [ 42624/150000] 28%  710s  ETA 1788s  best=69.8
  [ 43008/150000] 29%  715s  ETA 1780s  best=69.8
  [ 43392/150000] 29%  722s  ETA 1773s  best=69.8
  [ 43776/150000] 29%  728s  ETA 1766s  best=69.8
  [ 44160/150000] 29%  734s  ETA 1758s  best=69.8
  [ 44544/150000] 30%  740s  ETA 1752s  best=69.8
  [ 44928/150000] 30%  746s  ETA 1745s  best=69.8
  [ 45312/150000] 30%  752s  ETA 1737s  best=69.8
  [ 45696/150000] 30%  758s  ETA 1730s  best=69.8
  [ 46080/150000] 31%  764s  ETA 1722s  best=69.8
  [ 46464/150000] 31%  770s  ETA 1715s  best=69.8
  [ 46848/150000] 31%  776s  ETA 1708s  best=69.8
  [ 47232/150000] 31%  782s  ETA 1701s  best=69.8
  [ 47616/150000] 32%  788s  ETA 1694s  best=69.8
  [ 48000/150000] 32%  794s  ETA 1686s  best=69.8
  [ 48384/150000] 32%  799s  ETA 1679s  best=69.8
  [ 48768/150000] 33%  805s  ETA 1672s  best=69.8
  [ 49152/150000] 33%  811s  ETA 1665s  best=69.8
  [ 49536/150000] 33%  817s  ETA 1658s  best=69.8
  [ 49920/150000] 33%  824s  ETA 1651s  best=69.8
  [ 50304/150000] 34%  830s  ETA 1644s  best=69.8
  [ 50688/150000] 34%  836s  ETA 1637s  best=69.8
  [ 51072/150000] 34%  842s  ETA 1630s  best=69.8
  [ 51456/150000] 34%  848s  ETA 1624s  best=69.8
  [ 51840/150000] 35%  854s  ETA 1616s  best=69.8
  [ 52224/150000] 35%  860s  ETA 1610s  best=69.8
  [ 52608/150000] 35%  866s  ETA 1603s  best=69.8
  [ 52992/150000] 35%  872s  ETA 1596s  best=69.8
  [ 53376/150000] 36%  878s  ETA 1589s  best=69.8
  [ 53760/150000] 36%  884s  ETA 1583s  best=69.8
  [ 54144/150000] 36%  890s  ETA 1576s  best=69.8
  [ 54528/150000] 36%  896s  ETA 1569s  best=69.8
  [ 54912/150000] 37%  903s  ETA 1563s  best=69.8
  [ 55296/150000] 37%  908s  ETA 1556s  best=69.8
  [ 55680/150000] 37%  915s  ETA 1549s  best=69.8
  [ 56064/150000] 37%  920s  ETA 1542s  best=69.8
  [ 56448/150000] 38%  926s  ETA 1535s  best=69.8
  [ 56832/150000] 38%  932s  ETA 1528s  best=69.8
  [ 57216/150000] 38%  938s  ETA 1522s  best=69.8
  [ 57600/150000] 38%  944s  ETA 1515s  best=69.8
  [ 57984/150000] 39%  950s  ETA 1508s  best=69.8
  [ 58368/150000] 39%  957s  ETA 1502s  best=69.8
  [ 58752/150000] 39%  963s  ETA 1495s  best=69.8
  [ 59136/150000] 39%  969s  ETA 1488s  best=69.8
  [ 59520/150000] 40%  975s  ETA 1482s  best=69.8
  [ 59904/150000] 40%  981s  ETA 1475s  best=69.8
  [ 60288/150000] 40%  987s  ETA 1469s  best=69.8
  [ 60672/150000] 40%  993s  ETA 1462s  best=69.8
  [ 61056/150000] 41%  999s  ETA 1455s  best=69.8
  [ 61440/150000] 41%  1005s  ETA 1448s  best=69.8
  [ 61824/150000] 41%  1011s  ETA 1442s  best=69.8
  [ 62208/150000] 41%  1017s  ETA 1436s  best=69.8
  [ 62592/150000] 42%  1023s  ETA 1428s  best=69.8
  [ 62976/150000] 42%  1029s  ETA 1422s  best=69.8
  [ 63360/150000] 42%  1035s  ETA 1415s  best=69.8
  [ 63744/150000] 42%  1041s  ETA 1408s  best=69.8
  [ 64128/150000] 43%  1047s  ETA 1402s  best=69.8
  [ 64512/150000] 43%  1053s  ETA 1395s  best=69.8
  [ 64896/150000] 43%  1059s  ETA 1388s  best=69.8
  [ 65280/150000] 44%  1065s  ETA 1382s  best=69.8
  [ 65664/150000] 44%  1071s  ETA 1375s  best=69.8
  [ 66048/150000] 44%  1077s  ETA 1369s  best=69.8
  [ 66432/150000] 44%  1083s  ETA 1362s  best=69.8
  [ 66816/150000] 45%  1089s  ETA 1355s  best=69.8
  [ 67200/150000] 45%  1094s  ETA 1349s  best=69.8
  [ 67584/150000] 45%  1100s  ETA 1342s  best=69.8
  [ 67968/150000] 45%  1106s  ETA 1335s  best=69.8
  [ 68352/150000] 46%  1112s  ETA 1329s  best=69.8
  [ 68736/150000] 46%  1118s  ETA 1322s  best=69.8
  [ 69120/150000] 46%  1124s  ETA 1316s  best=69.8
  [ 69504/150000] 46%  1131s  ETA 1309s  best=69.8
  [ 69888/150000] 47%  1136s  ETA 1303s  best=69.8
  [ 70272/150000] 47%  1142s  ETA 1296s  best=69.8
  [ 70656/150000] 47%  1149s  ETA 1290s  best=69.8
  [ 71040/150000] 47%  1154s  ETA 1283s  best=69.8
  [ 71424/150000] 48%  1161s  ETA 1277s  best=69.8
  [ 71808/150000] 48%  1167s  ETA 1270s  best=69.8
  [ 72192/150000] 48%  1173s  ETA 1264s  best=69.8
  [ 72576/150000] 48%  1178s  ETA 1257s  best=69.8
  [ 72960/150000] 49%  1184s  ETA 1251s  best=69.8
  [ 73344/150000] 49%  1191s  ETA 1245s  best=69.8
  [ 73728/150000] 49%  1197s  ETA 1238s  best=69.8
  [ 74112/150000] 49%  1203s  ETA 1232s  best=69.8
  [ 74496/150000] 50%  1209s  ETA 1225s  best=69.8
  [ 74880/150000] 50%  1215s  ETA 1219s  best=69.8
  [ 75264/150000] 50%  1221s  ETA 1212s  best=69.8
  [ 75648/150000] 50%  1227s  ETA 1206s  best=69.8
  [ 76032/150000] 51%  1233s  ETA 1200s  best=69.8
  [ 76416/150000] 51%  1239s  ETA 1193s  best=69.8
  [ 76800/150000] 51%  1245s  ETA 1187s  best=69.8
  [ 77184/150000] 51%  1251s  ETA 1180s  best=69.8
  [ 77568/150000] 52%  1257s  ETA 1174s  best=69.8
  [ 77952/150000] 52%  1263s  ETA 1167s  best=69.8
  [ 78336/150000] 52%  1269s  ETA 1161s  best=69.8
  [ 78720/150000] 52%  1275s  ETA 1154s  best=69.8
  [ 79104/150000] 53%  1281s  ETA 1148s  best=69.8
  [ 79488/150000] 53%  1287s  ETA 1142s  best=69.8
  [ 79872/150000] 53%  1293s  ETA 1135s  best=69.8
  [ 80256/150000] 54%  1299s  ETA 1129s  best=69.8
  [ 80640/150000] 54%  1305s  ETA 1123s  best=69.8
  [ 81024/150000] 54%  1312s  ETA 1117s  best=69.8
  [ 81408/150000] 54%  1317s  ETA 1110s  best=69.8
  [ 81792/150000] 55%  1323s  ETA 1104s  best=69.8
  [ 82176/150000] 55%  1329s  ETA 1097s  best=69.8
  [ 82560/150000] 55%  1335s  ETA 1091s  best=69.8
  [ 82944/150000] 55%  1341s  ETA 1084s  best=69.8
  [ 83328/150000] 56%  1347s  ETA 1078s  best=69.8
  [ 83712/150000] 56%  1353s  ETA 1072s  best=69.8
  [ 84096/150000] 56%  1359s  ETA 1065s  best=69.8
  [ 84480/150000] 56%  1365s  ETA 1059s  best=69.8
  [ 84864/150000] 57%  1371s  ETA 1053s  best=69.8
  [ 85248/150000] 57%  1377s  ETA 1046s  best=69.8
  [ 85632/150000] 57%  1384s  ETA 1040s  best=69.8
  [ 86016/150000] 57%  1389s  ETA 1034s  best=69.8
  [ 86400/150000] 58%  1396s  ETA 1027s  best=69.8
  [ 86784/150000] 58%  1402s  ETA 1021s  best=69.8
  [ 87168/150000] 58%  1408s  ETA 1015s  best=69.8
  [ 87552/150000] 58%  1414s  ETA 1008s  best=69.8
  [ 87936/150000] 59%  1420s  ETA 1002s  best=69.8
  [ 88320/150000] 59%  1426s  ETA 996s  best=69.8
  [ 88704/150000] 59%  1432s  ETA 989s  best=69.8
  [ 89088/150000] 59%  1438s  ETA 983s  best=69.8
  [ 89472/150000] 60%  1444s  ETA 977s  best=69.8
  [ 89856/150000] 60%  1450s  ETA 971s  best=69.8
  [ 90240/150000] 60%  1456s  ETA 964s  best=69.8
  [ 90624/150000] 60%  1463s  ETA 958s  best=69.8
  [ 91008/150000] 61%  1469s  ETA 952s  best=69.8
  [ 91392/150000] 61%  1475s  ETA 946s  best=69.8
  [ 91776/150000] 61%  1481s  ETA 940s  best=69.8
  [ 92160/150000] 61%  1488s  ETA 934s  best=69.8
  [ 92544/150000] 62%  1494s  ETA 927s  best=69.8
  [ 92928/150000] 62%  1500s  ETA 921s  best=69.8
  [ 93312/150000] 62%  1506s  ETA 915s  best=69.8
  [ 93696/150000] 62%  1512s  ETA 909s  best=69.8
  [ 94080/150000] 63%  1518s  ETA 902s  best=69.8
  [ 94464/150000] 63%  1524s  ETA 896s  best=69.8
  [ 94848/150000] 63%  1530s  ETA 890s  best=69.8
  [ 95232/150000] 63%  1536s  ETA 883s  best=69.8
  [ 95616/150000] 64%  1542s  ETA 877s  best=69.8
  [ 96000/150000] 64%  1548s  ETA 871s  best=69.8
  [ 96384/150000] 64%  1554s  ETA 865s  best=69.8
  [ 96768/150000] 65%  1560s  ETA 858s  best=69.8
  [ 97152/150000] 65%  1566s  ETA 852s  best=69.8
  [ 97536/150000] 65%  1572s  ETA 846s  best=69.8
  [ 97920/150000] 65%  1578s  ETA 839s  best=69.8
  [ 98304/150000] 66%  1584s  ETA 833s  best=69.8
  [ 98688/150000] 66%  1590s  ETA 827s  best=69.8
  [ 99072/150000] 66%  1596s  ETA 820s  best=69.8
  [ 99456/150000] 66%  1602s  ETA 814s  best=69.8
  [ 99840/150000] 67%  1608s  ETA 808s  best=69.8
  [100224/150000] 67%  1614s  ETA 801s  best=69.8
  [100608/150000] 67%  1620s  ETA 795s  best=69.8
  [100992/150000] 67%  1626s  ETA 789s  best=69.8
  [101376/150000] 68%  1632s  ETA 783s  best=69.8
  [101760/150000] 68%  1638s  ETA 776s  best=69.8
  [102144/150000] 68%  1644s  ETA 770s  best=69.8
  [102528/150000] 68%  1650s  ETA 764s  best=69.8
  [102912/150000] 69%  1656s  ETA 758s  best=69.8
  [103296/150000] 69%  1662s  ETA 752s  best=69.8
  [103680/150000] 69%  1668s  ETA 745s  best=69.8
  [104064/150000] 69%  1674s  ETA 739s  best=69.8
  [104448/150000] 70%  1680s  ETA 733s  best=69.8
  [104832/150000] 70%  1686s  ETA 727s  best=69.8
  [105216/150000] 70%  1692s  ETA 720s  best=69.8
  [105600/150000] 70%  1698s  ETA 714s  best=69.8
  [105984/150000] 71%  1704s  ETA 708s  best=69.8
  [106368/150000] 71%  1710s  ETA 702s  best=69.8
  [106752/150000] 71%  1716s  ETA 695s  best=69.8
  [107136/150000] 71%  1722s  ETA 689s  best=69.8
  [107520/150000] 72%  1728s  ETA 683s  best=69.8
  [107904/150000] 72%  1735s  ETA 677s  best=69.8
  [108288/150000] 72%  1740s  ETA 670s  best=69.8
  [108672/150000] 72%  1746s  ETA 664s  best=69.8
  [109056/150000] 73%  1752s  ETA 658s  best=69.8
  [109440/150000] 73%  1758s  ETA 652s  best=69.8
  [109824/150000] 73%  1764s  ETA 645s  best=69.8
  [110208/150000] 73%  1771s  ETA 639s  best=69.8
  [110592/150000] 74%  1777s  ETA 633s  best=69.8
  [110976/150000] 74%  1783s  ETA 627s  best=69.8
  [111360/150000] 74%  1789s  ETA 621s  best=69.8
  [111744/150000] 74%  1795s  ETA 614s  best=69.8
  [112128/150000] 75%  1801s  ETA 608s  best=69.8
  [112512/150000] 75%  1807s  ETA 602s  best=69.8
  [112896/150000] 75%  1812s  ETA 596s  best=69.8
  [113280/150000] 76%  1818s  ETA 589s  best=69.8
  [113664/150000] 76%  1824s  ETA 583s  best=69.8
  [114048/150000] 76%  1830s  ETA 577s  best=69.8
  [114432/150000] 76%  1836s  ETA 571s  best=69.8
  [114816/150000] 77%  1843s  ETA 565s  best=69.8
  [115200/150000] 77%  1849s  ETA 558s  best=69.8
  [115584/150000] 77%  1855s  ETA 552s  best=69.8
  [115968/150000] 77%  1861s  ETA 546s  best=69.8
  [116352/150000] 78%  1867s  ETA 540s  best=69.8
  [116736/150000] 78%  1873s  ETA 534s  best=69.8
  [117120/150000] 78%  1879s  ETA 528s  best=69.8
  [117504/150000] 78%  1885s  ETA 521s  best=69.8
  [117888/150000] 79%  1891s  ETA 515s  best=69.8
  [118272/150000] 79%  1897s  ETA 509s  best=69.8
  [118656/150000] 79%  1903s  ETA 503s  best=69.8
  [119040/150000] 79%  1909s  ETA 497s  best=69.8
  [119424/150000] 80%  1915s  ETA 490s  best=69.8
  [119808/150000] 80%  1921s  ETA 484s  best=69.8
  [120192/150000] 80%  1927s  ETA 478s  best=69.8
  [120576/150000] 80%  1933s  ETA 472s  best=69.8
  [120960/150000] 81%  1939s  ETA 466s  best=69.8
  [121344/150000] 81%  1946s  ETA 459s  best=69.8
  [121728/150000] 81%  1952s  ETA 453s  best=69.8
  [122112/150000] 81%  1958s  ETA 447s  best=69.8
  [122496/150000] 82%  1964s  ETA 441s  best=69.8
  [122880/150000] 82%  1970s  ETA 435s  best=69.8
  [123264/150000] 82%  1976s  ETA 429s  best=69.8
  [123648/150000] 82%  1982s  ETA 422s  best=69.8
  [124032/150000] 83%  1988s  ETA 416s  best=69.8
  [124416/150000] 83%  1994s  ETA 410s  best=69.8
  [124800/150000] 83%  2000s  ETA 404s  best=69.8
  [125184/150000] 83%  2006s  ETA 398s  best=69.8
  [125568/150000] 84%  2013s  ETA 392s  best=69.8
  [125952/150000] 84%  2019s  ETA 385s  best=69.8
  [126336/150000] 84%  2024s  ETA 379s  best=69.8
  [126720/150000] 84%  2030s  ETA 373s  best=69.8
  [127104/150000] 85%  2036s  ETA 367s  best=69.8
  [127488/150000] 85%  2042s  ETA 361s  best=69.8
  [127872/150000] 85%  2049s  ETA 354s  best=69.8
  [128256/150000] 86%  2054s  ETA 348s  best=69.8
  [128640/150000] 86%  2061s  ETA 342s  best=69.8
  [129024/150000] 86%  2067s  ETA 336s  best=69.8
  [129408/150000] 86%  2073s  ETA 330s  best=69.8
  [129792/150000] 87%  2079s  ETA 324s  best=69.8
  [130176/150000] 87%  2085s  ETA 318s  best=69.8
  [130560/150000] 87%  2091s  ETA 311s  best=69.8
  [130944/150000] 87%  2097s  ETA 305s  best=69.8
  [131328/150000] 88%  2103s  ETA 299s  best=69.8
  [131712/150000] 88%  2109s  ETA 293s  best=69.8
  [132096/150000] 88%  2115s  ETA 287s  best=69.8
  [132480/150000] 88%  2121s  ETA 281s  best=69.8
  [132864/150000] 89%  2127s  ETA 274s  best=69.8
  [133248/150000] 89%  2134s  ETA 268s  best=69.8
  [133632/150000] 89%  2140s  ETA 262s  best=69.8
  [134016/150000] 89%  2146s  ETA 256s  best=69.8
  [134400/150000] 90%  2152s  ETA 250s  best=69.8
  [134784/150000] 90%  2158s  ETA 244s  best=69.8
  [135168/150000] 90%  2164s  ETA 237s  best=69.8
  [135552/150000] 90%  2170s  ETA 231s  best=69.8
  [135936/150000] 91%  2176s  ETA 225s  best=69.8
  [136320/150000] 91%  2182s  ETA 219s  best=69.8
  [136704/150000] 91%  2188s  ETA 213s  best=69.8
  [137088/150000] 91%  2194s  ETA 207s  best=69.8
  [137472/150000] 92%  2200s  ETA 200s  best=69.8
  [137856/150000] 92%  2206s  ETA 194s  best=69.8
  [138240/150000] 92%  2212s  ETA 188s  best=69.8
  [138624/150000] 92%  2218s  ETA 182s  best=69.8
  [139008/150000] 93%  2224s  ETA 176s  best=69.8
  [139392/150000] 93%  2230s  ETA 170s  best=69.8
  [139776/150000] 93%  2236s  ETA 164s  best=69.8
  [140160/150000] 93%  2242s  ETA 157s  best=69.8
  [140544/150000] 94%  2248s  ETA 151s  best=69.8
  [140928/150000] 94%  2254s  ETA 145s  best=69.8
  [141312/150000] 94%  2260s  ETA 139s  best=69.8
  [141696/150000] 94%  2266s  ETA 133s  best=69.8
  [142080/150000] 95%  2272s  ETA 127s  best=69.8
  [142464/150000] 95%  2278s  ETA 120s  best=69.8
  [142848/150000] 95%  2284s  ETA 114s  best=69.8
  [143232/150000] 95%  2290s  ETA 108s  best=69.8
  [143616/150000] 96%  2296s  ETA 102s  best=69.8
  [144000/150000] 96%  2302s  ETA 96s  best=69.8
  [144384/150000] 96%  2308s  ETA 90s  best=69.8
  [144768/150000] 97%  2314s  ETA 84s  best=69.8
  [145152/150000] 97%  2321s  ETA 78s  best=69.8
  [145536/150000] 97%  2327s  ETA 71s  best=69.8
  [145920/150000] 97%  2332s  ETA 65s  best=69.8
  [146304/150000] 98%  2339s  ETA 59s  best=69.8
  [146688/150000] 98%  2345s  ETA 53s  best=69.8
  [147072/150000] 98%  2351s  ETA 47s  best=69.8
  [147456/150000] 98%  2356s  ETA 41s  best=69.8
  [147840/150000] 99%  2363s  ETA 35s  best=69.8
  [148224/150000] 99%  2369s  ETA 28s  best=69.8
  [148608/150000] 99%  2375s  ETA 22s  best=69.8
  [148992/150000] 99%  2381s  ETA 16s  best=69.8
  [149376/150000] 100%  2386s  ETA 10s  best=69.8
  [149760/150000] 100%  2392s  ETA 4s  best=69.8
  [150000/150000] 100%  2397s  ETA 0s  best=69.8

Deep eval top 10 (500 MC)...
  [1/10] avg=85.2  seeds=['86.7', '85.1', '84.1', '82.8', '87.6']
  [2/10] avg=85.3  seeds=['86.2', '85.3', '84.2', '83.1', '87.6']
  [3/10] avg=85.1  seeds=['85.7', '85.0', '84.3', '82.9', '87.5']
  [4/10] avg=84.8  seeds=['86.6', '84.3', '83.4', '82.1', '87.4']
  [5/10] avg=84.8  seeds=['86.5', '84.4', '83.6', '82.5', '87.2']
  [6/10] avg=84.6  seeds=['86.2', '84.2', '83.4', '82.2', '87.2']
  [7/10] avg=84.5  seeds=['86.5', '84.1', '83.3', '81.8', '86.9']
  [8/10] avg=83.9  seeds=['86.5', '83.2', '82.5', '80.7', '86.5']
  [9/10] avg=84.2  seeds=['86.4', '83.8', '82.8', '80.8', '87.0']
  [10/10] avg=84.3  seeds=['86.1', '83.8', '83.0', '81.6', '86.7']

R2 BEST: 85.3
  death_base_rate=0.015
  death_food_factor=0.03
  food_base_regen=0.15
  food_competition=0.04
  food_forest_bonus=0.06
  food_pop_drain=0.06
  pop_growth_rate=0.12
  port_prob=0.15
  port_survival_bonus=0.0
  spawn_pop_threshold=0.5
  spawn_prob=0.1
R2: NEW BEST 85.3 (was 83.5)

Results saved to replay_cache/per_round_params.json
