CPUs: 192
Tuning rounds (3x grid): [14, 6]

============================================================
R14: settle_rate=0.239, 5 seeds
============================================================
150000 combos x 5 seeds x 30 MC (coarse)
  [   384/150000] 0%  9s  ETA 3536s  best=69.0
  [   768/150000] 1%  15s  ETA 3012s  best=69.0
  [  1152/150000] 1%  22s  ETA 2845s  best=69.0
  [  1536/150000] 1%  28s  ETA 2748s  best=69.0
  [  1920/150000] 1%  35s  ETA 2675s  best=69.0
  [  2304/150000] 2%  41s  ETA 2633s  best=69.0
  [  2688/150000] 2%  47s  ETA 2579s  best=69.2
  [  3072/150000] 2%  53s  ETA 2545s  best=69.3
  [  3456/150000] 2%  59s  ETA 2512s  best=69.3
  [  3840/150000] 3%  65s  ETA 2484s  best=69.3
  [  4224/150000] 3%  71s  ETA 2461s  best=69.5
  [  4608/150000] 3%  78s  ETA 2447s  best=69.5
  [  4992/150000] 3%  84s  ETA 2431s  best=69.5
  [  5376/150000] 4%  89s  ETA 2406s  best=69.5
  [  5760/150000] 4%  95s  ETA 2386s  best=69.5
  [  6144/150000] 4%  101s  ETA 2368s  best=69.5
  [  6528/150000] 4%  107s  ETA 2352s  best=69.5
  [  6912/150000] 5%  113s  ETA 2335s  best=69.5
  [  7296/150000] 5%  118s  ETA 2316s  best=69.5
  [  7680/150000] 5%  124s  ETA 2305s  best=69.5
  [  8064/150000] 5%  130s  ETA 2287s  best=69.5
  [  8448/150000] 6%  135s  ETA 2270s  best=69.5
  [  8832/150000] 6%  141s  ETA 2257s  best=69.5
  [  9216/150000] 6%  147s  ETA 2243s  best=69.5
  [  9600/150000] 6%  153s  ETA 2236s  best=69.5
  [  9984/150000] 7%  159s  ETA 2224s  best=69.5
  [ 10368/150000] 7%  164s  ETA 2215s  best=69.5
  [ 10752/150000] 7%  170s  ETA 2206s  best=69.5
  [ 11136/150000] 7%  176s  ETA 2197s  best=69.5
  [ 11520/150000] 8%  182s  ETA 2187s  best=69.5
  [ 11904/150000] 8%  188s  ETA 2179s  best=69.5
  [ 12288/150000] 8%  194s  ETA 2170s  best=69.5
  [ 12672/150000] 8%  199s  ETA 2161s  best=69.5
  [ 13056/150000] 9%  205s  ETA 2150s  best=69.5
  [ 13440/150000] 9%  211s  ETA 2141s  best=69.5
  [ 13824/150000] 9%  217s  ETA 2133s  best=69.5
  [ 14208/150000] 9%  222s  ETA 2125s  best=69.5
  [ 14592/150000] 10%  228s  ETA 2118s  best=69.5
  [ 14976/150000] 10%  234s  ETA 2109s  best=69.5
  [ 15360/150000] 10%  240s  ETA 2101s  best=69.5
  [ 15744/150000] 10%  245s  ETA 2093s  best=69.5
  [ 16128/150000] 11%  251s  ETA 2086s  best=69.5
  [ 16512/150000] 11%  257s  ETA 2078s  best=69.5
  [ 16896/150000] 11%  263s  ETA 2072s  best=69.5
  [ 17280/150000] 12%  269s  ETA 2064s  best=69.5
  [ 17664/150000] 12%  274s  ETA 2056s  best=69.5
  [ 18048/150000] 12%  280s  ETA 2048s  best=69.5
  [ 18432/150000] 12%  286s  ETA 2039s  best=69.5
  [ 18816/150000] 13%  291s  ETA 2032s  best=69.5
  [ 19200/150000] 13%  297s  ETA 2024s  best=69.5
  [ 19584/150000] 13%  303s  ETA 2016s  best=69.5
  [ 19968/150000] 13%  309s  ETA 2010s  best=69.5
  [ 20352/150000] 14%  314s  ETA 2002s  best=69.5
  [ 20736/150000] 14%  320s  ETA 1996s  best=69.5
  [ 21120/150000] 14%  326s  ETA 1988s  best=69.5
  [ 21504/150000] 14%  332s  ETA 1981s  best=69.5
  [ 21888/150000] 15%  337s  ETA 1974s  best=69.5
  [ 22272/150000] 15%  343s  ETA 1968s  best=69.5
  [ 22656/150000] 15%  349s  ETA 1960s  best=69.5
  [ 23040/150000] 15%  355s  ETA 1954s  best=69.5
  [ 23424/150000] 16%  361s  ETA 1948s  best=69.5
  [ 23808/150000] 16%  366s  ETA 1940s  best=69.5
  [ 24192/150000] 16%  372s  ETA 1934s  best=69.5
  [ 24576/150000] 16%  378s  ETA 1927s  best=69.5
  [ 24960/150000] 17%  383s  ETA 1920s  best=69.5
  [ 25344/150000] 17%  389s  ETA 1914s  best=69.5
  [ 25728/150000] 17%  395s  ETA 1907s  best=69.5
  [ 26112/150000] 17%  400s  ETA 1900s  best=69.5
  [ 26496/150000] 18%  406s  ETA 1893s  best=69.5
  [ 26880/150000] 18%  412s  ETA 1888s  best=69.5
  [ 27264/150000] 18%  418s  ETA 1881s  best=69.5
  [ 27648/150000] 18%  424s  ETA 1875s  best=69.5
  [ 28032/150000] 19%  430s  ETA 1870s  best=69.5
  [ 28416/150000] 19%  435s  ETA 1863s  best=69.5
  [ 28800/150000] 19%  441s  ETA 1856s  best=69.5
  [ 29184/150000] 19%  447s  ETA 1850s  best=69.5
  [ 29568/150000] 20%  453s  ETA 1843s  best=69.5
  [ 29952/150000] 20%  458s  ETA 1837s  best=69.5
  [ 30336/150000] 20%  464s  ETA 1830s  best=69.5
  [ 30720/150000] 20%  470s  ETA 1823s  best=69.5
  [ 31104/150000] 21%  475s  ETA 1817s  best=69.5
  [ 31488/150000] 21%  481s  ETA 1811s  best=69.5
  [ 31872/150000] 21%  487s  ETA 1805s  best=69.5
  [ 32256/150000] 22%  493s  ETA 1799s  best=69.5
  [ 32640/150000] 22%  499s  ETA 1793s  best=69.5
  [ 33024/150000] 22%  504s  ETA 1787s  best=69.5
  [ 33408/150000] 22%  510s  ETA 1780s  best=69.5
  [ 33792/150000] 23%  516s  ETA 1775s  best=69.5
  [ 34176/150000] 23%  522s  ETA 1769s  best=69.5
  [ 34560/150000] 23%  528s  ETA 1762s  best=69.5
  [ 34944/150000] 23%  533s  ETA 1756s  best=69.5
  [ 35328/150000] 24%  539s  ETA 1750s  best=69.5
  [ 35712/150000] 24%  545s  ETA 1744s  best=69.5
  [ 36096/150000] 24%  551s  ETA 1738s  best=69.5
  [ 36480/150000] 24%  557s  ETA 1732s  best=69.5
  [ 36864/150000] 25%  562s  ETA 1725s  best=69.5
  [ 37248/150000] 25%  568s  ETA 1719s  best=69.5
  [ 37632/150000] 25%  574s  ETA 1713s  best=69.5
  [ 38016/150000] 25%  579s  ETA 1707s  best=69.5
  [ 38400/150000] 26%  585s  ETA 1701s  best=69.5
  [ 38784/150000] 26%  591s  ETA 1694s  best=69.5
  [ 39168/150000] 26%  596s  ETA 1687s  best=69.5
  [ 39552/150000] 26%  602s  ETA 1681s  best=69.5
  [ 39936/150000] 27%  607s  ETA 1674s  best=69.5
  [ 40320/150000] 27%  613s  ETA 1669s  best=69.5
  [ 40704/150000] 27%  619s  ETA 1662s  best=69.5
  [ 41088/150000] 27%  625s  ETA 1656s  best=69.5
  [ 41472/150000] 28%  631s  ETA 1650s  best=69.5
  [ 41856/150000] 28%  637s  ETA 1645s  best=69.5
  [ 42240/150000] 28%  642s  ETA 1638s  best=69.5
  [ 42624/150000] 28%  648s  ETA 1633s  best=69.5
  [ 43008/150000] 29%  654s  ETA 1626s  best=69.5
  [ 43392/150000] 29%  660s  ETA 1620s  best=69.5
  [ 43776/150000] 29%  665s  ETA 1615s  best=69.5
  [ 44160/150000] 29%  671s  ETA 1608s  best=69.5
  [ 44544/150000] 30%  677s  ETA 1603s  best=69.5
  [ 44928/150000] 30%  683s  ETA 1597s  best=69.5
  [ 45312/150000] 30%  688s  ETA 1591s  best=69.5
  [ 45696/150000] 30%  694s  ETA 1584s  best=69.5
  [ 46080/150000] 31%  700s  ETA 1578s  best=69.5
  [ 46464/150000] 31%  706s  ETA 1572s  best=69.5
  [ 46848/150000] 31%  711s  ETA 1566s  best=69.5
  [ 47232/150000] 31%  717s  ETA 1560s  best=69.5
  [ 47616/150000] 32%  723s  ETA 1554s  best=69.5
  [ 48000/150000] 32%  728s  ETA 1547s  best=69.5
  [ 48384/150000] 32%  734s  ETA 1541s  best=69.5
  [ 48768/150000] 33%  739s  ETA 1535s  best=69.5
  [ 49152/150000] 33%  745s  ETA 1529s  best=69.5
  [ 49536/150000] 33%  751s  ETA 1523s  best=69.5
  [ 49920/150000] 33%  757s  ETA 1518s  best=69.5
  [ 50304/150000] 34%  763s  ETA 1512s  best=69.5
  [ 50688/150000] 34%  768s  ETA 1505s  best=69.5
  [ 51072/150000] 34%  774s  ETA 1500s  best=69.5
  [ 51456/150000] 34%  780s  ETA 1494s  best=69.5
  [ 51840/150000] 35%  786s  ETA 1488s  best=69.5
  [ 52224/150000] 35%  791s  ETA 1482s  best=69.5
  [ 52608/150000] 35%  797s  ETA 1476s  best=69.5
  [ 52992/150000] 35%  803s  ETA 1470s  best=69.5
  [ 53376/150000] 36%  809s  ETA 1464s  best=69.5
  [ 53760/150000] 36%  815s  ETA 1459s  best=69.5
  [ 54144/150000] 36%  821s  ETA 1453s  best=69.5
  [ 54528/150000] 36%  826s  ETA 1447s  best=69.5
  [ 54912/150000] 37%  832s  ETA 1441s  best=69.5
  [ 55296/150000] 37%  838s  ETA 1435s  best=69.5
  [ 55680/150000] 37%  844s  ETA 1429s  best=69.9
  [ 56064/150000] 37%  849s  ETA 1423s  best=69.9
  [ 56448/150000] 38%  855s  ETA 1417s  best=69.9
  [ 56832/150000] 38%  861s  ETA 1411s  best=69.9
  [ 57216/150000] 38%  866s  ETA 1405s  best=69.9
  [ 57600/150000] 38%  872s  ETA 1399s  best=69.9
  [ 57984/150000] 39%  878s  ETA 1393s  best=69.9
  [ 58368/150000] 39%  884s  ETA 1388s  best=69.9
  [ 58752/150000] 39%  890s  ETA 1382s  best=69.9
  [ 59136/150000] 39%  895s  ETA 1376s  best=69.9
  [ 59520/150000] 40%  901s  ETA 1370s  best=69.9
  [ 59904/150000] 40%  907s  ETA 1364s  best=69.9
  [ 60288/150000] 40%  913s  ETA 1358s  best=69.9
  [ 60672/150000] 40%  919s  ETA 1352s  best=69.9
  [ 61056/150000] 41%  924s  ETA 1346s  best=69.9
  [ 61440/150000] 41%  930s  ETA 1340s  best=69.9
  [ 61824/150000] 41%  936s  ETA 1335s  best=69.9
  [ 62208/150000] 41%  942s  ETA 1329s  best=69.9
  [ 62592/150000] 42%  947s  ETA 1323s  best=69.9
  [ 62976/150000] 42%  953s  ETA 1317s  best=69.9
  [ 63360/150000] 42%  959s  ETA 1311s  best=69.9
  [ 63744/150000] 42%  964s  ETA 1305s  best=69.9
  [ 64128/150000] 43%  970s  ETA 1299s  best=69.9
  [ 64512/150000] 43%  976s  ETA 1293s  best=69.9
  [ 64896/150000] 43%  981s  ETA 1287s  best=69.9
  [ 65280/150000] 44%  987s  ETA 1281s  best=69.9
  [ 65664/150000] 44%  993s  ETA 1275s  best=69.9
  [ 66048/150000] 44%  999s  ETA 1269s  best=69.9
  [ 66432/150000] 44%  1004s  ETA 1263s  best=69.9
  [ 66816/150000] 45%  1010s  ETA 1257s  best=69.9
  [ 67200/150000] 45%  1015s  ETA 1251s  best=69.9
  [ 67584/150000] 45%  1021s  ETA 1245s  best=69.9
  [ 67968/150000] 45%  1027s  ETA 1239s  best=69.9
  [ 68352/150000] 46%  1033s  ETA 1233s  best=69.9
  [ 68736/150000] 46%  1038s  ETA 1228s  best=69.9
  [ 69120/150000] 46%  1044s  ETA 1222s  best=69.9
  [ 69504/150000] 46%  1050s  ETA 1216s  best=69.9
  [ 69888/150000] 47%  1055s  ETA 1210s  best=69.9
  [ 70272/150000] 47%  1061s  ETA 1204s  best=69.9
  [ 70656/150000] 47%  1067s  ETA 1198s  best=69.9
  [ 71040/150000] 47%  1073s  ETA 1192s  best=69.9
  [ 71424/150000] 48%  1078s  ETA 1186s  best=69.9
  [ 71808/150000] 48%  1084s  ETA 1181s  best=69.9
  [ 72192/150000] 48%  1090s  ETA 1175s  best=69.9
  [ 72576/150000] 48%  1096s  ETA 1169s  best=69.9
  [ 72960/150000] 49%  1101s  ETA 1163s  best=69.9
  [ 73344/150000] 49%  1107s  ETA 1157s  best=69.9
  [ 73728/150000] 49%  1113s  ETA 1151s  best=69.9
  [ 74112/150000] 49%  1119s  ETA 1146s  best=69.9
  [ 74496/150000] 50%  1125s  ETA 1140s  best=69.9
  [ 74880/150000] 50%  1130s  ETA 1134s  best=69.9
  [ 75264/150000] 50%  1136s  ETA 1128s  best=69.9
  [ 75648/150000] 50%  1142s  ETA 1122s  best=69.9
  [ 76032/150000] 51%  1148s  ETA 1117s  best=69.9
  [ 76416/150000] 51%  1153s  ETA 1110s  best=69.9
  [ 76800/150000] 51%  1159s  ETA 1105s  best=69.9
  [ 77184/150000] 51%  1165s  ETA 1099s  best=69.9
  [ 77568/150000] 52%  1171s  ETA 1093s  best=69.9
  [ 77952/150000] 52%  1176s  ETA 1087s  best=69.9
  [ 78336/150000] 52%  1182s  ETA 1082s  best=69.9
  [ 78720/150000] 52%  1188s  ETA 1075s  best=69.9
  [ 79104/150000] 53%  1194s  ETA 1070s  best=69.9
  [ 79488/150000] 53%  1199s  ETA 1064s  best=69.9
  [ 79872/150000] 53%  1205s  ETA 1058s  best=69.9
  [ 80256/150000] 54%  1211s  ETA 1052s  best=69.9
  [ 80640/150000] 54%  1217s  ETA 1046s  best=69.9
  [ 81024/150000] 54%  1223s  ETA 1041s  best=69.9
  [ 81408/150000] 54%  1228s  ETA 1035s  best=69.9
  [ 81792/150000] 55%  1234s  ETA 1029s  best=69.9
  [ 82176/150000] 55%  1240s  ETA 1023s  best=69.9
  [ 82560/150000] 55%  1245s  ETA 1017s  best=69.9
  [ 82944/150000] 55%  1251s  ETA 1011s  best=69.9
  [ 83328/150000] 56%  1257s  ETA 1006s  best=69.9
  [ 83712/150000] 56%  1263s  ETA 1000s  best=69.9
  [ 84096/150000] 56%  1268s  ETA 994s  best=69.9
  [ 84480/150000] 56%  1274s  ETA 988s  best=69.9
  [ 84864/150000] 57%  1280s  ETA 982s  best=69.9
  [ 85248/150000] 57%  1286s  ETA 976s  best=69.9
  [ 85632/150000] 57%  1291s  ETA 971s  best=69.9
  [ 86016/150000] 57%  1297s  ETA 965s  best=69.9
  [ 86400/150000] 58%  1303s  ETA 959s  best=69.9
  [ 86784/150000] 58%  1309s  ETA 953s  best=69.9
  [ 87168/150000] 58%  1314s  ETA 947s  best=69.9
  [ 87552/150000] 58%  1320s  ETA 942s  best=69.9
  [ 87936/150000] 59%  1326s  ETA 936s  best=69.9
  [ 88320/150000] 59%  1331s  ETA 930s  best=69.9
  [ 88704/150000] 59%  1338s  ETA 924s  best=69.9
  [ 89088/150000] 59%  1343s  ETA 918s  best=69.9
  [ 89472/150000] 60%  1349s  ETA 913s  best=69.9
  [ 89856/150000] 60%  1355s  ETA 907s  best=69.9
  [ 90240/150000] 60%  1360s  ETA 901s  best=69.9
  [ 90624/150000] 60%  1366s  ETA 895s  best=69.9
  [ 91008/150000] 61%  1372s  ETA 889s  best=69.9
  [ 91392/150000] 61%  1378s  ETA 884s  best=69.9
  [ 91776/150000] 61%  1384s  ETA 878s  best=69.9
  [ 92160/150000] 61%  1390s  ETA 872s  best=69.9
  [ 92544/150000] 62%  1395s  ETA 866s  best=69.9
  [ 92928/150000] 62%  1401s  ETA 861s  best=69.9
  [ 93312/150000] 62%  1407s  ETA 855s  best=69.9
  [ 93696/150000] 62%  1413s  ETA 849s  best=69.9
  [ 94080/150000] 63%  1419s  ETA 844s  best=69.9
  [ 94464/150000] 63%  1425s  ETA 838s  best=69.9
  [ 94848/150000] 63%  1431s  ETA 832s  best=69.9
  [ 95232/150000] 63%  1437s  ETA 826s  best=69.9
  [ 95616/150000] 64%  1443s  ETA 821s  best=69.9
  [ 96000/150000] 64%  1449s  ETA 815s  best=69.9
  [ 96384/150000] 64%  1454s  ETA 809s  best=69.9
  [ 96768/150000] 65%  1460s  ETA 803s  best=69.9
  [ 97152/150000] 65%  1466s  ETA 797s  best=69.9
  [ 97536/150000] 65%  1472s  ETA 792s  best=69.9
  [ 97920/150000] 65%  1477s  ETA 786s  best=69.9
  [ 98304/150000] 66%  1483s  ETA 780s  best=69.9
  [ 98688/150000] 66%  1488s  ETA 774s  best=69.9
  [ 99072/150000] 66%  1494s  ETA 768s  best=69.9
  [ 99456/150000] 66%  1500s  ETA 762s  best=69.9
  [ 99840/150000] 67%  1505s  ETA 756s  best=69.9
  [100224/150000] 67%  1511s  ETA 751s  best=69.9
  [100608/150000] 67%  1517s  ETA 745s  best=69.9
  [100992/150000] 67%  1523s  ETA 739s  best=69.9
  [101376/150000] 68%  1529s  ETA 733s  best=69.9
  [101760/150000] 68%  1534s  ETA 727s  best=69.9
  [102144/150000] 68%  1540s  ETA 722s  best=69.9
  [102528/150000] 68%  1546s  ETA 716s  best=69.9
  [102912/150000] 69%  1552s  ETA 710s  best=69.9
  [103296/150000] 69%  1558s  ETA 704s  best=69.9
  [103680/150000] 69%  1563s  ETA 699s  best=69.9
  [104064/150000] 69%  1569s  ETA 693s  best=69.9
  [104448/150000] 70%  1575s  ETA 687s  best=69.9
  [104832/150000] 70%  1581s  ETA 681s  best=69.9
  [105216/150000] 70%  1586s  ETA 675s  best=69.9
  [105600/150000] 70%  1592s  ETA 669s  best=69.9
  [105984/150000] 71%  1598s  ETA 664s  best=69.9
  [106368/150000] 71%  1604s  ETA 658s  best=69.9
  [106752/150000] 71%  1609s  ETA 652s  best=69.9
  [107136/150000] 71%  1615s  ETA 646s  best=69.9
  [107520/150000] 72%  1621s  ETA 640s  best=69.9
  [107904/150000] 72%  1627s  ETA 635s  best=69.9
  [108288/150000] 72%  1632s  ETA 629s  best=69.9
  [108672/150000] 72%  1638s  ETA 623s  best=69.9
  [109056/150000] 73%  1644s  ETA 617s  best=69.9
  [109440/150000] 73%  1649s  ETA 611s  best=69.9
  [109824/150000] 73%  1655s  ETA 605s  best=69.9
  [110208/150000] 73%  1661s  ETA 600s  best=69.9
  [110592/150000] 74%  1667s  ETA 594s  best=69.9
  [110976/150000] 74%  1673s  ETA 588s  best=69.9
  [111360/150000] 74%  1679s  ETA 582s  best=69.9
  [111744/150000] 74%  1684s  ETA 577s  best=69.9
  [112128/150000] 75%  1690s  ETA 571s  best=69.9
  [112512/150000] 75%  1696s  ETA 565s  best=69.9
  [112896/150000] 75%  1701s  ETA 559s  best=69.9
  [113280/150000] 76%  1707s  ETA 553s  best=69.9
  [113664/150000] 76%  1713s  ETA 547s  best=69.9
  [114048/150000] 76%  1718s  ETA 542s  best=69.9
  [114432/150000] 76%  1724s  ETA 536s  best=69.9
  [114816/150000] 77%  1730s  ETA 530s  best=69.9
  [115200/150000] 77%  1736s  ETA 524s  best=69.9
  [115584/150000] 77%  1742s  ETA 519s  best=69.9
  [115968/150000] 77%  1748s  ETA 513s  best=69.9
  [116352/150000] 78%  1753s  ETA 507s  best=69.9
  [116736/150000] 78%  1759s  ETA 501s  best=69.9
  [117120/150000] 78%  1765s  ETA 495s  best=69.9
  [117504/150000] 78%  1771s  ETA 490s  best=69.9
  [117888/150000] 79%  1777s  ETA 484s  best=69.9
  [118272/150000] 79%  1782s  ETA 478s  best=69.9
  [118656/150000] 79%  1788s  ETA 472s  best=69.9
  [119040/150000] 79%  1794s  ETA 466s  best=69.9
  [119424/150000] 80%  1799s  ETA 461s  best=69.9
  [119808/150000] 80%  1805s  ETA 455s  best=69.9
  [120192/150000] 80%  1811s  ETA 449s  best=69.9
  [120576/150000] 80%  1817s  ETA 443s  best=69.9
  [120960/150000] 81%  1823s  ETA 438s  best=69.9
  [121344/150000] 81%  1828s  ETA 432s  best=69.9
  [121728/150000] 81%  1834s  ETA 426s  best=69.9
  [122112/150000] 81%  1840s  ETA 420s  best=69.9
  [122496/150000] 82%  1846s  ETA 414s  best=69.9
  [122880/150000] 82%  1852s  ETA 409s  best=69.9
  [123264/150000] 82%  1857s  ETA 403s  best=69.9
  [123648/150000] 82%  1863s  ETA 397s  best=69.9
  [124032/150000] 83%  1869s  ETA 391s  best=69.9
  [124416/150000] 83%  1875s  ETA 385s  best=69.9
  [124800/150000] 83%  1881s  ETA 380s  best=69.9
  [125184/150000] 83%  1886s  ETA 374s  best=69.9
  [125568/150000] 84%  1892s  ETA 368s  best=69.9
  [125952/150000] 84%  1898s  ETA 362s  best=69.9
  [126336/150000] 84%  1904s  ETA 357s  best=69.9
  [126720/150000] 84%  1909s  ETA 351s  best=69.9
  [127104/150000] 85%  1915s  ETA 345s  best=69.9
  [127488/150000] 85%  1921s  ETA 339s  best=69.9
  [127872/150000] 85%  1927s  ETA 333s  best=69.9
  [128256/150000] 86%  1932s  ETA 328s  best=69.9
  [128640/150000] 86%  1938s  ETA 322s  best=69.9
  [129024/150000] 86%  1944s  ETA 316s  best=69.9
  [129408/150000] 86%  1950s  ETA 310s  best=69.9
  [129792/150000] 87%  1956s  ETA 304s  best=69.9
  [130176/150000] 87%  1962s  ETA 299s  best=69.9
  [130560/150000] 87%  1967s  ETA 293s  best=69.9
  [130944/150000] 87%  1973s  ETA 287s  best=69.9
  [131328/150000] 88%  1979s  ETA 281s  best=69.9
  [131712/150000] 88%  1985s  ETA 276s  best=69.9
  [132096/150000] 88%  1990s  ETA 270s  best=69.9
  [132480/150000] 88%  1996s  ETA 264s  best=69.9
  [132864/150000] 89%  2002s  ETA 258s  best=69.9
  [133248/150000] 89%  2008s  ETA 252s  best=69.9
  [133632/150000] 89%  2014s  ETA 247s  best=69.9
  [134016/150000] 89%  2020s  ETA 241s  best=69.9
  [134400/150000] 90%  2025s  ETA 235s  best=69.9
  [134784/150000] 90%  2031s  ETA 229s  best=69.9
  [135168/150000] 90%  2037s  ETA 224s  best=69.9
  [135552/150000] 90%  2043s  ETA 218s  best=69.9
  [135936/150000] 91%  2048s  ETA 212s  best=69.9
  [136320/150000] 91%  2054s  ETA 206s  best=69.9
  [136704/150000] 91%  2060s  ETA 200s  best=69.9
  [137088/150000] 91%  2066s  ETA 195s  best=69.9
  [137472/150000] 92%  2071s  ETA 189s  best=69.9
  [137856/150000] 92%  2077s  ETA 183s  best=69.9
  [138240/150000] 92%  2083s  ETA 177s  best=69.9
  [138624/150000] 92%  2089s  ETA 171s  best=69.9
  [139008/150000] 93%  2095s  ETA 166s  best=69.9
  [139392/150000] 93%  2100s  ETA 160s  best=69.9
  [139776/150000] 93%  2106s  ETA 154s  best=69.9
  [140160/150000] 93%  2112s  ETA 148s  best=69.9
  [140544/150000] 94%  2117s  ETA 142s  best=69.9
  [140928/150000] 94%  2123s  ETA 137s  best=69.9
  [141312/150000] 94%  2129s  ETA 131s  best=69.9
  [141696/150000] 94%  2134s  ETA 125s  best=69.9
  [142080/150000] 95%  2140s  ETA 119s  best=69.9
  [142464/150000] 95%  2146s  ETA 114s  best=69.9
  [142848/150000] 95%  2152s  ETA 108s  best=69.9
  [143232/150000] 95%  2157s  ETA 102s  best=69.9
  [143616/150000] 96%  2163s  ETA 96s  best=69.9
  [144000/150000] 96%  2169s  ETA 90s  best=69.9
  [144384/150000] 96%  2175s  ETA 85s  best=69.9
  [144768/150000] 97%  2181s  ETA 79s  best=69.9
  [145152/150000] 97%  2187s  ETA 73s  best=69.9
  [145536/150000] 97%  2192s  ETA 67s  best=69.9
  [145920/150000] 97%  2198s  ETA 61s  best=69.9
  [146304/150000] 98%  2204s  ETA 56s  best=69.9
  [146688/150000] 98%  2210s  ETA 50s  best=69.9
  [147072/150000] 98%  2215s  ETA 44s  best=69.9
  [147456/150000] 98%  2221s  ETA 38s  best=69.9
  [147840/150000] 99%  2227s  ETA 33s  best=69.9
  [148224/150000] 99%  2233s  ETA 27s  best=69.9
  [148608/150000] 99%  2238s  ETA 21s  best=69.9
  [148992/150000] 99%  2244s  ETA 15s  best=69.9
  [149376/150000] 100%  2249s  ETA 9s  best=69.9
  [149760/150000] 100%  2255s  ETA 4s  best=69.9
  [150000/150000] 100%  2260s  ETA 0s  best=69.9

Deep eval top 10 (500 MC)...
  [1/10] avg=84.9  seeds=['85.2', '84.4', '86.1', '83.4', '85.2']
  [2/10] avg=84.8  seeds=['85.3', '84.4', '86.3', '83.2', '85.0']
  [3/10] avg=84.8  seeds=['85.3', '84.3', '86.4', '83.0', '85.1']
  [4/10] avg=84.7  seeds=['85.1', '84.6', '85.9', '83.0', '84.7']
  [5/10] avg=84.8  seeds=['85.3', '84.5', '86.1', '83.1', '84.8']
  [6/10] avg=84.5  seeds=['84.9', '84.4', '85.8', '82.8', '84.7']
  [7/10] avg=85.0  seeds=['85.5', '84.8', '86.2', '83.3', '85.1']
  [8/10] avg=85.0  seeds=['85.2', '84.9', '86.2', '83.3', '85.3']
  [9/10] avg=84.9  seeds=['85.2', '84.7', '86.1', '83.2', '85.2']
  [10/10] avg=84.0  seeds=['84.4', '83.7', '85.4', '82.1', '84.2']

R14 BEST: 85.0
  death_base_rate=0.003
  death_food_factor=0.01
  food_base_regen=0.4
  food_competition=0.01
  food_forest_bonus=0.08
  food_pop_drain=0.06
  pop_growth_rate=0.1
  port_prob=0.08
  port_survival_bonus=0.02
  spawn_pop_threshold=0.7
  spawn_prob=0.16
R14: NEW BEST 85.0 (was 81.1)

============================================================
R6: settle_rate=0.230, 5 seeds
============================================================
150000 combos x 5 seeds x 30 MC (coarse)
  [   384/150000] 0%  14s  ETA 5571s  best=68.7
  [   768/150000] 1%  25s  ETA 4824s  best=68.9
  [  1152/150000] 1%  35s  ETA 4475s  best=69.0
  [  1536/150000] 1%  43s  ETA 4152s  best=69.0
  [  1920/150000] 1%  51s  ETA 3912s  best=69.0
  [  2304/150000] 2%  58s  ETA 3696s  best=69.0
  [  2688/150000] 2%  64s  ETA 3529s  best=69.0
  [  3072/150000] 2%  71s  ETA 3392s  best=69.0
  [  3456/150000] 2%  77s  ETA 3284s  best=69.0
  [  3840/150000] 3%  84s  ETA 3191s  best=69.0
  [  4224/150000] 3%  90s  ETA 3108s  best=69.0
  [  4608/150000] 3%  97s  ETA 3045s  best=69.0
  [  4992/150000] 3%  103s  ETA 2981s  best=69.0
  [  5376/150000] 4%  109s  ETA 2919s  best=69.0
  [  5760/150000] 4%  115s  ETA 2869s  best=69.0
  [  6144/150000] 4%  121s  ETA 2825s  best=69.0
  [  6528/150000] 4%  127s  ETA 2786s  best=69.2
  [  6912/150000] 5%  133s  ETA 2750s  best=69.2
  [  7296/150000] 5%  139s  ETA 2713s  best=69.2
  [  7680/150000] 5%  145s  ETA 2687s  best=69.2
  [  8064/150000] 5%  151s  ETA 2654s  best=69.2
  [  8448/150000] 6%  157s  ETA 2625s  best=69.2
  [  8832/150000] 6%  163s  ETA 2599s  best=69.2
  [  9216/150000] 6%  169s  ETA 2575s  best=69.2
  [  9600/150000] 6%  175s  ETA 2559s  best=69.2
  [  9984/150000] 7%  181s  ETA 2536s  best=69.2
  [ 10368/150000] 7%  187s  ETA 2519s  best=69.2
  [ 10752/150000] 7%  193s  ETA 2502s  best=69.2
  [ 11136/150000] 7%  199s  ETA 2487s  best=69.2
  [ 11520/150000] 8%  206s  ETA 2471s  best=69.2
  [ 11904/150000] 8%  212s  ETA 2455s  best=69.2
  [ 12288/150000] 8%  218s  ETA 2441s  best=69.2
  [ 12672/150000] 8%  224s  ETA 2426s  best=69.2
  [ 13056/150000] 9%  230s  ETA 2410s  best=69.2
  [ 13440/150000] 9%  236s  ETA 2395s  best=69.2
  [ 13824/150000] 9%  242s  ETA 2382s  best=69.2
  [ 14208/150000] 9%  248s  ETA 2370s  best=69.2
  [ 14592/150000] 10%  254s  ETA 2358s  best=69.2
  [ 14976/150000] 10%  260s  ETA 2345s  best=69.2
  [ 15360/150000] 10%  266s  ETA 2333s  best=69.2
  [ 15744/150000] 10%  272s  ETA 2320s  best=69.2
  [ 16128/150000] 11%  278s  ETA 2310s  best=69.2
  [ 16512/150000] 11%  284s  ETA 2299s  best=69.2
  [ 16896/150000] 11%  291s  ETA 2289s  best=69.2
  [ 17280/150000] 12%  297s  ETA 2278s  best=69.2
  [ 17664/150000] 12%  303s  ETA 2268s  best=69.2
  [ 18048/150000] 12%  309s  ETA 2256s  best=69.2
  [ 18432/150000] 12%  314s  ETA 2244s  best=69.2
  [ 18816/150000] 13%  321s  ETA 2235s  best=69.2
  [ 19200/150000] 13%  326s  ETA 2224s  best=69.2
  [ 19584/150000] 13%  332s  ETA 2213s  best=69.2
  [ 19968/150000] 13%  339s  ETA 2205s  best=69.2
  [ 20352/150000] 14%  345s  ETA 2195s  best=69.2
  [ 20736/150000] 14%  351s  ETA 2186s  best=69.2
  [ 21120/150000] 14%  357s  ETA 2176s  best=69.2
  [ 21504/150000] 14%  363s  ETA 2167s  best=69.2
  [ 21888/150000] 15%  369s  ETA 2158s  best=69.2
  [ 22272/150000] 15%  375s  ETA 2150s  best=69.2
  [ 22656/150000] 15%  381s  ETA 2140s  best=69.2
  [ 23040/150000] 15%  387s  ETA 2132s  best=69.2
  [ 23424/150000] 16%  393s  ETA 2124s  best=69.2
  [ 23808/150000] 16%  399s  ETA 2115s  best=69.2
  [ 24192/150000] 16%  405s  ETA 2106s  best=69.2
  [ 24576/150000] 16%  411s  ETA 2097s  best=69.2
  [ 24960/150000] 17%  417s  ETA 2089s  best=69.2
  [ 25344/150000] 17%  423s  ETA 2080s  best=69.2
  [ 25728/150000] 17%  429s  ETA 2072s  best=69.2
  [ 26112/150000] 17%  435s  ETA 2064s  best=69.2
  [ 26496/150000] 18%  441s  ETA 2056s  best=69.2
  [ 26880/150000] 18%  447s  ETA 2049s  best=69.2
  [ 27264/150000] 18%  453s  ETA 2041s  best=69.2
  [ 27648/150000] 18%  459s  ETA 2033s  best=69.2
  [ 28032/150000] 19%  466s  ETA 2027s  best=69.2
  [ 28416/150000] 19%  472s  ETA 2018s  best=69.2
  [ 28800/150000] 19%  478s  ETA 2010s  best=69.2
  [ 29184/150000] 19%  484s  ETA 2002s  best=69.2
  [ 29568/150000] 20%  490s  ETA 1995s  best=69.2
  [ 29952/150000] 20%  496s  ETA 1987s  best=69.2
  [ 30336/150000] 20%  502s  ETA 1979s  best=69.2
  [ 30720/150000] 20%  508s  ETA 1971s  best=69.2
  [ 31104/150000] 21%  514s  ETA 1963s  best=69.2
  [ 31488/150000] 21%  520s  ETA 1956s  best=69.2
  [ 31872/150000] 21%  526s  ETA 1949s  best=69.2
  [ 32256/150000] 22%  532s  ETA 1942s  best=69.2
  [ 32640/150000] 22%  538s  ETA 1934s  best=69.2
  [ 33024/150000] 22%  544s  ETA 1927s  best=69.2
  [ 33408/150000] 22%  550s  ETA 1920s  best=69.2
  [ 33792/150000] 23%  556s  ETA 1914s  best=69.2
  [ 34176/150000] 23%  563s  ETA 1906s  best=69.2
  [ 34560/150000] 23%  568s  ETA 1899s  best=69.2
  [ 34944/150000] 23%  575s  ETA 1892s  best=69.2
  [ 35328/150000] 24%  581s  ETA 1885s  best=69.2
  [ 35712/150000] 24%  587s  ETA 1878s  best=69.2
  [ 36096/150000] 24%  593s  ETA 1871s  best=69.2
  [ 36480/150000] 24%  599s  ETA 1864s  best=69.2
  [ 36864/150000] 25%  605s  ETA 1856s  best=69.2
  [ 37248/150000] 25%  611s  ETA 1849s  best=69.2
  [ 37632/150000] 25%  617s  ETA 1842s  best=69.2
  [ 38016/150000] 25%  623s  ETA 1835s  best=69.2
  [ 38400/150000] 26%  629s  ETA 1828s  best=69.2
  [ 38784/150000] 26%  635s  ETA 1820s  best=69.2
  [ 39168/150000] 26%  641s  ETA 1813s  best=69.2
  [ 39552/150000] 26%  647s  ETA 1806s  best=69.3
  [ 39936/150000] 27%  652s  ETA 1798s  best=69.3
  [ 40320/150000] 27%  659s  ETA 1792s  best=69.3
  [ 40704/150000] 27%  665s  ETA 1784s  best=69.3
  [ 41088/150000] 27%  671s  ETA 1777s  best=69.3
  [ 41472/150000] 28%  677s  ETA 1771s  best=69.3
  [ 41856/150000] 28%  683s  ETA 1765s  best=69.3
  [ 42240/150000] 28%  689s  ETA 1758s  best=69.3
  [ 42624/150000] 28%  695s  ETA 1751s  best=69.3
  [ 43008/150000] 29%  701s  ETA 1744s  best=69.3
  [ 43392/150000] 29%  707s  ETA 1737s  best=69.3
  [ 43776/150000] 29%  713s  ETA 1731s  best=69.3
  [ 44160/150000] 29%  719s  ETA 1724s  best=69.3
  [ 44544/150000] 30%  725s  ETA 1717s  best=69.3
  [ 44928/150000] 30%  732s  ETA 1711s  best=69.3
  [ 45312/150000] 30%  737s  ETA 1704s  best=69.3
  [ 45696/150000] 30%  743s  ETA 1697s  best=69.3
  [ 46080/150000] 31%  749s  ETA 1690s  best=69.3
  [ 46464/150000] 31%  755s  ETA 1683s  best=69.3
  [ 46848/150000] 31%  761s  ETA 1676s  best=69.3
  [ 47232/150000] 31%  767s  ETA 1669s  best=69.3
  [ 47616/150000] 32%  773s  ETA 1663s  best=69.3
  [ 48000/150000] 32%  779s  ETA 1656s  best=69.3
  [ 48384/150000] 32%  785s  ETA 1649s  best=69.3
  [ 48768/150000] 33%  791s  ETA 1642s  best=69.3
  [ 49152/150000] 33%  797s  ETA 1636s  best=69.3
  [ 49536/150000] 33%  803s  ETA 1629s  best=69.3
  [ 49920/150000] 33%  809s  ETA 1623s  best=69.3
  [ 50304/150000] 34%  815s  ETA 1616s  best=69.3
  [ 50688/150000] 34%  821s  ETA 1609s  best=69.3
  [ 51072/150000] 34%  827s  ETA 1603s  best=69.3
  [ 51456/150000] 34%  834s  ETA 1596s  best=69.3
  [ 51840/150000] 35%  839s  ETA 1590s  best=69.3
  [ 52224/150000] 35%  845s  ETA 1583s  best=69.3
  [ 52608/150000] 35%  852s  ETA 1577s  best=69.3
  [ 52992/150000] 35%  858s  ETA 1570s  best=69.3
  [ 53376/150000] 36%  864s  ETA 1564s  best=69.3
  [ 53760/150000] 36%  870s  ETA 1558s  best=69.3
  [ 54144/150000] 36%  876s  ETA 1551s  best=69.3
  [ 54528/150000] 36%  882s  ETA 1545s  best=69.3
  [ 54912/150000] 37%  889s  ETA 1539s  best=69.3
  [ 55296/150000] 37%  895s  ETA 1532s  best=69.3
  [ 55680/150000] 37%  901s  ETA 1526s  best=69.3
  [ 56064/150000] 37%  907s  ETA 1520s  best=69.3
  [ 56448/150000] 38%  913s  ETA 1513s  best=69.3
  [ 56832/150000] 38%  919s  ETA 1507s  best=69.3
  [ 57216/150000] 38%  925s  ETA 1501s  best=69.3
  [ 57600/150000] 38%  932s  ETA 1494s  best=69.3
  [ 57984/150000] 39%  938s  ETA 1489s  best=69.3
  [ 58368/150000] 39%  944s  ETA 1483s  best=69.3
  [ 58752/150000] 39%  950s  ETA 1476s  best=69.3
  [ 59136/150000] 39%  956s  ETA 1469s  best=69.3
  [ 59520/150000] 40%  962s  ETA 1463s  best=69.3
  [ 59904/150000] 40%  968s  ETA 1456s  best=69.3
  [ 60288/150000] 40%  975s  ETA 1450s  best=69.3
  [ 60672/150000] 40%  981s  ETA 1444s  best=69.3
  [ 61056/150000] 41%  987s  ETA 1437s  best=69.3
  [ 61440/150000] 41%  993s  ETA 1431s  best=69.3
  [ 61824/150000] 41%  999s  ETA 1425s  best=69.3
  [ 62208/150000] 41%  1005s  ETA 1418s  best=69.3
  [ 62592/150000] 42%  1011s  ETA 1411s  best=69.3
  [ 62976/150000] 42%  1017s  ETA 1405s  best=69.3
  [ 63360/150000] 42%  1023s  ETA 1399s  best=69.3
  [ 63744/150000] 42%  1029s  ETA 1392s  best=69.3
  [ 64128/150000] 43%  1035s  ETA 1386s  best=69.3
  [ 64512/150000] 43%  1041s  ETA 1379s  best=69.3
  [ 64896/150000] 43%  1047s  ETA 1373s  best=69.3
  [ 65280/150000] 44%  1053s  ETA 1366s  best=69.3
  [ 65664/150000] 44%  1059s  ETA 1360s  best=69.3
  [ 66048/150000] 44%  1065s  ETA 1353s  best=69.3
  [ 66432/150000] 44%  1071s  ETA 1347s  best=69.3
  [ 66816/150000] 45%  1077s  ETA 1340s  best=69.3
  [ 67200/150000] 45%  1082s  ETA 1334s  best=69.3
  [ 67584/150000] 45%  1088s  ETA 1327s  best=69.3
  [ 67968/150000] 45%  1094s  ETA 1321s  best=69.3
  [ 68352/150000] 46%  1100s  ETA 1314s  best=69.3
  [ 68736/150000] 46%  1106s  ETA 1308s  best=69.3
  [ 69120/150000] 46%  1112s  ETA 1302s  best=69.3
  [ 69504/150000] 46%  1119s  ETA 1296s  best=69.3
  [ 69888/150000] 47%  1124s  ETA 1289s  best=69.3
  [ 70272/150000] 47%  1130s  ETA 1283s  best=69.3
  [ 70656/150000] 47%  1137s  ETA 1277s  best=69.3
  [ 71040/150000] 47%  1143s  ETA 1270s  best=69.3
  [ 71424/150000] 48%  1149s  ETA 1264s  best=69.3
  [ 71808/150000] 48%  1155s  ETA 1257s  best=69.3
  [ 72192/150000] 48%  1161s  ETA 1251s  best=69.3
  [ 72576/150000] 48%  1167s  ETA 1245s  best=69.3
  [ 72960/150000] 49%  1173s  ETA 1238s  best=69.3
  [ 73344/150000] 49%  1179s  ETA 1232s  best=69.3
  [ 73728/150000] 49%  1185s  ETA 1226s  best=69.3
  [ 74112/150000] 49%  1191s  ETA 1220s  best=69.3
  [ 74496/150000] 50%  1197s  ETA 1213s  best=69.3
  [ 74880/150000] 50%  1203s  ETA 1207s  best=69.3
  [ 75264/150000] 50%  1209s  ETA 1201s  best=69.3
  [ 75648/150000] 50%  1215s  ETA 1194s  best=69.3
  [ 76032/150000] 51%  1221s  ETA 1188s  best=69.3
  [ 76416/150000] 51%  1227s  ETA 1182s  best=69.3
  [ 76800/150000] 51%  1233s  ETA 1176s  best=69.3
  [ 77184/150000] 51%  1239s  ETA 1169s  best=69.3
  [ 77568/150000] 52%  1245s  ETA 1163s  best=69.3
  [ 77952/150000] 52%  1251s  ETA 1157s  best=69.3
  [ 78336/150000] 52%  1258s  ETA 1150s  best=69.3
  [ 78720/150000] 52%  1263s  ETA 1144s  best=69.3
  [ 79104/150000] 53%  1270s  ETA 1138s  best=69.3
  [ 79488/150000] 53%  1276s  ETA 1131s  best=69.3
  [ 79872/150000] 53%  1282s  ETA 1125s  best=69.3
  [ 80256/150000] 54%  1288s  ETA 1119s  best=69.3
  [ 80640/150000] 54%  1294s  ETA 1113s  best=69.3
  [ 81024/150000] 54%  1300s  ETA 1107s  best=69.3
  [ 81408/150000] 54%  1306s  ETA 1100s  best=69.3
  [ 81792/150000] 55%  1312s  ETA 1094s  best=69.3
  [ 82176/150000] 55%  1318s  ETA 1088s  best=69.3
  [ 82560/150000] 55%  1324s  ETA 1081s  best=69.3
  [ 82944/150000] 55%  1330s  ETA 1075s  best=69.3
  [ 83328/150000] 56%  1336s  ETA 1069s  best=69.3
  [ 83712/150000] 56%  1342s  ETA 1063s  best=69.3
  [ 84096/150000] 56%  1348s  ETA 1056s  best=69.3
  [ 84480/150000] 56%  1354s  ETA 1050s  best=69.3
  [ 84864/150000] 57%  1360s  ETA 1044s  best=69.3
  [ 85248/150000] 57%  1366s  ETA 1037s  best=69.3
  [ 85632/150000] 57%  1372s  ETA 1031s  best=69.3
  [ 86016/150000] 57%  1378s  ETA 1025s  best=69.3
  [ 86400/150000] 58%  1384s  ETA 1019s  best=69.3
  [ 86784/150000] 58%  1390s  ETA 1013s  best=69.3
  [ 87168/150000] 58%  1396s  ETA 1006s  best=69.3
  [ 87552/150000] 58%  1402s  ETA 1000s  best=69.3
  [ 87936/150000] 59%  1408s  ETA 994s  best=69.3
  [ 88320/150000] 59%  1414s  ETA 988s  best=69.3
  [ 88704/150000] 59%  1421s  ETA 982s  best=69.3
  [ 89088/150000] 59%  1427s  ETA 975s  best=69.3
  [ 89472/150000] 60%  1433s  ETA 969s  best=69.3
  [ 89856/150000] 60%  1438s  ETA 963s  best=69.3
  [ 90240/150000] 60%  1445s  ETA 957s  best=69.3
  [ 90624/150000] 60%  1451s  ETA 950s  best=69.3
  [ 91008/150000] 61%  1457s  ETA 944s  best=69.3
  [ 91392/150000] 61%  1463s  ETA 938s  best=69.3
  [ 91776/150000] 61%  1469s  ETA 932s  best=69.3
  [ 92160/150000] 61%  1475s  ETA 926s  best=69.3
  [ 92544/150000] 62%  1481s  ETA 920s  best=69.3
  [ 92928/150000] 62%  1487s  ETA 913s  best=69.3
  [ 93312/150000] 62%  1493s  ETA 907s  best=69.3
  [ 93696/150000] 62%  1499s  ETA 901s  best=69.3
  [ 94080/150000] 63%  1505s  ETA 895s  best=69.3
  [ 94464/150000] 63%  1511s  ETA 889s  best=69.3
  [ 94848/150000] 63%  1517s  ETA 882s  best=69.3
  [ 95232/150000] 63%  1523s  ETA 876s  best=69.3
  [ 95616/150000] 64%  1530s  ETA 870s  best=69.3
  [ 96000/150000] 64%  1536s  ETA 864s  best=69.3
  [ 96384/150000] 64%  1541s  ETA 857s  best=69.3
  [ 96768/150000] 65%  1547s  ETA 851s  best=69.3
  [ 97152/150000] 65%  1553s  ETA 845s  best=69.3
  [ 97536/150000] 65%  1559s  ETA 839s  best=69.3
  [ 97920/150000] 65%  1565s  ETA 832s  best=69.3
  [ 98304/150000] 66%  1571s  ETA 826s  best=69.3
  [ 98688/150000] 66%  1577s  ETA 820s  best=69.3
  [ 99072/150000] 66%  1583s  ETA 814s  best=69.3
  [ 99456/150000] 66%  1589s  ETA 808s  best=69.3
  [ 99840/150000] 67%  1595s  ETA 801s  best=69.3
  [100224/150000] 67%  1601s  ETA 795s  best=69.3
  [100608/150000] 67%  1607s  ETA 789s  best=69.3
  [100992/150000] 67%  1613s  ETA 783s  best=69.3
  [101376/150000] 68%  1619s  ETA 777s  best=69.3
  [101760/150000] 68%  1625s  ETA 770s  best=69.3
  [102144/150000] 68%  1631s  ETA 764s  best=69.3
  [102528/150000] 68%  1638s  ETA 758s  best=69.3
  [102912/150000] 69%  1644s  ETA 752s  best=69.3
  [103296/150000] 69%  1650s  ETA 746s  best=69.3
  [103680/150000] 69%  1656s  ETA 740s  best=69.3
  [104064/150000] 69%  1662s  ETA 734s  best=69.3
  [104448/150000] 70%  1668s  ETA 727s  best=69.3
  [104832/150000] 70%  1674s  ETA 721s  best=69.3
  [105216/150000] 70%  1680s  ETA 715s  best=69.3
  [105600/150000] 70%  1686s  ETA 709s  best=69.3
  [105984/150000] 71%  1692s  ETA 703s  best=69.3
  [106368/150000] 71%  1698s  ETA 696s  best=69.3
  [106752/150000] 71%  1704s  ETA 690s  best=69.3
  [107136/150000] 71%  1710s  ETA 684s  best=69.3
  [107520/150000] 72%  1716s  ETA 678s  best=69.3
  [107904/150000] 72%  1722s  ETA 672s  best=69.3
  [108288/150000] 72%  1728s  ETA 666s  best=69.3
  [108672/150000] 72%  1734s  ETA 659s  best=69.3
  [109056/150000] 73%  1740s  ETA 653s  best=69.3
  [109440/150000] 73%  1746s  ETA 647s  best=69.6
  [109824/150000] 73%  1752s  ETA 641s  best=69.6
  [110208/150000] 73%  1758s  ETA 635s  best=69.6
  [110592/150000] 74%  1764s  ETA 629s  best=69.6
  [110976/150000] 74%  1770s  ETA 622s  best=69.6
  [111360/150000] 74%  1776s  ETA 616s  best=69.6
  [111744/150000] 74%  1782s  ETA 610s  best=69.6
  [112128/150000] 75%  1788s  ETA 604s  best=69.6
  [112512/150000] 75%  1794s  ETA 598s  best=69.6
  [112896/150000] 75%  1800s  ETA 592s  best=69.6
  [113280/150000] 76%  1806s  ETA 585s  best=69.6
  [113664/150000] 76%  1812s  ETA 579s  best=69.6
  [114048/150000] 76%  1818s  ETA 573s  best=69.6
  [114432/150000] 76%  1824s  ETA 567s  best=69.6
  [114816/150000] 77%  1830s  ETA 561s  best=69.6
  [115200/150000] 77%  1836s  ETA 555s  best=69.6
  [115584/150000] 77%  1842s  ETA 549s  best=69.6
  [115968/150000] 77%  1849s  ETA 543s  best=69.6
  [116352/150000] 78%  1855s  ETA 536s  best=69.6
  [116736/150000] 78%  1861s  ETA 530s  best=69.6
  [117120/150000] 78%  1867s  ETA 524s  best=69.6
  [117504/150000] 78%  1873s  ETA 518s  best=69.6
  [117888/150000] 79%  1879s  ETA 512s  best=69.6
  [118272/150000] 79%  1885s  ETA 506s  best=69.6
  [118656/150000] 79%  1891s  ETA 499s  best=69.6
  [119040/150000] 79%  1897s  ETA 493s  best=69.6
  [119424/150000] 80%  1903s  ETA 487s  best=69.6
  [119808/150000] 80%  1909s  ETA 481s  best=69.6
  [120192/150000] 80%  1915s  ETA 475s  best=69.6
  [120576/150000] 80%  1921s  ETA 469s  best=69.6
  [120960/150000] 81%  1927s  ETA 463s  best=69.6
  [121344/150000] 81%  1933s  ETA 457s  best=69.6
  [121728/150000] 81%  1939s  ETA 450s  best=69.6
  [122112/150000] 81%  1946s  ETA 444s  best=69.6
  [122496/150000] 82%  1951s  ETA 438s  best=69.6
  [122880/150000] 82%  1958s  ETA 432s  best=69.6
  [123264/150000] 82%  1964s  ETA 426s  best=69.6
  [123648/150000] 82%  1970s  ETA 420s  best=69.6
  [124032/150000] 83%  1976s  ETA 414s  best=69.6
  [124416/150000] 83%  1982s  ETA 408s  best=69.6
  [124800/150000] 83%  1988s  ETA 401s  best=69.6
  [125184/150000] 83%  1994s  ETA 395s  best=69.6
  [125568/150000] 84%  2000s  ETA 389s  best=69.6
  [125952/150000] 84%  2006s  ETA 383s  best=69.6
  [126336/150000] 84%  2012s  ETA 377s  best=69.6
  [126720/150000] 84%  2018s  ETA 371s  best=69.6
  [127104/150000] 85%  2024s  ETA 365s  best=69.6
  [127488/150000] 85%  2030s  ETA 359s  best=69.6
  [127872/150000] 85%  2036s  ETA 352s  best=69.6
  [128256/150000] 86%  2042s  ETA 346s  best=69.6
  [128640/150000] 86%  2049s  ETA 340s  best=69.6
  [129024/150000] 86%  2055s  ETA 334s  best=69.6
  [129408/150000] 86%  2061s  ETA 328s  best=69.6
  [129792/150000] 87%  2067s  ETA 322s  best=69.6
  [130176/150000] 87%  2073s  ETA 316s  best=69.6
  [130560/150000] 87%  2079s  ETA 310s  best=69.6
  [130944/150000] 87%  2085s  ETA 303s  best=69.6
  [131328/150000] 88%  2091s  ETA 297s  best=69.6
  [131712/150000] 88%  2097s  ETA 291s  best=69.6
  [132096/150000] 88%  2103s  ETA 285s  best=69.6
  [132480/150000] 88%  2109s  ETA 279s  best=69.6
  [132864/150000] 89%  2115s  ETA 273s  best=69.6
  [133248/150000] 89%  2122s  ETA 267s  best=69.6
  [133632/150000] 89%  2128s  ETA 261s  best=69.6
  [134016/150000] 89%  2134s  ETA 254s  best=69.6
  [134400/150000] 90%  2140s  ETA 248s  best=69.6
  [134784/150000] 90%  2146s  ETA 242s  best=69.6
  [135168/150000] 90%  2152s  ETA 236s  best=69.6
  [135552/150000] 90%  2158s  ETA 230s  best=69.6
  [135936/150000] 91%  2164s  ETA 224s  best=69.6
  [136320/150000] 91%  2170s  ETA 218s  best=69.6
  [136704/150000] 91%  2176s  ETA 212s  best=69.6
  [137088/150000] 91%  2182s  ETA 206s  best=69.6
  [137472/150000] 92%  2188s  ETA 199s  best=69.6
  [137856/150000] 92%  2194s  ETA 193s  best=69.6
  [138240/150000] 92%  2200s  ETA 187s  best=69.6
  [138624/150000] 92%  2206s  ETA 181s  best=69.6
  [139008/150000] 93%  2212s  ETA 175s  best=69.6
  [139392/150000] 93%  2218s  ETA 169s  best=69.6
  [139776/150000] 93%  2224s  ETA 163s  best=69.6
  [140160/150000] 93%  2230s  ETA 157s  best=69.6
  [140544/150000] 94%  2236s  ETA 150s  best=69.6
  [140928/150000] 94%  2242s  ETA 144s  best=69.6
  [141312/150000] 94%  2248s  ETA 138s  best=69.6
  [141696/150000] 94%  2254s  ETA 132s  best=69.6
  [142080/150000] 95%  2260s  ETA 126s  best=69.6
  [142464/150000] 95%  2266s  ETA 120s  best=69.6
  [142848/150000] 95%  2272s  ETA 114s  best=69.6
  [143232/150000] 95%  2278s  ETA 108s  best=69.6
  [143616/150000] 96%  2284s  ETA 102s  best=69.6
  [144000/150000] 96%  2291s  ETA 95s  best=69.6
  [144384/150000] 96%  2297s  ETA 89s  best=69.6
  [144768/150000] 97%  2303s  ETA 83s  best=69.6
  [145152/150000] 97%  2309s  ETA 77s  best=69.6
  [145536/150000] 97%  2315s  ETA 71s  best=69.6
  [145920/150000] 97%  2321s  ETA 65s  best=69.6
  [146304/150000] 98%  2327s  ETA 59s  best=69.6
  [146688/150000] 98%  2333s  ETA 53s  best=69.6
  [147072/150000] 98%  2339s  ETA 47s  best=69.6
  [147456/150000] 98%  2345s  ETA 40s  best=69.6
  [147840/150000] 99%  2351s  ETA 34s  best=69.6
  [148224/150000] 99%  2357s  ETA 28s  best=69.6
  [148608/150000] 99%  2363s  ETA 22s  best=69.6
  [148992/150000] 99%  2369s  ETA 16s  best=69.6
  [149376/150000] 100%  2375s  ETA 10s  best=69.6
  [149760/150000] 100%  2381s  ETA 4s  best=69.6
  [150000/150000] 100%  2386s  ETA 0s  best=69.6

Deep eval top 10 (500 MC)...
  [1/10] avg=85.9  seeds=['87.0', '85.7', '83.7', '85.8', '87.2']
  [2/10] avg=85.5  seeds=['87.0', '85.5', '83.3', '85.2', '86.8']
  [3/10] avg=84.7  seeds=['86.6', '84.3', '82.3', '84.6', '85.8']
  [4/10] avg=84.9  seeds=['86.1', '84.5', '83.2', '84.6', '85.9']
  [5/10] avg=84.8  seeds=['86.5', '84.6', '82.4', '84.7', '85.9']
  [6/10] avg=84.8  seeds=['86.6', '84.4', '82.5', '84.9', '85.5']
  [7/10] avg=84.7  seeds=['86.7', '84.3', '82.2', '84.7', '85.6']
  [8/10] avg=84.6  seeds=['86.1', '84.4', '82.1', '84.5', '85.7']
  [9/10] avg=84.0  seeds=['85.9', '83.8', '81.4', '84.0', '84.9']
  [10/10] avg=83.8  seeds=['85.8', '83.7', '81.0', '83.6', '84.9']

R6 BEST: 85.9
  death_base_rate=0.008
  death_food_factor=0.04
  food_base_regen=0.3
  food_competition=0.04
  food_forest_bonus=0.08
  food_pop_drain=0.06
  pop_growth_rate=0.14
  port_prob=0.1
  port_survival_bonus=0.01
  spawn_pop_threshold=0.3
  spawn_prob=0.1
R6: NEW BEST 85.9 (was 83.6)

Results saved to replay_cache/per_round_params.json
