CPUs: 192
Tuning rounds: [17]

============================================================
R17: settle_rate=0.257, 5 seeds
============================================================
46656 combos x 5 seeds x 20 MC (coarse)
  [  384/46656] 1%  5s  ETA 616s  best=43.7
  [  768/46656] 2%  8s  ETA 490s  best=43.7
  [ 1152/46656] 2%  11s  ETA 451s  best=43.7
  [ 1536/46656] 3%  14s  ETA 420s  best=43.7
  [ 1920/46656] 4%  17s  ETA 406s  best=43.7
  [ 2304/46656] 5%  21s  ETA 398s  best=43.7
  [ 2688/46656] 6%  23s  ETA 384s  best=43.7
  [ 3072/46656] 7%  27s  ETA 377s  best=43.7
  [ 3456/46656] 7%  30s  ETA 371s  best=43.7
  [ 3840/46656] 8%  32s  ETA 362s  best=43.7
  [ 4224/46656] 9%  35s  ETA 355s  best=43.7
  [ 4608/46656] 10%  38s  ETA 350s  best=43.7
  [ 4992/46656] 11%  41s  ETA 345s  best=43.7
  [ 5376/46656] 12%  44s  ETA 339s  best=43.7
  [ 5760/46656] 12%  47s  ETA 334s  best=43.7
  [ 6144/46656] 13%  50s  ETA 329s  best=43.7
  [ 6528/46656] 14%  53s  ETA 324s  best=43.7
  [ 6912/46656] 15%  55s  ETA 319s  best=43.7
  [ 7296/46656] 16%  58s  ETA 315s  best=43.7
  [ 7680/46656] 16%  61s  ETA 310s  best=43.7
  [ 8064/46656] 17%  64s  ETA 306s  best=43.7
  [ 8448/46656] 18%  67s  ETA 301s  best=43.7
  [ 8832/46656] 19%  69s  ETA 297s  best=43.7
  [ 9216/46656] 20%  72s  ETA 293s  best=43.7
  [ 9600/46656] 21%  75s  ETA 289s  best=43.7
  [ 9984/46656] 21%  78s  ETA 285s  best=43.7
  [10368/46656] 22%  80s  ETA 281s  best=43.7
  [10752/46656] 23%  83s  ETA 277s  best=43.7
  [11136/46656] 24%  86s  ETA 274s  best=43.7
  [11520/46656] 25%  88s  ETA 270s  best=43.7
  [11904/46656] 26%  92s  ETA 269s  best=61.2
  [12288/46656] 26%  96s  ETA 269s  best=61.2
  [12672/46656] 27%  100s  ETA 268s  best=61.2
  [13056/46656] 28%  104s  ETA 267s  best=61.2
  [13440/46656] 29%  107s  ETA 265s  best=61.2
  [13824/46656] 30%  111s  ETA 264s  best=61.2
  [14208/46656] 30%  115s  ETA 262s  best=61.2
  [14592/46656] 31%  118s  ETA 260s  best=61.2
  [14976/46656] 32%  122s  ETA 258s  best=61.2
  [15360/46656] 33%  126s  ETA 256s  best=61.2
  [15744/46656] 34%  129s  ETA 254s  best=61.2
  [16128/46656] 35%  133s  ETA 252s  best=61.2
  [16512/46656] 35%  137s  ETA 249s  best=61.2
  [16896/46656] 36%  140s  ETA 247s  best=61.2
  [17280/46656] 37%  144s  ETA 244s  best=61.2
  [17664/46656] 38%  147s  ETA 242s  best=61.2
  [18048/46656] 39%  151s  ETA 239s  best=61.2
  [18432/46656] 40%  154s  ETA 237s  best=61.2
  [18816/46656] 40%  158s  ETA 234s  best=61.2
  [19200/46656] 41%  161s  ETA 231s  best=61.2
  [19584/46656] 42%  165s  ETA 228s  best=61.2
  [19968/46656] 43%  169s  ETA 225s  best=61.2
  [20352/46656] 44%  172s  ETA 222s  best=61.2
  [20736/46656] 44%  176s  ETA 219s  best=61.2
  [21120/46656] 45%  179s  ETA 217s  best=61.2
  [21504/46656] 46%  183s  ETA 213s  best=61.2
  [21888/46656] 47%  186s  ETA 210s  best=61.2
  [22272/46656] 48%  189s  ETA 207s  best=61.2
  [22656/46656] 49%  193s  ETA 204s  best=61.2
  [23040/46656] 49%  196s  ETA 201s  best=61.2
  [23424/46656] 50%  200s  ETA 199s  best=62.3
  [23808/46656] 51%  205s  ETA 197s  best=62.4
  [24192/46656] 52%  210s  ETA 195s  best=62.7
  [24576/46656] 53%  215s  ETA 193s  best=62.7
  [24960/46656] 53%  220s  ETA 191s  best=62.7
  [25344/46656] 54%  224s  ETA 189s  best=62.7
  [25728/46656] 55%  229s  ETA 186s  best=62.9
  [26112/46656] 56%  234s  ETA 184s  best=62.9
  [26496/46656] 57%  239s  ETA 182s  best=63.0
  [26880/46656] 58%  243s  ETA 179s  best=63.0
  [27264/46656] 58%  248s  ETA 176s  best=63.0
  [27648/46656] 59%  252s  ETA 174s  best=63.2
  [28032/46656] 60%  257s  ETA 171s  best=63.2
  [28416/46656] 61%  262s  ETA 168s  best=63.2
  [28800/46656] 62%  266s  ETA 165s  best=63.3
  [29184/46656] 63%  271s  ETA 162s  best=63.3
  [29568/46656] 63%  275s  ETA 159s  best=63.3
  [29952/46656] 64%  280s  ETA 156s  best=63.3
  [30336/46656] 65%  284s  ETA 153s  best=63.3
  [30720/46656] 66%  289s  ETA 150s  best=63.3
  [31104/46656] 67%  293s  ETA 146s  best=63.6
  [31488/46656] 67%  297s  ETA 143s  best=63.6
  [31872/46656] 68%  302s  ETA 140s  best=63.6
  [32256/46656] 69%  306s  ETA 137s  best=63.6
  [32640/46656] 70%  310s  ETA 133s  best=63.6
  [33024/46656] 71%  315s  ETA 130s  best=63.6
  [33408/46656] 72%  319s  ETA 127s  best=63.6
  [33792/46656] 72%  323s  ETA 123s  best=63.6
  [34176/46656] 73%  328s  ETA 120s  best=63.6
  [34560/46656] 74%  332s  ETA 116s  best=63.6
  [34944/46656] 75%  336s  ETA 113s  best=63.6
  [35328/46656] 76%  342s  ETA 110s  best=63.6
  [35712/46656] 77%  348s  ETA 107s  best=63.6
  [36096/46656] 77%  353s  ETA 103s  best=63.6
  [36480/46656] 78%  359s  ETA 100s  best=63.6
  [36864/46656] 79%  364s  ETA 97s  best=63.6
  [37248/46656] 80%  370s  ETA 93s  best=63.6
  [37632/46656] 81%  376s  ETA 90s  best=63.6
  [38016/46656] 81%  381s  ETA 87s  best=63.6
  [38400/46656] 82%  387s  ETA 83s  best=63.6
  [38784/46656] 83%  392s  ETA 80s  best=63.6
  [39168/46656] 84%  398s  ETA 76s  best=63.6
  [39552/46656] 85%  404s  ETA 72s  best=63.6
  [39936/46656] 86%  409s  ETA 69s  best=63.6
  [40320/46656] 86%  415s  ETA 65s  best=63.6
  [40704/46656] 87%  420s  ETA 61s  best=63.6
  [41088/46656] 88%  425s  ETA 58s  best=63.6
  [41472/46656] 89%  431s  ETA 54s  best=63.6
  [41856/46656] 90%  436s  ETA 50s  best=63.6
  [42240/46656] 91%  442s  ETA 46s  best=63.6
  [42624/46656] 91%  447s  ETA 42s  best=63.6
  [43008/46656] 92%  452s  ETA 38s  best=63.6
  [43392/46656] 93%  458s  ETA 34s  best=63.6
  [43776/46656] 94%  463s  ETA 30s  best=63.6
  [44160/46656] 95%  468s  ETA 26s  best=63.6
  [44544/46656] 95%  474s  ETA 22s  best=63.6
  [44928/46656] 96%  479s  ETA 18s  best=63.6
  [45312/46656] 97%  484s  ETA 14s  best=63.6
  [45696/46656] 98%  489s  ETA 10s  best=63.6
  [46080/46656] 99%  494s  ETA 6s  best=63.6
  [46464/46656] 100%  499s  ETA 2s  best=63.6
  [46656/46656] 100%  502s  ETA 0s  best=63.6

Deep eval top 5 (200 MC)...
  [1/5] avg=85.7
  [2/5] avg=85.3
  [3/5] avg=85.3
  [4/5] avg=84.6
  [5/5] avg=84.7

R17 BEST: 85.7
  spawn_prob=0.1
  spawn_pop_threshold=0.5
  death_base_rate=0.01
  death_food_factor=0.02
  pop_growth_rate=0.1
  food_base_regen=0.2
  food_competition=0.01
  food_pop_drain=0.04
  food_forest_bonus=0.08
  port_survival_bonus=0.0
Saved to replay_cache/per_round_params.json

============================================================
FITTING INTERPOLATION
============================================================

Data points: 16
Rate range: 0.021 - 0.259

Round | Rate  | Score | Key params
--------------------------------------------------------------------------------
R 3   | 0.021 |  87.8 | sp=0.15 db=0.150 fbr=0.15 fc=0.05 ffb=0.02
R10   | 0.027 |  87.4 | sp=0.15 db=0.080 fbr=0.15 fc=0.05 ffb=0.04
R 8   | 0.040 |  90.9 | sp=0.10 db=0.100 fbr=0.15 fc=0.03 ffb=0.04
R16   | 0.087 |  84.0 | sp=0.08 db=0.030 fbr=0.25 fc=0.04 ffb=0.06
R 4   | 0.103 |  87.8 | sp=0.08 db=0.030 fbr=0.15 fc=0.03 ffb=0.04
R13   | 0.105 |  88.3 | sp=0.08 db=0.030 fbr=0.15 fc=0.02 ffb=0.06
R 5   | 0.132 |  83.9 | sp=0.08 db=0.010 fbr=0.20 fc=0.02 ffb=0.02
R 9   | 0.138 |  87.4 | sp=0.10 db=0.020 fbr=0.20 fc=0.03 ffb=0.04
R12   | 0.148 |  58.7 | sp=0.08 db=0.005 fbr=0.30 fc=0.02 ffb=0.06
R 7   | 0.150 |  68.7 | sp=0.08 db=0.005 fbr=0.30 fc=0.01 ffb=0.02
R 1   | 0.161 |  84.3 | sp=0.08 db=0.005 fbr=0.25 fc=0.03 ffb=0.06
R 2   | 0.186 |  83.5 | sp=0.10 db=0.015 fbr=0.20 fc=0.03 ffb=0.04
R 6   | 0.238 |  83.6 | sp=0.12 db=0.005 fbr=0.20 fc=0.03 ffb=0.06
R14   | 0.241 |  81.1 | sp=0.10 db=0.005 fbr=0.20 fc=0.01 ffb=0.04
R17   | 0.257 |  85.7 | sp=0.10 db=0.010 fbr=0.20 fc=0.01 ffb=0.08
R11   | 0.259 |  84.6 | sp=0.10 db=0.005 fbr=0.25 fc=0.01 ffb=0.08

Interpolation coefficients (param = a * settle_rate + b):
param                            a        b     R²
--------------------------------------------------
spawn_prob                 -0.0834   0.1107  0.079
spawn_pop_threshold         0.3971   0.3931  0.073
death_base_rate            -0.4199   0.0917  0.611
death_food_factor          -0.4391   0.1217  0.670
pop_growth_rate             0.1029   0.0884  0.206
food_base_regen             0.2815   0.1659  0.186
food_competition           -0.1251   0.0442  0.560
food_pop_drain             -0.0117   0.0604  0.003
food_forest_bonus           0.1314   0.0287  0.290
port_survival_bonus        -0.0161   0.0092  0.014

============================================================
GENERATED CODE FOR solver.py
============================================================

# --- Per-round parameter interpolation ---
# Generated by tune_per_round.py on 2026-03-22 00:26
# Calibration points: 16 rounds

_CALIBRATION_POINTS = [
    {'rate': 0.0213, 'round': 3, 'score': 87.8, 'params': {
        'spawn_prob': 0.15,
        'spawn_pop_threshold': 0.3,
        'death_base_rate': 0.15,
        'death_food_factor': 0.15,
        'pop_growth_rate': 0.08,
        'food_base_regen': 0.15,
        'food_competition': 0.05,
        'food_pop_drain': 0.08,
        'food_forest_bonus': 0.02,
        'port_survival_bonus': 0.03,
    }},
    {'rate': 0.0269, 'round': 10, 'score': 87.4, 'params': {
        'spawn_prob': 0.15,
        'spawn_pop_threshold': 0.7,
        'death_base_rate': 0.08,
        'death_food_factor': 0.15,
        'pop_growth_rate': 0.1,
        'food_base_regen': 0.15,
        'food_competition': 0.05,
        'food_pop_drain': 0.04,
        'food_forest_bonus': 0.04,
        'port_survival_bonus': 0.0,
    }},
    {'rate': 0.0395, 'round': 8, 'score': 90.9, 'params': {
        'spawn_prob': 0.1,
        'spawn_pop_threshold': 0.3,
        'death_base_rate': 0.1,
        'death_food_factor': 0.1,
        'pop_growth_rate': 0.1,
        'food_base_regen': 0.15,
        'food_competition': 0.03,
        'food_pop_drain': 0.04,
        'food_forest_bonus': 0.04,
        'port_survival_bonus': 0.0,
    }},
    {'rate': 0.0874, 'round': 16, 'score': 84.0, 'params': {
        'spawn_prob': 0.08,
        'spawn_pop_threshold': 0.5,
        'death_base_rate': 0.03,
        'death_food_factor': 0.06,
        'pop_growth_rate': 0.08,
        'food_base_regen': 0.25,
        'food_competition': 0.04,
        'food_pop_drain': 0.08,
        'food_forest_bonus': 0.06,
        'port_survival_bonus': 0.0,
    }},
    {'rate': 0.1027, 'round': 4, 'score': 87.8, 'params': {
        'spawn_prob': 0.08,
        'spawn_pop_threshold': 0.3,
        'death_base_rate': 0.03,
        'death_food_factor': 0.06,
        'pop_growth_rate': 0.12,
        'food_base_regen': 0.15,
        'food_competition': 0.03,
        'food_pop_drain': 0.06,
        'food_forest_bonus': 0.04,
        'port_survival_bonus': 0.0,
    }},
    {'rate': 0.1055, 'round': 13, 'score': 88.3, 'params': {
        'spawn_prob': 0.08,
        'spawn_pop_threshold': 0.3,
        'death_base_rate': 0.03,
        'death_food_factor': 0.06,
        'pop_growth_rate': 0.1,
        'food_base_regen': 0.15,
        'food_competition': 0.02,
        'food_pop_drain': 0.06,
        'food_forest_bonus': 0.06,
        'port_survival_bonus': 0.0,
    }},
    {'rate': 0.1321, 'round': 5, 'score': 83.9, 'params': {
        'spawn_prob': 0.08,
        'spawn_pop_threshold': 0.5,
        'death_base_rate': 0.01,
        'death_food_factor': 0.06,
        'pop_growth_rate': 0.08,
        'food_base_regen': 0.2,
        'food_competition': 0.02,
        'food_pop_drain': 0.08,
        'food_forest_bonus': 0.02,
        'port_survival_bonus': 0.02,
    }},
    {'rate': 0.1385, 'round': 9, 'score': 87.4, 'params': {
        'spawn_prob': 0.1,
        'spawn_pop_threshold': 0.5,
        'death_base_rate': 0.02,
        'death_food_factor': 0.06,
        'pop_growth_rate': 0.12,
        'food_base_regen': 0.2,
        'food_competition': 0.03,
        'food_pop_drain': 0.08,
        'food_forest_bonus': 0.04,
        'port_survival_bonus': 0.0,
    }},
    {'rate': 0.1476, 'round': 12, 'score': 58.7, 'params': {
        'spawn_prob': 0.08,
        'spawn_pop_threshold': 0.3,
        'death_base_rate': 0.005,
        'death_food_factor': 0.02,
        'pop_growth_rate': 0.1,
        'food_base_regen': 0.3,
        'food_competition': 0.02,
        'food_pop_drain': 0.04,
        'food_forest_bonus': 0.06,
        'port_survival_bonus': 0.02,
    }},
    {'rate': 0.1499, 'round': 7, 'score': 68.7, 'params': {
        'spawn_prob': 0.08,
        'spawn_pop_threshold': 0.5,
        'death_base_rate': 0.005,
        'death_food_factor': 0.04,
        'pop_growth_rate': 0.1,
        'food_base_regen': 0.3,
        'food_competition': 0.01,
        'food_pop_drain': 0.06,
        'food_forest_bonus': 0.02,
        'port_survival_bonus': 0.0,
    }},
    {'rate': 0.1610, 'round': 1, 'score': 84.3, 'params': {
        'spawn_prob': 0.08,
        'spawn_pop_threshold': 0.5,
        'death_base_rate': 0.005,
        'death_food_factor': 0.02,
        'pop_growth_rate': 0.1,
        'food_base_regen': 0.25,
        'food_competition': 0.03,
        'food_pop_drain': 0.04,
        'food_forest_bonus': 0.06,
        'port_survival_bonus': 0.02,
    }},
    {'rate': 0.1858, 'round': 2, 'score': 83.5, 'params': {
        'spawn_prob': 0.1,
        'spawn_pop_threshold': 0.5,
        'death_base_rate': 0.015,
        'death_food_factor': 0.04,
        'pop_growth_rate': 0.12,
        'food_base_regen': 0.2,
        'food_competition': 0.03,
        'food_pop_drain': 0.04,
        'food_forest_bonus': 0.04,
        'port_survival_bonus': 0.0,
    }},
    {'rate': 0.2375, 'round': 6, 'score': 83.6, 'params': {
        'spawn_prob': 0.12,
        'spawn_pop_threshold': 0.5,
        'death_base_rate': 0.005,
        'death_food_factor': 0.06,
        'pop_growth_rate': 0.1,
        'food_base_regen': 0.2,
        'food_competition': 0.03,
        'food_pop_drain': 0.06,
        'food_forest_bonus': 0.06,
        'port_survival_bonus': 0.0,
    }},
    {'rate': 0.2411, 'round': 14, 'score': 81.1, 'params': {
        'spawn_prob': 0.1,
        'spawn_pop_threshold': 0.5,
        'death_base_rate': 0.005,
        'death_food_factor': 0.02,
        'pop_growth_rate': 0.1,
        'food_base_regen': 0.2,
        'food_competition': 0.01,
        'food_pop_drain': 0.08,
        'food_forest_bonus': 0.04,
        'port_survival_bonus': 0.02,
    }},
    {'rate': 0.2566, 'round': 17, 'score': 85.7, 'params': {
        'spawn_prob': 0.1,
        'spawn_pop_threshold': 0.5,
        'death_base_rate': 0.01,
        'death_food_factor': 0.02,
        'pop_growth_rate': 0.1,
        'food_base_regen': 0.2,
        'food_competition': 0.01,
        'food_pop_drain': 0.04,
        'food_forest_bonus': 0.08,
        'port_survival_bonus': 0.0,
    }},
    {'rate': 0.2586, 'round': 11, 'score': 84.6, 'params': {
        'spawn_prob': 0.1,
        'spawn_pop_threshold': 0.5,
        'death_base_rate': 0.005,
        'death_food_factor': 0.02,
        'pop_growth_rate': 0.15,
        'food_base_regen': 0.25,
        'food_competition': 0.01,
        'food_pop_drain': 0.06,
        'food_forest_bonus': 0.08,
        'port_survival_bonus': 0.0,
    }},
]

def params_from_rate(settle_rate):
    """Interpolate SimParams from observed settle rate.
    Uses weighted blend of two nearest calibration points."""
    from simulator import SimParams
    pts = _CALIBRATION_POINTS
    rates = [p['rate'] for p in pts]

    # Clamp to range
    if settle_rate <= rates[0]:
        return SimParams(**pts[0]['params'])
    if settle_rate >= rates[-1]:
        return SimParams(**pts[-1]['params'])

    # Find bracketing points
    for i in range(len(rates) - 1):
        if rates[i] <= settle_rate <= rates[i+1]:
            lo, hi = pts[i], pts[i+1]
            t = (settle_rate - lo['rate']) / (hi['rate'] - lo['rate'])
            blended = {}
            for k in lo['params']:
                blended[k] = lo['params'][k] * (1 - t) + hi['params'][k] * t
            return SimParams(**blended)

    return SimParams(**pts[len(pts)//2]['params'])

