==========================================
VM1 Night Run Started: Sun Mar 22 00:17:20 UTC 2026
==========================================
[Sun Mar 22 00:17:20 UTC 2026] Starting: Wait for R18 GT
Waiting for R18 to complete...
R18 completed! Caching 5 seeds...
R18: detail cached
R18 seed 0: replay cached
R18 seed 0: analysis cached
R18 seed 1: replay cached
R18 seed 1: analysis cached
R18 seed 2: replay cached
R18 seed 2: analysis cached
R18 seed 3: replay cached
R18 seed 3: analysis cached
R18 seed 4: replay cached
R18 seed 4: analysis cached
Also caching R17...
R17: detail cached
R17 seed 0: replay cached
R17 seed 0: analysis cached
R17 seed 1: replay cached
R17 seed 1: analysis cached
R17 seed 2: replay cached
R17 seed 2: analysis cached
R17 seed 3: replay cached
R17 seed 3: analysis cached
R17 seed 4: replay cached
R17 seed 4: analysis cached
[Sun Mar 22 00:18:11 UTC 2026] Completed: Wait for R18 GT
[Sun Mar 22 00:18:11 UTC 2026] Starting: Tune R17
CPUs: 192
Tuning rounds: [17]

============================================================
R17: settle_rate=0.257, 5 seeds
============================================================
46656 combos x 5 seeds x 20 MC (coarse)
  [  384/46656] 1%  5s  ETA 616s  best=43.7
  [  768/46656] 2%  8s  ETA 490s  best=43.7
  [ 1152/46656] 2%  11s  ETA 451s  best=43.7
  [ 1536/46656] 3%  14s  ETA 420s  best=43.7
  [ 1920/46656] 4%  17s  ETA 406s  best=43.7
  [ 2304/46656] 5%  21s  ETA 398s  best=43.7
  [ 2688/46656] 6%  23s  ETA 384s  best=43.7
  [ 3072/46656] 7%  27s  ETA 377s  best=43.7
  [ 3456/46656] 7%  30s  ETA 371s  best=43.7
  [ 3840/46656] 8%  32s  ETA 362s  best=43.7
  [ 4224/46656] 9%  35s  ETA 355s  best=43.7
  [ 4608/46656] 10%  38s  ETA 350s  best=43.7
  [ 4992/46656] 11%  41s  ETA 345s  best=43.7
  [ 5376/46656] 12%  44s  ETA 339s  best=43.7
  [ 5760/46656] 12%  47s  ETA 334s  best=43.7
  [ 6144/46656] 13%  50s  ETA 329s  best=43.7
  [ 6528/46656] 14%  53s  ETA 324s  best=43.7
  [ 6912/46656] 15%  55s  ETA 319s  best=43.7
  [ 7296/46656] 16%  58s  ETA 315s  best=43.7
  [ 7680/46656] 16%  61s  ETA 310s  best=43.7
  [ 8064/46656] 17%  64s  ETA 306s  best=43.7
  [ 8448/46656] 18%  67s  ETA 301s  best=43.7
  [ 8832/46656] 19%  69s  ETA 297s  best=43.7
  [ 9216/46656] 20%  72s  ETA 293s  best=43.7
  [ 9600/46656] 21%  75s  ETA 289s  best=43.7
  [ 9984/46656] 21%  78s  ETA 285s  best=43.7
  [10368/46656] 22%  80s  ETA 281s  best=43.7
  [10752/46656] 23%  83s  ETA 277s  best=43.7
  [11136/46656] 24%  86s  ETA 274s  best=43.7
  [11520/46656] 25%  88s  ETA 270s  best=43.7
  [11904/46656] 26%  92s  ETA 269s  best=61.2
  [12288/46656] 26%  96s  ETA 269s  best=61.2
  [12672/46656] 27%  100s  ETA 268s  best=61.2
  [13056/46656] 28%  104s  ETA 267s  best=61.2
  [13440/46656] 29%  107s  ETA 265s  best=61.2
  [13824/46656] 30%  111s  ETA 264s  best=61.2
  [14208/46656] 30%  115s  ETA 262s  best=61.2
  [14592/46656] 31%  118s  ETA 260s  best=61.2
  [14976/46656] 32%  122s  ETA 258s  best=61.2
  [15360/46656] 33%  126s  ETA 256s  best=61.2
  [15744/46656] 34%  129s  ETA 254s  best=61.2
  [16128/46656] 35%  133s  ETA 252s  best=61.2
  [16512/46656] 35%  137s  ETA 249s  best=61.2
  [16896/46656] 36%  140s  ETA 247s  best=61.2
  [17280/46656] 37%  144s  ETA 244s  best=61.2
  [17664/46656] 38%  147s  ETA 242s  best=61.2
  [18048/46656] 39%  151s  ETA 239s  best=61.2
  [18432/46656] 40%  154s  ETA 237s  best=61.2
  [18816/46656] 40%  158s  ETA 234s  best=61.2
  [19200/46656] 41%  161s  ETA 231s  best=61.2
  [19584/46656] 42%  165s  ETA 228s  best=61.2
  [19968/46656] 43%  169s  ETA 225s  best=61.2
  [20352/46656] 44%  172s  ETA 222s  best=61.2
  [20736/46656] 44%  176s  ETA 219s  best=61.2
  [21120/46656] 45%  179s  ETA 217s  best=61.2
  [21504/46656] 46%  183s  ETA 213s  best=61.2
  [21888/46656] 47%  186s  ETA 210s  best=61.2
  [22272/46656] 48%  189s  ETA 207s  best=61.2
  [22656/46656] 49%  193s  ETA 204s  best=61.2
  [23040/46656] 49%  196s  ETA 201s  best=61.2
  [23424/46656] 50%  200s  ETA 199s  best=62.3
  [23808/46656] 51%  205s  ETA 197s  best=62.4
  [24192/46656] 52%  210s  ETA 195s  best=62.7
  [24576/46656] 53%  215s  ETA 193s  best=62.7
  [24960/46656] 53%  220s  ETA 191s  best=62.7
  [25344/46656] 54%  224s  ETA 189s  best=62.7
  [25728/46656] 55%  229s  ETA 186s  best=62.9
  [26112/46656] 56%  234s  ETA 184s  best=62.9
  [26496/46656] 57%  239s  ETA 182s  best=63.0
  [26880/46656] 58%  243s  ETA 179s  best=63.0
  [27264/46656] 58%  248s  ETA 176s  best=63.0
  [27648/46656] 59%  252s  ETA 174s  best=63.2
  [28032/46656] 60%  257s  ETA 171s  best=63.2
  [28416/46656] 61%  262s  ETA 168s  best=63.2
  [28800/46656] 62%  266s  ETA 165s  best=63.3
  [29184/46656] 63%  271s  ETA 162s  best=63.3
  [29568/46656] 63%  275s  ETA 159s  best=63.3
  [29952/46656] 64%  280s  ETA 156s  best=63.3
  [30336/46656] 65%  284s  ETA 153s  best=63.3
  [30720/46656] 66%  289s  ETA 150s  best=63.3
  [31104/46656] 67%  293s  ETA 146s  best=63.6
  [31488/46656] 67%  297s  ETA 143s  best=63.6
  [31872/46656] 68%  302s  ETA 140s  best=63.6
  [32256/46656] 69%  306s  ETA 137s  best=63.6
  [32640/46656] 70%  310s  ETA 133s  best=63.6
  [33024/46656] 71%  315s  ETA 130s  best=63.6
  [33408/46656] 72%  319s  ETA 127s  best=63.6
  [33792/46656] 72%  323s  ETA 123s  best=63.6
  [34176/46656] 73%  328s  ETA 120s  best=63.6
  [34560/46656] 74%  332s  ETA 116s  best=63.6
  [34944/46656] 75%  336s  ETA 113s  best=63.6
  [35328/46656] 76%  342s  ETA 110s  best=63.6
  [35712/46656] 77%  348s  ETA 107s  best=63.6
  [36096/46656] 77%  353s  ETA 103s  best=63.6
  [36480/46656] 78%  359s  ETA 100s  best=63.6
  [36864/46656] 79%  364s  ETA 97s  best=63.6
  [37248/46656] 80%  370s  ETA 93s  best=63.6
  [37632/46656] 81%  376s  ETA 90s  best=63.6
  [38016/46656] 81%  381s  ETA 87s  best=63.6
  [38400/46656] 82%  387s  ETA 83s  best=63.6
  [38784/46656] 83%  392s  ETA 80s  best=63.6
  [39168/46656] 84%  398s  ETA 76s  best=63.6
  [39552/46656] 85%  404s  ETA 72s  best=63.6
  [39936/46656] 86%  409s  ETA 69s  best=63.6
  [40320/46656] 86%  415s  ETA 65s  best=63.6
  [40704/46656] 87%  420s  ETA 61s  best=63.6
  [41088/46656] 88%  425s  ETA 58s  best=63.6
  [41472/46656] 89%  431s  ETA 54s  best=63.6
  [41856/46656] 90%  436s  ETA 50s  best=63.6
  [42240/46656] 91%  442s  ETA 46s  best=63.6
  [42624/46656] 91%  447s  ETA 42s  best=63.6
  [43008/46656] 92%  452s  ETA 38s  best=63.6
  [43392/46656] 93%  458s  ETA 34s  best=63.6
  [43776/46656] 94%  463s  ETA 30s  best=63.6
  [44160/46656] 95%  468s  ETA 26s  best=63.6
  [44544/46656] 95%  474s  ETA 22s  best=63.6
  [44928/46656] 96%  479s  ETA 18s  best=63.6
  [45312/46656] 97%  484s  ETA 14s  best=63.6
  [45696/46656] 98%  489s  ETA 10s  best=63.6
  [46080/46656] 99%  494s  ETA 6s  best=63.6
  [46464/46656] 100%  499s  ETA 2s  best=63.6
  [46656/46656] 100%  502s  ETA 0s  best=63.6

Deep eval top 5 (200 MC)...
  [1/5] avg=85.7
  [2/5] avg=85.3
  [3/5] avg=85.3
  [4/5] avg=84.6
  [5/5] avg=84.7

R17 BEST: 85.7
  spawn_prob=0.1
  spawn_pop_threshold=0.5
  death_base_rate=0.01
  death_food_factor=0.02
  pop_growth_rate=0.1
  food_base_regen=0.2
  food_competition=0.01
  food_pop_drain=0.04
  food_forest_bonus=0.08
  port_survival_bonus=0.0
Saved to replay_cache/per_round_params.json

============================================================
FITTING INTERPOLATION
============================================================

Data points: 16
Rate range: 0.021 - 0.259

Round | Rate  | Score | Key params
--------------------------------------------------------------------------------
R 3   | 0.021 |  87.8 | sp=0.15 db=0.150 fbr=0.15 fc=0.05 ffb=0.02
R10   | 0.027 |  87.4 | sp=0.15 db=0.080 fbr=0.15 fc=0.05 ffb=0.04
R 8   | 0.040 |  90.9 | sp=0.10 db=0.100 fbr=0.15 fc=0.03 ffb=0.04
R16   | 0.087 |  84.0 | sp=0.08 db=0.030 fbr=0.25 fc=0.04 ffb=0.06
R 4   | 0.103 |  87.8 | sp=0.08 db=0.030 fbr=0.15 fc=0.03 ffb=0.04
R13   | 0.105 |  88.3 | sp=0.08 db=0.030 fbr=0.15 fc=0.02 ffb=0.06
R 5   | 0.132 |  83.9 | sp=0.08 db=0.010 fbr=0.20 fc=0.02 ffb=0.02
R 9   | 0.138 |  87.4 | sp=0.10 db=0.020 fbr=0.20 fc=0.03 ffb=0.04
R12   | 0.148 |  58.7 | sp=0.08 db=0.005 fbr=0.30 fc=0.02 ffb=0.06
R 7   | 0.150 |  68.7 | sp=0.08 db=0.005 fbr=0.30 fc=0.01 ffb=0.02
R 1   | 0.161 |  84.3 | sp=0.08 db=0.005 fbr=0.25 fc=0.03 ffb=0.06
R 2   | 0.186 |  83.5 | sp=0.10 db=0.015 fbr=0.20 fc=0.03 ffb=0.04
R 6   | 0.238 |  83.6 | sp=0.12 db=0.005 fbr=0.20 fc=0.03 ffb=0.06
R14   | 0.241 |  81.1 | sp=0.10 db=0.005 fbr=0.20 fc=0.01 ffb=0.04
R17   | 0.257 |  85.7 | sp=0.10 db=0.010 fbr=0.20 fc=0.01 ffb=0.08
R11   | 0.259 |  84.6 | sp=0.10 db=0.005 fbr=0.25 fc=0.01 ffb=0.08

Interpolation coefficients (param = a * settle_rate + b):
param                            a        b     R²
--------------------------------------------------
spawn_prob                 -0.0834   0.1107  0.079
spawn_pop_threshold         0.3971   0.3931  0.073
death_base_rate            -0.4199   0.0917  0.611
death_food_factor          -0.4391   0.1217  0.670
pop_growth_rate             0.1029   0.0884  0.206
food_base_regen             0.2815   0.1659  0.186
food_competition           -0.1251   0.0442  0.560
food_pop_drain             -0.0117   0.0604  0.003
food_forest_bonus           0.1314   0.0287  0.290
port_survival_bonus        -0.0161   0.0092  0.014

============================================================
GENERATED CODE FOR solver.py
============================================================

# --- Per-round parameter interpolation ---
# Generated by tune_per_round.py on 2026-03-22 00:26
# Calibration points: 16 rounds

_CALIBRATION_POINTS = [
    {'rate': 0.0213, 'round': 3, 'score': 87.8, 'params': {
        'spawn_prob': 0.15,
        'spawn_pop_threshold': 0.3,
        'death_base_rate': 0.15,
        'death_food_factor': 0.15,
        'pop_growth_rate': 0.08,
        'food_base_regen': 0.15,
        'food_competition': 0.05,
        'food_pop_drain': 0.08,
        'food_forest_bonus': 0.02,
        'port_survival_bonus': 0.03,
    }},
    {'rate': 0.0269, 'round': 10, 'score': 87.4, 'params': {
        'spawn_prob': 0.15,
        'spawn_pop_threshold': 0.7,
        'death_base_rate': 0.08,
        'death_food_factor': 0.15,
        'pop_growth_rate': 0.1,
        'food_base_regen': 0.15,
        'food_competition': 0.05,
        'food_pop_drain': 0.04,
        'food_forest_bonus': 0.04,
        'port_survival_bonus': 0.0,
    }},
    {'rate': 0.0395, 'round': 8, 'score': 90.9, 'params': {
        'spawn_prob': 0.1,
        'spawn_pop_threshold': 0.3,
        'death_base_rate': 0.1,
        'death_food_factor': 0.1,
        'pop_growth_rate': 0.1,
        'food_base_regen': 0.15,
        'food_competition': 0.03,
        'food_pop_drain': 0.04,
        'food_forest_bonus': 0.04,
        'port_survival_bonus': 0.0,
    }},
    {'rate': 0.0874, 'round': 16, 'score': 84.0, 'params': {
        'spawn_prob': 0.08,
        'spawn_pop_threshold': 0.5,
        'death_base_rate': 0.03,
        'death_food_factor': 0.06,
        'pop_growth_rate': 0.08,
        'food_base_regen': 0.25,
        'food_competition': 0.04,
        'food_pop_drain': 0.08,
        'food_forest_bonus': 0.06,
        'port_survival_bonus': 0.0,
    }},
    {'rate': 0.1027, 'round': 4, 'score': 87.8, 'params': {
        'spawn_prob': 0.08,
        'spawn_pop_threshold': 0.3,
        'death_base_rate': 0.03,
        'death_food_factor': 0.06,
        'pop_growth_rate': 0.12,
        'food_base_regen': 0.15,
        'food_competition': 0.03,
        'food_pop_drain': 0.06,
        'food_forest_bonus': 0.04,
        'port_survival_bonus': 0.0,
    }},
    {'rate': 0.1055, 'round': 13, 'score': 88.3, 'params': {
        'spawn_prob': 0.08,
        'spawn_pop_threshold': 0.3,
        'death_base_rate': 0.03,
        'death_food_factor': 0.06,
        'pop_growth_rate': 0.1,
        'food_base_regen': 0.15,
        'food_competition': 0.02,
        'food_pop_drain': 0.06,
        'food_forest_bonus': 0.06,
        'port_survival_bonus': 0.0,
    }},
    {'rate': 0.1321, 'round': 5, 'score': 83.9, 'params': {
        'spawn_prob': 0.08,
        'spawn_pop_threshold': 0.5,
        'death_base_rate': 0.01,
        'death_food_factor': 0.06,
        'pop_growth_rate': 0.08,
        'food_base_regen': 0.2,
        'food_competition': 0.02,
        'food_pop_drain': 0.08,
        'food_forest_bonus': 0.02,
        'port_survival_bonus': 0.02,
    }},
    {'rate': 0.1385, 'round': 9, 'score': 87.4, 'params': {
        'spawn_prob': 0.1,
        'spawn_pop_threshold': 0.5,
        'death_base_rate': 0.02,
        'death_food_factor': 0.06,
        'pop_growth_rate': 0.12,
        'food_base_regen': 0.2,
        'food_competition': 0.03,
        'food_pop_drain': 0.08,
        'food_forest_bonus': 0.04,
        'port_survival_bonus': 0.0,
    }},
    {'rate': 0.1476, 'round': 12, 'score': 58.7, 'params': {
        'spawn_prob': 0.08,
        'spawn_pop_threshold': 0.3,
        'death_base_rate': 0.005,
        'death_food_factor': 0.02,
        'pop_growth_rate': 0.1,
        'food_base_regen': 0.3,
        'food_competition': 0.02,
        'food_pop_drain': 0.04,
        'food_forest_bonus': 0.06,
        'port_survival_bonus': 0.02,
    }},
    {'rate': 0.1499, 'round': 7, 'score': 68.7, 'params': {
        'spawn_prob': 0.08,
        'spawn_pop_threshold': 0.5,
        'death_base_rate': 0.005,
        'death_food_factor': 0.04,
        'pop_growth_rate': 0.1,
        'food_base_regen': 0.3,
        'food_competition': 0.01,
        'food_pop_drain': 0.06,
        'food_forest_bonus': 0.02,
        'port_survival_bonus': 0.0,
    }},
    {'rate': 0.1610, 'round': 1, 'score': 84.3, 'params': {
        'spawn_prob': 0.08,
        'spawn_pop_threshold': 0.5,
        'death_base_rate': 0.005,
        'death_food_factor': 0.02,
        'pop_growth_rate': 0.1,
        'food_base_regen': 0.25,
        'food_competition': 0.03,
        'food_pop_drain': 0.04,
        'food_forest_bonus': 0.06,
        'port_survival_bonus': 0.02,
    }},
    {'rate': 0.1858, 'round': 2, 'score': 83.5, 'params': {
        'spawn_prob': 0.1,
        'spawn_pop_threshold': 0.5,
        'death_base_rate': 0.015,
        'death_food_factor': 0.04,
        'pop_growth_rate': 0.12,
        'food_base_regen': 0.2,
        'food_competition': 0.03,
        'food_pop_drain': 0.04,
        'food_forest_bonus': 0.04,
        'port_survival_bonus': 0.0,
    }},
    {'rate': 0.2375, 'round': 6, 'score': 83.6, 'params': {
        'spawn_prob': 0.12,
        'spawn_pop_threshold': 0.5,
        'death_base_rate': 0.005,
        'death_food_factor': 0.06,
        'pop_growth_rate': 0.1,
        'food_base_regen': 0.2,
        'food_competition': 0.03,
        'food_pop_drain': 0.06,
        'food_forest_bonus': 0.06,
        'port_survival_bonus': 0.0,
    }},
    {'rate': 0.2411, 'round': 14, 'score': 81.1, 'params': {
        'spawn_prob': 0.1,
        'spawn_pop_threshold': 0.5,
        'death_base_rate': 0.005,
        'death_food_factor': 0.02,
        'pop_growth_rate': 0.1,
        'food_base_regen': 0.2,
        'food_competition': 0.01,
        'food_pop_drain': 0.08,
        'food_forest_bonus': 0.04,
        'port_survival_bonus': 0.02,
    }},
    {'rate': 0.2566, 'round': 17, 'score': 85.7, 'params': {
        'spawn_prob': 0.1,
        'spawn_pop_threshold': 0.5,
        'death_base_rate': 0.01,
        'death_food_factor': 0.02,
        'pop_growth_rate': 0.1,
        'food_base_regen': 0.2,
        'food_competition': 0.01,
        'food_pop_drain': 0.04,
        'food_forest_bonus': 0.08,
        'port_survival_bonus': 0.0,
    }},
    {'rate': 0.2586, 'round': 11, 'score': 84.6, 'params': {
        'spawn_prob': 0.1,
        'spawn_pop_threshold': 0.5,
        'death_base_rate': 0.005,
        'death_food_factor': 0.02,
        'pop_growth_rate': 0.15,
        'food_base_regen': 0.25,
        'food_competition': 0.01,
        'food_pop_drain': 0.06,
        'food_forest_bonus': 0.08,
        'port_survival_bonus': 0.0,
    }},
]

def params_from_rate(settle_rate):
    """Interpolate SimParams from observed settle rate.
    Uses weighted blend of two nearest calibration points."""
    from simulator import SimParams
    pts = _CALIBRATION_POINTS
    rates = [p['rate'] for p in pts]

    # Clamp to range
    if settle_rate <= rates[0]:
        return SimParams(**pts[0]['params'])
    if settle_rate >= rates[-1]:
        return SimParams(**pts[-1]['params'])

    # Find bracketing points
    for i in range(len(rates) - 1):
        if rates[i] <= settle_rate <= rates[i+1]:
            lo, hi = pts[i], pts[i+1]
            t = (settle_rate - lo['rate']) / (hi['rate'] - lo['rate'])
            blended = {}
            for k in lo['params']:
                blended[k] = lo['params'][k] * (1 - t) + hi['params'][k] * t
            return SimParams(**blended)

    return SimParams(**pts[len(pts)//2]['params'])

[Sun Mar 22 00:26:53 UTC 2026] Completed: Tune R17
[Sun Mar 22 00:26:53 UTC 2026] Starting: Tune R18
CPUs: 192
Tuning rounds: [18]

============================================================
R18: settle_rate=0.333, 5 seeds
============================================================
46656 combos x 5 seeds x 20 MC (coarse)
  [  384/46656] 1%  5s  ETA 552s  best=28.3
  [  768/46656] 2%  7s  ETA 436s  best=28.3
  [ 1152/46656] 2%  10s  ETA 397s  best=28.3
  [ 1536/46656] 3%  13s  ETA 377s  best=28.3
  [ 1920/46656] 4%  16s  ETA 362s  best=28.3
  [ 2304/46656] 5%  18s  ETA 350s  best=28.3
  [ 2688/46656] 6%  21s  ETA 340s  best=28.3
  [ 3072/46656] 7%  23s  ETA 332s  best=28.3
  [ 3456/46656] 7%  26s  ETA 324s  best=28.3
  [ 3840/46656] 8%  29s  ETA 318s  best=28.3
  [ 4224/46656] 9%  31s  ETA 313s  best=28.3
  [ 4608/46656] 10%  34s  ETA 307s  best=28.3
  [ 4992/46656] 11%  36s  ETA 302s  best=28.3
  [ 5376/46656] 12%  39s  ETA 297s  best=28.3
  [ 5760/46656] 12%  41s  ETA 293s  best=28.3
  [ 6144/46656] 13%  44s  ETA 289s  best=28.3
  [ 6528/46656] 14%  46s  ETA 285s  best=28.3
  [ 6912/46656] 15%  49s  ETA 281s  best=28.3
  [ 7296/46656] 16%  52s  ETA 278s  best=28.3
  [ 7680/46656] 16%  54s  ETA 274s  best=28.3
  [ 8064/46656] 17%  57s  ETA 271s  best=28.3
  [ 8448/46656] 18%  59s  ETA 267s  best=28.3
  [ 8832/46656] 19%  62s  ETA 264s  best=28.3
  [ 9216/46656] 20%  64s  ETA 261s  best=28.3
  [ 9600/46656] 21%  67s  ETA 257s  best=28.3
  [ 9984/46656] 21%  69s  ETA 254s  best=28.3
  [10368/46656] 22%  72s  ETA 251s  best=28.3
  [10752/46656] 23%  74s  ETA 247s  best=28.3
  [11136/46656] 24%  77s  ETA 244s  best=28.3
  [11520/46656] 25%  79s  ETA 241s  best=28.3
  [11904/46656] 26%  82s  ETA 241s  best=50.0
  [12288/46656] 26%  86s  ETA 240s  best=50.0
  [12672/46656] 27%  89s  ETA 240s  best=50.0
  [13056/46656] 28%  93s  ETA 239s  best=50.0
  [13440/46656] 29%  96s  ETA 237s  best=50.0
  [13824/46656] 30%  99s  ETA 236s  best=50.0
  [14208/46656] 30%  103s  ETA 235s  best=50.0
  [14592/46656] 31%  106s  ETA 233s  best=50.0
  [14976/46656] 32%  109s  ETA 232s  best=50.0
  [15360/46656] 33%  113s  ETA 230s  best=50.0
  [15744/46656] 34%  116s  ETA 228s  best=50.0
  [16128/46656] 35%  119s  ETA 226s  best=50.0
  [16512/46656] 35%  123s  ETA 224s  best=50.0
  [16896/46656] 36%  126s  ETA 221s  best=50.0
  [17280/46656] 37%  129s  ETA 219s  best=50.0
  [17664/46656] 38%  132s  ETA 217s  best=50.0
  [18048/46656] 39%  136s  ETA 215s  best=50.0
  [18432/46656] 40%  139s  ETA 212s  best=50.0
  [18816/46656] 40%  142s  ETA 210s  best=50.0
  [19200/46656] 41%  145s  ETA 207s  best=50.0
  [19584/46656] 42%  148s  ETA 205s  best=50.0
  [19968/46656] 43%  152s  ETA 203s  best=50.0
  [20352/46656] 44%  155s  ETA 200s  best=50.0
  [20736/46656] 44%  158s  ETA 197s  best=50.0
  [21120/46656] 45%  161s  ETA 195s  best=50.0
  [21504/46656] 46%  164s  ETA 192s  best=50.0
  [21888/46656] 47%  167s  ETA 189s  best=50.0
  [22272/46656] 48%  170s  ETA 186s  best=50.0
  [22656/46656] 49%  173s  ETA 184s  best=50.0
  [23040/46656] 49%  176s  ETA 181s  best=50.0
  [23424/46656] 50%  180s  ETA 179s  best=57.0
  [23808/46656] 51%  185s  ETA 177s  best=57.4
  [24192/46656] 52%  189s  ETA 176s  best=57.4
  [24576/46656] 53%  193s  ETA 174s  best=57.4
  [24960/46656] 53%  198s  ETA 172s  best=57.4
  [25344/46656] 54%  202s  ETA 170s  best=57.4
  [25728/46656] 55%  206s  ETA 168s  best=57.4
  [26112/46656] 56%  211s  ETA 166s  best=57.4
  [26496/46656] 57%  215s  ETA 164s  best=57.4
  [26880/46656] 58%  219s  ETA 161s  best=57.4
  [27264/46656] 58%  224s  ETA 159s  best=57.4
  [27648/46656] 59%  228s  ETA 157s  best=57.4
  [28032/46656] 60%  232s  ETA 154s  best=57.4
  [28416/46656] 61%  236s  ETA 152s  best=57.4
  [28800/46656] 62%  240s  ETA 149s  best=57.4
  [29184/46656] 63%  244s  ETA 146s  best=57.4
  [29568/46656] 63%  249s  ETA 144s  best=57.4
  [29952/46656] 64%  253s  ETA 141s  best=57.4
  [30336/46656] 65%  257s  ETA 138s  best=57.4
  [30720/46656] 66%  261s  ETA 135s  best=57.4
  [31104/46656] 67%  265s  ETA 132s  best=57.4
  [31488/46656] 67%  269s  ETA 130s  best=57.4
  [31872/46656] 68%  273s  ETA 127s  best=57.4
  [32256/46656] 69%  277s  ETA 124s  best=57.4
  [32640/46656] 70%  281s  ETA 121s  best=57.4
  [33024/46656] 71%  285s  ETA 118s  best=57.4
  [33408/46656] 72%  289s  ETA 114s  best=57.4
  [33792/46656] 72%  293s  ETA 111s  best=57.4
  [34176/46656] 73%  296s  ETA 108s  best=57.4
  [34560/46656] 74%  300s  ETA 105s  best=57.4
  [34944/46656] 75%  304s  ETA 102s  best=57.4
  [35328/46656] 76%  309s  ETA 99s  best=57.4
  [35712/46656] 77%  315s  ETA 96s  best=57.4
  [36096/46656] 77%  320s  ETA 94s  best=57.4
  [36480/46656] 78%  325s  ETA 91s  best=57.4
  [36864/46656] 79%  330s  ETA 88s  best=57.4
  [37248/46656] 80%  336s  ETA 85s  best=57.4
  [37632/46656] 81%  341s  ETA 82s  best=57.4
  [38016/46656] 81%  346s  ETA 79s  best=57.4
  [38400/46656] 82%  351s  ETA 76s  best=57.4
  [38784/46656] 83%  356s  ETA 72s  best=57.4
  [39168/46656] 84%  362s  ETA 69s  best=57.4
  [39552/46656] 85%  367s  ETA 66s  best=57.4
  [39936/46656] 86%  372s  ETA 63s  best=57.4
  [40320/46656] 86%  377s  ETA 59s  best=57.4
  [40704/46656] 87%  382s  ETA 56s  best=57.4
  [41088/46656] 88%  387s  ETA 52s  best=57.4
  [41472/46656] 89%  392s  ETA 49s  best=57.4
  [41856/46656] 90%  397s  ETA 46s  best=57.4
  [42240/46656] 91%  402s  ETA 42s  best=57.4
  [42624/46656] 91%  407s  ETA 38s  best=57.4
  [43008/46656] 92%  412s  ETA 35s  best=57.4
  [43392/46656] 93%  417s  ETA 31s  best=57.4
  [43776/46656] 94%  422s  ETA 28s  best=57.4
  [44160/46656] 95%  426s  ETA 24s  best=57.4
  [44544/46656] 95%  431s  ETA 20s  best=57.4
  [44928/46656] 96%  436s  ETA 17s  best=57.4
  [45312/46656] 97%  441s  ETA 13s  best=57.4
  [45696/46656] 98%  446s  ETA 9s  best=57.4
  [46080/46656] 99%  450s  ETA 6s  best=57.4
  [46464/46656] 100%  455s  ETA 2s  best=57.4
  [46656/46656] 100%  457s  ETA 0s  best=57.4

Deep eval top 5 (200 MC)...
  [1/5] avg=73.3
  [2/5] avg=73.1
  [3/5] avg=73.5
  [4/5] avg=73.5
  [5/5] avg=73.5

R18 BEST: 73.5
  spawn_prob=0.1
  spawn_pop_threshold=0.3
  death_base_rate=0.005
  death_food_factor=0.02
  pop_growth_rate=0.12
  food_base_regen=0.35
  food_competition=0.01
  food_pop_drain=0.08
  food_forest_bonus=0.08
  port_survival_bonus=0.0
Saved to replay_cache/per_round_params.json

============================================================
FITTING INTERPOLATION
============================================================

Data points: 17
Rate range: 0.021 - 0.333

Round | Rate  | Score | Key params
--------------------------------------------------------------------------------
R 3   | 0.021 |  87.8 | sp=0.15 db=0.150 fbr=0.15 fc=0.05 ffb=0.02
R10   | 0.027 |  87.4 | sp=0.15 db=0.080 fbr=0.15 fc=0.05 ffb=0.04
R 8   | 0.040 |  90.9 | sp=0.10 db=0.100 fbr=0.15 fc=0.03 ffb=0.04
R16   | 0.087 |  84.0 | sp=0.08 db=0.030 fbr=0.25 fc=0.04 ffb=0.06
R 4   | 0.103 |  87.8 | sp=0.08 db=0.030 fbr=0.15 fc=0.03 ffb=0.04
R13   | 0.105 |  88.3 | sp=0.08 db=0.030 fbr=0.15 fc=0.02 ffb=0.06
R 5   | 0.132 |  83.9 | sp=0.08 db=0.010 fbr=0.20 fc=0.02 ffb=0.02
R 9   | 0.138 |  87.4 | sp=0.10 db=0.020 fbr=0.20 fc=0.03 ffb=0.04
R12   | 0.148 |  58.7 | sp=0.08 db=0.005 fbr=0.30 fc=0.02 ffb=0.06
R 7   | 0.150 |  68.7 | sp=0.08 db=0.005 fbr=0.30 fc=0.01 ffb=0.02
R 1   | 0.161 |  84.3 | sp=0.08 db=0.005 fbr=0.25 fc=0.03 ffb=0.06
R 2   | 0.186 |  83.5 | sp=0.10 db=0.015 fbr=0.20 fc=0.03 ffb=0.04
R 6   | 0.238 |  83.6 | sp=0.12 db=0.005 fbr=0.20 fc=0.03 ffb=0.06
R14   | 0.241 |  81.1 | sp=0.10 db=0.005 fbr=0.20 fc=0.01 ffb=0.04
R17   | 0.257 |  85.7 | sp=0.10 db=0.010 fbr=0.20 fc=0.01 ffb=0.08
R11   | 0.259 |  84.6 | sp=0.10 db=0.005 fbr=0.25 fc=0.01 ffb=0.08
R18   | 0.333 |  73.5 | sp=0.10 db=0.005 fbr=0.35 fc=0.01 ffb=0.08

Interpolation coefficients (param = a * settle_rate + b):
param                            a        b     R²
--------------------------------------------------
spawn_prob                 -0.0593   0.1080  0.054
spawn_pop_threshold         0.0787   0.4290  0.004
death_base_rate            -0.3450   0.0833  0.550
death_food_factor          -0.3763   0.1146  0.638
pop_growth_rate             0.0992   0.0888  0.247
food_base_regen             0.4094   0.1515  0.359
food_competition           -0.1145   0.0430  0.586
food_pop_drain              0.0215   0.0567  0.012
food_forest_bonus           0.1422   0.0275  0.392
port_survival_bonus        -0.0215   0.0098  0.033

============================================================
GENERATED CODE FOR solver.py
============================================================

# --- Per-round parameter interpolation ---
# Generated by tune_per_round.py on 2026-03-22 00:34
# Calibration points: 17 rounds

_CALIBRATION_POINTS = [
    {'rate': 0.0213, 'round': 3, 'score': 87.8, 'params': {
        'spawn_prob': 0.15,
        'spawn_pop_threshold': 0.3,
        'death_base_rate': 0.15,
        'death_food_factor': 0.15,
        'pop_growth_rate': 0.08,
        'food_base_regen': 0.15,
        'food_competition': 0.05,
        'food_pop_drain': 0.08,
        'food_forest_bonus': 0.02,
        'port_survival_bonus': 0.03,
    }},
    {'rate': 0.0269, 'round': 10, 'score': 87.4, 'params': {
        'spawn_prob': 0.15,
        'spawn_pop_threshold': 0.7,
        'death_base_rate': 0.08,
        'death_food_factor': 0.15,
        'pop_growth_rate': 0.1,
        'food_base_regen': 0.15,
        'food_competition': 0.05,
        'food_pop_drain': 0.04,
        'food_forest_bonus': 0.04,
        'port_survival_bonus': 0.0,
    }},
    {'rate': 0.0395, 'round': 8, 'score': 90.9, 'params': {
        'spawn_prob': 0.1,
        'spawn_pop_threshold': 0.3,
        'death_base_rate': 0.1,
        'death_food_factor': 0.1,
        'pop_growth_rate': 0.1,
        'food_base_regen': 0.15,
        'food_competition': 0.03,
        'food_pop_drain': 0.04,
        'food_forest_bonus': 0.04,
        'port_survival_bonus': 0.0,
    }},
    {'rate': 0.0874, 'round': 16, 'score': 84.0, 'params': {
        'spawn_prob': 0.08,
        'spawn_pop_threshold': 0.5,
        'death_base_rate': 0.03,
        'death_food_factor': 0.06,
        'pop_growth_rate': 0.08,
        'food_base_regen': 0.25,
        'food_competition': 0.04,
        'food_pop_drain': 0.08,
        'food_forest_bonus': 0.06,
        'port_survival_bonus': 0.0,
    }},
    {'rate': 0.1027, 'round': 4, 'score': 87.8, 'params': {
        'spawn_prob': 0.08,
        'spawn_pop_threshold': 0.3,
        'death_base_rate': 0.03,
        'death_food_factor': 0.06,
        'pop_growth_rate': 0.12,
        'food_base_regen': 0.15,
        'food_competition': 0.03,
        'food_pop_drain': 0.06,
        'food_forest_bonus': 0.04,
        'port_survival_bonus': 0.0,
    }},
    {'rate': 0.1055, 'round': 13, 'score': 88.3, 'params': {
        'spawn_prob': 0.08,
        'spawn_pop_threshold': 0.3,
        'death_base_rate': 0.03,
        'death_food_factor': 0.06,
        'pop_growth_rate': 0.1,
        'food_base_regen': 0.15,
        'food_competition': 0.02,
        'food_pop_drain': 0.06,
        'food_forest_bonus': 0.06,
        'port_survival_bonus': 0.0,
    }},
    {'rate': 0.1321, 'round': 5, 'score': 83.9, 'params': {
        'spawn_prob': 0.08,
        'spawn_pop_threshold': 0.5,
        'death_base_rate': 0.01,
        'death_food_factor': 0.06,
        'pop_growth_rate': 0.08,
        'food_base_regen': 0.2,
        'food_competition': 0.02,
        'food_pop_drain': 0.08,
        'food_forest_bonus': 0.02,
        'port_survival_bonus': 0.02,
    }},
    {'rate': 0.1385, 'round': 9, 'score': 87.4, 'params': {
        'spawn_prob': 0.1,
        'spawn_pop_threshold': 0.5,
        'death_base_rate': 0.02,
        'death_food_factor': 0.06,
        'pop_growth_rate': 0.12,
        'food_base_regen': 0.2,
        'food_competition': 0.03,
        'food_pop_drain': 0.08,
        'food_forest_bonus': 0.04,
        'port_survival_bonus': 0.0,
    }},
    {'rate': 0.1476, 'round': 12, 'score': 58.7, 'params': {
        'spawn_prob': 0.08,
        'spawn_pop_threshold': 0.3,
        'death_base_rate': 0.005,
        'death_food_factor': 0.02,
        'pop_growth_rate': 0.1,
        'food_base_regen': 0.3,
        'food_competition': 0.02,
        'food_pop_drain': 0.04,
        'food_forest_bonus': 0.06,
        'port_survival_bonus': 0.02,
    }},
    {'rate': 0.1499, 'round': 7, 'score': 68.7, 'params': {
        'spawn_prob': 0.08,
        'spawn_pop_threshold': 0.5,
        'death_base_rate': 0.005,
        'death_food_factor': 0.04,
        'pop_growth_rate': 0.1,
        'food_base_regen': 0.3,
        'food_competition': 0.01,
        'food_pop_drain': 0.06,
        'food_forest_bonus': 0.02,
        'port_survival_bonus': 0.0,
    }},
    {'rate': 0.1610, 'round': 1, 'score': 84.3, 'params': {
        'spawn_prob': 0.08,
        'spawn_pop_threshold': 0.5,
        'death_base_rate': 0.005,
        'death_food_factor': 0.02,
        'pop_growth_rate': 0.1,
        'food_base_regen': 0.25,
        'food_competition': 0.03,
        'food_pop_drain': 0.04,
        'food_forest_bonus': 0.06,
        'port_survival_bonus': 0.02,
    }},
    {'rate': 0.1858, 'round': 2, 'score': 83.5, 'params': {
        'spawn_prob': 0.1,
        'spawn_pop_threshold': 0.5,
        'death_base_rate': 0.015,
        'death_food_factor': 0.04,
        'pop_growth_rate': 0.12,
        'food_base_regen': 0.2,
        'food_competition': 0.03,
        'food_pop_drain': 0.04,
        'food_forest_bonus': 0.04,
        'port_survival_bonus': 0.0,
    }},
    {'rate': 0.2375, 'round': 6, 'score': 83.6, 'params': {
        'spawn_prob': 0.12,
        'spawn_pop_threshold': 0.5,
        'death_base_rate': 0.005,
        'death_food_factor': 0.06,
        'pop_growth_rate': 0.1,
        'food_base_regen': 0.2,
        'food_competition': 0.03,
        'food_pop_drain': 0.06,
        'food_forest_bonus': 0.06,
        'port_survival_bonus': 0.0,
    }},
    {'rate': 0.2411, 'round': 14, 'score': 81.1, 'params': {
        'spawn_prob': 0.1,
        'spawn_pop_threshold': 0.5,
        'death_base_rate': 0.005,
        'death_food_factor': 0.02,
        'pop_growth_rate': 0.1,
        'food_base_regen': 0.2,
        'food_competition': 0.01,
        'food_pop_drain': 0.08,
        'food_forest_bonus': 0.04,
        'port_survival_bonus': 0.02,
    }},
    {'rate': 0.2566, 'round': 17, 'score': 85.7, 'params': {
        'spawn_prob': 0.1,
        'spawn_pop_threshold': 0.5,
        'death_base_rate': 0.01,
        'death_food_factor': 0.02,
        'pop_growth_rate': 0.1,
        'food_base_regen': 0.2,
        'food_competition': 0.01,
        'food_pop_drain': 0.04,
        'food_forest_bonus': 0.08,
        'port_survival_bonus': 0.0,
    }},
    {'rate': 0.2586, 'round': 11, 'score': 84.6, 'params': {
        'spawn_prob': 0.1,
        'spawn_pop_threshold': 0.5,
        'death_base_rate': 0.005,
        'death_food_factor': 0.02,
        'pop_growth_rate': 0.15,
        'food_base_regen': 0.25,
        'food_competition': 0.01,
        'food_pop_drain': 0.06,
        'food_forest_bonus': 0.08,
        'port_survival_bonus': 0.0,
    }},
    {'rate': 0.3326, 'round': 18, 'score': 73.5, 'params': {
        'spawn_prob': 0.1,
        'spawn_pop_threshold': 0.3,
        'death_base_rate': 0.005,
        'death_food_factor': 0.02,
        'pop_growth_rate': 0.12,
        'food_base_regen': 0.35,
        'food_competition': 0.01,
        'food_pop_drain': 0.08,
        'food_forest_bonus': 0.08,
        'port_survival_bonus': 0.0,
    }},
]

def params_from_rate(settle_rate):
    """Interpolate SimParams from observed settle rate.
    Uses weighted blend of two nearest calibration points."""
    from simulator import SimParams
    pts = _CALIBRATION_POINTS
    rates = [p['rate'] for p in pts]

    # Clamp to range
    if settle_rate <= rates[0]:
        return SimParams(**pts[0]['params'])
    if settle_rate >= rates[-1]:
        return SimParams(**pts[-1]['params'])

    # Find bracketing points
    for i in range(len(rates) - 1):
        if rates[i] <= settle_rate <= rates[i+1]:
            lo, hi = pts[i], pts[i+1]
            t = (settle_rate - lo['rate']) / (hi['rate'] - lo['rate'])
            blended = {}
            for k in lo['params']:
                blended[k] = lo['params'][k] * (1 - t) + hi['params'][k] * t
            return SimParams(**blended)

    return SimParams(**pts[len(pts)//2]['params'])

[Sun Mar 22 00:34:49 UTC 2026] Completed: Tune R18
[Sun Mar 22 00:34:49 UTC 2026] Starting: Update calibration
Loaded 15 calibration points
  R 3: rate=0.021, score=87.8
  R10: rate=0.027, score=87.4
  R 8: rate=0.040, score=90.9
  R16: rate=0.087, score=84.0
  R 4: rate=0.103, score=87.8
  R13: rate=0.105, score=88.3
  R 5: rate=0.132, score=83.9
  R 9: rate=0.138, score=87.4
  R 1: rate=0.161, score=84.3
  R 2: rate=0.186, score=83.5
  R 6: rate=0.238, score=83.6
  R14: rate=0.241, score=81.1
  R17: rate=0.257, score=85.7
  R11: rate=0.259, score=84.6
  R18: rate=0.333, score=73.5
Backup: solver.py.bak.1774139689
Replacing 14 calibration points with 15
Syntax check: OK
solver.py updated successfully
[Sun Mar 22 00:34:50 UTC 2026] Completed: Update calibration
[Sun Mar 22 00:34:50 UTC 2026] Starting: Deep tune R1
CPUs: 192
Tuning rounds: [1]

============================================================
R1: settle_rate=0.161, 5 seeds
============================================================
34992 combos x 5 seeds x 20 MC (coarse)
  [  384/34992] 1%  5s  ETA 418s  best=55.7
  [  768/34992] 2%  7s  ETA 322s  best=55.7
  [ 1152/34992] 3%  10s  ETA 287s  best=55.7
  [ 1536/34992] 4%  12s  ETA 268s  best=55.7
  [ 1920/34992] 5%  15s  ETA 255s  best=55.7
  [ 2304/34992] 7%  17s  ETA 245s  best=55.7
  [ 2688/34992] 8%  20s  ETA 237s  best=55.7
  [ 3072/34992] 9%  22s  ETA 231s  best=55.7
  [ 3456/34992] 10%  25s  ETA 225s  best=55.7
  [ 3840/34992] 11%  27s  ETA 220s  best=55.7
  [ 4224/34992] 12%  29s  ETA 215s  best=55.7
  [ 4608/34992] 13%  32s  ETA 211s  best=55.7
  [ 4992/34992] 14%  34s  ETA 207s  best=55.7
  [ 5376/34992] 15%  37s  ETA 203s  best=55.7
  [ 5760/34992] 16%  39s  ETA 200s  best=55.7
  [ 6144/34992] 18%  42s  ETA 196s  best=55.7
  [ 6528/34992] 19%  44s  ETA 193s  best=55.7
  [ 6912/34992] 20%  47s  ETA 189s  best=55.7
  [ 7296/34992] 21%  49s  ETA 186s  best=55.7
  [ 7680/34992] 22%  51s  ETA 183s  best=55.7
  [ 8064/34992] 23%  54s  ETA 179s  best=55.7
  [ 8448/34992] 24%  56s  ETA 176s  best=55.7
  [ 8832/34992] 25%  59s  ETA 174s  best=62.4
  [ 9216/34992] 26%  62s  ETA 174s  best=62.9
  [ 9600/34992] 27%  65s  ETA 173s  best=63.0
  [ 9984/34992] 29%  69s  ETA 172s  best=63.0
  [10368/34992] 30%  72s  ETA 171s  best=63.0
  [10752/34992] 31%  75s  ETA 170s  best=63.0
  [11136/34992] 32%  79s  ETA 168s  best=63.0
  [11520/34992] 33%  82s  ETA 166s  best=63.0
  [11904/34992] 34%  85s  ETA 164s  best=63.0
  [12288/34992] 35%  88s  ETA 162s  best=63.0
  [12672/34992] 36%  91s  ETA 160s  best=63.0
  [13056/34992] 37%  94s  ETA 158s  best=63.0
  [13440/34992] 38%  97s  ETA 156s  best=63.0
  [13824/34992] 40%  100s  ETA 153s  best=63.0
  [14208/34992] 41%  103s  ETA 151s  best=63.0
  [14592/34992] 42%  106s  ETA 149s  best=63.0
  [14976/34992] 43%  109s  ETA 146s  best=63.0
  [15360/34992] 44%  112s  ETA 144s  best=63.0
  [15744/34992] 45%  115s  ETA 141s  best=63.0
  [16128/34992] 46%  118s  ETA 139s  best=63.0
  [16512/34992] 47%  121s  ETA 136s  best=63.0
  [16896/34992] 48%  124s  ETA 133s  best=63.0
  [17280/34992] 49%  127s  ETA 130s  best=63.0
  [17664/34992] 50%  131s  ETA 128s  best=63.0
  [18048/34992] 52%  135s  ETA 127s  best=63.0
  [18432/34992] 53%  139s  ETA 125s  best=63.0
  [18816/34992] 54%  143s  ETA 123s  best=63.0
  [19200/34992] 55%  147s  ETA 121s  best=63.0
  [19584/34992] 56%  152s  ETA 119s  best=63.0
  [19968/34992] 57%  156s  ETA 117s  best=63.0
  [20352/34992] 58%  160s  ETA 115s  best=63.0
  [20736/34992] 59%  164s  ETA 112s  best=63.0
  [21120/34992] 60%  167s  ETA 110s  best=63.0
  [21504/34992] 61%  171s  ETA 108s  best=63.0
  [21888/34992] 63%  175s  ETA 105s  best=63.0
  [22272/34992] 64%  180s  ETA 103s  best=63.0
  [22656/34992] 65%  184s  ETA 100s  best=63.0
  [23040/34992] 66%  187s  ETA 97s  best=63.0
  [23424/34992] 67%  191s  ETA 95s  best=63.0
  [23808/34992] 68%  195s  ETA 92s  best=63.0
  [24192/34992] 69%  199s  ETA 89s  best=63.0
  [24576/34992] 70%  203s  ETA 86s  best=63.0
  [24960/34992] 71%  207s  ETA 83s  best=63.0
  [25344/34992] 72%  210s  ETA 80s  best=63.0
  [25728/34992] 74%  214s  ETA 77s  best=63.0
  [26112/34992] 75%  217s  ETA 74s  best=63.0
  [26496/34992] 76%  223s  ETA 71s  best=63.0
  [26880/34992] 77%  228s  ETA 69s  best=63.0
  [27264/34992] 78%  233s  ETA 66s  best=63.0
  [27648/34992] 79%  238s  ETA 63s  best=63.0
  [28032/34992] 80%  243s  ETA 60s  best=63.0
  [28416/34992] 81%  248s  ETA 57s  best=63.0
  [28800/34992] 82%  253s  ETA 54s  best=63.0
  [29184/34992] 83%  258s  ETA 51s  best=63.0
  [29568/34992] 84%  263s  ETA 48s  best=63.0
  [29952/34992] 86%  268s  ETA 45s  best=63.0
  [30336/34992] 87%  272s  ETA 42s  best=63.0
  [30720/34992] 88%  277s  ETA 39s  best=63.0
  [31104/34992] 89%  282s  ETA 35s  best=63.0
  [31488/34992] 90%  287s  ETA 32s  best=63.0
  [31872/34992] 91%  291s  ETA 29s  best=63.0
  [32256/34992] 92%  296s  ETA 25s  best=63.0
  [32640/34992] 93%  301s  ETA 22s  best=63.0
  [33024/34992] 94%  305s  ETA 18s  best=63.0
  [33408/34992] 95%  310s  ETA 15s  best=63.0
  [33792/34992] 97%  314s  ETA 11s  best=63.0
  [34176/34992] 98%  319s  ETA 8s  best=63.0
  [34560/34992] 99%  323s  ETA 4s  best=63.0
  [34944/34992] 100%  327s  ETA 0s  best=63.0
  [34992/34992] 100%  327s  ETA 0s  best=63.0

Deep eval top 5 (200 MC)...
  [1/5] avg=84.3
  [2/5] avg=83.8
  [3/5] avg=83.4
  [4/5] avg=83.2
  [5/5] avg=82.8

R1 BEST: 84.3
  spawn_prob=0.08
  spawn_pop_threshold=0.5
  death_base_rate=0.005
  death_food_factor=0.02
  pop_growth_rate=0.1
  food_base_regen=0.25
  food_competition=0.03
  food_pop_drain=0.04
  food_forest_bonus=0.06
  port_survival_bonus=0.02
Saved to replay_cache/per_round_params.json

============================================================
FITTING INTERPOLATION
============================================================

Data points: 17
Rate range: 0.021 - 0.333

Round | Rate  | Score | Key params
--------------------------------------------------------------------------------
R 3   | 0.021 |  87.8 | sp=0.15 db=0.150 fbr=0.15 fc=0.05 ffb=0.02
R10   | 0.027 |  87.4 | sp=0.15 db=0.080 fbr=0.15 fc=0.05 ffb=0.04
R 8   | 0.040 |  90.9 | sp=0.10 db=0.100 fbr=0.15 fc=0.03 ffb=0.04
R16   | 0.087 |  84.0 | sp=0.08 db=0.030 fbr=0.25 fc=0.04 ffb=0.06
R 4   | 0.103 |  87.8 | sp=0.08 db=0.030 fbr=0.15 fc=0.03 ffb=0.04
R13   | 0.105 |  88.3 | sp=0.08 db=0.030 fbr=0.15 fc=0.02 ffb=0.06
R 5   | 0.132 |  83.9 | sp=0.08 db=0.010 fbr=0.20 fc=0.02 ffb=0.02
R 9   | 0.138 |  87.4 | sp=0.10 db=0.020 fbr=0.20 fc=0.03 ffb=0.04
R12   | 0.148 |  58.7 | sp=0.08 db=0.005 fbr=0.30 fc=0.02 ffb=0.06
R 7   | 0.150 |  68.7 | sp=0.08 db=0.005 fbr=0.30 fc=0.01 ffb=0.02
R 1   | 0.161 |  84.3 | sp=0.08 db=0.005 fbr=0.25 fc=0.03 ffb=0.06
R 2   | 0.186 |  83.5 | sp=0.10 db=0.015 fbr=0.20 fc=0.03 ffb=0.04
R 6   | 0.238 |  83.6 | sp=0.12 db=0.005 fbr=0.20 fc=0.03 ffb=0.06
R14   | 0.241 |  81.1 | sp=0.10 db=0.005 fbr=0.20 fc=0.01 ffb=0.04
R17   | 0.257 |  85.7 | sp=0.10 db=0.010 fbr=0.20 fc=0.01 ffb=0.08
R11   | 0.259 |  84.6 | sp=0.10 db=0.005 fbr=0.25 fc=0.01 ffb=0.08
R18   | 0.333 |  73.5 | sp=0.10 db=0.005 fbr=0.35 fc=0.01 ffb=0.08

Interpolation coefficients (param = a * settle_rate + b):
param                            a        b     R²
--------------------------------------------------
spawn_prob                 -0.0593   0.1080  0.054
spawn_pop_threshold         0.0787   0.4290  0.004
death_base_rate            -0.3450   0.0833  0.550
death_food_factor          -0.3763   0.1146  0.638
pop_growth_rate             0.0992   0.0888  0.247
food_base_regen             0.4094   0.1515  0.359
food_competition           -0.1145   0.0430  0.586
food_pop_drain              0.0215   0.0567  0.012
food_forest_bonus           0.1422   0.0275  0.392
port_survival_bonus        -0.0215   0.0098  0.033

============================================================
GENERATED CODE FOR solver.py
============================================================

# --- Per-round parameter interpolation ---
# Generated by tune_per_round.py on 2026-03-22 00:40
# Calibration points: 17 rounds

_CALIBRATION_POINTS = [
    {'rate': 0.0213, 'round': 3, 'score': 87.8, 'params': {
        'spawn_prob': 0.15,
        'spawn_pop_threshold': 0.3,
        'death_base_rate': 0.15,
        'death_food_factor': 0.15,
        'pop_growth_rate': 0.08,
        'food_base_regen': 0.15,
        'food_competition': 0.05,
        'food_pop_drain': 0.08,
        'food_forest_bonus': 0.02,
        'port_survival_bonus': 0.03,
    }},
    {'rate': 0.0269, 'round': 10, 'score': 87.4, 'params': {
        'spawn_prob': 0.15,
        'spawn_pop_threshold': 0.7,
        'death_base_rate': 0.08,
        'death_food_factor': 0.15,
        'pop_growth_rate': 0.1,
        'food_base_regen': 0.15,
        'food_competition': 0.05,
        'food_pop_drain': 0.04,
        'food_forest_bonus': 0.04,
        'port_survival_bonus': 0.0,
    }},
    {'rate': 0.0395, 'round': 8, 'score': 90.9, 'params': {
        'spawn_prob': 0.1,
        'spawn_pop_threshold': 0.3,
        'death_base_rate': 0.1,
        'death_food_factor': 0.1,
        'pop_growth_rate': 0.1,
        'food_base_regen': 0.15,
        'food_competition': 0.03,
        'food_pop_drain': 0.04,
        'food_forest_bonus': 0.04,
        'port_survival_bonus': 0.0,
    }},
    {'rate': 0.0874, 'round': 16, 'score': 84.0, 'params': {
        'spawn_prob': 0.08,
        'spawn_pop_threshold': 0.5,
        'death_base_rate': 0.03,
        'death_food_factor': 0.06,
        'pop_growth_rate': 0.08,
        'food_base_regen': 0.25,
        'food_competition': 0.04,
        'food_pop_drain': 0.08,
        'food_forest_bonus': 0.06,
        'port_survival_bonus': 0.0,
    }},
    {'rate': 0.1027, 'round': 4, 'score': 87.8, 'params': {
        'spawn_prob': 0.08,
        'spawn_pop_threshold': 0.3,
        'death_base_rate': 0.03,
        'death_food_factor': 0.06,
        'pop_growth_rate': 0.12,
        'food_base_regen': 0.15,
        'food_competition': 0.03,
        'food_pop_drain': 0.06,
        'food_forest_bonus': 0.04,
        'port_survival_bonus': 0.0,
    }},
    {'rate': 0.1055, 'round': 13, 'score': 88.3, 'params': {
        'spawn_prob': 0.08,
        'spawn_pop_threshold': 0.3,
        'death_base_rate': 0.03,
        'death_food_factor': 0.06,
        'pop_growth_rate': 0.1,
        'food_base_regen': 0.15,
        'food_competition': 0.02,
        'food_pop_drain': 0.06,
        'food_forest_bonus': 0.06,
        'port_survival_bonus': 0.0,
    }},
    {'rate': 0.1321, 'round': 5, 'score': 83.9, 'params': {
        'spawn_prob': 0.08,
        'spawn_pop_threshold': 0.5,
        'death_base_rate': 0.01,
        'death_food_factor': 0.06,
        'pop_growth_rate': 0.08,
        'food_base_regen': 0.2,
        'food_competition': 0.02,
        'food_pop_drain': 0.08,
        'food_forest_bonus': 0.02,
        'port_survival_bonus': 0.02,
    }},
    {'rate': 0.1385, 'round': 9, 'score': 87.4, 'params': {
        'spawn_prob': 0.1,
        'spawn_pop_threshold': 0.5,
        'death_base_rate': 0.02,
        'death_food_factor': 0.06,
        'pop_growth_rate': 0.12,
        'food_base_regen': 0.2,
        'food_competition': 0.03,
        'food_pop_drain': 0.08,
        'food_forest_bonus': 0.04,
        'port_survival_bonus': 0.0,
    }},
    {'rate': 0.1476, 'round': 12, 'score': 58.7, 'params': {
        'spawn_prob': 0.08,
        'spawn_pop_threshold': 0.3,
        'death_base_rate': 0.005,
        'death_food_factor': 0.02,
        'pop_growth_rate': 0.1,
        'food_base_regen': 0.3,
        'food_competition': 0.02,
        'food_pop_drain': 0.04,
        'food_forest_bonus': 0.06,
        'port_survival_bonus': 0.02,
    }},
    {'rate': 0.1499, 'round': 7, 'score': 68.7, 'params': {
        'spawn_prob': 0.08,
        'spawn_pop_threshold': 0.5,
        'death_base_rate': 0.005,
        'death_food_factor': 0.04,
        'pop_growth_rate': 0.1,
        'food_base_regen': 0.3,
        'food_competition': 0.01,
        'food_pop_drain': 0.06,
        'food_forest_bonus': 0.02,
        'port_survival_bonus': 0.0,
    }},
    {'rate': 0.1610, 'round': 1, 'score': 84.3, 'params': {
        'spawn_prob': 0.08,
        'spawn_pop_threshold': 0.5,
        'death_base_rate': 0.005,
        'death_food_factor': 0.02,
        'pop_growth_rate': 0.1,
        'food_base_regen': 0.25,
        'food_competition': 0.03,
        'food_pop_drain': 0.04,
        'food_forest_bonus': 0.06,
        'port_survival_bonus': 0.02,
    }},
    {'rate': 0.1858, 'round': 2, 'score': 83.5, 'params': {
        'spawn_prob': 0.1,
        'spawn_pop_threshold': 0.5,
        'death_base_rate': 0.015,
        'death_food_factor': 0.04,
        'pop_growth_rate': 0.12,
        'food_base_regen': 0.2,
        'food_competition': 0.03,
        'food_pop_drain': 0.04,
        'food_forest_bonus': 0.04,
        'port_survival_bonus': 0.0,
    }},
    {'rate': 0.2375, 'round': 6, 'score': 83.6, 'params': {
        'spawn_prob': 0.12,
        'spawn_pop_threshold': 0.5,
        'death_base_rate': 0.005,
        'death_food_factor': 0.06,
        'pop_growth_rate': 0.1,
        'food_base_regen': 0.2,
        'food_competition': 0.03,
        'food_pop_drain': 0.06,
        'food_forest_bonus': 0.06,
        'port_survival_bonus': 0.0,
    }},
    {'rate': 0.2411, 'round': 14, 'score': 81.1, 'params': {
        'spawn_prob': 0.1,
        'spawn_pop_threshold': 0.5,
        'death_base_rate': 0.005,
        'death_food_factor': 0.02,
        'pop_growth_rate': 0.1,
        'food_base_regen': 0.2,
        'food_competition': 0.01,
        'food_pop_drain': 0.08,
        'food_forest_bonus': 0.04,
        'port_survival_bonus': 0.02,
    }},
    {'rate': 0.2566, 'round': 17, 'score': 85.7, 'params': {
        'spawn_prob': 0.1,
        'spawn_pop_threshold': 0.5,
        'death_base_rate': 0.01,
        'death_food_factor': 0.02,
        'pop_growth_rate': 0.1,
        'food_base_regen': 0.2,
        'food_competition': 0.01,
        'food_pop_drain': 0.04,
        'food_forest_bonus': 0.08,
        'port_survival_bonus': 0.0,
    }},
    {'rate': 0.2586, 'round': 11, 'score': 84.6, 'params': {
        'spawn_prob': 0.1,
        'spawn_pop_threshold': 0.5,
        'death_base_rate': 0.005,
        'death_food_factor': 0.02,
        'pop_growth_rate': 0.15,
        'food_base_regen': 0.25,
        'food_competition': 0.01,
        'food_pop_drain': 0.06,
        'food_forest_bonus': 0.08,
        'port_survival_bonus': 0.0,
    }},
    {'rate': 0.3326, 'round': 18, 'score': 73.5, 'params': {
        'spawn_prob': 0.1,
        'spawn_pop_threshold': 0.3,
        'death_base_rate': 0.005,
        'death_food_factor': 0.02,
        'pop_growth_rate': 0.12,
        'food_base_regen': 0.35,
        'food_competition': 0.01,
        'food_pop_drain': 0.08,
        'food_forest_bonus': 0.08,
        'port_survival_bonus': 0.0,
    }},
]

def params_from_rate(settle_rate):
    """Interpolate SimParams from observed settle rate.
    Uses weighted blend of two nearest calibration points."""
    from simulator import SimParams
    pts = _CALIBRATION_POINTS
    rates = [p['rate'] for p in pts]

    # Clamp to range
    if settle_rate <= rates[0]:
        return SimParams(**pts[0]['params'])
    if settle_rate >= rates[-1]:
        return SimParams(**pts[-1]['params'])

    # Find bracketing points
    for i in range(len(rates) - 1):
        if rates[i] <= settle_rate <= rates[i+1]:
            lo, hi = pts[i], pts[i+1]
            t = (settle_rate - lo['rate']) / (hi['rate'] - lo['rate'])
            blended = {}
            for k in lo['params']:
                blended[k] = lo['params'][k] * (1 - t) + hi['params'][k] * t
            return SimParams(**blended)

    return SimParams(**pts[len(pts)//2]['params'])

[Sun Mar 22 00:40:32 UTC 2026] Completed: Deep tune R1
[Sun Mar 22 00:40:32 UTC 2026] Starting: Deep tune R2
CPUs: 192
Tuning rounds: [2]

============================================================
R2: settle_rate=0.186, 5 seeds
============================================================
46656 combos x 5 seeds x 20 MC (coarse)
  [  384/46656] 1%  5s  ETA 580s  best=46.3
  [  768/46656] 2%  8s  ETA 449s  best=46.6
  [ 1152/46656] 2%  10s  ETA 405s  best=46.6
  [ 1536/46656] 3%  13s  ETA 381s  best=46.6
  [ 1920/46656] 4%  16s  ETA 369s  best=46.6
  [ 2304/46656] 5%  19s  ETA 359s  best=46.6
  [ 2688/46656] 6%  21s  ETA 348s  best=46.6
  [ 3072/46656] 7%  24s  ETA 340s  best=46.6
  [ 3456/46656] 7%  27s  ETA 333s  best=46.6
  [ 3840/46656] 8%  29s  ETA 328s  best=46.6
  [ 4224/46656] 9%  32s  ETA 322s  best=46.6
  [ 4608/46656] 10%  35s  ETA 316s  best=46.6
  [ 4992/46656] 11%  37s  ETA 311s  best=46.6
  [ 5376/46656] 12%  40s  ETA 306s  best=46.6
  [ 5760/46656] 12%  42s  ETA 301s  best=46.6
  [ 6144/46656] 13%  45s  ETA 297s  best=46.6
  [ 6528/46656] 14%  48s  ETA 293s  best=46.6
  [ 6912/46656] 15%  50s  ETA 289s  best=46.6
  [ 7296/46656] 16%  53s  ETA 285s  best=46.6
  [ 7680/46656] 16%  56s  ETA 282s  best=46.6
  [ 8064/46656] 17%  58s  ETA 278s  best=46.6
  [ 8448/46656] 18%  61s  ETA 274s  best=46.6
  [ 8832/46656] 19%  63s  ETA 271s  best=46.6
  [ 9216/46656] 20%  66s  ETA 267s  best=46.6
  [ 9600/46656] 21%  68s  ETA 264s  best=46.6
  [ 9984/46656] 21%  71s  ETA 260s  best=46.6
  [10368/46656] 22%  73s  ETA 257s  best=46.6
  [10752/46656] 23%  76s  ETA 254s  best=46.6
  [11136/46656] 24%  79s  ETA 251s  best=46.6
  [11520/46656] 25%  81s  ETA 247s  best=46.6
  [11904/46656] 26%  85s  ETA 247s  best=59.2
  [12288/46656] 26%  88s  ETA 247s  best=59.2
  [12672/46656] 27%  92s  ETA 246s  best=59.3
  [13056/46656] 28%  95s  ETA 245s  best=59.3
  [13440/46656] 29%  99s  ETA 244s  best=59.3
  [13824/46656] 30%  102s  ETA 243s  best=59.3
  [14208/46656] 30%  106s  ETA 241s  best=59.3
  [14592/46656] 31%  109s  ETA 240s  best=59.3
  [14976/46656] 32%  113s  ETA 238s  best=59.3
  [15360/46656] 33%  116s  ETA 236s  best=59.3
  [15744/46656] 34%  119s  ETA 234s  best=59.3
  [16128/46656] 35%  123s  ETA 233s  best=59.3
  [16512/46656] 35%  126s  ETA 230s  best=59.3
  [16896/46656] 36%  130s  ETA 228s  best=59.3
  [17280/46656] 37%  133s  ETA 226s  best=59.3
  [17664/46656] 38%  136s  ETA 224s  best=59.3
  [18048/46656] 39%  140s  ETA 221s  best=59.3
  [18432/46656] 40%  143s  ETA 219s  best=59.3
  [18816/46656] 40%  146s  ETA 216s  best=59.3
  [19200/46656] 41%  150s  ETA 214s  best=59.3
  [19584/46656] 42%  153s  ETA 211s  best=59.3
  [19968/46656] 43%  156s  ETA 209s  best=59.3
  [20352/46656] 44%  159s  ETA 206s  best=59.3
  [20736/46656] 44%  163s  ETA 203s  best=59.3
  [21120/46656] 45%  166s  ETA 201s  best=59.3
  [21504/46656] 46%  169s  ETA 198s  best=59.3
  [21888/46656] 47%  173s  ETA 195s  best=59.3
  [22272/46656] 48%  176s  ETA 192s  best=59.3
  [22656/46656] 49%  179s  ETA 190s  best=59.3
  [23040/46656] 49%  182s  ETA 187s  best=59.3
  [23424/46656] 50%  186s  ETA 185s  best=59.3
  [23808/46656] 51%  191s  ETA 183s  best=59.3
  [24192/46656] 52%  195s  ETA 181s  best=59.3
  [24576/46656] 53%  200s  ETA 180s  best=59.7
  [24960/46656] 53%  204s  ETA 178s  best=60.5
  [25344/46656] 54%  209s  ETA 176s  best=60.5
  [25728/46656] 55%  213s  ETA 173s  best=60.5
  [26112/46656] 56%  218s  ETA 171s  best=60.6
  [26496/46656] 57%  222s  ETA 169s  best=60.6
  [26880/46656] 58%  227s  ETA 167s  best=60.6
  [27264/46656] 58%  231s  ETA 164s  best=60.8
  [27648/46656] 59%  235s  ETA 162s  best=60.8
  [28032/46656] 60%  240s  ETA 159s  best=60.8
  [28416/46656] 61%  244s  ETA 157s  best=60.8
  [28800/46656] 62%  248s  ETA 154s  best=60.8
  [29184/46656] 63%  253s  ETA 151s  best=60.8
  [29568/46656] 63%  257s  ETA 148s  best=60.8
  [29952/46656] 64%  261s  ETA 146s  best=61.0
  [30336/46656] 65%  266s  ETA 143s  best=61.1
  [30720/46656] 66%  270s  ETA 140s  best=61.1
  [31104/46656] 67%  274s  ETA 137s  best=61.1
  [31488/46656] 67%  278s  ETA 134s  best=61.1
  [31872/46656] 68%  282s  ETA 131s  best=61.1
  [32256/46656] 69%  286s  ETA 128s  best=61.1
  [32640/46656] 70%  290s  ETA 125s  best=61.1
  [33024/46656] 71%  294s  ETA 122s  best=61.1
  [33408/46656] 72%  299s  ETA 118s  best=61.1
  [33792/46656] 72%  303s  ETA 115s  best=61.1
  [34176/46656] 73%  307s  ETA 112s  best=61.2
  [34560/46656] 74%  310s  ETA 109s  best=61.2
  [34944/46656] 75%  315s  ETA 105s  best=61.2
  [35328/46656] 76%  320s  ETA 103s  best=61.2
  [35712/46656] 77%  326s  ETA 100s  best=61.2
  [36096/46656] 77%  331s  ETA 97s  best=61.2
  [36480/46656] 78%  336s  ETA 94s  best=61.2
  [36864/46656] 79%  342s  ETA 91s  best=61.2
  [37248/46656] 80%  347s  ETA 88s  best=61.2
  [37632/46656] 81%  353s  ETA 85s  best=61.2
  [38016/46656] 81%  358s  ETA 81s  best=61.2
  [38400/46656] 82%  363s  ETA 78s  best=61.2
  [38784/46656] 83%  369s  ETA 75s  best=61.2
  [39168/46656] 84%  374s  ETA 71s  best=61.2
  [39552/46656] 85%  379s  ETA 68s  best=61.2
  [39936/46656] 86%  385s  ETA 65s  best=61.2
  [40320/46656] 86%  390s  ETA 61s  best=61.2
  [40704/46656] 87%  395s  ETA 58s  best=61.2
  [41088/46656] 88%  400s  ETA 54s  best=61.2
  [41472/46656] 89%  405s  ETA 51s  best=61.2
  [41856/46656] 90%  411s  ETA 47s  best=61.2
  [42240/46656] 91%  416s  ETA 43s  best=61.2
  [42624/46656] 91%  421s  ETA 40s  best=61.2
  [43008/46656] 92%  426s  ETA 36s  best=61.2
  [43392/46656] 93%  431s  ETA 32s  best=61.2
  [43776/46656] 94%  436s  ETA 29s  best=61.2
  [44160/46656] 95%  441s  ETA 25s  best=61.2
  [44544/46656] 95%  446s  ETA 21s  best=61.2
  [44928/46656] 96%  451s  ETA 17s  best=61.2
  [45312/46656] 97%  456s  ETA 14s  best=61.2
  [45696/46656] 98%  461s  ETA 10s  best=61.2
  [46080/46656] 99%  466s  ETA 6s  best=61.2
  [46464/46656] 100%  471s  ETA 2s  best=61.2
  [46656/46656] 100%  473s  ETA 0s  best=61.2

Deep eval top 5 (200 MC)...
  [1/5] avg=83.5
  [2/5] avg=83.2
  [3/5] avg=82.8
  [4/5] avg=82.7
  [5/5] avg=82.6

R2 BEST: 83.5
  spawn_prob=0.1
  spawn_pop_threshold=0.5
  death_base_rate=0.015
  death_food_factor=0.04
  pop_growth_rate=0.12
  food_base_regen=0.2
  food_competition=0.03
  food_pop_drain=0.04
  food_forest_bonus=0.04
  port_survival_bonus=0.0
Saved to replay_cache/per_round_params.json

============================================================
FITTING INTERPOLATION
============================================================

Data points: 17
Rate range: 0.021 - 0.333

Round | Rate  | Score | Key params
--------------------------------------------------------------------------------
R 3   | 0.021 |  87.8 | sp=0.15 db=0.150 fbr=0.15 fc=0.05 ffb=0.02
R10   | 0.027 |  87.4 | sp=0.15 db=0.080 fbr=0.15 fc=0.05 ffb=0.04
R 8   | 0.040 |  90.9 | sp=0.10 db=0.100 fbr=0.15 fc=0.03 ffb=0.04
R16   | 0.087 |  84.0 | sp=0.08 db=0.030 fbr=0.25 fc=0.04 ffb=0.06
R 4   | 0.103 |  87.8 | sp=0.08 db=0.030 fbr=0.15 fc=0.03 ffb=0.04
R13   | 0.105 |  88.3 | sp=0.08 db=0.030 fbr=0.15 fc=0.02 ffb=0.06
R 5   | 0.132 |  83.9 | sp=0.08 db=0.010 fbr=0.20 fc=0.02 ffb=0.02
R 9   | 0.138 |  87.4 | sp=0.10 db=0.020 fbr=0.20 fc=0.03 ffb=0.04
R12   | 0.148 |  58.7 | sp=0.08 db=0.005 fbr=0.30 fc=0.02 ffb=0.06
R 7   | 0.150 |  68.7 | sp=0.08 db=0.005 fbr=0.30 fc=0.01 ffb=0.02
R 1   | 0.161 |  84.3 | sp=0.08 db=0.005 fbr=0.25 fc=0.03 ffb=0.06
R 2   | 0.186 |  83.5 | sp=0.10 db=0.015 fbr=0.20 fc=0.03 ffb=0.04
R 6   | 0.238 |  83.6 | sp=0.12 db=0.005 fbr=0.20 fc=0.03 ffb=0.06
R14   | 0.241 |  81.1 | sp=0.10 db=0.005 fbr=0.20 fc=0.01 ffb=0.04
R17   | 0.257 |  85.7 | sp=0.10 db=0.010 fbr=0.20 fc=0.01 ffb=0.08
R11   | 0.259 |  84.6 | sp=0.10 db=0.005 fbr=0.25 fc=0.01 ffb=0.08
R18   | 0.333 |  73.5 | sp=0.10 db=0.005 fbr=0.35 fc=0.01 ffb=0.08

Interpolation coefficients (param = a * settle_rate + b):
param                            a        b     R²
--------------------------------------------------
spawn_prob                 -0.0593   0.1080  0.054
spawn_pop_threshold         0.0787   0.4290  0.004
death_base_rate            -0.3450   0.0833  0.550
death_food_factor          -0.3763   0.1146  0.638
pop_growth_rate             0.0992   0.0888  0.247
food_base_regen             0.4094   0.1515  0.359
food_competition           -0.1145   0.0430  0.586
food_pop_drain              0.0215   0.0567  0.012
food_forest_bonus           0.1422   0.0275  0.392
port_survival_bonus        -0.0215   0.0098  0.033

============================================================
GENERATED CODE FOR solver.py
============================================================

# --- Per-round parameter interpolation ---
# Generated by tune_per_round.py on 2026-03-22 00:48
# Calibration points: 17 rounds

_CALIBRATION_POINTS = [
    {'rate': 0.0213, 'round': 3, 'score': 87.8, 'params': {
        'spawn_prob': 0.15,
        'spawn_pop_threshold': 0.3,
        'death_base_rate': 0.15,
        'death_food_factor': 0.15,
        'pop_growth_rate': 0.08,
        'food_base_regen': 0.15,
        'food_competition': 0.05,
        'food_pop_drain': 0.08,
        'food_forest_bonus': 0.02,
        'port_survival_bonus': 0.03,
    }},
    {'rate': 0.0269, 'round': 10, 'score': 87.4, 'params': {
        'spawn_prob': 0.15,
        'spawn_pop_threshold': 0.7,
        'death_base_rate': 0.08,
        'death_food_factor': 0.15,
        'pop_growth_rate': 0.1,
        'food_base_regen': 0.15,
        'food_competition': 0.05,
        'food_pop_drain': 0.04,
        'food_forest_bonus': 0.04,
        'port_survival_bonus': 0.0,
    }},
    {'rate': 0.0395, 'round': 8, 'score': 90.9, 'params': {
        'spawn_prob': 0.1,
        'spawn_pop_threshold': 0.3,
        'death_base_rate': 0.1,
        'death_food_factor': 0.1,
        'pop_growth_rate': 0.1,
        'food_base_regen': 0.15,
        'food_competition': 0.03,
        'food_pop_drain': 0.04,
        'food_forest_bonus': 0.04,
        'port_survival_bonus': 0.0,
    }},
    {'rate': 0.0874, 'round': 16, 'score': 84.0, 'params': {
        'spawn_prob': 0.08,
        'spawn_pop_threshold': 0.5,
        'death_base_rate': 0.03,
        'death_food_factor': 0.06,
        'pop_growth_rate': 0.08,
        'food_base_regen': 0.25,
        'food_competition': 0.04,
        'food_pop_drain': 0.08,
        'food_forest_bonus': 0.06,
        'port_survival_bonus': 0.0,
    }},
    {'rate': 0.1027, 'round': 4, 'score': 87.8, 'params': {
        'spawn_prob': 0.08,
        'spawn_pop_threshold': 0.3,
        'death_base_rate': 0.03,
        'death_food_factor': 0.06,
        'pop_growth_rate': 0.12,
        'food_base_regen': 0.15,
        'food_competition': 0.03,
        'food_pop_drain': 0.06,
        'food_forest_bonus': 0.04,
        'port_survival_bonus': 0.0,
    }},
    {'rate': 0.1055, 'round': 13, 'score': 88.3, 'params': {
        'spawn_prob': 0.08,
        'spawn_pop_threshold': 0.3,
        'death_base_rate': 0.03,
        'death_food_factor': 0.06,
        'pop_growth_rate': 0.1,
        'food_base_regen': 0.15,
        'food_competition': 0.02,
        'food_pop_drain': 0.06,
        'food_forest_bonus': 0.06,
        'port_survival_bonus': 0.0,
    }},
    {'rate': 0.1321, 'round': 5, 'score': 83.9, 'params': {
        'spawn_prob': 0.08,
        'spawn_pop_threshold': 0.5,
        'death_base_rate': 0.01,
        'death_food_factor': 0.06,
        'pop_growth_rate': 0.08,
        'food_base_regen': 0.2,
        'food_competition': 0.02,
        'food_pop_drain': 0.08,
        'food_forest_bonus': 0.02,
        'port_survival_bonus': 0.02,
    }},
    {'rate': 0.1385, 'round': 9, 'score': 87.4, 'params': {
        'spawn_prob': 0.1,
        'spawn_pop_threshold': 0.5,
        'death_base_rate': 0.02,
        'death_food_factor': 0.06,
        'pop_growth_rate': 0.12,
        'food_base_regen': 0.2,
        'food_competition': 0.03,
        'food_pop_drain': 0.08,
        'food_forest_bonus': 0.04,
        'port_survival_bonus': 0.0,
    }},
    {'rate': 0.1476, 'round': 12, 'score': 58.7, 'params': {
        'spawn_prob': 0.08,
        'spawn_pop_threshold': 0.3,
        'death_base_rate': 0.005,
        'death_food_factor': 0.02,
        'pop_growth_rate': 0.1,
        'food_base_regen': 0.3,
        'food_competition': 0.02,
        'food_pop_drain': 0.04,
        'food_forest_bonus': 0.06,
        'port_survival_bonus': 0.02,
    }},
    {'rate': 0.1499, 'round': 7, 'score': 68.7, 'params': {
        'spawn_prob': 0.08,
        'spawn_pop_threshold': 0.5,
        'death_base_rate': 0.005,
        'death_food_factor': 0.04,
        'pop_growth_rate': 0.1,
        'food_base_regen': 0.3,
        'food_competition': 0.01,
        'food_pop_drain': 0.06,
        'food_forest_bonus': 0.02,
        'port_survival_bonus': 0.0,
    }},
    {'rate': 0.1610, 'round': 1, 'score': 84.3, 'params': {
        'spawn_prob': 0.08,
        'spawn_pop_threshold': 0.5,
        'death_base_rate': 0.005,
        'death_food_factor': 0.02,
        'pop_growth_rate': 0.1,
        'food_base_regen': 0.25,
        'food_competition': 0.03,
        'food_pop_drain': 0.04,
        'food_forest_bonus': 0.06,
        'port_survival_bonus': 0.02,
    }},
    {'rate': 0.1858, 'round': 2, 'score': 83.5, 'params': {
        'spawn_prob': 0.1,
        'spawn_pop_threshold': 0.5,
        'death_base_rate': 0.015,
        'death_food_factor': 0.04,
        'pop_growth_rate': 0.12,
        'food_base_regen': 0.2,
        'food_competition': 0.03,
        'food_pop_drain': 0.04,
        'food_forest_bonus': 0.04,
        'port_survival_bonus': 0.0,
    }},
    {'rate': 0.2375, 'round': 6, 'score': 83.6, 'params': {
        'spawn_prob': 0.12,
        'spawn_pop_threshold': 0.5,
        'death_base_rate': 0.005,
        'death_food_factor': 0.06,
        'pop_growth_rate': 0.1,
        'food_base_regen': 0.2,
        'food_competition': 0.03,
        'food_pop_drain': 0.06,
        'food_forest_bonus': 0.06,
        'port_survival_bonus': 0.0,
    }},
    {'rate': 0.2411, 'round': 14, 'score': 81.1, 'params': {
        'spawn_prob': 0.1,
        'spawn_pop_threshold': 0.5,
        'death_base_rate': 0.005,
        'death_food_factor': 0.02,
        'pop_growth_rate': 0.1,
        'food_base_regen': 0.2,
        'food_competition': 0.01,
        'food_pop_drain': 0.08,
        'food_forest_bonus': 0.04,
        'port_survival_bonus': 0.02,
    }},
    {'rate': 0.2566, 'round': 17, 'score': 85.7, 'params': {
        'spawn_prob': 0.1,
        'spawn_pop_threshold': 0.5,
        'death_base_rate': 0.01,
        'death_food_factor': 0.02,
        'pop_growth_rate': 0.1,
        'food_base_regen': 0.2,
        'food_competition': 0.01,
        'food_pop_drain': 0.04,
        'food_forest_bonus': 0.08,
        'port_survival_bonus': 0.0,
    }},
    {'rate': 0.2586, 'round': 11, 'score': 84.6, 'params': {
        'spawn_prob': 0.1,
        'spawn_pop_threshold': 0.5,
        'death_base_rate': 0.005,
        'death_food_factor': 0.02,
        'pop_growth_rate': 0.15,
        'food_base_regen': 0.25,
        'food_competition': 0.01,
        'food_pop_drain': 0.06,
        'food_forest_bonus': 0.08,
        'port_survival_bonus': 0.0,
    }},
    {'rate': 0.3326, 'round': 18, 'score': 73.5, 'params': {
        'spawn_prob': 0.1,
        'spawn_pop_threshold': 0.3,
        'death_base_rate': 0.005,
        'death_food_factor': 0.02,
        'pop_growth_rate': 0.12,
        'food_base_regen': 0.35,
        'food_competition': 0.01,
        'food_pop_drain': 0.08,
        'food_forest_bonus': 0.08,
        'port_survival_bonus': 0.0,
    }},
]

def params_from_rate(settle_rate):
    """Interpolate SimParams from observed settle rate.
    Uses weighted blend of two nearest calibration points."""
    from simulator import SimParams
    pts = _CALIBRATION_POINTS
    rates = [p['rate'] for p in pts]

    # Clamp to range
    if settle_rate <= rates[0]:
        return SimParams(**pts[0]['params'])
    if settle_rate >= rates[-1]:
        return SimParams(**pts[-1]['params'])

    # Find bracketing points
    for i in range(len(rates) - 1):
        if rates[i] <= settle_rate <= rates[i+1]:
            lo, hi = pts[i], pts[i+1]
            t = (settle_rate - lo['rate']) / (hi['rate'] - lo['rate'])
            blended = {}
            for k in lo['params']:
                blended[k] = lo['params'][k] * (1 - t) + hi['params'][k] * t
            return SimParams(**blended)

    return SimParams(**pts[len(pts)//2]['params'])

[Sun Mar 22 00:48:42 UTC 2026] Completed: Deep tune R2
[Sun Mar 22 00:48:42 UTC 2026] Starting: Deep tune R3
CPUs: 192
Tuning rounds: [3]

============================================================
R3: settle_rate=0.021, 5 seeds
============================================================
87480 combos x 5 seeds x 20 MC (coarse)
  [  384/87480] 0%  4s  ETA 806s  best=56.9
  [  768/87480] 1%  5s  ETA 612s  best=57.3
  [ 1152/87480] 1%  7s  ETA 539s  best=58.1
  [ 1536/87480] 2%  9s  ETA 496s  best=58.7
  [ 1920/87480] 2%  11s  ETA 471s  best=58.8
  [ 2304/87480] 3%  12s  ETA 452s  best=58.8
  [ 2688/87480] 3%  14s  ETA 436s  best=58.8
  [ 3072/87480] 4%  15s  ETA 424s  best=59.0
  [ 3456/87480] 4%  17s  ETA 414s  best=59.1
  [ 3840/87480] 4%  19s  ETA 405s  best=59.2
  [ 4224/87480] 5%  20s  ETA 396s  best=59.2
  [ 4608/87480] 5%  22s  ETA 387s  best=59.2
  [ 4992/87480] 6%  23s  ETA 380s  best=59.2
  [ 5376/87480] 6%  24s  ETA 372s  best=59.2
  [ 5760/87480] 7%  26s  ETA 365s  best=59.2
  [ 6144/87480] 7%  27s  ETA 357s  best=59.2
  [ 6528/87480] 7%  28s  ETA 349s  best=59.2
  [ 6912/87480] 8%  29s  ETA 342s  best=59.2
  [ 7296/87480] 8%  31s  ETA 339s  best=59.2
  [ 7680/87480] 9%  33s  ETA 339s  best=59.2
  [ 8064/87480] 9%  34s  ETA 339s  best=59.2
  [ 8448/87480] 10%  36s  ETA 338s  best=59.2
  [ 8832/87480] 10%  38s  ETA 336s  best=59.2
  [ 9216/87480] 11%  39s  ETA 334s  best=59.2
  [ 9600/87480] 11%  41s  ETA 332s  best=59.2
  [ 9984/87480] 11%  43s  ETA 330s  best=59.2
  [10368/87480] 12%  44s  ETA 328s  best=59.2
  [10752/87480] 12%  46s  ETA 326s  best=59.2
  [11136/87480] 13%  47s  ETA 323s  best=59.2
  [11520/87480] 13%  49s  ETA 321s  best=59.2
  [11904/87480] 14%  50s  ETA 317s  best=59.2
  [12288/87480] 14%  51s  ETA 314s  best=59.2
  [12672/87480] 14%  53s  ETA 311s  best=59.2
  [13056/87480] 15%  54s  ETA 308s  best=59.2
  [13440/87480] 15%  55s  ETA 304s  best=59.2
  [13824/87480] 16%  56s  ETA 300s  best=59.2
  [14208/87480] 16%  57s  ETA 296s  best=59.2
  [14592/87480] 17%  59s  ETA 294s  best=59.2
  [14976/87480] 17%  61s  ETA 293s  best=59.2
  [15360/87480] 18%  62s  ETA 292s  best=59.2
  [15744/87480] 18%  64s  ETA 290s  best=59.2
  [16128/87480] 18%  65s  ETA 289s  best=59.2
  [16512/87480] 19%  67s  ETA 287s  best=59.2
  [16896/87480] 19%  68s  ETA 285s  best=59.2
  [17280/87480] 20%  70s  ETA 284s  best=59.2
  [17664/87480] 20%  71s  ETA 282s  best=59.2
  [18048/87480] 21%  73s  ETA 280s  best=59.2
  [18432/87480] 21%  74s  ETA 278s  best=59.2
  [18816/87480] 22%  76s  ETA 276s  best=59.2
  [19200/87480] 22%  77s  ETA 273s  best=59.2
  [19584/87480] 22%  78s  ETA 271s  best=59.2
  [19968/87480] 23%  79s  ETA 268s  best=59.2
  [20352/87480] 23%  81s  ETA 266s  best=59.2
  [20736/87480] 24%  82s  ETA 263s  best=59.2
  [21120/87480] 24%  83s  ETA 260s  best=59.2
  [21504/87480] 25%  84s  ETA 258s  best=59.2
  [21888/87480] 25%  86s  ETA 257s  best=59.2
  [22272/87480] 25%  88s  ETA 258s  best=59.2
  [22656/87480] 26%  90s  ETA 258s  best=65.7
  [23040/87480] 26%  92s  ETA 258s  best=66.0
  [23424/87480] 27%  94s  ETA 258s  best=66.6
  [23808/87480] 27%  97s  ETA 258s  best=66.6
  [24192/87480] 28%  98s  ETA 258s  best=66.7
  [24576/87480] 28%  100s  ETA 257s  best=67.7
  [24960/87480] 29%  102s  ETA 256s  best=67.7
  [25344/87480] 29%  104s  ETA 256s  best=67.7
  [25728/87480] 29%  106s  ETA 255s  best=67.7
  [26112/87480] 30%  108s  ETA 253s  best=67.7
  [26496/87480] 30%  109s  ETA 252s  best=67.7
  [26880/87480] 31%  111s  ETA 250s  best=67.7
  [27264/87480] 31%  113s  ETA 249s  best=67.7
  [27648/87480] 32%  114s  ETA 247s  best=67.7
  [28032/87480] 32%  116s  ETA 245s  best=67.7
  [28416/87480] 32%  117s  ETA 243s  best=67.7
  [28800/87480] 33%  118s  ETA 241s  best=67.7
  [29184/87480] 33%  120s  ETA 240s  best=67.7
  [29568/87480] 34%  122s  ETA 239s  best=67.7
  [29952/87480] 34%  124s  ETA 239s  best=67.7
  [30336/87480] 35%  126s  ETA 238s  best=67.7
  [30720/87480] 35%  128s  ETA 237s  best=67.7
  [31104/87480] 36%  130s  ETA 236s  best=67.7
  [31488/87480] 36%  132s  ETA 235s  best=67.7
  [31872/87480] 36%  134s  ETA 233s  best=67.7
  [32256/87480] 37%  136s  ETA 232s  best=67.7
  [32640/87480] 37%  137s  ETA 231s  best=67.7
  [33024/87480] 38%  139s  ETA 229s  best=67.7
  [33408/87480] 38%  141s  ETA 228s  best=67.7
  [33792/87480] 39%  142s  ETA 226s  best=67.7
  [34176/87480] 39%  144s  ETA 224s  best=67.7
  [34560/87480] 40%  145s  ETA 222s  best=67.7
  [34944/87480] 40%  147s  ETA 220s  best=67.7
  [35328/87480] 40%  148s  ETA 218s  best=67.7
  [35712/87480] 41%  149s  ETA 216s  best=67.7
  [36096/87480] 41%  150s  ETA 214s  best=67.7
  [36480/87480] 42%  152s  ETA 212s  best=67.7
  [36864/87480] 42%  154s  ETA 211s  best=67.7
  [37248/87480] 43%  156s  ETA 210s  best=67.7
  [37632/87480] 43%  157s  ETA 208s  best=67.7
  [38016/87480] 43%  159s  ETA 207s  best=67.7
  [38400/87480] 44%  161s  ETA 206s  best=67.7
  [38784/87480] 44%  162s  ETA 204s  best=67.7
  [39168/87480] 45%  164s  ETA 202s  best=67.7
  [39552/87480] 45%  166s  ETA 201s  best=67.7
  [39936/87480] 46%  167s  ETA 199s  best=67.7
  [40320/87480] 46%  169s  ETA 197s  best=67.7
  [40704/87480] 47%  170s  ETA 196s  best=67.7
  [41088/87480] 47%  172s  ETA 194s  best=67.7
  [41472/87480] 47%  173s  ETA 192s  best=67.7
  [41856/87480] 48%  174s  ETA 190s  best=67.7
  [42240/87480] 48%  176s  ETA 188s  best=67.7
  [42624/87480] 49%  177s  ETA 186s  best=67.7
  [43008/87480] 49%  178s  ETA 184s  best=67.7
  [43392/87480] 50%  179s  ETA 182s  best=67.7
  [43776/87480] 50%  181s  ETA 181s  best=67.7
  [44160/87480] 50%  184s  ETA 181s  best=67.7
  [44544/87480] 51%  187s  ETA 180s  best=67.7
  [44928/87480] 51%  189s  ETA 179s  best=68.9
  [45312/87480] 52%  192s  ETA 178s  best=68.9
  [45696/87480] 52%  194s  ETA 177s  best=68.9
  [46080/87480] 53%  196s  ETA 176s  best=69.9
  [46464/87480] 53%  198s  ETA 175s  best=70.7
  [46848/87480] 54%  201s  ETA 174s  best=70.7
  [47232/87480] 54%  203s  ETA 173s  best=70.7
  [47616/87480] 54%  205s  ETA 172s  best=70.7
  [48000/87480] 55%  207s  ETA 170s  best=70.7
  [48384/87480] 55%  209s  ETA 169s  best=70.7
  [48768/87480] 56%  210s  ETA 167s  best=70.7
  [49152/87480] 56%  212s  ETA 165s  best=70.7
  [49536/87480] 57%  214s  ETA 164s  best=70.7
  [49920/87480] 57%  215s  ETA 162s  best=70.7
  [50304/87480] 58%  217s  ETA 160s  best=70.7
  [50688/87480] 58%  218s  ETA 158s  best=70.7
  [51072/87480] 58%  220s  ETA 157s  best=70.7
  [51456/87480] 59%  223s  ETA 156s  best=70.7
  [51840/87480] 59%  225s  ETA 155s  best=70.7
  [52224/87480] 60%  227s  ETA 153s  best=70.7
  [52608/87480] 60%  230s  ETA 152s  best=70.7
  [52992/87480] 61%  232s  ETA 151s  best=70.7
  [53376/87480] 61%  234s  ETA 149s  best=70.7
  [53760/87480] 61%  236s  ETA 148s  best=70.7
  [54144/87480] 62%  238s  ETA 146s  best=70.7
  [54528/87480] 62%  240s  ETA 145s  best=70.7
  [54912/87480] 63%  242s  ETA 143s  best=70.7
  [55296/87480] 63%  243s  ETA 142s  best=70.7
  [55680/87480] 64%  245s  ETA 140s  best=70.7
  [56064/87480] 64%  247s  ETA 138s  best=70.7
  [56448/87480] 65%  248s  ETA 136s  best=70.7
  [56832/87480] 65%  250s  ETA 135s  best=70.7
  [57216/87480] 65%  251s  ETA 133s  best=70.7
  [57600/87480] 66%  252s  ETA 131s  best=70.7
  [57984/87480] 66%  254s  ETA 129s  best=70.7
  [58368/87480] 67%  255s  ETA 127s  best=70.7
  [58752/87480] 67%  257s  ETA 126s  best=70.7
  [59136/87480] 68%  259s  ETA 124s  best=70.7
  [59520/87480] 68%  261s  ETA 123s  best=70.7
  [59904/87480] 68%  263s  ETA 121s  best=70.7
  [60288/87480] 69%  265s  ETA 119s  best=70.7
  [60672/87480] 69%  266s  ETA 118s  best=70.7
  [61056/87480] 70%  268s  ETA 116s  best=70.7
  [61440/87480] 70%  270s  ETA 114s  best=70.7
  [61824/87480] 71%  271s  ETA 113s  best=70.7
  [62208/87480] 71%  273s  ETA 111s  best=70.7
  [62592/87480] 72%  275s  ETA 109s  best=70.7
  [62976/87480] 72%  276s  ETA 107s  best=70.7
  [63360/87480] 72%  278s  ETA 106s  best=70.7
  [63744/87480] 73%  279s  ETA 104s  best=70.7
  [64128/87480] 73%  280s  ETA 102s  best=70.7
  [64512/87480] 74%  282s  ETA 100s  best=70.7
  [64896/87480] 74%  283s  ETA 98s  best=70.7
  [65280/87480] 75%  284s  ETA 97s  best=70.7
  [65664/87480] 75%  287s  ETA 95s  best=70.7
  [66048/87480] 76%  292s  ETA 95s  best=70.7
  [66432/87480] 76%  296s  ETA 94s  best=70.7
  [66816/87480] 76%  299s  ETA 93s  best=70.7
  [67200/87480] 77%  303s  ETA 91s  best=70.7
  [67584/87480] 77%  307s  ETA 90s  best=70.7
  [67968/87480] 78%  311s  ETA 89s  best=70.7
  [68352/87480] 78%  314s  ETA 88s  best=70.7
  [68736/87480] 79%  317s  ETA 86s  best=70.7
  [69120/87480] 79%  320s  ETA 85s  best=70.7
  [69504/87480] 79%  323s  ETA 84s  best=70.9
  [69888/87480] 80%  326s  ETA 82s  best=72.3
  [70272/87480] 80%  329s  ETA 80s  best=72.3
  [70656/87480] 81%  331s  ETA 79s  best=72.3
  [71040/87480] 81%  333s  ETA 77s  best=72.8
  [71424/87480] 82%  335s  ETA 75s  best=73.7
  [71808/87480] 82%  337s  ETA 74s  best=73.7
  [72192/87480] 83%  339s  ETA 72s  best=73.7
  [72576/87480] 83%  341s  ETA 70s  best=73.7
  [72960/87480] 83%  343s  ETA 68s  best=73.7
  [73344/87480] 84%  347s  ETA 67s  best=73.7
  [73728/87480] 84%  351s  ETA 65s  best=73.7
  [74112/87480] 85%  354s  ETA 64s  best=73.7
  [74496/87480] 85%  357s  ETA 62s  best=73.7
  [74880/87480] 86%  360s  ETA 61s  best=73.7
  [75264/87480] 86%  363s  ETA 59s  best=73.7
  [75648/87480] 86%  365s  ETA 57s  best=73.7
  [76032/87480] 87%  368s  ETA 55s  best=73.7
  [76416/87480] 87%  371s  ETA 54s  best=73.7
  [76800/87480] 88%  373s  ETA 52s  best=73.7
  [77184/87480] 88%  375s  ETA 50s  best=73.7
  [77568/87480] 89%  377s  ETA 48s  best=73.7
  [77952/87480] 89%  379s  ETA 46s  best=73.7
  [78336/87480] 90%  381s  ETA 44s  best=73.7
  [78720/87480] 90%  383s  ETA 43s  best=73.7
  [79104/87480] 90%  384s  ETA 41s  best=73.7
  [79488/87480] 91%  386s  ETA 39s  best=73.7
  [79872/87480] 91%  387s  ETA 37s  best=73.7
  [80256/87480] 92%  389s  ETA 35s  best=73.7
  [80640/87480] 92%  392s  ETA 33s  best=73.7
  [81024/87480] 93%  394s  ETA 31s  best=73.7
  [81408/87480] 93%  396s  ETA 30s  best=73.7
  [81792/87480] 93%  398s  ETA 28s  best=73.7
  [82176/87480] 94%  400s  ETA 26s  best=73.7
  [82560/87480] 94%  402s  ETA 24s  best=73.7
  [82944/87480] 95%  404s  ETA 22s  best=73.7
  [83328/87480] 95%  406s  ETA 20s  best=73.7
  [83712/87480] 96%  408s  ETA 18s  best=73.7
  [84096/87480] 96%  409s  ETA 16s  best=73.7
  [84480/87480] 97%  411s  ETA 15s  best=73.7
  [84864/87480] 97%  413s  ETA 13s  best=73.7
  [85248/87480] 97%  414s  ETA 11s  best=73.7
  [85632/87480] 98%  416s  ETA 9s  best=73.7
  [86016/87480] 98%  417s  ETA 7s  best=73.7
  [86400/87480] 99%  419s  ETA 5s  best=73.7
  [86784/87480] 99%  420s  ETA 3s  best=73.7
  [87168/87480] 100%  421s  ETA 2s  best=73.7
  [87480/87480] 100%  422s  ETA 0s  best=73.7

Deep eval top 5 (200 MC)...
  [1/5] avg=87.8
  [2/5] avg=87.6
  [3/5] avg=87.6
  [4/5] avg=87.7
  [5/5] avg=86.5

R3 BEST: 87.8
  spawn_prob=0.15
  spawn_pop_threshold=0.3
  death_base_rate=0.15
  death_food_factor=0.15
  pop_growth_rate=0.08
  food_base_regen=0.15
  food_competition=0.05
  food_pop_drain=0.08
  food_forest_bonus=0.02
  port_survival_bonus=0.03
Saved to replay_cache/per_round_params.json

============================================================
FITTING INTERPOLATION
============================================================

Data points: 17
Rate range: 0.021 - 0.333

Round | Rate  | Score | Key params
--------------------------------------------------------------------------------
R 3   | 0.021 |  87.8 | sp=0.15 db=0.150 fbr=0.15 fc=0.05 ffb=0.02
R10   | 0.027 |  87.4 | sp=0.15 db=0.080 fbr=0.15 fc=0.05 ffb=0.04
R 8   | 0.040 |  90.9 | sp=0.10 db=0.100 fbr=0.15 fc=0.03 ffb=0.04
R16   | 0.087 |  84.0 | sp=0.08 db=0.030 fbr=0.25 fc=0.04 ffb=0.06
R 4   | 0.103 |  87.8 | sp=0.08 db=0.030 fbr=0.15 fc=0.03 ffb=0.04
R13   | 0.105 |  88.3 | sp=0.08 db=0.030 fbr=0.15 fc=0.02 ffb=0.06
R 5   | 0.132 |  83.9 | sp=0.08 db=0.010 fbr=0.20 fc=0.02 ffb=0.02
R 9   | 0.138 |  87.4 | sp=0.10 db=0.020 fbr=0.20 fc=0.03 ffb=0.04
R12   | 0.148 |  58.7 | sp=0.08 db=0.005 fbr=0.30 fc=0.02 ffb=0.06
R 7   | 0.150 |  68.7 | sp=0.08 db=0.005 fbr=0.30 fc=0.01 ffb=0.02
R 1   | 0.161 |  84.3 | sp=0.08 db=0.005 fbr=0.25 fc=0.03 ffb=0.06
R 2   | 0.186 |  83.5 | sp=0.10 db=0.015 fbr=0.20 fc=0.03 ffb=0.04
R 6   | 0.238 |  83.6 | sp=0.12 db=0.005 fbr=0.20 fc=0.03 ffb=0.06
R14   | 0.241 |  81.1 | sp=0.10 db=0.005 fbr=0.20 fc=0.01 ffb=0.04
R17   | 0.257 |  85.7 | sp=0.10 db=0.010 fbr=0.20 fc=0.01 ffb=0.08
R11   | 0.259 |  84.6 | sp=0.10 db=0.005 fbr=0.25 fc=0.01 ffb=0.08
R18   | 0.333 |  73.5 | sp=0.10 db=0.005 fbr=0.35 fc=0.01 ffb=0.08

Interpolation coefficients (param = a * settle_rate + b):
param                            a        b     R²
--------------------------------------------------
spawn_prob                 -0.0593   0.1080  0.054
spawn_pop_threshold         0.0787   0.4290  0.004
death_base_rate            -0.3450   0.0833  0.550
death_food_factor          -0.3763   0.1146  0.638
pop_growth_rate             0.0992   0.0888  0.247
food_base_regen             0.4094   0.1515  0.359
food_competition           -0.1145   0.0430  0.586
food_pop_drain              0.0215   0.0567  0.012
food_forest_bonus           0.1422   0.0275  0.392
port_survival_bonus        -0.0215   0.0098  0.033

============================================================
GENERATED CODE FOR solver.py
============================================================

# --- Per-round parameter interpolation ---
# Generated by tune_per_round.py on 2026-03-22 00:55
# Calibration points: 17 rounds

_CALIBRATION_POINTS = [
    {'rate': 0.0213, 'round': 3, 'score': 87.8, 'params': {
        'spawn_prob': 0.15,
        'spawn_pop_threshold': 0.3,
        'death_base_rate': 0.15,
        'death_food_factor': 0.15,
        'pop_growth_rate': 0.08,
        'food_base_regen': 0.15,
        'food_competition': 0.05,
        'food_pop_drain': 0.08,
        'food_forest_bonus': 0.02,
        'port_survival_bonus': 0.03,
    }},
    {'rate': 0.0269, 'round': 10, 'score': 87.4, 'params': {
        'spawn_prob': 0.15,
        'spawn_pop_threshold': 0.7,
        'death_base_rate': 0.08,
        'death_food_factor': 0.15,
        'pop_growth_rate': 0.1,
        'food_base_regen': 0.15,
        'food_competition': 0.05,
        'food_pop_drain': 0.04,
        'food_forest_bonus': 0.04,
        'port_survival_bonus': 0.0,
    }},
    {'rate': 0.0395, 'round': 8, 'score': 90.9, 'params': {
        'spawn_prob': 0.1,
        'spawn_pop_threshold': 0.3,
        'death_base_rate': 0.1,
        'death_food_factor': 0.1,
        'pop_growth_rate': 0.1,
        'food_base_regen': 0.15,
        'food_competition': 0.03,
        'food_pop_drain': 0.04,
        'food_forest_bonus': 0.04,
        'port_survival_bonus': 0.0,
    }},
    {'rate': 0.0874, 'round': 16, 'score': 84.0, 'params': {
        'spawn_prob': 0.08,
        'spawn_pop_threshold': 0.5,
        'death_base_rate': 0.03,
        'death_food_factor': 0.06,
        'pop_growth_rate': 0.08,
        'food_base_regen': 0.25,
        'food_competition': 0.04,
        'food_pop_drain': 0.08,
        'food_forest_bonus': 0.06,
        'port_survival_bonus': 0.0,
    }},
    {'rate': 0.1027, 'round': 4, 'score': 87.8, 'params': {
        'spawn_prob': 0.08,
        'spawn_pop_threshold': 0.3,
        'death_base_rate': 0.03,
        'death_food_factor': 0.06,
        'pop_growth_rate': 0.12,
        'food_base_regen': 0.15,
        'food_competition': 0.03,
        'food_pop_drain': 0.06,
        'food_forest_bonus': 0.04,
        'port_survival_bonus': 0.0,
    }},
    {'rate': 0.1055, 'round': 13, 'score': 88.3, 'params': {
        'spawn_prob': 0.08,
        'spawn_pop_threshold': 0.3,
        'death_base_rate': 0.03,
        'death_food_factor': 0.06,
        'pop_growth_rate': 0.1,
        'food_base_regen': 0.15,
        'food_competition': 0.02,
        'food_pop_drain': 0.06,
        'food_forest_bonus': 0.06,
        'port_survival_bonus': 0.0,
    }},
    {'rate': 0.1321, 'round': 5, 'score': 83.9, 'params': {
        'spawn_prob': 0.08,
        'spawn_pop_threshold': 0.5,
        'death_base_rate': 0.01,
        'death_food_factor': 0.06,
        'pop_growth_rate': 0.08,
        'food_base_regen': 0.2,
        'food_competition': 0.02,
        'food_pop_drain': 0.08,
        'food_forest_bonus': 0.02,
        'port_survival_bonus': 0.02,
    }},
    {'rate': 0.1385, 'round': 9, 'score': 87.4, 'params': {
        'spawn_prob': 0.1,
        'spawn_pop_threshold': 0.5,
        'death_base_rate': 0.02,
        'death_food_factor': 0.06,
        'pop_growth_rate': 0.12,
        'food_base_regen': 0.2,
        'food_competition': 0.03,
        'food_pop_drain': 0.08,
        'food_forest_bonus': 0.04,
        'port_survival_bonus': 0.0,
    }},
    {'rate': 0.1476, 'round': 12, 'score': 58.7, 'params': {
        'spawn_prob': 0.08,
        'spawn_pop_threshold': 0.3,
        'death_base_rate': 0.005,
        'death_food_factor': 0.02,
        'pop_growth_rate': 0.1,
        'food_base_regen': 0.3,
        'food_competition': 0.02,
        'food_pop_drain': 0.04,
        'food_forest_bonus': 0.06,
        'port_survival_bonus': 0.02,
    }},
    {'rate': 0.1499, 'round': 7, 'score': 68.7, 'params': {
        'spawn_prob': 0.08,
        'spawn_pop_threshold': 0.5,
        'death_base_rate': 0.005,
        'death_food_factor': 0.04,
        'pop_growth_rate': 0.1,
        'food_base_regen': 0.3,
        'food_competition': 0.01,
        'food_pop_drain': 0.06,
        'food_forest_bonus': 0.02,
        'port_survival_bonus': 0.0,
    }},
    {'rate': 0.1610, 'round': 1, 'score': 84.3, 'params': {
        'spawn_prob': 0.08,
        'spawn_pop_threshold': 0.5,
        'death_base_rate': 0.005,
        'death_food_factor': 0.02,
        'pop_growth_rate': 0.1,
        'food_base_regen': 0.25,
        'food_competition': 0.03,
        'food_pop_drain': 0.04,
        'food_forest_bonus': 0.06,
        'port_survival_bonus': 0.02,
    }},
    {'rate': 0.1858, 'round': 2, 'score': 83.5, 'params': {
        'spawn_prob': 0.1,
        'spawn_pop_threshold': 0.5,
        'death_base_rate': 0.015,
        'death_food_factor': 0.04,
        'pop_growth_rate': 0.12,
        'food_base_regen': 0.2,
        'food_competition': 0.03,
        'food_pop_drain': 0.04,
        'food_forest_bonus': 0.04,
        'port_survival_bonus': 0.0,
    }},
    {'rate': 0.2375, 'round': 6, 'score': 83.6, 'params': {
        'spawn_prob': 0.12,
        'spawn_pop_threshold': 0.5,
        'death_base_rate': 0.005,
        'death_food_factor': 0.06,
        'pop_growth_rate': 0.1,
        'food_base_regen': 0.2,
        'food_competition': 0.03,
        'food_pop_drain': 0.06,
        'food_forest_bonus': 0.06,
        'port_survival_bonus': 0.0,
    }},
    {'rate': 0.2411, 'round': 14, 'score': 81.1, 'params': {
        'spawn_prob': 0.1,
        'spawn_pop_threshold': 0.5,
        'death_base_rate': 0.005,
        'death_food_factor': 0.02,
        'pop_growth_rate': 0.1,
        'food_base_regen': 0.2,
        'food_competition': 0.01,
        'food_pop_drain': 0.08,
        'food_forest_bonus': 0.04,
        'port_survival_bonus': 0.02,
    }},
    {'rate': 0.2566, 'round': 17, 'score': 85.7, 'params': {
        'spawn_prob': 0.1,
        'spawn_pop_threshold': 0.5,
        'death_base_rate': 0.01,
        'death_food_factor': 0.02,
        'pop_growth_rate': 0.1,
        'food_base_regen': 0.2,
        'food_competition': 0.01,
        'food_pop_drain': 0.04,
        'food_forest_bonus': 0.08,
        'port_survival_bonus': 0.0,
    }},
    {'rate': 0.2586, 'round': 11, 'score': 84.6, 'params': {
        'spawn_prob': 0.1,
        'spawn_pop_threshold': 0.5,
        'death_base_rate': 0.005,
        'death_food_factor': 0.02,
        'pop_growth_rate': 0.15,
        'food_base_regen': 0.25,
        'food_competition': 0.01,
        'food_pop_drain': 0.06,
        'food_forest_bonus': 0.08,
        'port_survival_bonus': 0.0,
    }},
    {'rate': 0.3326, 'round': 18, 'score': 73.5, 'params': {
        'spawn_prob': 0.1,
        'spawn_pop_threshold': 0.3,
        'death_base_rate': 0.005,
        'death_food_factor': 0.02,
        'pop_growth_rate': 0.12,
        'food_base_regen': 0.35,
        'food_competition': 0.01,
        'food_pop_drain': 0.08,
        'food_forest_bonus': 0.08,
        'port_survival_bonus': 0.0,
    }},
]

def params_from_rate(settle_rate):
    """Interpolate SimParams from observed settle rate.
    Uses weighted blend of two nearest calibration points."""
    from simulator import SimParams
    pts = _CALIBRATION_POINTS
    rates = [p['rate'] for p in pts]

    # Clamp to range
    if settle_rate <= rates[0]:
        return SimParams(**pts[0]['params'])
    if settle_rate >= rates[-1]:
        return SimParams(**pts[-1]['params'])

    # Find bracketing points
    for i in range(len(rates) - 1):
        if rates[i] <= settle_rate <= rates[i+1]:
            lo, hi = pts[i], pts[i+1]
            t = (settle_rate - lo['rate']) / (hi['rate'] - lo['rate'])
            blended = {}
            for k in lo['params']:
                blended[k] = lo['params'][k] * (1 - t) + hi['params'][k] * t
            return SimParams(**blended)

    return SimParams(**pts[len(pts)//2]['params'])

[Sun Mar 22 00:55:53 UTC 2026] Completed: Deep tune R3
[Sun Mar 22 00:55:53 UTC 2026] Starting: Deep tune R4
CPUs: 192
Tuning rounds: [4]

============================================================
R4: settle_rate=0.086, 5 seeds
============================================================
34992 combos x 5 seeds x 20 MC (coarse)
  [  384/34992] 1%  4s  ETA 380s  best=62.0
  [  768/34992] 2%  7s  ETA 314s  best=62.4
  [ 1152/34992] 3%  10s  ETA 288s  best=62.4
  [ 1536/34992] 4%  12s  ETA 272s  best=62.6
  [ 1920/34992] 5%  15s  ETA 262s  best=62.6
  [ 2304/34992] 7%  18s  ETA 252s  best=62.6
  [ 2688/34992] 8%  20s  ETA 244s  best=62.6
  [ 3072/34992] 9%  23s  ETA 238s  best=62.6
  [ 3456/34992] 10%  25s  ETA 231s  best=62.6
  [ 3840/34992] 11%  28s  ETA 226s  best=62.6
  [ 4224/34992] 12%  30s  ETA 221s  best=62.6
  [ 4608/34992] 13%  33s  ETA 216s  best=62.6
  [ 4992/34992] 14%  35s  ETA 212s  best=62.6
  [ 5376/34992] 15%  38s  ETA 207s  best=62.6
  [ 5760/34992] 16%  40s  ETA 203s  best=62.6
  [ 6144/34992] 18%  43s  ETA 200s  best=62.6
