Waiting for R18 to complete...
R18 completed! Caching 5 seeds...
R18: detail cached
R18 seed 0: replay cached
R18 seed 0: analysis cached
R18 seed 1: replay cached
R18 seed 1: analysis cached
R18 seed 2: replay cached
R18 seed 2: analysis cached
R18 seed 3: replay cached
R18 seed 3: analysis cached
R18 seed 4: replay cached
R18 seed 4: analysis cached
Also caching R17...
R17: detail cached
R17 seed 0: replay cached
R17 seed 0: analysis cached
R17 seed 1: replay cached
R17 seed 1: analysis cached
R17 seed 2: replay cached
R17 seed 2: analysis cached
R17 seed 3: replay cached
R17 seed 3: analysis cached
R17 seed 4: replay cached
R17 seed 4: analysis cached
